MODEL_NAME:  optuna_convbbt
Start time:  2023-09-04 09:48:31.619291
Device:  cuda
Max Epochs:  200
Early Stopping Reference Size:  5
Search Space:  {'lr': [1e-06, 1e-05, 0.0001, 0.001], 'beta1': [0.9, 0.95, 0.99, 0.999], 'beta2': [0.9, 0.95, 0.99, 0.999], 'eps': [1e-09, 1e-08, 1e-07, 1e-06], 'T_max': [50, 100, 150, 200], 'eta_min': [0, 1e-08, 1e-07, 1e-06, 1e-05], 'hidden_ch': [3, 5, 7, 8, 10, 15], 'depth': [3, 5, 6, 8], 'heads': [3, 5, 6, 8, 10], 'hidden_dim': [64, 128, 256, 512, 1024], 'mlp_dim': [256, 512, 1024, 2048], 'dropout': [0.01, 0.1, 0.25, 0.5, 0.8], 'emb_dropout': [0.01, 0.1, 0.25, 0.5, 0.8]}
Epoch 000: | Loss: 1.94637
Epoch 001: | Loss: 1.91979
Epoch 002: | Loss: 1.89568
Epoch 003: | Loss: 1.87858
Epoch 004: | Loss: 1.84949
Epoch 005: | Loss: 1.83659
Epoch 006: | Loss: 1.81924
Epoch 007: | Loss: 1.79900
Epoch 008: | Loss: 1.78242
Epoch 009: | Loss: 1.77361
Epoch 010: | Loss: 1.74837
Epoch 011: | Loss: 1.73858
Epoch 012: | Loss: 1.72597
Epoch 013: | Loss: 1.71042
Epoch 014: | Loss: 1.70414
Epoch 015: | Loss: 1.69703
Epoch 016: | Loss: 1.68845
Epoch 017: | Loss: 1.67642
Epoch 018: | Loss: 1.66595
Epoch 019: | Loss: 1.66305
Epoch 020: | Loss: 1.65356
Epoch 021: | Loss: 1.65234
Epoch 022: | Loss: 1.64227
Epoch 023: | Loss: 1.63576
Epoch 024: | Loss: 1.63152
Epoch 025: | Loss: 1.62235
Epoch 026: | Loss: 1.61888
Epoch 027: | Loss: 1.62046
Epoch 028: | Loss: 1.61730
Epoch 029: | Loss: 1.60910
Epoch 030: | Loss: 1.61165
Epoch 031: | Loss: 1.61419
Epoch 032: | Loss: 1.60623
Epoch 033: | Loss: 1.60532
Epoch 034: | Loss: 1.59738
Epoch 035: | Loss: 1.59986
Epoch 036: | Loss: 1.59962
Epoch 037: | Loss: 1.59206
Epoch 038: | Loss: 1.59163
Epoch 039: | Loss: 1.59682
Epoch 040: | Loss: 1.58840
Epoch 041: | Loss: 1.58698
Epoch 042: | Loss: 1.58579
Epoch 043: | Loss: 1.58081
Epoch 044: | Loss: 1.58442
Epoch 045: | Loss: 1.58389
Epoch 046: | Loss: 1.58069
Epoch 047: | Loss: 1.58227
Epoch 048: | Loss: 1.58448
Epoch 049: | Loss: 1.57654
Epoch 050: | Loss: 1.58410
Epoch 051: | Loss: 1.57881
Epoch 052: | Loss: 1.58120
Epoch 053: | Loss: 1.58128
Epoch 054: | Loss: 1.57831
Epoch 055: | Loss: 1.58463
Epoch 056: | Loss: 1.58406
Epoch 057: | Loss: 1.57680
Epoch 058: | Loss: 1.57560
Epoch 059: | Loss: 1.57948
Epoch 060: | Loss: 1.57413
Epoch 061: | Loss: 1.57324
Epoch 062: | Loss: 1.58081
Epoch 063: | Loss: 1.57544
Epoch 064: | Loss: 1.57990
Epoch 065: | Loss: 1.57337
Epoch 066: | Loss: 1.57160
Epoch 067: | Loss: 1.57281
Epoch 068: | Loss: 1.58175
Epoch 069: | Loss: 1.57092
Epoch 070: | Loss: 1.57678
Epoch 071: | Loss: 1.57785
Epoch 072: | Loss: 1.57393
Epoch 073: | Loss: 1.58367
Epoch 074: | Loss: 1.57715
Epoch 075: | Loss: 1.57436
Epoch 076: | Loss: 1.57609
Epoch 077: | Loss: 1.57721
Epoch 078: | Loss: 1.57452
Epoch 079: | Loss: 1.57828
Epoch 080: | Loss: 1.57290
Epoch 081: | Loss: 1.57037
Epoch 082: | Loss: 1.57240
Epoch 083: | Loss: 1.57502
Epoch 084: | Loss: 1.57553
Epoch 085: | Loss: 1.57689
Epoch 086: | Loss: 1.57629
Epoch 087: | Loss: 1.57833
Epoch 088: | Loss: 1.57552
Epoch 089: | Loss: 1.57565
Epoch 090: | Loss: 1.57891
Epoch 091: | Loss: 1.57203
Epoch 092: | Loss: 1.57418
Epoch 093: | Loss: 1.57478
Epoch 094: | Loss: 1.57756
Epoch 095: | Loss: 1.57180
Epoch 096: | Loss: 1.57608
Epoch 097: | Loss: 1.57258
Epoch 098: | Loss: 1.57786
Epoch 099: | Loss: 1.57280
Epoch 100: | Loss: 1.57382
Epoch 101: | Loss: 1.57073
Epoch 102: | Loss: 1.57807
Epoch 103: | Loss: 1.57462
Epoch 104: | Loss: 1.57574
Epoch 105: | Loss: 1.57042
Epoch 106: | Loss: 1.57693
Epoch 107: | Loss: 1.57018
Epoch 108: | Loss: 1.57596
Epoch 109: | Loss: 1.57139
Epoch 110: | Loss: 1.57267
Epoch 111: | Loss: 1.57674
Epoch 112: | Loss: 1.57307
Epoch 113: | Loss: 1.56523
Epoch 114: | Loss: 1.57287
Epoch 115: | Loss: 1.57092
Epoch 116: | Loss: 1.56961
Epoch 117: | Loss: 1.57155
Epoch 118: | Loss: 1.57027
Epoch 119: | Loss: 1.56936
Epoch 120: | Loss: 1.57597
Epoch 121: | Loss: 1.57221
Epoch 122: | Loss: 1.57263
Epoch 123: | Loss: 1.57482
Epoch 124: | Loss: 1.57759
Epoch 125: | Loss: 1.57474
Epoch 126: | Loss: 1.56868
Epoch 127: | Loss: 1.56908
Epoch 128: | Loss: 1.57537
Epoch 129: | Loss: 1.56493
Epoch 130: | Loss: 1.57457
Epoch 131: | Loss: 1.57802
Epoch 132: | Loss: 1.56299
Epoch 133: | Loss: 1.56810
Epoch 134: | Loss: 1.56711
Epoch 135: | Loss: 1.57390
Epoch 136: | Loss: 1.57487
Epoch 137: | Loss: 1.57135
Epoch 138: | Loss: 1.57306
Epoch 139: | Loss: 1.57178
Epoch 140: | Loss: 1.57172
Epoch 141: | Loss: 1.56826
Epoch 142: | Loss: 1.56826
Epoch 143: | Loss: 1.56710
Epoch 144: | Loss: 1.57001
Epoch 145: | Loss: 1.57168
Epoch 146: | Loss: 1.56910
Epoch 147: | Loss: 1.56604
Epoch 148: | Loss: 1.56887
Epoch 149: | Loss: 1.56987
Epoch 150: | Loss: 1.56719
Epoch 151: | Loss: 1.56986
Epoch 152: | Loss: 1.57283
Epoch 153: | Loss: 1.56974
Epoch 154: | Loss: 1.56707
Epoch 155: | Loss: 1.56527
Epoch 156: | Loss: 1.56445
Epoch 157: | Loss: 1.56948
Epoch 158: | Loss: 1.56485
Epoch 159: | Loss: 1.56465
Epoch 160: | Loss: 1.57202
Epoch 161: | Loss: 1.56777
Epoch 162: | Loss: 1.56193
Epoch 163: | Loss: 1.56676
Epoch 164: | Loss: 1.56591
Epoch 165: | Loss: 1.55927
Epoch 166: | Loss: 1.56749
Epoch 167: | Loss: 1.56382
Epoch 168: | Loss: 1.56811
Epoch 169: | Loss: 1.56868
Epoch 170: | Loss: 1.56484
Epoch 171: | Loss: 1.56227
Epoch 172: | Loss: 1.56394
Epoch 173: | Loss: 1.56371
Epoch 174: | Loss: 1.56276
Epoch 175: | Loss: 1.56244
Epoch 176: | Loss: 1.56749
Epoch 177: | Loss: 1.56047
Epoch 178: | Loss: 1.56447
Epoch 179: | Loss: 1.56582
Epoch 180: | Loss: 1.56374
Epoch 181: | Loss: 1.55669
Epoch 182: | Loss: 1.56239
Epoch 183: | Loss: 1.56067
Epoch 184: | Loss: 1.56588
Epoch 185: | Loss: 1.56245
Epoch 186: | Loss: 1.56099
Epoch 187: | Loss: 1.56445
Epoch 188: | Loss: 1.55827
Epoch 189: | Loss: 1.56031
Epoch 190: | Loss: 1.56154
Epoch 191: | Loss: 1.55484
Epoch 192: | Loss: 1.55607
Epoch 193: | Loss: 1.56012
Epoch 194: | Loss: 1.55741
Epoch 195: | Loss: 1.55835
Epoch 196: | Loss: 1.56139
Epoch 197: | Loss: 1.55706
Epoch 198: | Loss: 1.55052
Epoch 199: | Loss: 1.55970
Accuracy: 0.3849626068376068
Epoch 000: | Loss: 1.32648
Epoch 001: | Loss: 0.83841
Epoch 002: | Loss: 0.74955
Epoch 003: | Loss: 0.72656
Epoch 004: | Loss: 0.72472
Epoch 005: | Loss: 0.71797
Epoch 006: | Loss: 0.69950
Epoch 007: | Loss: 0.67601
Epoch 008: | Loss: 0.66968
Epoch 009: | Loss: 0.66428
Epoch 010: | Loss: 0.65118
Epoch 011: | Loss: 0.65024
Epoch 012: | Loss: 0.64073
Epoch 013: | Loss: 0.64011
Epoch 014: | Loss: 0.63384
Epoch 015: | Loss: 0.63054
Epoch 016: | Loss: 0.62677
Epoch 017: | Loss: 0.62394
Epoch 018: | Loss: 0.62258
Epoch 019: | Loss: 0.61788
Epoch 020: | Loss: 0.60834
Epoch 021: | Loss: 0.60779
Epoch 022: | Loss: 0.60558
Epoch 023: | Loss: 0.61045
Epoch 024: | Loss: 0.59939
Epoch 025: | Loss: 0.59765
Epoch 026: | Loss: 0.59852
Epoch 027: | Loss: 0.59746
Epoch 028: | Loss: 0.59774
Epoch 029: | Loss: 0.59401
Epoch 030: | Loss: 0.59477
Epoch 031: | Loss: 0.58303
Epoch 032: | Loss: 0.58154
Epoch 033: | Loss: 0.58665
Epoch 034: | Loss: 0.58702
Epoch 035: | Loss: 0.58584
Epoch 036: | Loss: 0.57616
Epoch 037: | Loss: 0.58281
Epoch 038: | Loss: 0.57904
Epoch 039: | Loss: 0.57755
Epoch 040: | Loss: 0.57451
Epoch 041: | Loss: 0.58064
Epoch 042: | Loss: 0.57645
Epoch 043: | Loss: 0.57723
Epoch 044: | Loss: 0.57664
Epoch 045: | Loss: 0.58139
Epoch 046: | Loss: 0.58081
Epoch 047: | Loss: 0.57496
Epoch 048: | Loss: 0.57280
Epoch 049: | Loss: 0.57492
Epoch 050: | Loss: 0.57130
Epoch 051: | Loss: 0.57111
Epoch 052: | Loss: 0.56908
Epoch 053: | Loss: 0.56798
Epoch 054: | Loss: 0.56928
Epoch 055: | Loss: 0.56220
Epoch 056: | Loss: 0.56789
Epoch 057: | Loss: 0.56476
Epoch 058: | Loss: 0.56538
Epoch 059: | Loss: 0.56349
Epoch 060: | Loss: 0.56486
Epoch 061: | Loss: 0.56562
Epoch 062: | Loss: 0.56283
Epoch 063: | Loss: 0.56294
Epoch 064: | Loss: 0.56764
Epoch 065: | Loss: 0.56293
Epoch 066: | Loss: 0.56186
Epoch 067: | Loss: 0.56147
Epoch 068: | Loss: 0.55805
Epoch 069: | Loss: 0.56594
Epoch 070: | Loss: 0.57068
Epoch 071: | Loss: 0.56728
Epoch 072: | Loss: 0.56274
Epoch 073: | Loss: 0.55923
Epoch 074: | Loss: 0.55538
Epoch 075: | Loss: 0.55887
Epoch 076: | Loss: 0.55831
Epoch 077: | Loss: 0.54959
Epoch 078: | Loss: 0.55328
Epoch 079: | Loss: 0.55204
Epoch 080: | Loss: 0.54922
Epoch 081: | Loss: 0.55797
Epoch 082: | Loss: 0.56096
Epoch 083: | Loss: 0.55835
Epoch 084: | Loss: 0.56004
Epoch 085: | Loss: 0.55332
Epoch 086: | Loss: 0.55186
Epoch 087: | Loss: 0.55670
Epoch 088: | Loss: 0.55486
Epoch 089: | Loss: 0.55170
Epoch 090: | Loss: 0.54994
Epoch 091: | Loss: 0.55075
Epoch 092: | Loss: 0.56045
Epoch 093: | Loss: 0.55662
Epoch 094: | Loss: 0.56065
Epoch 095: | Loss: 0.55161
Epoch 096: | Loss: 0.54913
Epoch 097: | Loss: 0.54714
Epoch 098: | Loss: 0.54780
Epoch 099: | Loss: 0.54620
Epoch 100: | Loss: 0.54632
Epoch 101: | Loss: 0.54656
Epoch 102: | Loss: 0.55053
Epoch 103: | Loss: 0.54926
Epoch 104: | Loss: 0.54651
Epoch 105: | Loss: 0.54612
Epoch 106: | Loss: 0.54375
Epoch 107: | Loss: 0.54808
Epoch 108: | Loss: 0.54719
Epoch 109: | Loss: 0.54511
Epoch 110: | Loss: 0.54483
Epoch 111: | Loss: 0.54087
Epoch 112: | Loss: 0.54495
Epoch 113: | Loss: 0.54504
Epoch 114: | Loss: 0.54607
Epoch 115: | Loss: 0.54097
Epoch 116: | Loss: 0.54296
Epoch 117: | Loss: 0.54205
Epoch 118: | Loss: 0.54182
Epoch 119: | Loss: 0.53999
Epoch 120: | Loss: 0.53950
Epoch 121: | Loss: 0.54169
Epoch 122: | Loss: 0.53747
Epoch 123: | Loss: 0.54009
Epoch 124: | Loss: 0.54045
Epoch 125: | Loss: 0.53860
Epoch 126: | Loss: 0.53936
Epoch 127: | Loss: 0.54459
Epoch 128: | Loss: 0.54004
Epoch 129: | Loss: 0.53940
Epoch 130: | Loss: 0.54240
Epoch 131: | Loss: 0.54146
Epoch 132: | Loss: 0.53822
Epoch 133: | Loss: 0.53923
Epoch 134: | Loss: 0.53703
Epoch 135: | Loss: 0.53654
Epoch 136: | Loss: 0.53484
Epoch 137: | Loss: 0.53873
Epoch 138: | Loss: 0.54015
Epoch 139: | Loss: 0.54054
Epoch 140: | Loss: 0.53670
Epoch 141: | Loss: 0.53492
Epoch 142: | Loss: 0.53638
Epoch 143: | Loss: 0.53799
Epoch 144: | Loss: 0.53478
Epoch 145: | Loss: 0.53667
Epoch 146: | Loss: 0.53558
Epoch 147: | Loss: 0.53533
Epoch 148: | Loss: 0.53705
Epoch 149: | Loss: 0.53372
Epoch 150: | Loss: 0.53553
Epoch 151: | Loss: 0.53738
Epoch 152: | Loss: 0.53282
Epoch 153: | Loss: 0.53622
Epoch 154: | Loss: 0.53577
Epoch 155: | Loss: 0.53320
Epoch 156: | Loss: 0.53317
Epoch 157: | Loss: 0.53499
Epoch 158: | Loss: 0.53254
Epoch 159: | Loss: 0.53571
Epoch 160: | Loss: 0.53523
Epoch 161: | Loss: 0.53437
Epoch 162: | Loss: 0.53274
Epoch 163: | Loss: 0.53313
Epoch 164: | Loss: 0.53159
Epoch 165: | Loss: 0.53394
Epoch 166: | Loss: 0.53155
Epoch 167: | Loss: 0.53172
Epoch 168: | Loss: 0.53351
Epoch 169: | Loss: 0.53152
Epoch 170: | Loss: 0.53448
Epoch 171: | Loss: 0.53122
Epoch 172: | Loss: 0.53231
Epoch 173: | Loss: 0.53341
Epoch 174: | Loss: 0.53179
Epoch 175: | Loss: 0.53550
Epoch 176: | Loss: 0.53181
Epoch 177: | Loss: 0.52838
Epoch 178: | Loss: 0.53377
Epoch 179: | Loss: 0.53241
Epoch 180: | Loss: 0.52836
Epoch 181: | Loss: 0.53258
Epoch 182: | Loss: 0.53277
Epoch 183: | Loss: 0.53271
Epoch 184: | Loss: 0.53270
Epoch 185: | Loss: 0.53419
Epoch 186: | Loss: 0.53084
Epoch 187: | Loss: 0.52971
Epoch 188: | Loss: 0.53510
Epoch 189: | Loss: 0.53278
Epoch 190: | Loss: 0.53030
Epoch 191: | Loss: 0.53026
Epoch 192: | Loss: 0.53312
Epoch 193: | Loss: 0.53094
Epoch 194: | Loss: 0.53136
Epoch 195: | Loss: 0.53341
Epoch 196: | Loss: 0.53133
Epoch 197: | Loss: 0.53453
Epoch 198: | Loss: 0.53076
Epoch 199: | Loss: 0.52958
Accuracy: 0.3136992521367521
Epoch 000: | Loss: 1.67886
Epoch 001: | Loss: 1.58963
Epoch 002: | Loss: 1.56838
Epoch 003: | Loss: 1.56339
Epoch 004: | Loss: 1.56035
Epoch 005: | Loss: 1.55350
Epoch 006: | Loss: 1.55686
Epoch 007: | Loss: 1.54776
Epoch 008: | Loss: 1.54445
Epoch 009: | Loss: 1.54580
Epoch 010: | Loss: 1.54327
Epoch 011: | Loss: 1.53551
Epoch 012: | Loss: 1.53231
Epoch 013: | Loss: 1.52677
Epoch 014: | Loss: 1.52823
Epoch 015: | Loss: 1.52810
Epoch 016: | Loss: 1.52764
Epoch 017: | Loss: 1.52253
Epoch 018: | Loss: 1.52004
Epoch 019: | Loss: 1.51749
Epoch 020: | Loss: 1.51999
Epoch 021: | Loss: 1.51888
Epoch 022: | Loss: 1.51751
Epoch 023: | Loss: 1.51526
Epoch 024: | Loss: 1.51316
Epoch 025: | Loss: 1.51272
Epoch 026: | Loss: 1.51518
Epoch 027: | Loss: 1.51352
Epoch 028: | Loss: 1.50942
Epoch 029: | Loss: 1.50823
Epoch 030: | Loss: 1.51022
Epoch 031: | Loss: 1.50861
Epoch 032: | Loss: 1.51093
Epoch 033: | Loss: 1.50889
Epoch 034: | Loss: 1.50396
Epoch 035: | Loss: 1.50473
Epoch 036: | Loss: 1.50241
Epoch 037: | Loss: 1.50147
Epoch 038: | Loss: 1.49772
Epoch 039: | Loss: 1.49753
Epoch 040: | Loss: 1.49815
Epoch 041: | Loss: 1.49660
Epoch 042: | Loss: 1.49345
Epoch 043: | Loss: 1.48844
Epoch 044: | Loss: 1.48529
Epoch 045: | Loss: 1.47979
Epoch 046: | Loss: 1.47685
Epoch 047: | Loss: 1.47835
Epoch 048: | Loss: 1.46415
Epoch 049: | Loss: 1.46013
Epoch 050: | Loss: 1.45613
Epoch 051: | Loss: 1.44706
Epoch 052: | Loss: 1.43687
Epoch 053: | Loss: 1.43281
Epoch 054: | Loss: 1.42607
Epoch 055: | Loss: 1.40943
Epoch 056: | Loss: 1.39892
Epoch 057: | Loss: 1.38910
Epoch 058: | Loss: 1.37323
Epoch 059: | Loss: 1.36504
Epoch 060: | Loss: 1.35418
Epoch 061: | Loss: 1.34814
Epoch 062: | Loss: 1.33992
Epoch 063: | Loss: 1.33565
Epoch 064: | Loss: 1.32497
Epoch 065: | Loss: 1.32017
Epoch 066: | Loss: 1.30986
Epoch 067: | Loss: 1.30950
Epoch 068: | Loss: 1.30226
Epoch 069: | Loss: 1.30012
Epoch 070: | Loss: 1.29617
Epoch 071: | Loss: 1.28569
Epoch 072: | Loss: 1.28869
Epoch 073: | Loss: 1.28176
Epoch 074: | Loss: 1.28182
Epoch 075: | Loss: 1.27539
Epoch 076: | Loss: 1.27014
Epoch 077: | Loss: 1.26918
Epoch 078: | Loss: 1.26708
Epoch 079: | Loss: 1.26672
Epoch 080: | Loss: 1.25802
Epoch 081: | Loss: 1.26061
Epoch 082: | Loss: 1.25774
Epoch 083: | Loss: 1.24994
Epoch 084: | Loss: 1.24708
Epoch 085: | Loss: 1.24407
Epoch 086: | Loss: 1.23784
Epoch 087: | Loss: 1.23179
Epoch 088: | Loss: 1.22842
Epoch 089: | Loss: 1.22789
Epoch 090: | Loss: 1.23029
Epoch 091: | Loss: 1.22444
Epoch 092: | Loss: 1.22251
Epoch 093: | Loss: 1.21032
Epoch 094: | Loss: 1.20723
Epoch 095: | Loss: 1.20370
Epoch 096: | Loss: 1.19734
Epoch 097: | Loss: 1.19834
Epoch 098: | Loss: 1.19501
Epoch 099: | Loss: 1.18568
Epoch 100: | Loss: 1.18531
Epoch 101: | Loss: 1.17521
Epoch 102: | Loss: 1.17072
Epoch 103: | Loss: 1.16759
Epoch 104: | Loss: 1.16438
Epoch 105: | Loss: 1.16226
Epoch 106: | Loss: 1.15435
Epoch 107: | Loss: 1.15349
Epoch 108: | Loss: 1.14184
Epoch 109: | Loss: 1.13831
Epoch 110: | Loss: 1.13565
Epoch 111: | Loss: 1.13834
Epoch 112: | Loss: 1.12603
Epoch 113: | Loss: 1.12599
Epoch 114: | Loss: 1.12618
Epoch 115: | Loss: 1.11777
Epoch 116: | Loss: 1.11668
Epoch 117: | Loss: 1.11735
Epoch 118: | Loss: 1.11300
Epoch 119: | Loss: 1.10339
Epoch 120: | Loss: 1.10276
Epoch 121: | Loss: 1.10152
Epoch 122: | Loss: 1.10144
Epoch 123: | Loss: 1.09551
Epoch 124: | Loss: 1.09570
Epoch 125: | Loss: 1.08598
Epoch 126: | Loss: 1.08202
Epoch 127: | Loss: 1.07817
Epoch 128: | Loss: 1.08520
Epoch 129: | Loss: 1.07661
Epoch 130: | Loss: 1.07333
Epoch 131: | Loss: 1.07390
Epoch 132: | Loss: 1.07115
Epoch 133: | Loss: 1.06662
Epoch 134: | Loss: 1.06973
Epoch 135: | Loss: 1.06670
Epoch 136: | Loss: 1.06117
Epoch 137: | Loss: 1.05762
Epoch 138: | Loss: 1.05918
Epoch 139: | Loss: 1.05713
Epoch 140: | Loss: 1.06011
Epoch 141: | Loss: 1.05308
Epoch 142: | Loss: 1.05005
Epoch 143: | Loss: 1.05412
Epoch 144: | Loss: 1.04993
Epoch 145: | Loss: 1.04568
Epoch 146: | Loss: 1.04803
Epoch 147: | Loss: 1.04220
Epoch 148: | Loss: 1.04405
Epoch 149: | Loss: 1.03948
Epoch 150: | Loss: 1.04459
Epoch 151: | Loss: 1.04171
Epoch 152: | Loss: 1.03970
Epoch 153: | Loss: 1.03716
Epoch 154: | Loss: 1.03463
Epoch 155: | Loss: 1.04393
Epoch 156: | Loss: 1.03652
Epoch 157: | Loss: 1.02716
Epoch 158: | Loss: 1.03316
Epoch 159: | Loss: 1.03043
Epoch 160: | Loss: 1.03619
Epoch 161: | Loss: 1.03309
Epoch 162: | Loss: 1.04042
Epoch 163: | Loss: 1.03077
Epoch 164: | Loss: 1.03261
Epoch 165: | Loss: 1.02747
Epoch 166: | Loss: 1.02858
Epoch 167: | Loss: 1.02922
Epoch 168: | Loss: 1.02783
Epoch 169: | Loss: 1.02730
Epoch 170: | Loss: 1.02502
Epoch 171: | Loss: 1.02610
Epoch 172: | Loss: 1.02349
Epoch 173: | Loss: 1.02160
Epoch 174: | Loss: 1.02398
Epoch 175: | Loss: 1.02416
Epoch 176: | Loss: 1.02696
Epoch 177: | Loss: 1.02696
Epoch 178: | Loss: 1.02647
Epoch 179: | Loss: 1.02215
Epoch 180: | Loss: 1.02233
Epoch 181: | Loss: 1.02674
Epoch 182: | Loss: 1.02408
Epoch 183: | Loss: 1.02805
Epoch 184: | Loss: 1.02265
Epoch 185: | Loss: 1.02175
Epoch 186: | Loss: 1.02590
Epoch 187: | Loss: 1.02430
Epoch 188: | Loss: 1.02049
Epoch 189: | Loss: 1.02070
Epoch 190: | Loss: 1.01830
Epoch 191: | Loss: 1.02678
Epoch 192: | Loss: 1.02074
Epoch 193: | Loss: 1.02470
Epoch 194: | Loss: 1.01351
Epoch 195: | Loss: 1.02280
Epoch 196: | Loss: 1.02368
Epoch 197: | Loss: 1.01707
Epoch 198: | Loss: 1.01887
Epoch 199: | Loss: 1.02613
Accuracy: 0.11110309829059828
Epoch 000: | Loss: 1.59261
Epoch 001: | Loss: 1.55802
Epoch 002: | Loss: 1.55509
Epoch 003: | Loss: 1.54829
Epoch 004: | Loss: 1.54498
Epoch 005: | Loss: 1.52965
Epoch 006: | Loss: 1.51336
Epoch 007: | Loss: 1.48802
Epoch 008: | Loss: 1.45565
Epoch 009: | Loss: 1.42123
Epoch 010: | Loss: 1.39111
Epoch 011: | Loss: 1.35910
Epoch 012: | Loss: 1.33421
Epoch 013: | Loss: 1.31148
Epoch 014: | Loss: 1.30061
Epoch 015: | Loss: 1.28111
Epoch 016: | Loss: 1.27279
Epoch 017: | Loss: 1.26513
Epoch 018: | Loss: 1.25063
Epoch 019: | Loss: 1.24785
Epoch 020: | Loss: 1.23909
Epoch 021: | Loss: 1.22247
Epoch 022: | Loss: 1.22344
Epoch 023: | Loss: 1.21610
Epoch 024: | Loss: 1.21357
Epoch 025: | Loss: 1.20432
Epoch 026: | Loss: 1.19864
Epoch 027: | Loss: 1.20283
Epoch 028: | Loss: 1.19118
Epoch 029: | Loss: 1.18610
Epoch 030: | Loss: 1.17619
Epoch 031: | Loss: 1.17467
Epoch 032: | Loss: 1.17623
Epoch 033: | Loss: 1.17593
Epoch 034: | Loss: 1.16955
Epoch 035: | Loss: 1.16647
Epoch 036: | Loss: 1.16380
Epoch 037: | Loss: 1.16233
Epoch 038: | Loss: 1.16443
Epoch 039: | Loss: 1.16113
Epoch 040: | Loss: 1.15996
Epoch 041: | Loss: 1.15663
Epoch 042: | Loss: 1.15672
Epoch 043: | Loss: 1.16036
Epoch 044: | Loss: 1.16162
Epoch 045: | Loss: 1.16237
Epoch 046: | Loss: 1.15356
Epoch 047: | Loss: 1.15709
Epoch 048: | Loss: 1.16201
Epoch 049: | Loss: 1.16257
Epoch 050: | Loss: 1.16083
Epoch 051: | Loss: 1.15430
Epoch 052: | Loss: 1.15412
Epoch 053: | Loss: 1.15260
Epoch 054: | Loss: 1.15843
Epoch 055: | Loss: 1.15966
Epoch 056: | Loss: 1.15735
Epoch 057: | Loss: 1.15513
Epoch 058: | Loss: 1.15619
Epoch 059: | Loss: 1.15113
Epoch 060: | Loss: 1.15685
Epoch 061: | Loss: 1.15451
Epoch 062: | Loss: 1.14775
Epoch 063: | Loss: 1.14518
Epoch 064: | Loss: 1.14952
Epoch 065: | Loss: 1.14695
Epoch 066: | Loss: 1.14263
Epoch 067: | Loss: 1.14609
Epoch 068: | Loss: 1.14233
Epoch 069: | Loss: 1.14353
Epoch 070: | Loss: 1.13597
Epoch 071: | Loss: 1.13090
Epoch 072: | Loss: 1.13102
Epoch 073: | Loss: 1.12046
Epoch 074: | Loss: 1.11991
Epoch 075: | Loss: 1.10943
Epoch 076: | Loss: 1.12072
Epoch 077: | Loss: 1.11032
Epoch 078: | Loss: 1.10131
Epoch 079: | Loss: 1.09911
Epoch 080: | Loss: 1.09471
Epoch 081: | Loss: 1.08487
Epoch 082: | Loss: 1.08361
Epoch 083: | Loss: 1.07693
Epoch 084: | Loss: 1.06846
Epoch 085: | Loss: 1.06554
Epoch 086: | Loss: 1.05366
Epoch 087: | Loss: 1.05227
Epoch 088: | Loss: 1.04874
Epoch 089: | Loss: 1.04231
Epoch 090: | Loss: 1.02826
Epoch 091: | Loss: 1.02513
Epoch 092: | Loss: 1.01172
Epoch 093: | Loss: 1.00407
Epoch 094: | Loss: 0.99398
Epoch 095: | Loss: 0.98400
Epoch 096: | Loss: 0.96870
Epoch 097: | Loss: 0.96742
Epoch 098: | Loss: 0.95330
Epoch 099: | Loss: 0.95141
Epoch 100: | Loss: 0.93624
Epoch 101: | Loss: 0.92290
Epoch 102: | Loss: 0.91693
Epoch 103: | Loss: 0.90917
Epoch 104: | Loss: 0.89610
Epoch 105: | Loss: 0.88982
Epoch 106: | Loss: 0.87860
Epoch 107: | Loss: 0.88010
Epoch 108: | Loss: 0.86342
Epoch 109: | Loss: 0.86236
Epoch 110: | Loss: 0.85596
Epoch 111: | Loss: 0.85206
Epoch 112: | Loss: 0.84809
Epoch 113: | Loss: 0.84088
Epoch 114: | Loss: 0.83492
Epoch 115: | Loss: 0.83026
Epoch 116: | Loss: 0.82864
Epoch 117: | Loss: 0.82165
Epoch 118: | Loss: 0.81935
Epoch 119: | Loss: 0.82340
Epoch 120: | Loss: 0.81545
Epoch 121: | Loss: 0.80407
Epoch 122: | Loss: 0.80760
Epoch 123: | Loss: 0.80876
Epoch 124: | Loss: 0.80349
Epoch 125: | Loss: 0.79841
Epoch 126: | Loss: 0.79861
Epoch 127: | Loss: 0.79352
Epoch 128: | Loss: 0.79204
Epoch 129: | Loss: 0.79200
Epoch 130: | Loss: 0.79813
Epoch 131: | Loss: 0.79073
Epoch 132: | Loss: 0.78867
Epoch 133: | Loss: 0.78399
Epoch 134: | Loss: 0.78530
Epoch 135: | Loss: 0.78989
Epoch 136: | Loss: 0.78194
Epoch 137: | Loss: 0.78327
Epoch 138: | Loss: 0.78330
Epoch 139: | Loss: 0.78412
Epoch 140: | Loss: 0.78029
Epoch 141: | Loss: 0.78651
Epoch 142: | Loss: 0.77426
Epoch 143: | Loss: 0.78130
Epoch 144: | Loss: 0.78063
Epoch 145: | Loss: 0.77969
Epoch 146: | Loss: 0.78008
Epoch 147: | Loss: 0.78216
Epoch 148: | Loss: 0.77978
Epoch 149: | Loss: 0.77939
Epoch 150: | Loss: 0.77819
Epoch 151: | Loss: 0.78352
Epoch 152: | Loss: 0.77748
Epoch 153: | Loss: 0.77686
Epoch 154: | Loss: 0.77895
Epoch 155: | Loss: 0.77881
Epoch 156: | Loss: 0.78198
Epoch 157: | Loss: 0.77853
Epoch 158: | Loss: 0.78005
Epoch 159: | Loss: 0.78035
Epoch 160: | Loss: 0.78484
Epoch 161: | Loss: 0.77438
Epoch 162: | Loss: 0.77305
Epoch 163: | Loss: 0.77820
Epoch 164: | Loss: 0.77602
Epoch 165: | Loss: 0.77401
Epoch 166: | Loss: 0.77069
Epoch 167: | Loss: 0.77524
Epoch 168: | Loss: 0.77068
Epoch 169: | Loss: 0.77206
Epoch 170: | Loss: 0.77134
Epoch 171: | Loss: 0.76967
Epoch 172: | Loss: 0.76556
Epoch 173: | Loss: 0.76575
Epoch 174: | Loss: 0.76335
Epoch 175: | Loss: 0.75935
Epoch 176: | Loss: 0.75831
Epoch 177: | Loss: 0.75739
Epoch 178: | Loss: 0.75222
Epoch 179: | Loss: 0.75323
Epoch 180: | Loss: 0.74865
Epoch 181: | Loss: 0.74781
Epoch 182: | Loss: 0.74849
Epoch 183: | Loss: 0.74082
Epoch 184: | Loss: 0.74078
Epoch 185: | Loss: 0.73715
Epoch 186: | Loss: 0.73523
Epoch 187: | Loss: 0.73601
Epoch 188: | Loss: 0.72780
Epoch 189: | Loss: 0.73419
Epoch 190: | Loss: 0.72854
Epoch 191: | Loss: 0.72179
Epoch 192: | Loss: 0.71499
Epoch 193: | Loss: 0.71269
Epoch 194: | Loss: 0.71444
Epoch 195: | Loss: 0.70943
Epoch 196: | Loss: 0.70163
Epoch 197: | Loss: 0.70619
Epoch 198: | Loss: 0.70202
Epoch 199: | Loss: 0.69564
Accuracy: 0.7367441239316239
Epoch 000: | Loss: 1.58632
Epoch 001: | Loss: 1.53684
Epoch 002: | Loss: 1.52782
Epoch 003: | Loss: 1.51223
Epoch 004: | Loss: 1.50687
Epoch 005: | Loss: 1.49570
Epoch 006: | Loss: 1.49689
Epoch 007: | Loss: 1.48900
Epoch 008: | Loss: 1.48616
Epoch 009: | Loss: 1.47692
Epoch 010: | Loss: 1.45969
Epoch 011: | Loss: 1.43050
Epoch 012: | Loss: 1.38864
Epoch 013: | Loss: 1.33577
Epoch 014: | Loss: 1.27799
Epoch 015: | Loss: 1.22817
Epoch 016: | Loss: 1.20816
Epoch 017: | Loss: 1.20617
Epoch 018: | Loss: 1.20415
Epoch 019: | Loss: 1.20133
Epoch 020: | Loss: 1.17193
Epoch 021: | Loss: 1.15429
Epoch 022: | Loss: 1.13344
Epoch 023: | Loss: 1.11587
Epoch 024: | Loss: 1.09922
Epoch 025: | Loss: 1.09150
Epoch 026: | Loss: 1.07406
Epoch 027: | Loss: 1.05565
Epoch 028: | Loss: 1.03970
Epoch 029: | Loss: 1.02192
Epoch 030: | Loss: 0.99640
Epoch 031: | Loss: 0.98017
Epoch 032: | Loss: 0.96486
Epoch 033: | Loss: 0.94934
Epoch 034: | Loss: 0.93513
Epoch 035: | Loss: 0.92008
Epoch 036: | Loss: 0.91027
Epoch 037: | Loss: 0.89836
Epoch 038: | Loss: 0.89069
Epoch 039: | Loss: 0.87816
Epoch 040: | Loss: 0.87347
Epoch 041: | Loss: 0.85774
Epoch 042: | Loss: 0.85165
Epoch 043: | Loss: 0.84371
Epoch 044: | Loss: 0.83896
Epoch 045: | Loss: 0.82901
Epoch 046: | Loss: 0.82759
Epoch 047: | Loss: 0.82238
Epoch 048: | Loss: 0.81169
Epoch 049: | Loss: 0.80962
Epoch 050: | Loss: 0.80398
Epoch 051: | Loss: 0.79634
Epoch 052: | Loss: 0.80004
Epoch 053: | Loss: 0.79419
Epoch 054: | Loss: 0.79223
Epoch 055: | Loss: 0.78900
Epoch 056: | Loss: 0.78565
Epoch 057: | Loss: 0.78321
Epoch 058: | Loss: 0.78362
Epoch 059: | Loss: 0.77765
Epoch 060: | Loss: 0.77618
Epoch 061: | Loss: 0.77636
Epoch 062: | Loss: 0.77046
Epoch 063: | Loss: 0.76971
Epoch 064: | Loss: 0.76771
Epoch 065: | Loss: 0.76796
Epoch 066: | Loss: 0.76656
Epoch 067: | Loss: 0.76566
Epoch 068: | Loss: 0.76361
Epoch 069: | Loss: 0.76341
Epoch 070: | Loss: 0.76180
Epoch 071: | Loss: 0.76254
Epoch 072: | Loss: 0.75913
Epoch 073: | Loss: 0.76035
Epoch 074: | Loss: 0.75610
Epoch 075: | Loss: 0.75899
Epoch 076: | Loss: 0.75364
Epoch 077: | Loss: 0.75839
Epoch 078: | Loss: 0.75292
Epoch 079: | Loss: 0.75741
Epoch 080: | Loss: 0.75431
Epoch 081: | Loss: 0.75854
Epoch 082: | Loss: 0.75351
Epoch 083: | Loss: 0.75360
Epoch 084: | Loss: 0.75622
Epoch 085: | Loss: 0.74983
Epoch 086: | Loss: 0.75438
Epoch 087: | Loss: 0.74935
Epoch 088: | Loss: 0.75654
Epoch 089: | Loss: 0.75614
Epoch 090: | Loss: 0.75540
Epoch 091: | Loss: 0.74975
Epoch 092: | Loss: 0.75366
Epoch 093: | Loss: 0.75460
Epoch 094: | Loss: 0.75278
Epoch 095: | Loss: 0.75610
Epoch 096: | Loss: 0.75028
Epoch 097: | Loss: 0.75419
Epoch 098: | Loss: 0.75507
Epoch 099: | Loss: 0.75024
Epoch 100: | Loss: 0.75406
Epoch 101: | Loss: 0.75469
Epoch 102: | Loss: 0.75167
Epoch 103: | Loss: 0.74930
Epoch 104: | Loss: 0.75176
Epoch 105: | Loss: 0.75342
Epoch 106: | Loss: 0.74984
Epoch 107: | Loss: 0.75293
Epoch 108: | Loss: 0.75347
Epoch 109: | Loss: 0.75257
Epoch 110: | Loss: 0.75307
Epoch 111: | Loss: 0.75122
Epoch 112: | Loss: 0.75321
Epoch 113: | Loss: 0.75113
Epoch 114: | Loss: 0.75071
Epoch 115: | Loss: 0.75011
Epoch 116: | Loss: 0.75622
Epoch 117: | Loss: 0.75034
Epoch 118: | Loss: 0.75174
Epoch 119: | Loss: 0.75155
Epoch 120: | Loss: 0.75006
Epoch 121: | Loss: 0.75220
Epoch 122: | Loss: 0.75218
Epoch 123: | Loss: 0.74911
Epoch 124: | Loss: 0.75111
Epoch 125: | Loss: 0.75334
Epoch 126: | Loss: 0.75022
Epoch 127: | Loss: 0.74828
Epoch 128: | Loss: 0.74811
Epoch 129: | Loss: 0.74518
Epoch 130: | Loss: 0.74128
Epoch 131: | Loss: 0.74267
Epoch 132: | Loss: 0.73870
Epoch 133: | Loss: 0.74399
Epoch 134: | Loss: 0.74365
Epoch 135: | Loss: 0.74134
Epoch 136: | Loss: 0.73839
Epoch 137: | Loss: 0.74064
Epoch 138: | Loss: 0.73660
Epoch 139: | Loss: 0.74060
Epoch 140: | Loss: 0.73587
Epoch 141: | Loss: 0.73441
Epoch 142: | Loss: 0.73351
Epoch 143: | Loss: 0.73128
Epoch 144: | Loss: 0.73407
Epoch 145: | Loss: 0.73092
Epoch 146: | Loss: 0.72854
Epoch 147: | Loss: 0.72571
Epoch 148: | Loss: 0.72388
Epoch 149: | Loss: 0.72328
Epoch 150: | Loss: 0.72551
Epoch 151: | Loss: 0.72373
Epoch 152: | Loss: 0.72064
Epoch 153: | Loss: 0.71830
Epoch 154: | Loss: 0.71545
Epoch 155: | Loss: 0.72030
Epoch 156: | Loss: 0.71509
Epoch 157: | Loss: 0.71095
Epoch 158: | Loss: 0.71541
Epoch 159: | Loss: 0.71149
Epoch 160: | Loss: 0.70605
Epoch 161: | Loss: 0.70807
Epoch 162: | Loss: 0.70959
Epoch 163: | Loss: 0.70523
Epoch 164: | Loss: 0.70282
Epoch 165: | Loss: 0.70044
Epoch 166: | Loss: 0.69899
Epoch 167: | Loss: 0.69809
Epoch 168: | Loss: 0.70041
Epoch 169: | Loss: 0.69302
Epoch 170: | Loss: 0.69033
Epoch 171: | Loss: 0.68840
Epoch 172: | Loss: 0.68829
Epoch 173: | Loss: 0.68687
Epoch 174: | Loss: 0.68753
Epoch 175: | Loss: 0.68468
Epoch 176: | Loss: 0.68289
Epoch 177: | Loss: 0.68124
Epoch 178: | Loss: 0.67913
Epoch 179: | Loss: 0.67859
Epoch 180: | Loss: 0.67242
Epoch 181: | Loss: 0.67278
Epoch 182: | Loss: 0.66800
Epoch 183: | Loss: 0.66872
Epoch 184: | Loss: 0.66689
Epoch 185: | Loss: 0.66035
Epoch 186: | Loss: 0.66529
Epoch 187: | Loss: 0.66211
Epoch 188: | Loss: 0.66169
Epoch 189: | Loss: 0.66244
Epoch 190: | Loss: 0.65985
Epoch 191: | Loss: 0.65578
Epoch 192: | Loss: 0.65459
Epoch 193: | Loss: 0.65449
Epoch 194: | Loss: 0.65175
Epoch 195: | Loss: 0.65268
Epoch 196: | Loss: 0.64884
Epoch 197: | Loss: 0.64739
Epoch 198: | Loss: 0.64407
Epoch 199: | Loss: 0.64655
Accuracy: 0.7685763888888889
Epoch 000: | Loss: 1.61910
Epoch 001: | Loss: 1.58852
Epoch 002: | Loss: 1.57849
Epoch 003: | Loss: 1.54356
Epoch 004: | Loss: 1.54195
Epoch 005: | Loss: 1.55690
Epoch 006: | Loss: 1.52547
Epoch 007: | Loss: 1.51473
Epoch 008: | Loss: 1.52141
Epoch 009: | Loss: 1.50066
Epoch 010: | Loss: 1.49894
Epoch 011: | Loss: 1.50605
Epoch 012: | Loss: 1.48991
Epoch 013: | Loss: 1.47208
Epoch 014: | Loss: 1.47533
Epoch 015: | Loss: 1.46909
Epoch 016: | Loss: 1.44946
Epoch 017: | Loss: 1.44536
Epoch 018: | Loss: 1.43903
Epoch 019: | Loss: 1.41738
Epoch 020: | Loss: 1.39788
Epoch 021: | Loss: 1.39291
Epoch 022: | Loss: 1.37386
Epoch 023: | Loss: 1.35144
Epoch 024: | Loss: 1.33644
Epoch 025: | Loss: 1.31876
Epoch 026: | Loss: 1.29614
Epoch 027: | Loss: 1.28535
Epoch 028: | Loss: 1.26255
Epoch 029: | Loss: 1.25192
Epoch 030: | Loss: 1.23564
Epoch 031: | Loss: 1.22318
Epoch 032: | Loss: 1.21293
Epoch 033: | Loss: 1.20432
Epoch 034: | Loss: 1.18838
Epoch 035: | Loss: 1.18159
Epoch 036: | Loss: 1.16475
Epoch 037: | Loss: 1.15550
Epoch 038: | Loss: 1.14056
Epoch 039: | Loss: 1.13457
Epoch 040: | Loss: 1.12831
Epoch 041: | Loss: 1.11523
Epoch 042: | Loss: 1.10877
Epoch 043: | Loss: 1.10135
Epoch 044: | Loss: 1.09557
Epoch 045: | Loss: 1.08397
Epoch 046: | Loss: 1.07866
Epoch 047: | Loss: 1.06140
