cnn1d
Start time:  2023-10-19 12:21:20.896119
Loading data...
Data loaded.
Epoch [1/150], Step [10/19], Loss: 1.7389
Epoch [2/150], Step [10/19], Loss: 1.7272
Epoch [3/150], Step [10/19], Loss: 1.7370
Epoch [4/150], Step [10/19], Loss: 1.7096
Epoch [5/150], Step [10/19], Loss: 1.7321
Epoch [6/150], Step [10/19], Loss: 1.7379
Epoch [7/150], Step [10/19], Loss: 1.7321
Epoch [8/150], Step [10/19], Loss: 1.7223
Epoch [9/150], Step [10/19], Loss: 1.7203
Epoch [10/150], Step [10/19], Loss: 1.7399
Epoch [11/150], Step [10/19], Loss: 1.6998
Epoch [12/150], Step [10/19], Loss: 1.7506
Epoch [13/150], Step [10/19], Loss: 1.7360
Epoch [14/150], Step [10/19], Loss: 1.7360
Epoch [15/150], Step [10/19], Loss: 1.7321
Epoch [16/150], Step [10/19], Loss: 1.7291
Epoch [17/150], Step [10/19], Loss: 1.7243
Epoch [18/150], Step [10/19], Loss: 1.7330
Epoch [19/150], Step [10/19], Loss: 1.7223
Epoch [20/150], Step [10/19], Loss: 1.7506
Epoch [21/150], Step [10/19], Loss: 1.7252
Epoch [22/150], Step [10/19], Loss: 1.7477
Epoch [23/150], Step [10/19], Loss: 1.7565
Epoch [24/150], Step [10/19], Loss: 1.7506
Epoch [25/150], Step [10/19], Loss: 1.7272
Epoch [26/150], Step [10/19], Loss: 1.7389
Epoch [27/150], Step [10/19], Loss: 1.7428
Epoch [28/150], Step [10/19], Loss: 1.7418
Epoch [29/150], Step [10/19], Loss: 1.7135
Epoch [30/150], Step [10/19], Loss: 1.7409
Epoch [31/150], Step [10/19], Loss: 1.7213
Epoch [32/150], Step [10/19], Loss: 1.7301
Epoch [33/150], Step [10/19], Loss: 1.7389
Epoch [34/150], Step [10/19], Loss: 1.7223
Epoch [35/150], Step [10/19], Loss: 1.7360
Epoch [36/150], Step [10/19], Loss: 1.7506
Epoch [37/150], Step [10/19], Loss: 1.7223
Epoch [38/150], Step [10/19], Loss: 1.7448
Epoch [39/150], Step [10/19], Loss: 1.7506
Epoch [40/150], Step [10/19], Loss: 1.7399
Epoch [41/150], Step [10/19], Loss: 1.7037
Epoch [42/150], Step [10/19], Loss: 1.7360
Epoch [43/150], Step [10/19], Loss: 1.7262
Epoch [44/150], Step [10/19], Loss: 1.7350
Epoch [45/150], Step [10/19], Loss: 1.7399
Epoch [46/150], Step [10/19], Loss: 1.7223
Epoch [47/150], Step [10/19], Loss: 1.7506
Epoch [48/150], Step [10/19], Loss: 1.7389
Epoch [49/150], Step [10/19], Loss: 1.7311
Epoch [50/150], Step [10/19], Loss: 1.7233
Epoch [51/150], Step [10/19], Loss: 1.7164
Epoch [52/150], Step [10/19], Loss: 1.7145
Epoch [53/150], Step [10/19], Loss: 1.7282
Epoch [54/150], Step [10/19], Loss: 1.7321
Epoch [55/150], Step [10/19], Loss: 1.7360
Epoch [56/150], Step [10/19], Loss: 1.7409
Epoch [57/150], Step [10/19], Loss: 1.6979
Epoch [58/150], Step [10/19], Loss: 1.7399
Epoch [59/150], Step [10/19], Loss: 1.7379
Epoch [60/150], Step [10/19], Loss: 1.7233
Epoch [61/150], Step [10/19], Loss: 1.7301
Epoch [62/150], Step [10/19], Loss: 1.7321
Epoch [63/150], Step [10/19], Loss: 1.7623
Epoch [64/150], Step [10/19], Loss: 1.7301
Epoch [65/150], Step [10/19], Loss: 1.7243
Epoch [66/150], Step [10/19], Loss: 1.7584
Epoch [67/150], Step [10/19], Loss: 1.7536
Epoch [68/150], Step [10/19], Loss: 1.7330
Epoch [69/150], Step [10/19], Loss: 1.7077
Epoch [70/150], Step [10/19], Loss: 1.7262
Epoch [71/150], Step [10/19], Loss: 1.7409
Epoch [72/150], Step [10/19], Loss: 1.7233
Epoch [73/150], Step [10/19], Loss: 1.7106
Epoch [74/150], Step [10/19], Loss: 1.7184
Epoch [75/150], Step [10/19], Loss: 1.7272
Epoch [76/150], Step [10/19], Loss: 1.7409
Epoch [77/150], Step [10/19], Loss: 1.7370
Epoch [78/150], Step [10/19], Loss: 1.7487
Epoch [79/150], Step [10/19], Loss: 1.7633
Epoch [80/150], Step [10/19], Loss: 1.7203
Epoch [81/150], Step [10/19], Loss: 1.7330
Epoch [82/150], Step [10/19], Loss: 1.7536
Epoch [83/150], Step [10/19], Loss: 1.7282
Epoch [84/150], Step [10/19], Loss: 1.7330
Epoch [85/150], Step [10/19], Loss: 1.7233
Epoch [86/150], Step [10/19], Loss: 1.7067
Epoch [87/150], Step [10/19], Loss: 1.7399
Epoch [88/150], Step [10/19], Loss: 1.7037
Epoch [89/150], Step [10/19], Loss: 1.7262
Epoch [90/150], Step [10/19], Loss: 1.7203
Epoch [91/150], Step [10/19], Loss: 1.7350
Epoch [92/150], Step [10/19], Loss: 1.7223
Epoch [93/150], Step [10/19], Loss: 1.7330
Epoch [94/150], Step [10/19], Loss: 1.7194
Epoch [95/150], Step [10/19], Loss: 1.7262
Epoch [96/150], Step [10/19], Loss: 1.7125
Epoch [97/150], Step [10/19], Loss: 1.7760
Epoch [98/150], Step [10/19], Loss: 1.7438
Epoch [99/150], Step [10/19], Loss: 1.7145
Epoch [100/150], Step [10/19], Loss: 1.7155
Epoch [101/150], Step [10/19], Loss: 1.7321
Epoch [102/150], Step [10/19], Loss: 1.7438
Epoch [103/150], Step [10/19], Loss: 1.7252
Epoch [104/150], Step [10/19], Loss: 1.7233
Epoch [105/150], Step [10/19], Loss: 1.7213
Epoch [106/150], Step [10/19], Loss: 1.7477
Epoch [107/150], Step [10/19], Loss: 1.7379
Epoch [108/150], Step [10/19], Loss: 1.7418
Epoch [109/150], Step [10/19], Loss: 1.7174
Epoch [110/150], Step [10/19], Loss: 1.7379
Epoch [111/150], Step [10/19], Loss: 1.7106
Epoch [112/150], Step [10/19], Loss: 1.7467
Epoch [113/150], Step [10/19], Loss: 1.7360
Epoch [114/150], Step [10/19], Loss: 1.7301
Epoch [115/150], Step [10/19], Loss: 1.7662
Epoch [116/150], Step [10/19], Loss: 1.7623
Epoch [117/150], Step [10/19], Loss: 1.7379
Epoch [118/150], Step [10/19], Loss: 1.7301
Epoch [119/150], Step [10/19], Loss: 1.7340
Epoch [120/150], Step [10/19], Loss: 1.7360
Epoch [121/150], Step [10/19], Loss: 1.7370
Epoch [122/150], Step [10/19], Loss: 1.7301
Epoch [123/150], Step [10/19], Loss: 1.7311
Epoch [124/150], Step [10/19], Loss: 1.7291
Epoch [125/150], Step [10/19], Loss: 1.7360
Epoch [126/150], Step [10/19], Loss: 1.7477
Epoch [127/150], Step [10/19], Loss: 1.7428
Epoch [128/150], Step [10/19], Loss: 1.7545
Epoch [129/150], Step [10/19], Loss: 1.7282
Epoch [130/150], Step [10/19], Loss: 1.7399
Epoch [131/150], Step [10/19], Loss: 1.7262
Epoch [132/150], Step [10/19], Loss: 1.7213
Epoch [133/150], Step [10/19], Loss: 1.7223
Epoch [134/150], Step [10/19], Loss: 1.7457
Epoch [135/150], Step [10/19], Loss: 1.7506
Epoch [136/150], Step [10/19], Loss: 1.7360
Epoch [137/150], Step [10/19], Loss: 1.7233
Epoch [138/150], Step [10/19], Loss: 1.7438
Epoch [139/150], Step [10/19], Loss: 1.7653
Epoch [140/150], Step [10/19], Loss: 1.7008
Epoch [141/150], Step [10/19], Loss: 1.7438
Epoch [142/150], Step [10/19], Loss: 1.7262
Epoch [143/150], Step [10/19], Loss: 1.7301
Epoch [144/150], Step [10/19], Loss: 1.7321
Epoch [145/150], Step [10/19], Loss: 1.7340
Epoch [146/150], Step [10/19], Loss: 1.7184
Epoch [147/150], Step [10/19], Loss: 1.7213
Epoch [148/150], Step [10/19], Loss: 1.7252
Epoch [149/150], Step [10/19], Loss: 1.7370
Epoch [150/150], Step [10/19], Loss: 1.7379
End time:  2023-10-19 12:31:18.979705
Total time:  0:09:58.083586
