MODEL_NAME:  error_bar
Start time:  2023-10-20 13:24:14.093978
Loading data...
Data loaded.
Device:  cuda
Max Epochs:  200
Early Stopping Reference Size:  5
Epoch 001: | Loss: 0.80460
Estimated time: 0:25:22.891200
Estimated finish: 2023-10-20 13:49:46.954086
Epoch 002: | Loss: 0.43911
Epoch 003: | Loss: 0.35514
Epoch 004: | Loss: 0.29452
Epoch 005: | Loss: 0.23865
Epoch 006: | Loss: 0.20150
Epoch 007: | Loss: 0.15508
Epoch 008: | Loss: 0.13104
Epoch 009: | Loss: 0.11918
Epoch 010: | Loss: 0.09857
Epoch 011: | Loss: 0.06716
Epoch 012: | Loss: 0.05557
Epoch 013: | Loss: 0.05337
Epoch 014: | Loss: 0.06269
Epoch 015: | Loss: 0.04409
Epoch 016: | Loss: 0.04723
Epoch 017: | Loss: 0.03403
Epoch 018: | Loss: 0.04161
Epoch 019: | Loss: 0.04665
Epoch 020: | Loss: 0.03986
Epoch 021: | Loss: 0.02948
Epoch 022: | Loss: 0.03260
Epoch 023: | Loss: 0.02398
Epoch 024: | Loss: 0.03241
Epoch 025: | Loss: 0.03315
Epoch 026: | Loss: 0.02296
Epoch 027: | Loss: 0.02233
Epoch 028: | Loss: 0.02642
Epoch 029: | Loss: 0.02747
Epoch 030: | Loss: 0.02846
Epoch 031: | Loss: 0.01929
Epoch 032: | Loss: 0.01868
Epoch 033: | Loss: 0.02586
Epoch 034: | Loss: 0.03267
Epoch 035: | Loss: 0.01993
Epoch 036: | Loss: 0.02200
Epoch 037: | Loss: 0.01958
Epoch 038: | Loss: 0.02751
Epoch 039: | Loss: 0.03806
Epoch 040: | Loss: 0.02435
Epoch 041: | Loss: 0.02132
Epoch 042: | Loss: 0.03201
Epoch 043: | Loss: 0.01620
Epoch 044: | Loss: 0.01780
Epoch 045: | Loss: 0.01566
Epoch 046: | Loss: 0.01675
Epoch 047: | Loss: 0.02497
Epoch 048: | Loss: 0.01777
Epoch 049: | Loss: 0.02338
Epoch 050: | Loss: 0.02308
Epoch 051: | Loss: 0.02633
Epoch 052: | Loss: 0.01363
Epoch 053: | Loss: 0.01243
Epoch 054: | Loss: 0.01424
Epoch 055: | Loss: 0.01748
Epoch 056: | Loss: 0.02640
Epoch 057: | Loss: 0.02120
Epoch 058: | Loss: 0.02042
Epoch 059: | Loss: 0.01426
Epoch 060: | Loss: 0.02385
Epoch 061: | Loss: 0.01789
Epoch 062: | Loss: 0.01625
Epoch 063: | Loss: 0.01737
Epoch 064: | Loss: 0.01951
Epoch 065: | Loss: 0.01621
Epoch 066: | Loss: 0.01486
Epoch 067: | Loss: 0.01105
Epoch 068: | Loss: 0.01234
Epoch 069: | Loss: 0.01995
Epoch 070: | Loss: 0.02290
Epoch 071: | Loss: 0.01749
Epoch 072: | Loss: 0.01855
Epoch 073: | Loss: 0.01423
Epoch 074: | Loss: 0.00995
Epoch 075: | Loss: 0.01169
Epoch 076: | Loss: 0.02824
Epoch 077: | Loss: 0.02217
Epoch 078: | Loss: 0.01415
Epoch 079: | Loss: 0.01134
Epoch 080: | Loss: 0.01579
Epoch 081: | Loss: 0.01959
Epoch 082: | Loss: 0.01811
Epoch 083: | Loss: 0.01988
Epoch 084: | Loss: 0.01265
Epoch 085: | Loss: 0.01158
Epoch 086: | Loss: 0.00990
Epoch 087: | Loss: 0.01346
Epoch 088: | Loss: 0.01278
Epoch 089: | Loss: 0.02275
Epoch 090: | Loss: 0.01284
Epoch 091: | Loss: 0.01791
Epoch 092: | Loss: 0.02451
Epoch 093: | Loss: 0.01447
Epoch 094: | Loss: 0.01079
Epoch 095: | Loss: 0.00966
Epoch 096: | Loss: 0.01307
Epoch 097: | Loss: 0.01271
Epoch 098: | Loss: 0.01786
Epoch 099: | Loss: 0.01505
Epoch 100: | Loss: 0.01551
Epoch 101: | Loss: 0.01069
Epoch 102: | Loss: 0.01182
Epoch 103: | Loss: 0.01155
Epoch 104: | Loss: 0.01507
Epoch 105: | Loss: 0.01799
Epoch 106: | Loss: 0.01481
Epoch 107: | Loss: 0.01011
Epoch 108: | Loss: 0.01313
Epoch 109: | Loss: 0.01545
Epoch 110: | Loss: 0.01455
Epoch 111: | Loss: 0.01497
Epoch 112: | Loss: 0.02330
Epoch 113: | Loss: 0.02006
Epoch 114: | Loss: 0.01599
Epoch 115: | Loss: 0.01005
Epoch 116: | Loss: 0.01070
Epoch 117: | Loss: 0.01143
Epoch 118: | Loss: 0.01353
Epoch 119: | Loss: 0.01178
Epoch 120: | Loss: 0.01725
Epoch 121: | Loss: 0.01822
Epoch 122: | Loss: 0.01122
Epoch 123: | Loss: 0.01333
Epoch 124: | Loss: 0.01526
Epoch 125: | Loss: 0.01525
Epoch 126: | Loss: 0.01104
Epoch 127: | Loss: 0.01105
Epoch 128: | Loss: 0.00950
Epoch 129: | Loss: 0.00914
Epoch 130: | Loss: 0.01311
Epoch 131: | Loss: 0.02831
Epoch 132: | Loss: 0.01882
Epoch 133: | Loss: 0.01676
Epoch 134: | Loss: 0.01072
Epoch 135: | Loss: 0.00976
Epoch 136: | Loss: 0.00983
Epoch 137: | Loss: 0.01011
Epoch 138: | Loss: 0.01201
Epoch 139: | Loss: 0.01573
Epoch 140: | Loss: 0.01207
Epoch 141: | Loss: 0.01142
Epoch 142: | Loss: 0.01106
Epoch 143: | Loss: 0.01423
Epoch 144: | Loss: 0.02547
Epoch 145: | Loss: 0.01887
Epoch 146: | Loss: 0.01376
Epoch 147: | Loss: 0.01258
Epoch 148: | Loss: 0.00720
Epoch 149: | Loss: 0.01345
Epoch 150: | Loss: 0.02138
Epoch 151: | Loss: 0.01079
Epoch 152: | Loss: 0.01275
Epoch 153: | Loss: 0.01084
Epoch 154: | Loss: 0.01013
Epoch 155: | Loss: 0.01195
Epoch 156: | Loss: 0.01405
Epoch 157: | Loss: 0.01545
Epoch 158: | Loss: 0.01289
Epoch 159: | Loss: 0.01525
Epoch 160: | Loss: 0.01493
Epoch 161: | Loss: 0.00894
Epoch 162: | Loss: 0.00980
Epoch 163: | Loss: 0.01135
Epoch 164: | Loss: 0.00776
Epoch 165: | Loss: 0.00919
Epoch 166: | Loss: 0.01307
Epoch 167: | Loss: 0.01714
Epoch 168: | Loss: 0.01136
Epoch 169: | Loss: 0.01343
Epoch 170: | Loss: 0.01498
Epoch 171: | Loss: 0.01642
Epoch 172: | Loss: 0.01079
Epoch 173: | Loss: 0.01445
Epoch 174: | Loss: 0.01023
Epoch 175: | Loss: 0.00982
Epoch 176: | Loss: 0.01097
Epoch 177: | Loss: 0.01359
Epoch 178: | Loss: 0.01045
Epoch 179: | Loss: 0.01309
Epoch 180: | Loss: 0.01283
Epoch 181: | Loss: 0.01054
Epoch 182: | Loss: 0.01380
Epoch 183: | Loss: 0.01031
Epoch 184: | Loss: 0.01317
Epoch 185: | Loss: 0.01401
Epoch 186: | Loss: 0.01509
Epoch 187: | Loss: 0.01529
Epoch 188: | Loss: 0.01114
Epoch 189: | Loss: 0.01275
Epoch 190: | Loss: 0.02127
Epoch 191: | Loss: 0.01583
Epoch 192: | Loss: 0.02299
Epoch 193: | Loss: 0.01302
Epoch 194: | Loss: 0.00887
Epoch 195: | Loss: 0.00819
Epoch 196: | Loss: 0.01092
Epoch 197: | Loss: 0.00752
Epoch 198: | Loss: 0.00831
Epoch 199: | Loss: 0.00851
Epoch 200: | Loss: 0.00870
