MODEL_NAME:  vit1d
Start time:  2023-07-17 17:29:39.561494
Device:  cuda
Max Epochs:  500
Early Stopping Reference Size:  5
Epoch 001: | Loss: 0.81756
Epoch 002: | Loss: 0.45864
Epoch 003: | Loss: 0.37172
Epoch 004: | Loss: 0.29966
Epoch 005: | Loss: 0.24866
Epoch 006: | Loss: 0.20672
Epoch 007: | Loss: 0.16144
Epoch 008: | Loss: 0.13798
Epoch 009: | Loss: 0.09586
Epoch 010: | Loss: 0.07598
Epoch 011: | Loss: 0.06940
Epoch 012: | Loss: 0.05088
Epoch 013: | Loss: 0.04479
Epoch 014: | Loss: 0.04148
Epoch 015: | Loss: 0.04114
Epoch 016: | Loss: 0.03050
Epoch 017: | Loss: 0.02990
Epoch 018: | Loss: 0.02571
Epoch 019: | Loss: 0.01691
Epoch 020: | Loss: 0.01962
Epoch 021: | Loss: 0.01527
Epoch 022: | Loss: 0.01401
Epoch 023: | Loss: 0.01611
Epoch 024: | Loss: 0.01441
Epoch 025: | Loss: 0.00865
Epoch 026: | Loss: 0.01023
Epoch 027: | Loss: 0.00866
Epoch 028: | Loss: 0.00471
Epoch 029: | Loss: 0.00510
Epoch 030: | Loss: 0.00471
Epoch 031: | Loss: 0.00335
Epoch 032: | Loss: 0.00348
Epoch 033: | Loss: 0.00391
Epoch 034: | Loss: 0.00381
Epoch 035: | Loss: 0.00197
Epoch 036: | Loss: 0.00258
Epoch 037: | Loss: 0.00179
Epoch 038: | Loss: 0.00278
Epoch 039: | Loss: 0.00196
Epoch 040: | Loss: 0.00101
Epoch 041: | Loss: 0.00093
Epoch 042: | Loss: 0.00088
Epoch 043: | Loss: 0.00119
Epoch 044: | Loss: 0.00069
Epoch 045: | Loss: 0.00139
Epoch 046: | Loss: 0.00088
Epoch 047: | Loss: 0.00070
Epoch 048: | Loss: 0.00085
Epoch 049: | Loss: 0.00083
Epoch 050: | Loss: 0.00083
Epoch 051: | Loss: 0.00112
Epoch 052: | Loss: 0.00076
Epoch 053: | Loss: 0.00074
Epoch 054: | Loss: 0.00088
Epoch 055: | Loss: 0.00059
Epoch 056: | Loss: 0.00053
Epoch 057: | Loss: 0.00048
Epoch 058: | Loss: 0.00066
Epoch 059: | Loss: 0.00061
Epoch 060: | Loss: 0.00042
Epoch 061: | Loss: 0.00079
Epoch 062: | Loss: 0.00061
Epoch 063: | Loss: 0.00133
Epoch 064: | Loss: 0.00373
Epoch 065: | Loss: 0.00248
Epoch 066: | Loss: 0.00287
Epoch 067: | Loss: 0.00408
Epoch 068: | Loss: 0.00969
Epoch 069: | Loss: 0.00886
Epoch 070: | Loss: 0.00919
Epoch 071: | Loss: 0.01244
Epoch 072: | Loss: 0.00999
Epoch 073: | Loss: 0.01012
Epoch 074: | Loss: 0.00758
Epoch 075: | Loss: 0.01537
Epoch 076: | Loss: 0.01662
Epoch 077: | Loss: 0.01487
Epoch 078: | Loss: 0.01267
Epoch 079: | Loss: 0.01556
Epoch 080: | Loss: 0.01544
Epoch 081: | Loss: 0.01731
Epoch 082: | Loss: 0.01859
Epoch 083: | Loss: 0.01728
Epoch 084: | Loss: 0.01732
Epoch 085: | Loss: 0.01842
Epoch 086: | Loss: 0.02220
Epoch 087: | Loss: 0.03113
Epoch 088: | Loss: 0.02286
Epoch 089: | Loss: 0.02299
Epoch 090: | Loss: 0.02518
Epoch 091: | Loss: 0.01922
Epoch 092: | Loss: 0.01791
Epoch 093: | Loss: 0.01771
Epoch 094: | Loss: 0.02532
Epoch 095: | Loss: 0.02967
Epoch 096: | Loss: 0.02372
Epoch 097: | Loss: 0.01784
Epoch 098: | Loss: 0.01769
Epoch 099: | Loss: 0.02251
Epoch 100: | Loss: 0.03301
Epoch 101: | Loss: 0.02650
Epoch 102: | Loss: 0.01663
Epoch 103: | Loss: 0.01442
Epoch 104: | Loss: 0.01342
Epoch 105: | Loss: 0.01991
Epoch 106: | Loss: 0.01860
Epoch 107: | Loss: 0.01824
Epoch 108: | Loss: 0.02121
Epoch 109: | Loss: 0.01821
Epoch 110: | Loss: 0.01391
Epoch 111: | Loss: 0.01343
Epoch 112: | Loss: 0.01415
Epoch 113: | Loss: 0.01750
Epoch 114: | Loss: 0.01198
Epoch 115: | Loss: 0.00897
Epoch 116: | Loss: 0.01065
Epoch 117: | Loss: 0.00970
Epoch 118: | Loss: 0.01318
Epoch 119: | Loss: 0.00626
Epoch 120: | Loss: 0.00437
Epoch 121: | Loss: 0.00423
Epoch 122: | Loss: 0.00512
Epoch 123: | Loss: 0.00532
Epoch 124: | Loss: 0.00349
Epoch 125: | Loss: 0.00308
Epoch 126: | Loss: 0.00517
Epoch 127: | Loss: 0.00266
Epoch 128: | Loss: 0.00335
Epoch 129: | Loss: 0.00266
Epoch 130: | Loss: 0.00171
Epoch 131: | Loss: 0.00158
Epoch 132: | Loss: 0.00070
Epoch 133: | Loss: 0.00071
Epoch 134: | Loss: 0.00088
Epoch 135: | Loss: 0.00097
Epoch 136: | Loss: 0.00051
Epoch 137: | Loss: 0.00036
Epoch 138: | Loss: 0.00093
Epoch 139: | Loss: 0.00036
Epoch 140: | Loss: 0.00053
Epoch 141: | Loss: 0.00045
Epoch 142: | Loss: 0.00026
Epoch 143: | Loss: 0.00039
Epoch 144: | Loss: 0.00016
Epoch 145: | Loss: 0.00042
Epoch 146: | Loss: 0.00025
Epoch 147: | Loss: 0.00025
Epoch 148: | Loss: 0.00039
Epoch 149: | Loss: 0.00030
Epoch 150: | Loss: 0.00040
Epoch 151: | Loss: 0.00012
Epoch 152: | Loss: 0.00036
Epoch 153: | Loss: 0.00043
Epoch 154: | Loss: 0.00077
Epoch 155: | Loss: 0.00022
Epoch 156: | Loss: 0.00017
Epoch 157: | Loss: 0.00029
Epoch 158: | Loss: 0.00023
Epoch 159: | Loss: 0.00041
Epoch 160: | Loss: 0.00019
Epoch 161: | Loss: 0.00047
Epoch 162: | Loss: 0.00036
Epoch 163: | Loss: 0.00060
Epoch 164: | Loss: 0.00033
Epoch 165: | Loss: 0.00048
Epoch 166: | Loss: 0.00219
Epoch 167: | Loss: 0.00133
Epoch 168: | Loss: 0.00356
Epoch 169: | Loss: 0.00378
Epoch 170: | Loss: 0.00215
Epoch 171: | Loss: 0.00504
Epoch 172: | Loss: 0.00610
Epoch 173: | Loss: 0.00477
Epoch 174: | Loss: 0.00476
Epoch 175: | Loss: 0.00703
Epoch 176: | Loss: 0.00784
Epoch 177: | Loss: 0.00736
Epoch 178: | Loss: 0.00682
Epoch 179: | Loss: 0.01329
Epoch 180: | Loss: 0.01365
Epoch 181: | Loss: 0.01430
Epoch 182: | Loss: 0.01070
Epoch 183: | Loss: 0.00690
Epoch 184: | Loss: 0.00431
Epoch 185: | Loss: 0.00502
Epoch 186: | Loss: 0.01041
Epoch 187: | Loss: 0.02264
Epoch 188: | Loss: 0.01919
Epoch 189: | Loss: 0.02007
Epoch 190: | Loss: 0.01428
Epoch 191: | Loss: 0.01351
Epoch 192: | Loss: 0.01829
Epoch 193: | Loss: 0.01171
Epoch 194: | Loss: 0.01567
Epoch 195: | Loss: 0.02084
Epoch 196: | Loss: 0.02730
Epoch 197: | Loss: 0.01372
Epoch 198: | Loss: 0.01352
Epoch 199: | Loss: 0.01634
Epoch 200: | Loss: 0.01497
Epoch 201: | Loss: 0.01742
Epoch 202: | Loss: 0.01472
Epoch 203: | Loss: 0.01569
Epoch 204: | Loss: 0.00908
Epoch 205: | Loss: 0.00911
Epoch 206: | Loss: 0.01351
Epoch 207: | Loss: 0.01765
Epoch 208: | Loss: 0.01817
Epoch 209: | Loss: 0.01118
Epoch 210: | Loss: 0.01270
Epoch 211: | Loss: 0.00956
Epoch 212: | Loss: 0.00761
Epoch 213: | Loss: 0.01030
Epoch 214: | Loss: 0.00981
Epoch 215: | Loss: 0.00638
Epoch 216: | Loss: 0.00657
Epoch 217: | Loss: 0.00773
Epoch 218: | Loss: 0.00657
Epoch 219: | Loss: 0.00865
Epoch 220: | Loss: 0.00547
Epoch 221: | Loss: 0.00534
Epoch 222: | Loss: 0.00367
Epoch 223: | Loss: 0.00318
Epoch 224: | Loss: 0.00328
Epoch 225: | Loss: 0.00329
Epoch 226: | Loss: 0.00470
Epoch 227: | Loss: 0.00303
Epoch 228: | Loss: 0.00280
Epoch 229: | Loss: 0.00221
Epoch 230: | Loss: 0.00121
Epoch 231: | Loss: 0.00080
Epoch 232: | Loss: 0.00098
Epoch 233: | Loss: 0.00088
Epoch 234: | Loss: 0.00098
Epoch 235: | Loss: 0.00103
Epoch 236: | Loss: 0.00054
Epoch 237: | Loss: 0.00060
Epoch 238: | Loss: 0.00071
Epoch 239: | Loss: 0.00086
Epoch 240: | Loss: 0.00035
Epoch 241: | Loss: 0.00042
Epoch 242: | Loss: 0.00031
Epoch 243: | Loss: 0.00028
Epoch 244: | Loss: 0.00062
Epoch 245: | Loss: 0.00018
Epoch 246: | Loss: 0.00042
Epoch 247: | Loss: 0.00021
Epoch 248: | Loss: 0.00052
Epoch 249: | Loss: 0.00051
Epoch 250: | Loss: 0.00065
Epoch 251: | Loss: 0.00030
Epoch 252: | Loss: 0.00041
Epoch 253: | Loss: 0.00012
Epoch 254: | Loss: 0.00021
Epoch 255: | Loss: 0.00023
Epoch 256: | Loss: 0.00030
Epoch 257: | Loss: 0.00027
Epoch 258: | Loss: 0.00048
Epoch 259: | Loss: 0.00033
Epoch 260: | Loss: 0.00030
Epoch 261: | Loss: 0.00057
Epoch 262: | Loss: 0.00069
Epoch 263: | Loss: 0.00072
Epoch 264: | Loss: 0.00053
Epoch 265: | Loss: 0.00078
Epoch 266: | Loss: 0.00119
Epoch 267: | Loss: 0.00084
Epoch 268: | Loss: 0.00033
Epoch 269: | Loss: 0.00119
Epoch 270: | Loss: 0.00264
Epoch 271: | Loss: 0.00372
Epoch 272: | Loss: 0.00537
Epoch 273: | Loss: 0.00737
early stopping at epoch 274 with loss 0.00365
