MODEL_NAME:  optuna_processed_convbbt
Start time:  2023-10-10 12:11:32.896126
Device:  cuda
Max Epochs:  200
Early Stopping Reference Size:  5
Search Space:  {'lr': [1e-06, 1e-05, 0.0001, 0.001], 'beta1': [0.9, 0.95, 0.99, 0.999], 'beta2': [0.9, 0.95, 0.99, 0.999], 'eps': [1e-09, 1e-08, 1e-07, 1e-06], 'hidden_ch': [3, 5, 7, 8, 10, 15, 18, 20, 23, 25, 30], 'hidden_dim': [64, 128, 256, 512, 1024], 'depth': [3, 5, 6, 8], 'heads': [3, 5, 6, 8, 10], 'mlp_dim': [256, 512, 1024, 2048], 'dropout': [0.01, 0.1, 0.25, 0.5, 0.8], 'emb_dropout': [0.01, 0.1, 0.25, 0.5, 0.8]}
Epoch 000: | Loss: 1.71968
Epoch 001: | Loss: 1.56346
Epoch 002: | Loss: 1.54881
Epoch 003: | Loss: 1.54553
Epoch 004: | Loss: 1.54929
Epoch 005: | Loss: 1.54634
Epoch 006: | Loss: 1.54742
Epoch 007: | Loss: 1.54519
Epoch 008: | Loss: 1.54229
Epoch 009: | Loss: 1.54488
Epoch 010: | Loss: 1.54282
Epoch 011: | Loss: 1.54416
Epoch 012: | Loss: 1.54266
Epoch 013: | Loss: 1.53758
Epoch 014: | Loss: 1.53778
Epoch 015: | Loss: 1.53726
Epoch 016: | Loss: 1.53915
Epoch 017: | Loss: 1.53661
Epoch 018: | Loss: 1.53397
Epoch 019: | Loss: 1.53729
Epoch 020: | Loss: 1.53431
Epoch 021: | Loss: 1.53227
Epoch 022: | Loss: 1.53227
Epoch 023: | Loss: 1.53396
Epoch 024: | Loss: 1.53526
Epoch 025: | Loss: 1.53043
Epoch 026: | Loss: 1.52977
Epoch 027: | Loss: 1.53176
Epoch 028: | Loss: 1.52891
Epoch 029: | Loss: 1.52934
Epoch 030: | Loss: 1.52738
Epoch 031: | Loss: 1.52815
Epoch 032: | Loss: 1.52697
Epoch 033: | Loss: 1.52593
Epoch 034: | Loss: 1.52417
Epoch 035: | Loss: 1.52459
Epoch 036: | Loss: 1.52799
Epoch 037: | Loss: 1.52388
Epoch 038: | Loss: 1.52911
Epoch 039: | Loss: 1.52400
Epoch 040: | Loss: 1.52334
Epoch 041: | Loss: 1.52437
Epoch 042: | Loss: 1.52350
Epoch 043: | Loss: 1.51850
Epoch 044: | Loss: 1.52488
Epoch 045: | Loss: 1.52245
Epoch 046: | Loss: 1.52109
Epoch 047: | Loss: 1.52174
Epoch 048: | Loss: 1.51935
Epoch 049: | Loss: 1.52181
Epoch 050: | Loss: 1.51770
Epoch 051: | Loss: 1.52115
Epoch 052: | Loss: 1.51835
Epoch 053: | Loss: 1.52007
Epoch 054: | Loss: 1.51489
Epoch 055: | Loss: 1.51539
Epoch 056: | Loss: 1.51770
Epoch 057: | Loss: 1.51668
Epoch 058: | Loss: 1.51717
Epoch 059: | Loss: 1.51703
Epoch 060: | Loss: 1.51766
Epoch 061: | Loss: 1.51693
Epoch 062: | Loss: 1.51632
Epoch 063: | Loss: 1.51662
Epoch 064: | Loss: 1.51144
Epoch 065: | Loss: 1.51379
Epoch 066: | Loss: 1.51359
Epoch 067: | Loss: 1.51005
Epoch 068: | Loss: 1.51182
Epoch 069: | Loss: 1.51215
Epoch 070: | Loss: 1.51286
Epoch 071: | Loss: 1.51386
Epoch 072: | Loss: 1.51332
Epoch 073: | Loss: 1.50978
Epoch 074: | Loss: 1.51101
Epoch 075: | Loss: 1.51016
Epoch 076: | Loss: 1.51125
Epoch 077: | Loss: 1.51067
Epoch 078: | Loss: 1.50979
Epoch 079: | Loss: 1.50970
Epoch 080: | Loss: 1.50811
Epoch 081: | Loss: 1.50917
Epoch 082: | Loss: 1.50995
Epoch 083: | Loss: 1.50744
Epoch 084: | Loss: 1.50900
Epoch 085: | Loss: 1.50966
Epoch 086: | Loss: 1.50692
Epoch 087: | Loss: 1.50576
Epoch 088: | Loss: 1.50723
Epoch 089: | Loss: 1.50838
Epoch 090: | Loss: 1.50866
Epoch 091: | Loss: 1.50583
Epoch 092: | Loss: 1.50610
Epoch 093: | Loss: 1.50620
Epoch 094: | Loss: 1.50442
Epoch 095: | Loss: 1.50678
Epoch 096: | Loss: 1.50544
Epoch 097: | Loss: 1.50577
Epoch 098: | Loss: 1.50360
Epoch 099: | Loss: 1.50783
Epoch 100: | Loss: 1.50761
Epoch 101: | Loss: 1.50463
Epoch 102: | Loss: 1.50586
Epoch 103: | Loss: 1.50384
Epoch 104: | Loss: 1.50603
Epoch 105: | Loss: 1.50317
Epoch 106: | Loss: 1.50512
Epoch 107: | Loss: 1.50483
Epoch 108: | Loss: 1.50238
Epoch 109: | Loss: 1.50353
Epoch 110: | Loss: 1.50390
Epoch 111: | Loss: 1.50390
Epoch 112: | Loss: 1.50369
Epoch 113: | Loss: 1.50485
Epoch 114: | Loss: 1.50262
Epoch 115: | Loss: 1.50277
Epoch 116: | Loss: 1.50414
Epoch 117: | Loss: 1.50236
Epoch 118: | Loss: 1.50181
Epoch 119: | Loss: 1.50124
Epoch 120: | Loss: 1.50195
Epoch 121: | Loss: 1.50093
Epoch 122: | Loss: 1.50215
Epoch 123: | Loss: 1.50299
Epoch 124: | Loss: 1.50118
Epoch 125: | Loss: 1.50362
Epoch 126: | Loss: 1.50131
Epoch 127: | Loss: 1.50090
Epoch 128: | Loss: 1.50092
Epoch 129: | Loss: 1.50350
Epoch 130: | Loss: 1.50209
Epoch 131: | Loss: 1.49984
Epoch 132: | Loss: 1.50115
Epoch 133: | Loss: 1.50216
Epoch 134: | Loss: 1.49928
Epoch 135: | Loss: 1.50000
Epoch 136: | Loss: 1.49971
Epoch 137: | Loss: 1.50043
Epoch 138: | Loss: 1.49880
Epoch 139: | Loss: 1.50052
Epoch 140: | Loss: 1.49930
Epoch 141: | Loss: 1.49862
Epoch 142: | Loss: 1.50043
Epoch 143: | Loss: 1.49796
Epoch 144: | Loss: 1.49891
Epoch 145: | Loss: 1.49921
Epoch 146: | Loss: 1.49986
Epoch 147: | Loss: 1.49934
Epoch 148: | Loss: 1.49876
Epoch 149: | Loss: 1.49955
Epoch 150: | Loss: 1.49805
Epoch 151: | Loss: 1.50006
Epoch 152: | Loss: 1.49804
Epoch 153: | Loss: 1.50159
Epoch 154: | Loss: 1.49713
Epoch 155: | Loss: 1.49787
Epoch 156: | Loss: 1.49939
Epoch 157: | Loss: 1.49902
Epoch 158: | Loss: 1.49756
Epoch 159: | Loss: 1.49987
Epoch 160: | Loss: 1.49904
Epoch 161: | Loss: 1.49956
Epoch 162: | Loss: 1.49993
Epoch 163: | Loss: 1.49896
Epoch 164: | Loss: 1.49954
Epoch 165: | Loss: 1.49649
Epoch 166: | Loss: 1.49956
Epoch 167: | Loss: 1.49713
Epoch 168: | Loss: 1.49890
Epoch 169: | Loss: 1.49808
Epoch 170: | Loss: 1.49768
Epoch 171: | Loss: 1.49859
Epoch 172: | Loss: 1.49890
Epoch 173: | Loss: 1.49844
Epoch 174: | Loss: 1.49894
Epoch 175: | Loss: 1.49898
Epoch 176: | Loss: 1.49799
Epoch 177: | Loss: 1.49639
Epoch 178: | Loss: 1.49682
Epoch 179: | Loss: 1.49756
Epoch 180: | Loss: 1.49750
Epoch 181: | Loss: 1.49844
Epoch 182: | Loss: 1.49670
Epoch 183: | Loss: 1.49654
Epoch 184: | Loss: 1.49834
Epoch 185: | Loss: 1.49618
Epoch 186: | Loss: 1.49790
Epoch 187: | Loss: 1.49645
Epoch 188: | Loss: 1.49613
Epoch 189: | Loss: 1.49761
Epoch 190: | Loss: 1.49757
Epoch 191: | Loss: 1.49703
Epoch 192: | Loss: 1.49705
Epoch 193: | Loss: 1.49656
Epoch 194: | Loss: 1.49777
Epoch 195: | Loss: 1.49676
Epoch 196: | Loss: 1.49607
Epoch 197: | Loss: 1.49601
Epoch 198: | Loss: 1.49572
Epoch 199: | Loss: 1.49736
Accuracy: 0.38429754273504274
Epoch 000: | Loss: 1.76814
Epoch 001: | Loss: 1.53092
Epoch 002: | Loss: 1.63185
Epoch 003: | Loss: 1.62823
Epoch 004: | Loss: 1.57864
Epoch 005: | Loss: 1.54425
Epoch 006: | Loss: 1.53678
Epoch 007: | Loss: 1.53825
Epoch 008: | Loss: 1.53625
Epoch 009: | Loss: 1.52407
Epoch 010: | Loss: 1.51308
Epoch 011: | Loss: 1.51537
Epoch 012: | Loss: 1.52547
Epoch 013: | Loss: 1.52869
Epoch 014: | Loss: 1.52412
Epoch 015: | Loss: 1.51465
Epoch 016: | Loss: 1.50539
Epoch 017: | Loss: 1.49994
Epoch 018: | Loss: 1.49928
Epoch 019: | Loss: 1.50020
Epoch 020: | Loss: 1.50235
Epoch 021: | Loss: 1.50350
Epoch 022: | Loss: 1.50245
Epoch 023: | Loss: 1.50098
Epoch 024: | Loss: 1.49865
Epoch 025: | Loss: 1.49665
Epoch 026: | Loss: 1.49475
Epoch 027: | Loss: 1.49344
Epoch 028: | Loss: 1.49406
Epoch 029: | Loss: 1.49440
Epoch 030: | Loss: 1.49473
Epoch 031: | Loss: 1.49412
Epoch 032: | Loss: 1.49305
Epoch 033: | Loss: 1.49262
Epoch 034: | Loss: 1.49252
Epoch 035: | Loss: 1.49216
Epoch 036: | Loss: 1.49210
Epoch 037: | Loss: 1.49174
Epoch 038: | Loss: 1.49139
Epoch 039: | Loss: 1.49160
Epoch 040: | Loss: 1.49144
Epoch 041: | Loss: 1.49147
Epoch 042: | Loss: 1.49164
Epoch 043: | Loss: 1.49111
Epoch 044: | Loss: 1.49105
Epoch 045: | Loss: 1.49100
Epoch 046: | Loss: 1.49097
Epoch 047: | Loss: 1.49082
Epoch 048: | Loss: 1.49119
Epoch 049: | Loss: 1.49089
Epoch 050: | Loss: 1.49107
Epoch 051: | Loss: 1.49091
Epoch 052: | Loss: 1.49081
Epoch 053: | Loss: 1.49072
Epoch 054: | Loss: 1.49080
Epoch 055: | Loss: 1.49098
Epoch 056: | Loss: 1.49078
Epoch 057: | Loss: 1.49074
Epoch 058: | Loss: 1.49091
Epoch 059: | Loss: 1.49080
Epoch 060: | Loss: 1.49081
Epoch 061: | Loss: 1.49089
Epoch 062: | Loss: 1.49082
Epoch 063: | Loss: 1.49089
Epoch 064: | Loss: 1.49057
Epoch 065: | Loss: 1.49074
Epoch 066: | Loss: 1.49095
Epoch 067: | Loss: 1.49096
Epoch 068: | Loss: 1.49102
Epoch 069: | Loss: 1.49055
Epoch 070: | Loss: 1.49048
Epoch 071: | Loss: 1.49067
Epoch 072: | Loss: 1.49077
Epoch 073: | Loss: 1.49062
Epoch 074: | Loss: 1.49031
Epoch 075: | Loss: 1.49066
Epoch 076: | Loss: 1.49044
Epoch 077: | Loss: 1.49020
Epoch 078: | Loss: 1.49046
Epoch 079: | Loss: 1.49052
Epoch 080: | Loss: 1.49018
Epoch 081: | Loss: 1.49048
Epoch 082: | Loss: 1.49060
Epoch 083: | Loss: 1.49041
Epoch 084: | Loss: 1.49059
Epoch 085: | Loss: 1.49052
Epoch 086: | Loss: 1.49078
Epoch 087: | Loss: 1.49026
Epoch 088: | Loss: 1.49067
Epoch 089: | Loss: 1.49025
Epoch 090: | Loss: 1.49065
Epoch 091: | Loss: 1.49022
Epoch 092: | Loss: 1.49021
Epoch 093: | Loss: 1.49065
Epoch 094: | Loss: 1.49045
Epoch 095: | Loss: 1.49044
Epoch 096: | Loss: 1.49028
Epoch 097: | Loss: 1.49036
Epoch 098: | Loss: 1.49042
Epoch 099: | Loss: 1.49046
Epoch 100: | Loss: 1.49076
Epoch 101: | Loss: 1.49038
Epoch 102: | Loss: 1.49031
Epoch 103: | Loss: 1.49031
Epoch 104: | Loss: 1.49030
Epoch 105: | Loss: 1.49047
Epoch 106: | Loss: 1.49021
Epoch 107: | Loss: 1.49013
Epoch 108: | Loss: 1.49031
Epoch 109: | Loss: 1.49004
Epoch 110: | Loss: 1.49033
Epoch 111: | Loss: 1.49050
Epoch 112: | Loss: 1.49000
Epoch 113: | Loss: 1.49006
Epoch 114: | Loss: 1.49038
Epoch 115: | Loss: 1.49032
Epoch 116: | Loss: 1.49042
Epoch 117: | Loss: 1.49019
Epoch 118: | Loss: 1.49001
Epoch 119: | Loss: 1.49053
Epoch 120: | Loss: 1.49026
Epoch 121: | Loss: 1.49056
Epoch 122: | Loss: 1.49030
Epoch 123: | Loss: 1.49020
Epoch 124: | Loss: 1.49022
Epoch 125: | Loss: 1.49026
Epoch 126: | Loss: 1.48996
Epoch 127: | Loss: 1.49044
Epoch 128: | Loss: 1.49001
Epoch 129: | Loss: 1.49021
Epoch 130: | Loss: 1.49023
Epoch 131: | Loss: 1.49032
Epoch 132: | Loss: 1.49003
Epoch 133: | Loss: 1.49013
Epoch 134: | Loss: 1.49005
Epoch 135: | Loss: 1.49015
Epoch 136: | Loss: 1.49011
Epoch 137: | Loss: 1.48982
Epoch 138: | Loss: 1.49005
Epoch 139: | Loss: 1.49004
Epoch 140: | Loss: 1.48988
Epoch 141: | Loss: 1.48992
Epoch 142: | Loss: 1.48966
Epoch 143: | Loss: 1.48989
Epoch 144: | Loss: 1.48973
Epoch 145: | Loss: 1.48976
Epoch 146: | Loss: 1.49011
Epoch 147: | Loss: 1.49012
Epoch 148: | Loss: 1.48982
Epoch 149: | Loss: 1.48994
Epoch 150: | Loss: 1.49009
Epoch 151: | Loss: 1.49000
Epoch 152: | Loss: 1.48963
Epoch 153: | Loss: 1.48955
Epoch 154: | Loss: 1.48996
Epoch 155: | Loss: 1.48972
Epoch 156: | Loss: 1.49000
Epoch 157: | Loss: 1.48997
Epoch 158: | Loss: 1.48946
Epoch 159: | Loss: 1.49002
Epoch 160: | Loss: 1.48972
Epoch 161: | Loss: 1.48984
Epoch 162: | Loss: 1.49001
Epoch 163: | Loss: 1.48982
Epoch 164: | Loss: 1.48990
Epoch 165: | Loss: 1.48961
Epoch 166: | Loss: 1.48985
Epoch 167: | Loss: 1.48984
Epoch 168: | Loss: 1.48962
Epoch 169: | Loss: 1.48987
Epoch 170: | Loss: 1.48966
Epoch 171: | Loss: 1.48977
Epoch 172: | Loss: 1.48980
Epoch 173: | Loss: 1.48975
Epoch 174: | Loss: 1.48966
Epoch 175: | Loss: 1.48935
Epoch 176: | Loss: 1.48961
Epoch 177: | Loss: 1.48948
Epoch 178: | Loss: 1.48998
Epoch 179: | Loss: 1.48966
Epoch 180: | Loss: 1.48949
Epoch 181: | Loss: 1.48946
Epoch 182: | Loss: 1.48922
Epoch 183: | Loss: 1.48949
Epoch 184: | Loss: 1.48946
Epoch 185: | Loss: 1.48969
Epoch 186: | Loss: 1.48949
Epoch 187: | Loss: 1.48936
Epoch 188: | Loss: 1.48940
Epoch 189: | Loss: 1.48961
Epoch 190: | Loss: 1.48953
Epoch 191: | Loss: 1.48914
Epoch 192: | Loss: 1.48937
Epoch 193: | Loss: 1.48925
Epoch 194: | Loss: 1.48950
Epoch 195: | Loss: 1.48926
Epoch 196: | Loss: 1.48903
Epoch 197: | Loss: 1.48962
Epoch 198: | Loss: 1.48939
Epoch 199: | Loss: 1.48923
Accuracy: 0.38397435897435894
Epoch 000: | Loss: 1.61776
Epoch 001: | Loss: 1.52368
Epoch 002: | Loss: 1.52125
Epoch 003: | Loss: 1.51983
Epoch 004: | Loss: 1.52358
Epoch 005: | Loss: 1.51117
Epoch 006: | Loss: 1.51355
Epoch 007: | Loss: 1.51922
Epoch 008: | Loss: 1.51229
Epoch 009: | Loss: 1.50883
Epoch 010: | Loss: 1.51316
Epoch 011: | Loss: 1.51430
Epoch 012: | Loss: 1.50147
Epoch 013: | Loss: 1.49986
Epoch 014: | Loss: 1.49941
Epoch 015: | Loss: 1.49878
Epoch 016: | Loss: 1.50078
Epoch 017: | Loss: 1.49872
Epoch 018: | Loss: 1.49717
Epoch 019: | Loss: 1.49615
Epoch 020: | Loss: 1.49657
Epoch 021: | Loss: 1.49636
Epoch 022: | Loss: 1.49648
Epoch 023: | Loss: 1.49765
Epoch 024: | Loss: 1.49839
Epoch 025: | Loss: 1.49946
Epoch 026: | Loss: 1.49989
early stopping at epoch 27 with loss 1.50214
Accuracy: 0.3849626068376068
Epoch 000: | Loss: 1.58034
Epoch 001: | Loss: 1.51678
Epoch 002: | Loss: 1.50193
Epoch 003: | Loss: 1.49443
Epoch 004: | Loss: 1.49395
Epoch 005: | Loss: 1.49227
Epoch 006: | Loss: 1.49349
Epoch 007: | Loss: 1.49269
Epoch 008: | Loss: 1.49368
Epoch 009: | Loss: 1.49297
Epoch 010: | Loss: 1.49354
Epoch 011: | Loss: 1.49305
Epoch 012: | Loss: 1.49224
Epoch 013: | Loss: 1.49257
Epoch 014: | Loss: 1.49336
Epoch 015: | Loss: 1.49253
Epoch 016: | Loss: 1.49225
Epoch 017: | Loss: 1.49356
Epoch 018: | Loss: 1.49274
Epoch 019: | Loss: 1.49200
Epoch 020: | Loss: 1.49249
Epoch 021: | Loss: 1.49207
Epoch 022: | Loss: 1.49254
Epoch 023: | Loss: 1.49291
Epoch 024: | Loss: 1.49236
Epoch 025: | Loss: 1.49316
Epoch 026: | Loss: 1.49262
Epoch 027: | Loss: 1.49243
Epoch 028: | Loss: 1.49201
Epoch 029: | Loss: 1.49256
Epoch 030: | Loss: 1.49216
Epoch 031: | Loss: 1.49273
Epoch 032: | Loss: 1.49242
Epoch 033: | Loss: 1.49243
Epoch 034: | Loss: 1.49303
Epoch 035: | Loss: 1.49229
Epoch 036: | Loss: 1.49232
Epoch 037: | Loss: 1.49204
Epoch 038: | Loss: 1.49189
Epoch 039: | Loss: 1.49276
Epoch 040: | Loss: 1.49229
Epoch 041: | Loss: 1.49235
Epoch 042: | Loss: 1.49185
Epoch 043: | Loss: 1.49222
Epoch 044: | Loss: 1.49243
Epoch 045: | Loss: 1.49232
Epoch 046: | Loss: 1.49221
Epoch 047: | Loss: 1.49219
Epoch 048: | Loss: 1.49211
Epoch 049: | Loss: 1.49215
Epoch 050: | Loss: 1.49134
Epoch 051: | Loss: 1.49186
Epoch 052: | Loss: 1.49251
Epoch 053: | Loss: 1.49252
Epoch 054: | Loss: 1.49233
Epoch 055: | Loss: 1.49214
Epoch 056: | Loss: 1.49202
Epoch 057: | Loss: 1.49157
Epoch 058: | Loss: 1.49229
Epoch 059: | Loss: 1.49231
Epoch 060: | Loss: 1.49235
Epoch 061: | Loss: 1.49266
Epoch 062: | Loss: 1.49214
Epoch 063: | Loss: 1.49224
Epoch 064: | Loss: 1.49200
Epoch 065: | Loss: 1.49160
Epoch 066: | Loss: 1.49202
Epoch 067: | Loss: 1.49207
Epoch 068: | Loss: 1.49214
Epoch 069: | Loss: 1.49210
Epoch 070: | Loss: 1.49184
Epoch 071: | Loss: 1.49218
Epoch 072: | Loss: 1.49186
Epoch 073: | Loss: 1.49190
Epoch 074: | Loss: 1.49197
Epoch 075: | Loss: 1.49241
Epoch 076: | Loss: 1.49235
Epoch 077: | Loss: 1.49206
Epoch 078: | Loss: 1.49186
Epoch 079: | Loss: 1.49134
Epoch 080: | Loss: 1.49283
Epoch 081: | Loss: 1.49217
Epoch 082: | Loss: 1.49238
Epoch 083: | Loss: 1.49137
Epoch 084: | Loss: 1.49163
Epoch 085: | Loss: 1.49195
Epoch 086: | Loss: 1.49206
Epoch 087: | Loss: 1.49161
Epoch 088: | Loss: 1.49202
Epoch 089: | Loss: 1.49175
Epoch 090: | Loss: 1.49146
Epoch 091: | Loss: 1.49150
Epoch 092: | Loss: 1.49133
Epoch 093: | Loss: 1.49152
Epoch 094: | Loss: 1.49177
Epoch 095: | Loss: 1.49197
Epoch 096: | Loss: 1.49249
Epoch 097: | Loss: 1.49172
Epoch 098: | Loss: 1.49175
Epoch 099: | Loss: 1.49175
Epoch 100: | Loss: 1.49171
Epoch 101: | Loss: 1.49182
Epoch 102: | Loss: 1.49159
Epoch 103: | Loss: 1.49195
Epoch 104: | Loss: 1.49218
Epoch 105: | Loss: 1.49171
Epoch 106: | Loss: 1.49110
Epoch 107: | Loss: 1.49141
Epoch 108: | Loss: 1.49181
Epoch 109: | Loss: 1.49162
Epoch 110: | Loss: 1.49164
Epoch 111: | Loss: 1.49124
Epoch 112: | Loss: 1.49154
Epoch 113: | Loss: 1.49133
Epoch 114: | Loss: 1.49208
Epoch 115: | Loss: 1.49175
Epoch 116: | Loss: 1.49136
Epoch 117: | Loss: 1.49237
Epoch 118: | Loss: 1.49132
Epoch 119: | Loss: 1.49111
Epoch 120: | Loss: 1.49148
Epoch 121: | Loss: 1.49169
Epoch 122: | Loss: 1.49191
Epoch 123: | Loss: 1.49170
Epoch 124: | Loss: 1.49154
Epoch 125: | Loss: 1.49194
Epoch 126: | Loss: 1.49118
Epoch 127: | Loss: 1.49136
Epoch 128: | Loss: 1.49088
Epoch 129: | Loss: 1.49162
Epoch 130: | Loss: 1.49203
Epoch 131: | Loss: 1.49165
Epoch 132: | Loss: 1.49133
Epoch 133: | Loss: 1.49171
Epoch 134: | Loss: 1.49226
Epoch 135: | Loss: 1.49108
Epoch 136: | Loss: 1.49165
Epoch 137: | Loss: 1.49195
Epoch 138: | Loss: 1.49155
Epoch 139: | Loss: 1.49195
Epoch 140: | Loss: 1.49152
Epoch 141: | Loss: 1.49133
Epoch 142: | Loss: 1.49148
Epoch 143: | Loss: 1.49137
Epoch 144: | Loss: 1.49140
Epoch 145: | Loss: 1.49115
Epoch 146: | Loss: 1.49177
Epoch 147: | Loss: 1.49106
Epoch 148: | Loss: 1.49080
Epoch 149: | Loss: 1.49212
Epoch 150: | Loss: 1.49105
Epoch 151: | Loss: 1.49166
Epoch 152: | Loss: 1.49191
Epoch 153: | Loss: 1.49151
Epoch 154: | Loss: 1.49170
Epoch 155: | Loss: 1.49123
Epoch 156: | Loss: 1.49129
Epoch 157: | Loss: 1.49201
Epoch 158: | Loss: 1.49165
Epoch 159: | Loss: 1.49173
Epoch 160: | Loss: 1.49193
Epoch 161: | Loss: 1.49159
Epoch 162: | Loss: 1.49184
Epoch 163: | Loss: 1.49146
Epoch 164: | Loss: 1.49115
Epoch 165: | Loss: 1.49175
Epoch 166: | Loss: 1.49129
Epoch 167: | Loss: 1.49096
Epoch 168: | Loss: 1.49126
Epoch 169: | Loss: 1.49169
Epoch 170: | Loss: 1.49213
Epoch 171: | Loss: 1.49102
Epoch 172: | Loss: 1.49133
Epoch 173: | Loss: 1.49138
Epoch 174: | Loss: 1.49145
Epoch 175: | Loss: 1.49128
Epoch 176: | Loss: 1.49112
Epoch 177: | Loss: 1.49156
Epoch 178: | Loss: 1.49145
Epoch 179: | Loss: 1.49097
Epoch 180: | Loss: 1.49158
Epoch 181: | Loss: 1.49137
Epoch 182: | Loss: 1.49164
Epoch 183: | Loss: 1.49146
Epoch 184: | Loss: 1.49081
Epoch 185: | Loss: 1.49124
Epoch 186: | Loss: 1.49078
Epoch 187: | Loss: 1.49097
Epoch 188: | Loss: 1.49218
Epoch 189: | Loss: 1.49113
Epoch 190: | Loss: 1.49124
Epoch 191: | Loss: 1.49147
Epoch 192: | Loss: 1.49174
Epoch 193: | Loss: 1.49153
Epoch 194: | Loss: 1.49120
Epoch 195: | Loss: 1.49121
Epoch 196: | Loss: 1.49081
Epoch 197: | Loss: 1.49140
Epoch 198: | Loss: 1.49141
Epoch 199: | Loss: 1.49133
Accuracy: 0.38385416666666666
Epoch 000: | Loss: 1.94985
Epoch 001: | Loss: 1.72513
Epoch 002: | Loss: 1.62924
Epoch 003: | Loss: 1.59795
Epoch 004: | Loss: 1.57093
Epoch 005: | Loss: 1.56853
Epoch 006: | Loss: 1.56717
Epoch 007: | Loss: 1.55946
Epoch 008: | Loss: 1.56190
Epoch 009: | Loss: 1.55781
Epoch 010: | Loss: 1.55523
Epoch 011: | Loss: 1.55145
Epoch 012: | Loss: 1.55464
Epoch 013: | Loss: 1.55125
Epoch 014: | Loss: 1.54961
Epoch 015: | Loss: 1.55108
Epoch 016: | Loss: 1.55141
Epoch 017: | Loss: 1.54768
Epoch 018: | Loss: 1.54527
Epoch 019: | Loss: 1.54121
Epoch 020: | Loss: 1.54559
Epoch 021: | Loss: 1.54196
Epoch 022: | Loss: 1.54092
Epoch 023: | Loss: 1.53494
Epoch 024: | Loss: 1.53768
Epoch 025: | Loss: 1.54490
Epoch 026: | Loss: 1.53464
Epoch 027: | Loss: 1.53300
Epoch 028: | Loss: 1.53237
Epoch 029: | Loss: 1.53707
Epoch 030: | Loss: 1.53010
Epoch 031: | Loss: 1.53300
Epoch 032: | Loss: 1.53354
Epoch 033: | Loss: 1.52972
Epoch 034: | Loss: 1.52991
Epoch 035: | Loss: 1.52865
Epoch 036: | Loss: 1.52523
Epoch 037: | Loss: 1.52752
Epoch 038: | Loss: 1.52801
Epoch 039: | Loss: 1.52699
Epoch 040: | Loss: 1.52537
Epoch 041: | Loss: 1.52188
Epoch 042: | Loss: 1.52161
Epoch 043: | Loss: 1.52102
Epoch 044: | Loss: 1.52424
Epoch 045: | Loss: 1.52504
Epoch 046: | Loss: 1.52168
Epoch 047: | Loss: 1.51922
Epoch 048: | Loss: 1.52185
Epoch 049: | Loss: 1.51792
Epoch 050: | Loss: 1.51651
Epoch 051: | Loss: 1.51383
Epoch 052: | Loss: 1.51777
Epoch 053: | Loss: 1.51609
Epoch 054: | Loss: 1.51770
Epoch 055: | Loss: 1.51591
Epoch 056: | Loss: 1.51594
Epoch 057: | Loss: 1.51533
Epoch 058: | Loss: 1.51405
Epoch 059: | Loss: 1.51513
Epoch 060: | Loss: 1.51538
Epoch 061: | Loss: 1.51512
Epoch 062: | Loss: 1.51225
Epoch 063: | Loss: 1.51365
Epoch 064: | Loss: 1.51379
Epoch 065: | Loss: 1.51479
Epoch 066: | Loss: 1.51507
Epoch 067: | Loss: 1.51360
Epoch 068: | Loss: 1.51452
Epoch 069: | Loss: 1.51111
Epoch 070: | Loss: 1.51044
Epoch 071: | Loss: 1.51189
Epoch 072: | Loss: 1.51299
Epoch 073: | Loss: 1.50741
Epoch 074: | Loss: 1.51133
Epoch 075: | Loss: 1.50778
Epoch 076: | Loss: 1.51195
Epoch 077: | Loss: 1.50865
Epoch 078: | Loss: 1.50914
Epoch 079: | Loss: 1.50998
Epoch 080: | Loss: 1.51030
Epoch 081: | Loss: 1.50821
Epoch 082: | Loss: 1.50755
Epoch 083: | Loss: 1.51042
Epoch 084: | Loss: 1.50524
Epoch 085: | Loss: 1.50806
Epoch 086: | Loss: 1.50718
Epoch 087: | Loss: 1.50862
Epoch 088: | Loss: 1.50616
Epoch 089: | Loss: 1.50694
Epoch 090: | Loss: 1.50748
Epoch 091: | Loss: 1.50642
Epoch 092: | Loss: 1.50366
Epoch 093: | Loss: 1.50644
Epoch 094: | Loss: 1.50568
Epoch 095: | Loss: 1.50702
Epoch 096: | Loss: 1.50724
Epoch 097: | Loss: 1.50525
Epoch 098: | Loss: 1.50802
Epoch 099: | Loss: 1.50487
Epoch 100: | Loss: 1.50542
Epoch 101: | Loss: 1.50716
Epoch 102: | Loss: 1.50751
Epoch 103: | Loss: 1.50481
Epoch 104: | Loss: 1.50580
Epoch 105: | Loss: 1.50270
Epoch 106: | Loss: 1.50497
Epoch 107: | Loss: 1.50326
Epoch 108: | Loss: 1.50577
Epoch 109: | Loss: 1.50582
Epoch 110: | Loss: 1.50363
Epoch 111: | Loss: 1.50420
Epoch 112: | Loss: 1.50397
Epoch 113: | Loss: 1.50182
Epoch 114: | Loss: 1.50324
Epoch 115: | Loss: 1.50411
Epoch 116: | Loss: 1.50176
Epoch 117: | Loss: 1.50389
Epoch 118: | Loss: 1.50503
Epoch 119: | Loss: 1.50280
Epoch 120: | Loss: 1.50208
Epoch 121: | Loss: 1.50306
Epoch 122: | Loss: 1.50100
Epoch 123: | Loss: 1.50330
Epoch 124: | Loss: 1.50108
Epoch 125: | Loss: 1.50077
Epoch 126: | Loss: 1.50166
Epoch 127: | Loss: 1.50059
Epoch 128: | Loss: 1.50091
Epoch 129: | Loss: 1.50214
Epoch 130: | Loss: 1.50421
Epoch 131: | Loss: 1.50234
Epoch 132: | Loss: 1.50069
Epoch 133: | Loss: 1.50128
Epoch 134: | Loss: 1.50266
Epoch 135: | Loss: 1.50074
Epoch 136: | Loss: 1.49988
Epoch 137: | Loss: 1.50392
Epoch 138: | Loss: 1.49994
Epoch 139: | Loss: 1.50185
Epoch 140: | Loss: 1.50113
Epoch 141: | Loss: 1.50148
Epoch 142: | Loss: 1.50049
Epoch 143: | Loss: 1.49907
Epoch 144: | Loss: 1.49970
Epoch 145: | Loss: 1.50192
Epoch 146: | Loss: 1.50085
Epoch 147: | Loss: 1.49911
Epoch 148: | Loss: 1.49980
Epoch 149: | Loss: 1.50056
Epoch 150: | Loss: 1.49890
Epoch 151: | Loss: 1.49943
Epoch 152: | Loss: 1.50094
Epoch 153: | Loss: 1.50034
Epoch 154: | Loss: 1.50123
Epoch 155: | Loss: 1.49979
Epoch 156: | Loss: 1.49735
Epoch 157: | Loss: 1.49961
Epoch 158: | Loss: 1.49918
Epoch 159: | Loss: 1.49887
Epoch 160: | Loss: 1.50009
Epoch 161: | Loss: 1.49698
Epoch 162: | Loss: 1.49934
Epoch 163: | Loss: 1.49746
Epoch 164: | Loss: 1.49799
Epoch 165: | Loss: 1.50010
Epoch 166: | Loss: 1.49857
Epoch 167: | Loss: 1.50052
Epoch 168: | Loss: 1.49991
Epoch 169: | Loss: 1.49901
Epoch 170: | Loss: 1.49904
Epoch 171: | Loss: 1.49878
Epoch 172: | Loss: 1.49877
Epoch 173: | Loss: 1.49574
Epoch 174: | Loss: 1.49895
Epoch 175: | Loss: 1.49851
Epoch 176: | Loss: 1.49957
Epoch 177: | Loss: 1.49804
Epoch 178: | Loss: 1.49837
Epoch 179: | Loss: 1.49809
Epoch 180: | Loss: 1.49726
Epoch 181: | Loss: 1.49755
Epoch 182: | Loss: 1.49807
Epoch 183: | Loss: 1.49858
Epoch 184: | Loss: 1.49816
Epoch 185: | Loss: 1.49780
Epoch 186: | Loss: 1.49735
Epoch 187: | Loss: 1.49841
Epoch 188: | Loss: 1.49747
Epoch 189: | Loss: 1.49761
Epoch 190: | Loss: 1.49728
Epoch 191: | Loss: 1.49804
Epoch 192: | Loss: 1.49686
Epoch 193: | Loss: 1.49590
Epoch 194: | Loss: 1.49756
Epoch 195: | Loss: 1.49716
Epoch 196: | Loss: 1.49757
Epoch 197: | Loss: 1.49712
Epoch 198: | Loss: 1.49642
Epoch 199: | Loss: 1.49731
Accuracy: 0.3840758547008547
Epoch 000: | Loss: 1.71250
Epoch 001: | Loss: 1.52495
Epoch 002: | Loss: 1.51639
Epoch 003: | Loss: 1.51203
Epoch 004: | Loss: 1.50860
Epoch 005: | Loss: 1.50880
Epoch 006: | Loss: 1.50685
Epoch 007: | Loss: 1.50676
Epoch 008: | Loss: 1.50702
Epoch 009: | Loss: 1.50645
Epoch 010: | Loss: 1.50594
Epoch 011: | Loss: 1.50381
Epoch 012: | Loss: 1.50377
Epoch 013: | Loss: 1.50143
Epoch 014: | Loss: 1.50189
Epoch 015: | Loss: 1.50257
Epoch 016: | Loss: 1.50129
Epoch 017: | Loss: 1.50011
Epoch 018: | Loss: 1.50037
Epoch 019: | Loss: 1.50045
Epoch 020: | Loss: 1.50148
Epoch 021: | Loss: 1.50020
Epoch 022: | Loss: 1.49919
Epoch 023: | Loss: 1.49952
Epoch 024: | Loss: 1.49902
Epoch 025: | Loss: 1.49794
Epoch 026: | Loss: 1.49904
Epoch 027: | Loss: 1.49856
Epoch 028: | Loss: 1.49746
Epoch 029: | Loss: 1.49852
Epoch 030: | Loss: 1.49785
Epoch 031: | Loss: 1.49819
Epoch 032: | Loss: 1.49718
Epoch 033: | Loss: 1.49862
Epoch 034: | Loss: 1.49769
Epoch 035: | Loss: 1.49776
Epoch 036: | Loss: 1.49794
Epoch 037: | Loss: 1.49809
Epoch 038: | Loss: 1.49749
Epoch 039: | Loss: 1.49809
Epoch 040: | Loss: 1.49713
Epoch 041: | Loss: 1.49684
Epoch 042: | Loss: 1.49690
Epoch 043: | Loss: 1.49681
Epoch 044: | Loss: 1.49671
Epoch 045: | Loss: 1.49738
Epoch 046: | Loss: 1.49618
Epoch 047: | Loss: 1.49570
Epoch 048: | Loss: 1.49666
Epoch 049: | Loss: 1.49655
Epoch 050: | Loss: 1.49588
Epoch 051: | Loss: 1.49623
Epoch 052: | Loss: 1.49590
Epoch 053: | Loss: 1.49731
Epoch 054: | Loss: 1.49587
Epoch 055: | Loss: 1.49570
Epoch 056: | Loss: 1.49523
Epoch 057: | Loss: 1.49644
Epoch 058: | Loss: 1.49543
Epoch 059: | Loss: 1.49527
Epoch 060: | Loss: 1.49535
Epoch 061: | Loss: 1.49509
Epoch 062: | Loss: 1.49537
Epoch 063: | Loss: 1.49475
Epoch 064: | Loss: 1.49593
Epoch 065: | Loss: 1.49534
Epoch 066: | Loss: 1.49521
Epoch 067: | Loss: 1.49495
Epoch 068: | Loss: 1.49447
Epoch 069: | Loss: 1.49552
Epoch 070: | Loss: 1.49554
Epoch 071: | Loss: 1.49520
Epoch 072: | Loss: 1.49495
Epoch 073: | Loss: 1.49587
Epoch 074: | Loss: 1.49546
Epoch 075: | Loss: 1.49514
Epoch 076: | Loss: 1.49477
Epoch 077: | Loss: 1.49506
Epoch 078: | Loss: 1.49487
Epoch 079: | Loss: 1.49571
Epoch 080: | Loss: 1.49470
Epoch 081: | Loss: 1.49473
Epoch 082: | Loss: 1.49427
Epoch 083: | Loss: 1.49385
Epoch 084: | Loss: 1.49516
Epoch 085: | Loss: 1.49519
Epoch 086: | Loss: 1.49429
Epoch 087: | Loss: 1.49522
Epoch 088: | Loss: 1.49469
Epoch 089: | Loss: 1.49391
Epoch 090: | Loss: 1.49498
Epoch 091: | Loss: 1.49465
Epoch 092: | Loss: 1.49441
Epoch 093: | Loss: 1.49427
Epoch 094: | Loss: 1.49417
Epoch 095: | Loss: 1.49416
Epoch 096: | Loss: 1.49512
Epoch 097: | Loss: 1.49499
Epoch 098: | Loss: 1.49446
Epoch 099: | Loss: 1.49426
Epoch 100: | Loss: 1.49470
Epoch 101: | Loss: 1.49462
Epoch 102: | Loss: 1.49460
Epoch 103: | Loss: 1.49450
Epoch 104: | Loss: 1.49461
Epoch 105: | Loss: 1.49487
Epoch 106: | Loss: 1.49324
Epoch 107: | Loss: 1.49469
Epoch 108: | Loss: 1.49358
Epoch 109: | Loss: 1.49493
Epoch 110: | Loss: 1.49455
Epoch 111: | Loss: 1.49430
Epoch 112: | Loss: 1.49347
Epoch 113: | Loss: 1.49376
Epoch 114: | Loss: 1.49392
Epoch 115: | Loss: 1.49416
Epoch 116: | Loss: 1.49366
Epoch 117: | Loss: 1.49418
Epoch 118: | Loss: 1.49374
Epoch 119: | Loss: 1.49420
Epoch 120: | Loss: 1.49409
Epoch 121: | Loss: 1.49405
Epoch 122: | Loss: 1.49390
Epoch 123: | Loss: 1.49434
Epoch 124: | Loss: 1.49273
Epoch 125: | Loss: 1.49387
Epoch 126: | Loss: 1.49375
Epoch 127: | Loss: 1.49360
Epoch 128: | Loss: 1.49305
Epoch 129: | Loss: 1.49388
Epoch 130: | Loss: 1.49339
Epoch 131: | Loss: 1.49430
Epoch 132: | Loss: 1.49449
Epoch 133: | Loss: 1.49319
Epoch 134: | Loss: 1.49404
Epoch 135: | Loss: 1.49312
Epoch 136: | Loss: 1.49328
Epoch 137: | Loss: 1.49378
Epoch 138: | Loss: 1.49351
Epoch 139: | Loss: 1.49400
Epoch 140: | Loss: 1.49404
Epoch 141: | Loss: 1.49301
Epoch 142: | Loss: 1.49329
Epoch 143: | Loss: 1.49364
Epoch 144: | Loss: 1.49325
Epoch 145: | Loss: 1.49399
Epoch 146: | Loss: 1.49335
Epoch 147: | Loss: 1.49352
Epoch 148: | Loss: 1.49347
Epoch 149: | Loss: 1.49305
Epoch 150: | Loss: 1.49358
Epoch 151: | Loss: 1.49315
Epoch 152: | Loss: 1.49312
Epoch 153: | Loss: 1.49305
Epoch 154: | Loss: 1.49305
Epoch 155: | Loss: 1.49315
Epoch 156: | Loss: 1.49298
Epoch 157: | Loss: 1.49279
Epoch 158: | Loss: 1.49298
Epoch 159: | Loss: 1.49317
Epoch 160: | Loss: 1.49318
Epoch 161: | Loss: 1.49327
Epoch 162: | Loss: 1.49342
early stopping at epoch 163 with loss 1.49283
Accuracy: 0.38385416666666666
Epoch 000: | Loss: 1.63380
Epoch 001: | Loss: 1.52306
Epoch 002: | Loss: 1.51913
Epoch 003: | Loss: 1.51225
Epoch 004: | Loss: 1.50723
Epoch 005: | Loss: 1.50757
Epoch 006: | Loss: 1.50855
Epoch 007: | Loss: 1.50522
Epoch 008: | Loss: 1.50144
Epoch 009: | Loss: 1.50198
Epoch 010: | Loss: 1.50226
Epoch 011: | Loss: 1.50174
Epoch 012: | Loss: 1.49921
Epoch 013: | Loss: 1.50075
Epoch 014: | Loss: 1.49987
Epoch 015: | Loss: 1.49942
Epoch 016: | Loss: 1.49795
Epoch 017: | Loss: 1.50071
Epoch 018: | Loss: 1.49896
Epoch 019: | Loss: 1.49738
Epoch 020: | Loss: 1.49874
Epoch 021: | Loss: 1.49793
Epoch 022: | Loss: 1.49706
Epoch 023: | Loss: 1.49777
Epoch 024: | Loss: 1.49781
Epoch 025: | Loss: 1.49594
Epoch 026: | Loss: 1.49778
Epoch 027: | Loss: 1.49664
Epoch 028: | Loss: 1.49807
Epoch 029: | Loss: 1.49733
Epoch 030: | Loss: 1.49608
Epoch 031: | Loss: 1.49593
Epoch 032: | Loss: 1.49685
Epoch 033: | Loss: 1.49691
Epoch 034: | Loss: 1.49656
Epoch 035: | Loss: 1.49662
Epoch 036: | Loss: 1.49675
Epoch 037: | Loss: 1.49702
Epoch 038: | Loss: 1.49496
Epoch 039: | Loss: 1.49427
Epoch 040: | Loss: 1.49597
Epoch 041: | Loss: 1.49577
Epoch 042: | Loss: 1.49613
Epoch 043: | Loss: 1.49468
Epoch 044: | Loss: 1.49580
Epoch 045: | Loss: 1.49562
Epoch 046: | Loss: 1.49512
Epoch 047: | Loss: 1.49461
Epoch 048: | Loss: 1.49595
Epoch 049: | Loss: 1.49589
Epoch 050: | Loss: 1.49585
Epoch 051: | Loss: 1.49471
Epoch 052: | Loss: 1.49497
Epoch 053: | Loss: 1.49504
Epoch 054: | Loss: 1.49443
Epoch 055: | Loss: 1.49547
Epoch 056: | Loss: 1.49562
Epoch 057: | Loss: 1.49452
Epoch 058: | Loss: 1.49492
Epoch 059: | Loss: 1.49424
Epoch 060: | Loss: 1.49436
Epoch 061: | Loss: 1.49449
Epoch 062: | Loss: 1.49547
Epoch 063: | Loss: 1.49405
Epoch 064: | Loss: 1.49433
Epoch 065: | Loss: 1.49543
Epoch 066: | Loss: 1.49558
Epoch 067: | Loss: 1.49375
Epoch 068: | Loss: 1.49443
Epoch 069: | Loss: 1.49409
Epoch 070: | Loss: 1.49437
Epoch 071: | Loss: 1.49416
Epoch 072: | Loss: 1.49436
Epoch 073: | Loss: 1.49413
Epoch 074: | Loss: 1.49398
Epoch 075: | Loss: 1.49489
Epoch 076: | Loss: 1.49464
Epoch 077: | Loss: 1.49378
Epoch 078: | Loss: 1.49379
Epoch 079: | Loss: 1.49427
Epoch 080: | Loss: 1.49465
Epoch 081: | Loss: 1.49399
Epoch 082: | Loss: 1.49306
Epoch 083: | Loss: 1.49264
Epoch 084: | Loss: 1.49458
Epoch 085: | Loss: 1.49364
Epoch 086: | Loss: 1.49397
Epoch 087: | Loss: 1.49376
Epoch 088: | Loss: 1.49307
Epoch 089: | Loss: 1.49360
Epoch 090: | Loss: 1.49353
Epoch 091: | Loss: 1.49366
Epoch 092: | Loss: 1.49434
Epoch 093: | Loss: 1.49354
Epoch 094: | Loss: 1.49380
Epoch 095: | Loss: 1.49387
Epoch 096: | Loss: 1.49360
Epoch 097: | Loss: 1.49339
Epoch 098: | Loss: 1.49457
Epoch 099: | Loss: 1.49369
Epoch 100: | Loss: 1.49347
Epoch 101: | Loss: 1.49396
Epoch 102: | Loss: 1.49369
Epoch 103: | Loss: 1.49367
Epoch 104: | Loss: 1.49397
Epoch 105: | Loss: 1.49311
Epoch 106: | Loss: 1.49417
Epoch 107: | Loss: 1.49312
Epoch 108: | Loss: 1.49315
Epoch 109: | Loss: 1.49335
Epoch 110: | Loss: 1.49276
Epoch 111: | Loss: 1.49417
Epoch 112: | Loss: 1.49335
Epoch 113: | Loss: 1.49261
Epoch 114: | Loss: 1.49332
Epoch 115: | Loss: 1.49350
Epoch 116: | Loss: 1.49310
Epoch 117: | Loss: 1.49328
Epoch 118: | Loss: 1.49366
Epoch 119: | Loss: 1.49316
Epoch 120: | Loss: 1.49310
Epoch 121: | Loss: 1.49391
Epoch 122: | Loss: 1.49318
Epoch 123: | Loss: 1.49399
Epoch 124: | Loss: 1.49374
Epoch 125: | Loss: 1.49431
Epoch 126: | Loss: 1.49312
Epoch 127: | Loss: 1.49367
Epoch 128: | Loss: 1.49296
Epoch 129: | Loss: 1.49256
Epoch 130: | Loss: 1.49314
Epoch 131: | Loss: 1.49368
Epoch 132: | Loss: 1.49232
Epoch 133: | Loss: 1.49245
Epoch 134: | Loss: 1.49346
Epoch 135: | Loss: 1.49395
Epoch 136: | Loss: 1.49236
Epoch 137: | Loss: 1.49273
Epoch 138: | Loss: 1.49256
Epoch 139: | Loss: 1.49304
Epoch 140: | Loss: 1.49361
Epoch 141: | Loss: 1.49297
Epoch 142: | Loss: 1.49289
Epoch 143: | Loss: 1.49349
Epoch 144: | Loss: 1.49252
Epoch 145: | Loss: 1.49304
Epoch 146: | Loss: 1.49304
Epoch 147: | Loss: 1.49270
Epoch 148: | Loss: 1.49240
Epoch 149: | Loss: 1.49268
Epoch 150: | Loss: 1.49265
Epoch 151: | Loss: 1.49254
Epoch 152: | Loss: 1.49324
Epoch 153: | Loss: 1.49306
Epoch 154: | Loss: 1.49325
Epoch 155: | Loss: 1.49206
Epoch 156: | Loss: 1.49315
Epoch 157: | Loss: 1.49316
Epoch 158: | Loss: 1.49232
Epoch 159: | Loss: 1.49336
Epoch 160: | Loss: 1.49304
Epoch 161: | Loss: 1.49199
Epoch 162: | Loss: 1.49307
Epoch 163: | Loss: 1.49141
Epoch 164: | Loss: 1.49266
Epoch 165: | Loss: 1.49287
Epoch 166: | Loss: 1.49284
Epoch 167: | Loss: 1.49211
Epoch 168: | Loss: 1.49246
Epoch 169: | Loss: 1.49374
Epoch 170: | Loss: 1.49281
Epoch 171: | Loss: 1.49269
Epoch 172: | Loss: 1.49281
Epoch 173: | Loss: 1.49281
Epoch 174: | Loss: 1.49215
Epoch 175: | Loss: 1.49301
Epoch 176: | Loss: 1.49236
Epoch 177: | Loss: 1.49262
Epoch 178: | Loss: 1.49246
Epoch 179: | Loss: 1.49260
Epoch 180: | Loss: 1.49318
Epoch 181: | Loss: 1.49236
Epoch 182: | Loss: 1.49206
Epoch 183: | Loss: 1.49262
Epoch 184: | Loss: 1.49225
Epoch 185: | Loss: 1.49256
Epoch 186: | Loss: 1.49204
Epoch 187: | Loss: 1.49333
Epoch 188: | Loss: 1.49309
Epoch 189: | Loss: 1.49316
Epoch 190: | Loss: 1.49246
Epoch 191: | Loss: 1.49238
Epoch 192: | Loss: 1.49251
Epoch 193: | Loss: 1.49233
Epoch 194: | Loss: 1.49215
Epoch 195: | Loss: 1.49258
Epoch 196: | Loss: 1.49178
Epoch 197: | Loss: 1.49141
Epoch 198: | Loss: 1.49211
Epoch 199: | Loss: 1.49229
Accuracy: 0.3834107905982906
Epoch 000: | Loss: 1.73237
Epoch 001: | Loss: 1.53067
Epoch 002: | Loss: 1.52653
Epoch 003: | Loss: 1.52628
Epoch 004: | Loss: 1.52748
Epoch 005: | Loss: 1.52080
Epoch 006: | Loss: 1.52288
Epoch 007: | Loss: 1.52166
Epoch 008: | Loss: 1.51986
Epoch 009: | Loss: 1.52240
Epoch 010: | Loss: 1.51887
Epoch 011: | Loss: 1.52383
Epoch 012: | Loss: 1.52016
Epoch 013: | Loss: 1.51933
Epoch 014: | Loss: 1.51767
Epoch 015: | Loss: 1.51777
Epoch 016: | Loss: 1.52165
Epoch 017: | Loss: 1.51841
Epoch 018: | Loss: 1.51957
Epoch 019: | Loss: 1.51894
Epoch 020: | Loss: 1.51865
Epoch 021: | Loss: 1.51785
Epoch 022: | Loss: 1.51989
Epoch 023: | Loss: 1.51496
Epoch 024: | Loss: 1.51717
Epoch 025: | Loss: 1.51758
Epoch 026: | Loss: 1.51613
Epoch 027: | Loss: 1.51267
Epoch 028: | Loss: 1.51499
Epoch 029: | Loss: 1.51461
Epoch 030: | Loss: 1.51956
Epoch 031: | Loss: 1.51233
Epoch 032: | Loss: 1.51548
Epoch 033: | Loss: 1.51196
Epoch 034: | Loss: 1.51409
Epoch 035: | Loss: 1.51567
Epoch 036: | Loss: 1.51166
Epoch 037: | Loss: 1.51249
Epoch 038: | Loss: 1.51466
Epoch 039: | Loss: 1.51169
Epoch 040: | Loss: 1.51611
Epoch 041: | Loss: 1.51073
Epoch 042: | Loss: 1.51151
Epoch 043: | Loss: 1.51102
Epoch 044: | Loss: 1.51473
Epoch 045: | Loss: 1.51212
Epoch 046: | Loss: 1.51183
Epoch 047: | Loss: 1.50911
Epoch 048: | Loss: 1.51142
Epoch 049: | Loss: 1.51321
Epoch 050: | Loss: 1.50967
Epoch 051: | Loss: 1.51082
Epoch 052: | Loss: 1.51243
Epoch 053: | Loss: 1.51192
Epoch 054: | Loss: 1.51157
Epoch 055: | Loss: 1.50836
Epoch 056: | Loss: 1.51138
Epoch 057: | Loss: 1.50898
Epoch 058: | Loss: 1.50909
Epoch 059: | Loss: 1.51001
Epoch 060: | Loss: 1.51059
Epoch 061: | Loss: 1.50917
Epoch 062: | Loss: 1.51045
Epoch 063: | Loss: 1.50598
Epoch 064: | Loss: 1.50971
Epoch 065: | Loss: 1.51097
Epoch 066: | Loss: 1.50904
Epoch 067: | Loss: 1.50886
Epoch 068: | Loss: 1.50809
Epoch 069: | Loss: 1.51353
Epoch 070: | Loss: 1.50657
Epoch 071: | Loss: 1.50848
Epoch 072: | Loss: 1.50900
Epoch 073: | Loss: 1.50994
Epoch 074: | Loss: 1.50713
Epoch 075: | Loss: 1.50564
Epoch 076: | Loss: 1.50601
Epoch 077: | Loss: 1.50608
Epoch 078: | Loss: 1.50616
Epoch 079: | Loss: 1.50672
Epoch 080: | Loss: 1.50747
early stopping at epoch 81 with loss 1.50742
Accuracy: 0.38429754273504274
Epoch 000: | Loss: 1.60347
Epoch 001: | Loss: 1.50918
Epoch 002: | Loss: 1.50948
Epoch 003: | Loss: 1.50555
Epoch 004: | Loss: 1.50223
Epoch 005: | Loss: 1.50214
Epoch 006: | Loss: 1.50037
Epoch 007: | Loss: 1.49827
Epoch 008: | Loss: 1.49929
Epoch 009: | Loss: 1.49968
Epoch 010: | Loss: 1.49785
Epoch 011: | Loss: 1.49864
Epoch 012: | Loss: 1.49734
Epoch 013: | Loss: 1.49531
Epoch 014: | Loss: 1.49700
Epoch 015: | Loss: 1.49700
Epoch 016: | Loss: 1.49695
Epoch 017: | Loss: 1.49687
Epoch 018: | Loss: 1.49707
Epoch 019: | Loss: 1.49547
Epoch 020: | Loss: 1.49522
Epoch 021: | Loss: 1.49788
Epoch 022: | Loss: 1.49523
Epoch 023: | Loss: 1.49538
Epoch 024: | Loss: 1.49503
Epoch 025: | Loss: 1.49521
Epoch 026: | Loss: 1.49527
Epoch 027: | Loss: 1.49392
Epoch 028: | Loss: 1.49596
Epoch 029: | Loss: 1.49398
Epoch 030: | Loss: 1.49498
Epoch 031: | Loss: 1.49414
Epoch 032: | Loss: 1.49381
Epoch 033: | Loss: 1.49512
Epoch 034: | Loss: 1.49382
Epoch 035: | Loss: 1.49351
Epoch 036: | Loss: 1.49442
Epoch 037: | Loss: 1.49383
Epoch 038: | Loss: 1.49427
Epoch 039: | Loss: 1.49363
Epoch 040: | Loss: 1.49415
Epoch 041: | Loss: 1.49318
Epoch 042: | Loss: 1.49371
Epoch 043: | Loss: 1.49390
Epoch 044: | Loss: 1.49381
Epoch 045: | Loss: 1.49347
Epoch 046: | Loss: 1.49307
Epoch 047: | Loss: 1.49357
Epoch 048: | Loss: 1.49371
Epoch 049: | Loss: 1.49364
Epoch 050: | Loss: 1.49405
Epoch 051: | Loss: 1.49310
Epoch 052: | Loss: 1.49342
Epoch 053: | Loss: 1.49282
Epoch 054: | Loss: 1.49341
Epoch 055: | Loss: 1.49393
Epoch 056: | Loss: 1.49302
Epoch 057: | Loss: 1.49353
Epoch 058: | Loss: 1.49275
Epoch 059: | Loss: 1.49320
Epoch 060: | Loss: 1.49302
Epoch 061: | Loss: 1.49246
Epoch 062: | Loss: 1.49339
Epoch 063: | Loss: 1.49223
Epoch 064: | Loss: 1.49294
Epoch 065: | Loss: 1.49302
Epoch 066: | Loss: 1.49347
Epoch 067: | Loss: 1.49267
Epoch 068: | Loss: 1.49312
Epoch 069: | Loss: 1.49230
Epoch 070: | Loss: 1.49275
Epoch 071: | Loss: 1.49317
Epoch 072: | Loss: 1.49213
Epoch 073: | Loss: 1.49309
Epoch 074: | Loss: 1.49341
Epoch 075: | Loss: 1.49289
Epoch 076: | Loss: 1.49295
Epoch 077: | Loss: 1.49268
Epoch 078: | Loss: 1.49341
Epoch 079: | Loss: 1.49288
Epoch 080: | Loss: 1.49241
Epoch 081: | Loss: 1.49244
Epoch 082: | Loss: 1.49279
Epoch 083: | Loss: 1.49210
Epoch 084: | Loss: 1.49278
Epoch 085: | Loss: 1.49215
Epoch 086: | Loss: 1.49263
Epoch 087: | Loss: 1.49319
Epoch 088: | Loss: 1.49282
Epoch 089: | Loss: 1.49184
Epoch 090: | Loss: 1.49253
Epoch 091: | Loss: 1.49245
Epoch 092: | Loss: 1.49170
Epoch 093: | Loss: 1.49295
Epoch 094: | Loss: 1.49221
Epoch 095: | Loss: 1.49158
Epoch 096: | Loss: 1.49212
Epoch 097: | Loss: 1.49216
Epoch 098: | Loss: 1.49315
Epoch 099: | Loss: 1.49230
Epoch 100: | Loss: 1.49264
Epoch 101: | Loss: 1.49201
Epoch 102: | Loss: 1.49247
Epoch 103: | Loss: 1.49264
Epoch 104: | Loss: 1.49283
Epoch 105: | Loss: 1.49239
Epoch 106: | Loss: 1.49229
Epoch 107: | Loss: 1.49262
Epoch 108: | Loss: 1.49201
Epoch 109: | Loss: 1.49194
Epoch 110: | Loss: 1.49259
Epoch 111: | Loss: 1.49254
Epoch 112: | Loss: 1.49202
Epoch 113: | Loss: 1.49124
Epoch 114: | Loss: 1.49155
Epoch 115: | Loss: 1.49223
Epoch 116: | Loss: 1.49217
Epoch 117: | Loss: 1.49295
Epoch 118: | Loss: 1.49272
Epoch 119: | Loss: 1.49307
Epoch 120: | Loss: 1.49269
Epoch 121: | Loss: 1.49172
Epoch 122: | Loss: 1.49265
Epoch 123: | Loss: 1.49262
Epoch 124: | Loss: 1.49236
Epoch 125: | Loss: 1.49218
Epoch 126: | Loss: 1.49208
Epoch 127: | Loss: 1.49214
Epoch 128: | Loss: 1.49233
Epoch 129: | Loss: 1.49184
Epoch 130: | Loss: 1.49155
Epoch 131: | Loss: 1.49215
Epoch 132: | Loss: 1.49187
Epoch 133: | Loss: 1.49155
Epoch 134: | Loss: 1.49147
Epoch 135: | Loss: 1.49173
Epoch 136: | Loss: 1.49193
Epoch 137: | Loss: 1.49229
Epoch 138: | Loss: 1.49150
Epoch 139: | Loss: 1.49222
Epoch 140: | Loss: 1.49185
Epoch 141: | Loss: 1.49225
Epoch 142: | Loss: 1.49222
Epoch 143: | Loss: 1.49205
Epoch 144: | Loss: 1.49189
Epoch 145: | Loss: 1.49193
Epoch 146: | Loss: 1.49238
Epoch 147: | Loss: 1.49177
Epoch 148: | Loss: 1.49166
Epoch 149: | Loss: 1.49196
Epoch 150: | Loss: 1.49148
Epoch 151: | Loss: 1.49178
Epoch 152: | Loss: 1.49200
Epoch 153: | Loss: 1.49227
Epoch 154: | Loss: 1.49136
Epoch 155: | Loss: 1.49209
Epoch 156: | Loss: 1.49142
Epoch 157: | Loss: 1.49146
Epoch 158: | Loss: 1.49195
Epoch 159: | Loss: 1.49181
Epoch 160: | Loss: 1.49182
Epoch 161: | Loss: 1.49183
Epoch 162: | Loss: 1.49179
Epoch 163: | Loss: 1.49207
Epoch 164: | Loss: 1.49162
Epoch 165: | Loss: 1.49134
Epoch 166: | Loss: 1.49188
Epoch 167: | Loss: 1.49174
Epoch 168: | Loss: 1.49217
Epoch 169: | Loss: 1.49155
Epoch 170: | Loss: 1.49159
Epoch 171: | Loss: 1.49148
Epoch 172: | Loss: 1.49176
Epoch 173: | Loss: 1.49188
Epoch 174: | Loss: 1.49158
Epoch 175: | Loss: 1.49154
Epoch 176: | Loss: 1.49152
Epoch 177: | Loss: 1.49199
Epoch 178: | Loss: 1.49131
Epoch 179: | Loss: 1.49192
Epoch 180: | Loss: 1.49170
Epoch 181: | Loss: 1.49172
Epoch 182: | Loss: 1.49164
Epoch 183: | Loss: 1.49146
Epoch 184: | Loss: 1.49174
Epoch 185: | Loss: 1.49053
Epoch 186: | Loss: 1.49155
Epoch 187: | Loss: 1.49109
Epoch 188: | Loss: 1.49176
Epoch 189: | Loss: 1.49191
Epoch 190: | Loss: 1.49160
Epoch 191: | Loss: 1.49137
Epoch 192: | Loss: 1.49090
Epoch 193: | Loss: 1.49182
Epoch 194: | Loss: 1.49231
Epoch 195: | Loss: 1.49159
Epoch 196: | Loss: 1.49157
Epoch 197: | Loss: 1.49121
Epoch 198: | Loss: 1.49140
Epoch 199: | Loss: 1.49186
Accuracy: 0.38385416666666666
Epoch 000: | Loss: 1.54006
Epoch 001: | Loss: 1.50202
Epoch 002: | Loss: 1.49505
Epoch 003: | Loss: 1.49637
Epoch 004: | Loss: 1.49535
Epoch 005: | Loss: 1.49221
Epoch 006: | Loss: 1.49319
Epoch 007: | Loss: 1.49319
Epoch 008: | Loss: 1.49229
Epoch 009: | Loss: 1.49234
Epoch 010: | Loss: 1.49218
Epoch 011: | Loss: 1.49210
Epoch 012: | Loss: 1.49137
Epoch 013: | Loss: 1.49166
Epoch 014: | Loss: 1.49198
Epoch 015: | Loss: 1.49187
Epoch 016: | Loss: 1.49160
Epoch 017: | Loss: 1.49122
Epoch 018: | Loss: 1.49140
Epoch 019: | Loss: 1.49125
Epoch 020: | Loss: 1.49167
Epoch 021: | Loss: 1.49116
Epoch 022: | Loss: 1.49119
Epoch 023: | Loss: 1.49150
Epoch 024: | Loss: 1.49121
Epoch 025: | Loss: 1.49105
Epoch 026: | Loss: 1.49170
Epoch 027: | Loss: 1.49162
Epoch 028: | Loss: 1.49109
Epoch 029: | Loss: 1.49128
Epoch 030: | Loss: 1.49087
Epoch 031: | Loss: 1.49111
Epoch 032: | Loss: 1.49152
Epoch 033: | Loss: 1.49098
Epoch 034: | Loss: 1.49136
Epoch 035: | Loss: 1.49110
Epoch 036: | Loss: 1.49094
Epoch 037: | Loss: 1.49097
Epoch 038: | Loss: 1.49146
Epoch 039: | Loss: 1.49103
Epoch 040: | Loss: 1.49115
Epoch 041: | Loss: 1.49093
Epoch 042: | Loss: 1.49105
Epoch 043: | Loss: 1.49095
Epoch 044: | Loss: 1.49097
Epoch 045: | Loss: 1.49104
Epoch 046: | Loss: 1.49105
Epoch 047: | Loss: 1.49099
Epoch 048: | Loss: 1.49093
Epoch 049: | Loss: 1.49065
Epoch 050: | Loss: 1.49092
Epoch 051: | Loss: 1.49116
Epoch 052: | Loss: 1.49099
Epoch 053: | Loss: 1.49123
Epoch 054: | Loss: 1.49096
Epoch 055: | Loss: 1.49098
Epoch 056: | Loss: 1.49106
Epoch 057: | Loss: 1.49102
Epoch 058: | Loss: 1.49069
Epoch 059: | Loss: 1.49114
Epoch 060: | Loss: 1.49074
Epoch 061: | Loss: 1.49094
Epoch 062: | Loss: 1.49069
Epoch 063: | Loss: 1.49041
Epoch 064: | Loss: 1.49092
Epoch 065: | Loss: 1.49069
Epoch 066: | Loss: 1.49059
Epoch 067: | Loss: 1.49055
Epoch 068: | Loss: 1.49097
Epoch 069: | Loss: 1.49072
Epoch 070: | Loss: 1.49064
Epoch 071: | Loss: 1.49053
Epoch 072: | Loss: 1.49041
Epoch 073: | Loss: 1.49046
Epoch 074: | Loss: 1.49080
Epoch 075: | Loss: 1.49040
Epoch 076: | Loss: 1.49082
Epoch 077: | Loss: 1.49010
Epoch 078: | Loss: 1.49070
Epoch 079: | Loss: 1.49058
Epoch 080: | Loss: 1.49045
Epoch 081: | Loss: 1.49052
Epoch 082: | Loss: 1.49021
Epoch 083: | Loss: 1.49033
Epoch 084: | Loss: 1.49051
Epoch 085: | Loss: 1.49021
Epoch 086: | Loss: 1.49017
Epoch 087: | Loss: 1.49008
Epoch 088: | Loss: 1.49022
Epoch 089: | Loss: 1.49005
Epoch 090: | Loss: 1.49000
Epoch 091: | Loss: 1.49029
Epoch 092: | Loss: 1.49000
Epoch 093: | Loss: 1.49023
Epoch 094: | Loss: 1.49016
Epoch 095: | Loss: 1.49038
Epoch 096: | Loss: 1.49002
Epoch 097: | Loss: 1.48973
Epoch 098: | Loss: 1.48984
Epoch 099: | Loss: 1.48987
Epoch 100: | Loss: 1.48943
Epoch 101: | Loss: 1.48965
Epoch 102: | Loss: 1.48962
Epoch 103: | Loss: 1.48955
Epoch 104: | Loss: 1.48972
Epoch 105: | Loss: 1.48966
Epoch 106: | Loss: 1.48950
Epoch 107: | Loss: 1.48964
Epoch 108: | Loss: 1.48971
Epoch 109: | Loss: 1.48937
Epoch 110: | Loss: 1.48944
Epoch 111: | Loss: 1.48927
Epoch 112: | Loss: 1.48893
Epoch 113: | Loss: 1.48897
Epoch 114: | Loss: 1.49003
Epoch 115: | Loss: 1.48963
Epoch 116: | Loss: 1.48960
Epoch 117: | Loss: 1.48930
Epoch 118: | Loss: 1.48919
Epoch 119: | Loss: 1.48971
Epoch 120: | Loss: 1.48943
Epoch 121: | Loss: 1.48965
Epoch 122: | Loss: 1.48927
Epoch 123: | Loss: 1.48911
Epoch 124: | Loss: 1.48892
Epoch 125: | Loss: 1.48946
Epoch 126: | Loss: 1.48924
Epoch 127: | Loss: 1.49024
Epoch 128: | Loss: 1.49048
Epoch 129: | Loss: 1.49032
Epoch 130: | Loss: 1.49105
Epoch 131: | Loss: 1.49082
Epoch 132: | Loss: 1.49119
Epoch 133: | Loss: 1.49107
Epoch 134: | Loss: 1.49107
Epoch 135: | Loss: 1.49096
Epoch 136: | Loss: 1.49143
Epoch 137: | Loss: 1.49094
Epoch 138: | Loss: 1.49069
Epoch 139: | Loss: 1.49113
Epoch 140: | Loss: 1.49124
Epoch 141: | Loss: 1.49112
Epoch 142: | Loss: 1.49099
Epoch 143: | Loss: 1.49064
Epoch 144: | Loss: 1.49107
Epoch 145: | Loss: 1.49092
Epoch 146: | Loss: 1.49098
Epoch 147: | Loss: 1.49107
Epoch 148: | Loss: 1.49099
Epoch 149: | Loss: 1.49080
Epoch 150: | Loss: 1.49075
Epoch 151: | Loss: 1.49101
Epoch 152: | Loss: 1.49040
Epoch 153: | Loss: 1.49062
Epoch 154: | Loss: 1.49094
Epoch 155: | Loss: 1.49077
Epoch 156: | Loss: 1.49101
Epoch 157: | Loss: 1.49079
Epoch 158: | Loss: 1.49101
Epoch 159: | Loss: 1.49109
Epoch 160: | Loss: 1.49075
Epoch 161: | Loss: 1.49125
Epoch 162: | Loss: 1.49089
Epoch 163: | Loss: 1.49079
Epoch 164: | Loss: 1.49088
Epoch 165: | Loss: 1.49064
Epoch 166: | Loss: 1.49046
Epoch 167: | Loss: 1.49057
Epoch 168: | Loss: 1.49098
Epoch 169: | Loss: 1.49059
Epoch 170: | Loss: 1.49047
Epoch 171: | Loss: 1.49041
Epoch 172: | Loss: 1.49026
Epoch 173: | Loss: 1.49061
Epoch 174: | Loss: 1.49059
Epoch 175: | Loss: 1.49025
Epoch 176: | Loss: 1.49041
Epoch 177: | Loss: 1.49039
Epoch 178: | Loss: 1.49043
Epoch 179: | Loss: 1.49048
Epoch 180: | Loss: 1.49073
Epoch 181: | Loss: 1.49074
Epoch 182: | Loss: 1.49009
Epoch 183: | Loss: 1.49085
Epoch 184: | Loss: 1.48990
Epoch 185: | Loss: 1.49068
Epoch 186: | Loss: 1.49039
Epoch 187: | Loss: 1.49017
Epoch 188: | Loss: 1.48996
Epoch 189: | Loss: 1.49001
Epoch 190: | Loss: 1.48997
Epoch 191: | Loss: 1.49034
Epoch 192: | Loss: 1.49028
Epoch 193: | Loss: 1.49009
Epoch 194: | Loss: 1.49006
Epoch 195: | Loss: 1.49044
Epoch 196: | Loss: 1.49031
Epoch 197: | Loss: 1.49017
Epoch 198: | Loss: 1.49000
Epoch 199: | Loss: 1.49030
Accuracy: 0.38538728632478636
Epoch 000: | Loss: 1.57213
Epoch 001: | Loss: 1.52731
Epoch 002: | Loss: 1.51982
Epoch 003: | Loss: 1.51052
Epoch 004: | Loss: 1.50962
Epoch 005: | Loss: 1.50674
Epoch 006: | Loss: 1.50477
Epoch 007: | Loss: 1.50114
Epoch 008: | Loss: 1.50170
Epoch 009: | Loss: 1.50065
Epoch 010: | Loss: 1.49849
Epoch 011: | Loss: 1.49843
Epoch 012: | Loss: 1.49539
Epoch 013: | Loss: 1.49710
Epoch 014: | Loss: 1.49510
Epoch 015: | Loss: 1.49410
Epoch 016: | Loss: 1.49414
Epoch 017: | Loss: 1.49294
Epoch 018: | Loss: 1.49285
Epoch 019: | Loss: 1.49244
Epoch 020: | Loss: 1.49190
Epoch 021: | Loss: 1.49206
Epoch 022: | Loss: 1.49137
Epoch 023: | Loss: 1.49162
Epoch 024: | Loss: 1.49169
Epoch 025: | Loss: 1.49158
Epoch 026: | Loss: 1.49115
Epoch 027: | Loss: 1.49130
Epoch 028: | Loss: 1.49094
Epoch 029: | Loss: 1.49111
Epoch 030: | Loss: 1.49146
Epoch 031: | Loss: 1.49060
Epoch 032: | Loss: 1.49072
Epoch 033: | Loss: 1.49005
Epoch 034: | Loss: 1.49039
Epoch 035: | Loss: 1.49008
Epoch 036: | Loss: 1.49045
Epoch 037: | Loss: 1.49046
Epoch 038: | Loss: 1.49005
Epoch 039: | Loss: 1.49004
Epoch 040: | Loss: 1.48970
Epoch 041: | Loss: 1.49014
Epoch 042: | Loss: 1.48928
Epoch 043: | Loss: 1.48981
Epoch 044: | Loss: 1.49033
Epoch 045: | Loss: 1.49063
Epoch 046: | Loss: 1.49006
Epoch 047: | Loss: 1.49098
Epoch 048: | Loss: 1.49119
Epoch 049: | Loss: 1.49089
Epoch 050: | Loss: 1.49114
Epoch 051: | Loss: 1.49117
Epoch 052: | Loss: 1.49133
Epoch 053: | Loss: 1.49152
Epoch 054: | Loss: 1.49084
Epoch 055: | Loss: 1.49148
Epoch 056: | Loss: 1.49081
Epoch 057: | Loss: 1.49140
Epoch 058: | Loss: 1.49145
Epoch 059: | Loss: 1.49115
Epoch 060: | Loss: 1.49058
Epoch 061: | Loss: 1.49105
Epoch 062: | Loss: 1.49129
Epoch 063: | Loss: 1.49127
Epoch 064: | Loss: 1.49102
Epoch 065: | Loss: 1.49110
Epoch 066: | Loss: 1.49114
Epoch 067: | Loss: 1.49136
Epoch 068: | Loss: 1.49096
Epoch 069: | Loss: 1.49114
Epoch 070: | Loss: 1.49105
Epoch 071: | Loss: 1.49098
Epoch 072: | Loss: 1.49130
Epoch 073: | Loss: 1.49133
Epoch 074: | Loss: 1.49130
Epoch 075: | Loss: 1.49154
Epoch 076: | Loss: 1.49113
Epoch 077: | Loss: 1.49141
Epoch 078: | Loss: 1.49121
Epoch 079: | Loss: 1.49068
Epoch 080: | Loss: 1.49108
Epoch 081: | Loss: 1.49100
Epoch 082: | Loss: 1.49092
Epoch 083: | Loss: 1.49133
Epoch 084: | Loss: 1.49170
Epoch 085: | Loss: 1.49175
Epoch 086: | Loss: 1.49402
Epoch 087: | Loss: 1.49099
Epoch 088: | Loss: 1.49098
Epoch 089: | Loss: 1.49117
Epoch 090: | Loss: 1.49099
Epoch 091: | Loss: 1.49126
Epoch 092: | Loss: 1.49128
Epoch 093: | Loss: 1.49092
Epoch 094: | Loss: 1.49162
Epoch 095: | Loss: 1.49212
Epoch 096: | Loss: 1.49200
Epoch 097: | Loss: 1.49217
Epoch 098: | Loss: 1.49259
Epoch 099: | Loss: 1.49216
Epoch 100: | Loss: 1.49205
Epoch 101: | Loss: 1.49195
Epoch 102: | Loss: 1.49180
Epoch 103: | Loss: 1.49181
Epoch 104: | Loss: 1.49142
Epoch 105: | Loss: 1.49166
Epoch 106: | Loss: 1.49197
Epoch 107: | Loss: 1.49177
Epoch 108: | Loss: 1.49193
Epoch 109: | Loss: 1.49183
Epoch 110: | Loss: 1.49176
Epoch 111: | Loss: 1.49127
Epoch 112: | Loss: 1.49133
Epoch 113: | Loss: 1.49166
Epoch 114: | Loss: 1.49146
Epoch 115: | Loss: 1.49211
Epoch 116: | Loss: 1.49166
Epoch 117: | Loss: 1.49152
Epoch 118: | Loss: 1.49354
Epoch 119: | Loss: 1.49475
Epoch 120: | Loss: 1.49641
Epoch 121: | Loss: 1.49644
Epoch 122: | Loss: 1.49378
Epoch 123: | Loss: 1.49286
Epoch 124: | Loss: 1.49181
Epoch 125: | Loss: 1.49218
Epoch 126: | Loss: 1.49222
Epoch 127: | Loss: 1.49107
Epoch 128: | Loss: 1.49192
Epoch 129: | Loss: 1.49153
Epoch 130: | Loss: 1.49193
Epoch 131: | Loss: 1.49218
Epoch 132: | Loss: 1.49263
Epoch 133: | Loss: 1.49379
Epoch 134: | Loss: 1.49329
Epoch 135: | Loss: 1.49468
Epoch 136: | Loss: 1.49516
Epoch 137: | Loss: 1.49484
Epoch 138: | Loss: 1.49350
Epoch 139: | Loss: 1.49334
Epoch 140: | Loss: 1.49728
Epoch 141: | Loss: 1.49641
Epoch 142: | Loss: 1.49524
Epoch 143: | Loss: 1.49761
Epoch 144: | Loss: 1.49731
Epoch 145: | Loss: 1.49526
Epoch 146: | Loss: 1.49456
Epoch 147: | Loss: 1.49462
Epoch 148: | Loss: 1.49379
Epoch 149: | Loss: 1.49327
Epoch 150: | Loss: 1.49338
Epoch 151: | Loss: 1.49347
Epoch 152: | Loss: 1.49228
Epoch 153: | Loss: 1.49455
Epoch 154: | Loss: 1.49282
Epoch 155: | Loss: 1.49302
Epoch 156: | Loss: 1.49381
Epoch 157: | Loss: 1.49368
Epoch 158: | Loss: 1.49291
Epoch 159: | Loss: 1.49252
Epoch 160: | Loss: 1.49203
Epoch 161: | Loss: 1.49298
Epoch 162: | Loss: 1.49386
Epoch 163: | Loss: 1.49280
Epoch 164: | Loss: 1.49297
Epoch 165: | Loss: 1.49227
Epoch 166: | Loss: 1.49376
Epoch 167: | Loss: 1.49329
Epoch 168: | Loss: 1.49278
Epoch 169: | Loss: 1.49318
Epoch 170: | Loss: 1.49269
Epoch 171: | Loss: 1.49209
Epoch 172: | Loss: 1.49357
Epoch 173: | Loss: 1.49214
Epoch 174: | Loss: 1.49236
Epoch 175: | Loss: 1.49169
Epoch 176: | Loss: 1.49210
Epoch 177: | Loss: 1.49234
Epoch 178: | Loss: 1.49230
Epoch 179: | Loss: 1.49255
Epoch 180: | Loss: 1.49117
Epoch 181: | Loss: 1.49211
Epoch 182: | Loss: 1.49191
Epoch 183: | Loss: 1.49122
Epoch 184: | Loss: 1.49198
Epoch 185: | Loss: 1.49153
Epoch 186: | Loss: 1.49139
Epoch 187: | Loss: 1.49171
Epoch 188: | Loss: 1.49188
Epoch 189: | Loss: 1.49116
Epoch 190: | Loss: 1.49115
Epoch 191: | Loss: 1.49169
Epoch 192: | Loss: 1.49148
Epoch 193: | Loss: 1.49093
Epoch 194: | Loss: 1.49140
Epoch 195: | Loss: 1.49106
Epoch 196: | Loss: 1.49104
Epoch 197: | Loss: 1.49151
Epoch 198: | Loss: 1.49149
Epoch 199: | Loss: 1.49072
Accuracy: 0.38474091880341876
Epoch 000: | Loss: 1.52775
Epoch 001: | Loss: 1.49985
Epoch 002: | Loss: 1.49728
Epoch 003: | Loss: 1.49451
Epoch 004: | Loss: 1.49334
Epoch 005: | Loss: 1.49388
Epoch 006: | Loss: 1.49380
Epoch 007: | Loss: 1.49333
Epoch 008: | Loss: 1.49337
Epoch 009: | Loss: 1.49447
Epoch 010: | Loss: 1.49347
Epoch 011: | Loss: 1.49424
Epoch 012: | Loss: 1.49685
Epoch 013: | Loss: 1.49464
Epoch 014: | Loss: 1.49744
Epoch 015: | Loss: 1.49841
Epoch 016: | Loss: 1.49982
Epoch 017: | Loss: 1.50026
Epoch 018: | Loss: 1.50192
early stopping at epoch 19 with loss 1.50518
Accuracy: 0.38429754273504274
Epoch 000: | Loss: 1.53626
Epoch 001: | Loss: 1.51038
Epoch 002: | Loss: 1.50494
Epoch 003: | Loss: 1.50616
Epoch 004: | Loss: 1.49968
Epoch 005: | Loss: 1.50073
Epoch 006: | Loss: 1.49933
Epoch 007: | Loss: 1.49504
Epoch 008: | Loss: 1.49372
Epoch 009: | Loss: 1.49426
Epoch 010: | Loss: 1.49264
Epoch 011: | Loss: 1.49267
Epoch 012: | Loss: 1.49263
Epoch 013: | Loss: 1.49245
Epoch 014: | Loss: 1.49224
Epoch 015: | Loss: 1.49194
Epoch 016: | Loss: 1.49143
Epoch 017: | Loss: 1.49168
Epoch 018: | Loss: 1.49176
Epoch 019: | Loss: 1.49127
Epoch 020: | Loss: 1.49110
Epoch 021: | Loss: 1.49139
Epoch 022: | Loss: 1.49112
Epoch 023: | Loss: 1.49125
Epoch 024: | Loss: 1.49096
Epoch 025: | Loss: 1.49065
Epoch 026: | Loss: 1.49128
Epoch 027: | Loss: 1.49059
Epoch 028: | Loss: 1.49104
Epoch 029: | Loss: 1.49092
Epoch 030: | Loss: 1.49087
Epoch 031: | Loss: 1.49124
Epoch 032: | Loss: 1.49089
Epoch 033: | Loss: 1.49181
Epoch 034: | Loss: 1.49295
Epoch 035: | Loss: 1.49243
Epoch 036: | Loss: 1.49787
Epoch 037: | Loss: 1.50240
Epoch 038: | Loss: 1.50690
Epoch 039: | Loss: 1.50621
Epoch 040: | Loss: 1.50146
Epoch 041: | Loss: 1.50372
Epoch 042: | Loss: 1.50225
Epoch 043: | Loss: 1.51130
Epoch 044: | Loss: 1.51868
Epoch 045: | Loss: 1.51198
Epoch 046: | Loss: 1.49545
Epoch 047: | Loss: 1.51268
Epoch 048: | Loss: 1.50372
Epoch 049: | Loss: 1.52297
Epoch 050: | Loss: nan
Epoch 051: | Loss: nan
Epoch 052: | Loss: nan
Epoch 053: | Loss: nan
Epoch 054: | Loss: nan
Epoch 055: | Loss: nan
Epoch 056: | Loss: nan
Epoch 057: | Loss: nan
Epoch 058: | Loss: nan
Epoch 059: | Loss: nan
Epoch 060: | Loss: nan
Epoch 061: | Loss: nan
Epoch 062: | Loss: nan
Epoch 063: | Loss: nan
Epoch 064: | Loss: nan
Epoch 065: | Loss: nan
Epoch 066: | Loss: nan
Epoch 067: | Loss: nan
Epoch 068: | Loss: nan
Epoch 069: | Loss: nan
Epoch 070: | Loss: nan
Epoch 071: | Loss: nan
Epoch 072: | Loss: nan
Epoch 073: | Loss: nan
Epoch 074: | Loss: nan
Epoch 075: | Loss: nan
Epoch 076: | Loss: nan
Epoch 077: | Loss: nan
Epoch 078: | Loss: nan
Epoch 079: | Loss: nan
Epoch 080: | Loss: nan
Epoch 081: | Loss: nan
Epoch 082: | Loss: nan
Epoch 083: | Loss: nan
Epoch 084: | Loss: nan
Epoch 085: | Loss: nan
Epoch 086: | Loss: nan
Epoch 087: | Loss: nan
Epoch 088: | Loss: nan
Epoch 089: | Loss: nan
Epoch 090: | Loss: nan
Epoch 091: | Loss: nan
Epoch 092: | Loss: nan
Epoch 093: | Loss: nan
Epoch 094: | Loss: nan
Epoch 095: | Loss: nan
Epoch 096: | Loss: nan
Epoch 097: | Loss: nan
Epoch 098: | Loss: nan
Epoch 099: | Loss: nan
Epoch 100: | Loss: nan
Epoch 101: | Loss: nan
Epoch 102: | Loss: nan
Epoch 103: | Loss: nan
Epoch 104: | Loss: nan
Epoch 105: | Loss: nan
Epoch 106: | Loss: nan
Epoch 107: | Loss: nan
Epoch 108: | Loss: nan
Epoch 109: | Loss: nan
Epoch 110: | Loss: nan
Epoch 111: | Loss: nan
Epoch 112: | Loss: nan
Epoch 113: | Loss: nan
Epoch 114: | Loss: nan
Epoch 115: | Loss: nan
Epoch 116: | Loss: nan
Epoch 117: | Loss: nan
Epoch 118: | Loss: nan
Epoch 119: | Loss: nan
Epoch 120: | Loss: nan
Epoch 121: | Loss: nan
Epoch 122: | Loss: nan
Epoch 123: | Loss: nan
Epoch 124: | Loss: nan
Epoch 125: | Loss: nan
Epoch 126: | Loss: nan
Epoch 127: | Loss: nan
Epoch 128: | Loss: nan
Epoch 129: | Loss: nan
Epoch 130: | Loss: nan
Epoch 131: | Loss: nan
Epoch 132: | Loss: nan
Epoch 133: | Loss: nan
Epoch 134: | Loss: nan
Epoch 135: | Loss: nan
Epoch 136: | Loss: nan
Epoch 137: | Loss: nan
Epoch 138: | Loss: nan
Epoch 139: | Loss: nan
Epoch 140: | Loss: nan
Epoch 141: | Loss: nan
Epoch 142: | Loss: nan
Epoch 143: | Loss: nan
Epoch 144: | Loss: nan
Epoch 145: | Loss: nan
Epoch 146: | Loss: nan
Epoch 147: | Loss: nan
Epoch 148: | Loss: nan
Epoch 149: | Loss: nan
Epoch 150: | Loss: nan
Epoch 151: | Loss: nan
Epoch 152: | Loss: nan
Epoch 153: | Loss: nan
Epoch 154: | Loss: nan
Epoch 155: | Loss: nan
Epoch 156: | Loss: nan
Epoch 157: | Loss: nan
Epoch 158: | Loss: nan
Epoch 159: | Loss: nan
Epoch 160: | Loss: nan
Epoch 161: | Loss: nan
Epoch 162: | Loss: nan
Epoch 163: | Loss: nan
Epoch 164: | Loss: nan
Epoch 165: | Loss: nan
Epoch 166: | Loss: nan
Epoch 167: | Loss: nan
Epoch 168: | Loss: nan
Epoch 169: | Loss: nan
Epoch 170: | Loss: nan
Epoch 171: | Loss: nan
Epoch 172: | Loss: nan
Epoch 173: | Loss: nan
Epoch 174: | Loss: nan
Epoch 175: | Loss: nan
Epoch 176: | Loss: nan
Epoch 177: | Loss: nan
Epoch 178: | Loss: nan
Epoch 179: | Loss: nan
Epoch 180: | Loss: nan
Epoch 181: | Loss: nan
Epoch 182: | Loss: nan
Epoch 183: | Loss: nan
Epoch 184: | Loss: nan
Epoch 185: | Loss: nan
Epoch 186: | Loss: nan
Epoch 187: | Loss: nan
Epoch 188: | Loss: nan
Epoch 189: | Loss: nan
Epoch 190: | Loss: nan
Epoch 191: | Loss: nan
Epoch 192: | Loss: nan
Epoch 193: | Loss: nan
Epoch 194: | Loss: nan
Epoch 195: | Loss: nan
Epoch 196: | Loss: nan
Epoch 197: | Loss: nan
Epoch 198: | Loss: nan
Epoch 199: | Loss: nan
Accuracy: 0.3849626068376068
Epoch 000: | Loss: 1.57218
Epoch 001: | Loss: 1.50541
Epoch 002: | Loss: 1.50090
Epoch 003: | Loss: 1.49865
Epoch 004: | Loss: 1.50035
Epoch 005: | Loss: 1.50212
Epoch 006: | Loss: 1.50009
Epoch 007: | Loss: 1.49722
Epoch 008: | Loss: 1.49631
Epoch 009: | Loss: 1.49380
Epoch 010: | Loss: 1.49539
Epoch 011: | Loss: 1.49467
Epoch 012: | Loss: 1.49513
Epoch 013: | Loss: 1.49465
Epoch 014: | Loss: 1.49532
Epoch 015: | Loss: 1.49456
Epoch 016: | Loss: 1.49554
Epoch 017: | Loss: 1.49701
Epoch 018: | Loss: 1.49535
Epoch 019: | Loss: 1.49834
Epoch 020: | Loss: 1.49872
Epoch 021: | Loss: 1.49973
Epoch 022: | Loss: 1.49857
Epoch 023: | Loss: 1.50015
Epoch 024: | Loss: 1.49878
Epoch 025: | Loss: 1.49774
Epoch 026: | Loss: 1.49715
Epoch 027: | Loss: 1.50089
Epoch 028: | Loss: 1.49883
Epoch 029: | Loss: 1.50286
Epoch 030: | Loss: 1.50220
Epoch 031: | Loss: 1.50527
Epoch 032: | Loss: 1.49863
Epoch 033: | Loss: 1.50039
Epoch 034: | Loss: 1.49881
Epoch 035: | Loss: 1.50300
Epoch 036: | Loss: 1.49919
Epoch 037: | Loss: 1.50754
Epoch 038: | Loss: 1.49834
Epoch 039: | Loss: 1.50199
Epoch 040: | Loss: 1.50006
Epoch 041: | Loss: 1.50112
Epoch 042: | Loss: 1.49983
Epoch 043: | Loss: 1.49989
Epoch 044: | Loss: 1.49777
Epoch 045: | Loss: 1.49703
Epoch 046: | Loss: 1.49448
Epoch 047: | Loss: 1.49291
Epoch 048: | Loss: 1.49182
Epoch 049: | Loss: 1.49183
Epoch 050: | Loss: 1.49168
Epoch 051: | Loss: 1.49181
Epoch 052: | Loss: 1.49177
Epoch 053: | Loss: 1.49165
Epoch 054: | Loss: 1.49165
Epoch 055: | Loss: 1.49156
Epoch 056: | Loss: 1.49159
Epoch 057: | Loss: 1.49245
Epoch 058: | Loss: 1.49235
Epoch 059: | Loss: 1.49196
Epoch 060: | Loss: 1.49226
Epoch 061: | Loss: 1.49324
Epoch 062: | Loss: 1.49269
Epoch 063: | Loss: 1.49221
Epoch 064: | Loss: 1.49227
Epoch 065: | Loss: 1.49169
Epoch 066: | Loss: 1.49157
Epoch 067: | Loss: 1.49161
Epoch 068: | Loss: 1.49153
Epoch 069: | Loss: 1.49158
Epoch 070: | Loss: 1.49211
Epoch 071: | Loss: 1.49197
Epoch 072: | Loss: 1.49276
Epoch 073: | Loss: 1.49221
Epoch 074: | Loss: 1.49241
Epoch 075: | Loss: 1.49192
Epoch 076: | Loss: 1.49183
Epoch 077: | Loss: 1.49159
Epoch 078: | Loss: 1.49193
Epoch 079: | Loss: 1.49184
Epoch 080: | Loss: 1.49146
Epoch 081: | Loss: 1.49184
Epoch 082: | Loss: 1.49165
Epoch 083: | Loss: 1.49212
Epoch 084: | Loss: 1.49231
Epoch 085: | Loss: 1.49222
Epoch 086: | Loss: 1.49174
Epoch 087: | Loss: 1.49187
Epoch 088: | Loss: 1.49193
Epoch 089: | Loss: 1.49155
Epoch 090: | Loss: 1.49197
Epoch 091: | Loss: 1.49190
Epoch 092: | Loss: 1.49215
Epoch 093: | Loss: 1.49206
Epoch 094: | Loss: 1.49179
Epoch 095: | Loss: 1.49211
Epoch 096: | Loss: 1.49198
Epoch 097: | Loss: 1.49216
Epoch 098: | Loss: 1.49154
Epoch 099: | Loss: 1.49206
Epoch 100: | Loss: 1.49220
Epoch 101: | Loss: 1.49234
Epoch 102: | Loss: 1.49217
Epoch 103: | Loss: 1.49154
Epoch 104: | Loss: 1.49189
Epoch 105: | Loss: 1.49200
Epoch 106: | Loss: 1.49162
Epoch 107: | Loss: 1.49156
Epoch 108: | Loss: 1.49188
Epoch 109: | Loss: 1.49185
Epoch 110: | Loss: 1.49189
Epoch 111: | Loss: 1.49179
Epoch 112: | Loss: 1.49178
Epoch 113: | Loss: 1.49216
Epoch 114: | Loss: 1.49169
Epoch 115: | Loss: 1.49157
Epoch 116: | Loss: 1.49166
Epoch 117: | Loss: 1.49219
Epoch 118: | Loss: 1.49306
Epoch 119: | Loss: 1.49329
Epoch 120: | Loss: 1.49283
Epoch 121: | Loss: 1.49220
Epoch 122: | Loss: 1.49165
Epoch 123: | Loss: 1.49121
Epoch 124: | Loss: 1.49189
Epoch 125: | Loss: 1.49232
Epoch 126: | Loss: 1.49163
Epoch 127: | Loss: 1.49117
Epoch 128: | Loss: 1.49167
Epoch 129: | Loss: 1.49155
Epoch 130: | Loss: 1.49142
Epoch 131: | Loss: 1.49151
Epoch 132: | Loss: 1.49165
Epoch 133: | Loss: 1.49175
Epoch 134: | Loss: 1.49167
Epoch 135: | Loss: 1.49167
Epoch 136: | Loss: 1.49193
Epoch 137: | Loss: 1.49151
Epoch 138: | Loss: 1.49162
Epoch 139: | Loss: 1.49156
Epoch 140: | Loss: 1.49165
Epoch 141: | Loss: 1.49141
Epoch 142: | Loss: 1.49120
Epoch 143: | Loss: 1.49146
Epoch 144: | Loss: 1.49164
Epoch 145: | Loss: 1.49196
Epoch 146: | Loss: 1.49183
Epoch 147: | Loss: 1.49161
Epoch 148: | Loss: 1.49138
Epoch 149: | Loss: 1.49148
Epoch 150: | Loss: 1.49130
Epoch 151: | Loss: 1.49150
Epoch 152: | Loss: 1.49146
Epoch 153: | Loss: 1.49193
Epoch 154: | Loss: 1.49157
Epoch 155: | Loss: 1.49126
Epoch 156: | Loss: 1.49123
Epoch 157: | Loss: 1.49153
Epoch 158: | Loss: 1.49165
Epoch 159: | Loss: 1.49166
Epoch 160: | Loss: 1.49164
Epoch 161: | Loss: 1.49168
Epoch 162: | Loss: 1.49185
Epoch 163: | Loss: 1.49161
Epoch 164: | Loss: 1.49148
Epoch 165: | Loss: 1.49164
Epoch 166: | Loss: 1.49158
Epoch 167: | Loss: 1.49172
Epoch 168: | Loss: 1.49156
Epoch 169: | Loss: 1.49177
Epoch 170: | Loss: 1.49139
Epoch 171: | Loss: 1.49119
Epoch 172: | Loss: 1.49144
Epoch 173: | Loss: 1.49169
Epoch 174: | Loss: 1.49186
Epoch 175: | Loss: 1.49144
Epoch 176: | Loss: 1.49142
Epoch 177: | Loss: 1.49129
Epoch 178: | Loss: 1.49152
Epoch 179: | Loss: 1.49150
Epoch 180: | Loss: 1.49115
Epoch 181: | Loss: 1.49175
Epoch 182: | Loss: 1.49139
Epoch 183: | Loss: 1.49167
Epoch 184: | Loss: 1.49168
Epoch 185: | Loss: 1.49129
Epoch 186: | Loss: 1.49145
Epoch 187: | Loss: 1.49144
Epoch 188: | Loss: 1.49149
Epoch 189: | Loss: 1.49198
Epoch 190: | Loss: 1.49158
Epoch 191: | Loss: 1.49164
Epoch 192: | Loss: 1.49149
Epoch 193: | Loss: 1.49128
Epoch 194: | Loss: 1.49151
Epoch 195: | Loss: 1.49167
Epoch 196: | Loss: 1.49150
Epoch 197: | Loss: 1.49179
Epoch 198: | Loss: 1.49130
Epoch 199: | Loss: 1.49119
Accuracy: 0.3840758547008547
Epoch 000: | Loss: 1.61660
Epoch 001: | Loss: 1.57980
Epoch 002: | Loss: 1.56573
Epoch 003: | Loss: 1.55469
Epoch 004: | Loss: 1.55080
Epoch 005: | Loss: 1.53903
Epoch 006: | Loss: 1.53232
Epoch 007: | Loss: 1.52679
Epoch 008: | Loss: 1.51950
Epoch 009: | Loss: 1.51598
Epoch 010: | Loss: 1.51305
Epoch 011: | Loss: 1.51115
Epoch 012: | Loss: 1.50822
Epoch 013: | Loss: 1.50550
Epoch 014: | Loss: 1.50563
Epoch 015: | Loss: 1.50213
Epoch 016: | Loss: 1.50408
Epoch 017: | Loss: 1.49956
Epoch 018: | Loss: 1.50137
Epoch 019: | Loss: 1.49793
Epoch 020: | Loss: 1.50033
Epoch 021: | Loss: 1.50261
Epoch 022: | Loss: 1.51219
Epoch 023: | Loss: 1.50619
Epoch 024: | Loss: 1.50866
Epoch 025: | Loss: 1.54467
Epoch 026: | Loss: 1.55824
Epoch 027: | Loss: 1.54547
Epoch 028: | Loss: 1.53383
Epoch 029: | Loss: 1.52111
Epoch 030: | Loss: 1.51596
Epoch 031: | Loss: 1.51294
Epoch 032: | Loss: 1.51301
Epoch 033: | Loss: 1.51352
Epoch 034: | Loss: 1.51394
Epoch 035: | Loss: 1.51256
Epoch 036: | Loss: 1.51660
Epoch 037: | Loss: 1.51202
Epoch 038: | Loss: 1.51153
Epoch 039: | Loss: 1.50870
Epoch 040: | Loss: 1.50831
Epoch 041: | Loss: 1.50521
Epoch 042: | Loss: 1.50757
Epoch 043: | Loss: 1.50824
Epoch 044: | Loss: 1.51002
Epoch 045: | Loss: 1.51334
Epoch 046: | Loss: 1.51259
Epoch 047: | Loss: 1.51730
Epoch 048: | Loss: 1.51461
Epoch 049: | Loss: 1.51262
Epoch 050: | Loss: 1.51174
Epoch 051: | Loss: 1.51116
Epoch 052: | Loss: 1.50938
Epoch 053: | Loss: 1.50728
Epoch 054: | Loss: 1.50474
Epoch 055: | Loss: 1.50341
Epoch 056: | Loss: 1.50458
Epoch 057: | Loss: 1.50166
Epoch 058: | Loss: 1.50320
Epoch 059: | Loss: 1.50368
Epoch 060: | Loss: 1.50314
Epoch 061: | Loss: 1.50346
Epoch 062: | Loss: 1.50384
Epoch 063: | Loss: 1.50372
Epoch 064: | Loss: 1.50026
Epoch 065: | Loss: 1.50243
Epoch 066: | Loss: 1.49898
Epoch 067: | Loss: 1.50197
Epoch 068: | Loss: 1.50163
Epoch 069: | Loss: 1.50021
Epoch 070: | Loss: 1.49937
Epoch 071: | Loss: 1.50093
Epoch 072: | Loss: 1.50119
Epoch 073: | Loss: 1.50153
Epoch 074: | Loss: 1.50055
Epoch 075: | Loss: 1.50115
Epoch 076: | Loss: 1.50090
Epoch 077: | Loss: 1.49876
Epoch 078: | Loss: 1.50006
Epoch 079: | Loss: 1.49766
Epoch 080: | Loss: 1.49689
Epoch 081: | Loss: 1.49818
Epoch 082: | Loss: 1.49876
Epoch 083: | Loss: 1.49933
Epoch 084: | Loss: 1.49611
Epoch 085: | Loss: 1.49718
Epoch 086: | Loss: 1.49835
Epoch 087: | Loss: 1.49651
Epoch 088: | Loss: 1.49519
Epoch 089: | Loss: 1.49667
Epoch 090: | Loss: 1.49616
Epoch 091: | Loss: 1.49561
Epoch 092: | Loss: 1.49689
Epoch 093: | Loss: 1.49682
Epoch 094: | Loss: 1.49526
Epoch 095: | Loss: 1.49654
Epoch 096: | Loss: 1.49645
Epoch 097: | Loss: 1.49717
Epoch 098: | Loss: nan
Epoch 099: | Loss: nan
Epoch 100: | Loss: nan
Epoch 101: | Loss: nan
Epoch 102: | Loss: nan
Epoch 103: | Loss: nan
Epoch 104: | Loss: nan
Epoch 105: | Loss: nan
Epoch 106: | Loss: nan
Epoch 107: | Loss: nan
Epoch 108: | Loss: nan
Epoch 109: | Loss: nan
Epoch 110: | Loss: nan
Epoch 111: | Loss: nan
Epoch 112: | Loss: nan
Epoch 113: | Loss: nan
Epoch 114: | Loss: nan
Epoch 115: | Loss: nan
Epoch 116: | Loss: nan
Epoch 117: | Loss: nan
Epoch 118: | Loss: nan
Epoch 119: | Loss: nan
Epoch 120: | Loss: nan
Epoch 121: | Loss: nan
Epoch 122: | Loss: nan
Epoch 123: | Loss: nan
Epoch 124: | Loss: nan
Epoch 125: | Loss: nan
Epoch 126: | Loss: nan
Epoch 127: | Loss: nan
Epoch 128: | Loss: nan
Epoch 129: | Loss: nan
Epoch 130: | Loss: nan
Epoch 131: | Loss: nan
Epoch 132: | Loss: nan
Epoch 133: | Loss: nan
Epoch 134: | Loss: nan
Epoch 135: | Loss: nan
Epoch 136: | Loss: nan
Epoch 137: | Loss: nan
Epoch 138: | Loss: nan
Epoch 139: | Loss: nan
Epoch 140: | Loss: nan
Epoch 141: | Loss: nan
Epoch 142: | Loss: nan
Epoch 143: | Loss: nan
Epoch 144: | Loss: nan
Epoch 145: | Loss: nan
Epoch 146: | Loss: nan
Epoch 147: | Loss: nan
Epoch 148: | Loss: nan
Epoch 149: | Loss: nan
Epoch 150: | Loss: nan
Epoch 151: | Loss: nan
Epoch 152: | Loss: nan
Epoch 153: | Loss: nan
Epoch 154: | Loss: nan
Epoch 155: | Loss: nan
Epoch 156: | Loss: nan
Epoch 157: | Loss: nan
Epoch 158: | Loss: nan
Epoch 159: | Loss: nan
Epoch 160: | Loss: nan
Epoch 161: | Loss: nan
Epoch 162: | Loss: nan
Epoch 163: | Loss: nan
Epoch 164: | Loss: nan
Epoch 165: | Loss: nan
Epoch 166: | Loss: nan
Epoch 167: | Loss: nan
Epoch 168: | Loss: nan
Epoch 169: | Loss: nan
Epoch 170: | Loss: nan
Epoch 171: | Loss: nan
Epoch 172: | Loss: nan
Epoch 173: | Loss: nan
Epoch 174: | Loss: nan
Epoch 175: | Loss: nan
Epoch 176: | Loss: nan
Epoch 177: | Loss: nan
Epoch 178: | Loss: nan
Epoch 179: | Loss: nan
Epoch 180: | Loss: nan
Epoch 181: | Loss: nan
Epoch 182: | Loss: nan
Epoch 183: | Loss: nan
Epoch 184: | Loss: nan
Epoch 185: | Loss: nan
Epoch 186: | Loss: nan
Epoch 187: | Loss: nan
Epoch 188: | Loss: nan
Epoch 189: | Loss: nan
Epoch 190: | Loss: nan
Epoch 191: | Loss: nan
Epoch 192: | Loss: nan
Epoch 193: | Loss: nan
Epoch 194: | Loss: nan
Epoch 195: | Loss: nan
Epoch 196: | Loss: nan
Epoch 197: | Loss: nan
Epoch 198: | Loss: nan
Epoch 199: | Loss: nan
Accuracy: 0.38385416666666666
FrozenTrial(number=9, state=TrialState.COMPLETE, values=[0.38538728632478636], datetime_start=datetime.datetime(2023, 10, 10, 13, 25, 11, 469572), datetime_complete=datetime.datetime(2023, 10, 10, 13, 32, 15, 112790), params={'lr': 0.0001, 'beta1': 0.999, 'beta2': 0.99, 'eps': 1e-09, 'hidden_dim': 64, 'hidden_ch': 7, 'depth': 6, 'heads': 3, 'mlp_dim': 512, 'dropout': 0.1, 'emb_dropout': 0.5}, user_attrs={}, system_attrs={}, intermediate_values={}, distributions={'lr': CategoricalDistribution(choices=(1e-06, 1e-05, 0.0001, 0.001)), 'beta1': CategoricalDistribution(choices=(0.9, 0.95, 0.99, 0.999)), 'beta2': CategoricalDistribution(choices=(0.9, 0.95, 0.99, 0.999)), 'eps': CategoricalDistribution(choices=(1e-09, 1e-08, 1e-07, 1e-06)), 'hidden_dim': CategoricalDistribution(choices=(64, 128, 256, 512, 1024)), 'hidden_ch': CategoricalDistribution(choices=(3, 5, 7, 8, 10, 15, 18, 20, 23, 25, 30)), 'depth': CategoricalDistribution(choices=(3, 5, 6, 8)), 'heads': CategoricalDistribution(choices=(3, 5, 6, 8, 10)), 'mlp_dim': CategoricalDistribution(choices=(256, 512, 1024, 2048)), 'dropout': CategoricalDistribution(choices=(0.01, 0.1, 0.25, 0.5, 0.8)), 'emb_dropout': CategoricalDistribution(choices=(0.01, 0.1, 0.25, 0.5, 0.8))}, trial_id=9, value=None)
