MODEL_NAME:  optuna_vit1d
Start time:  2023-08-17 11:29:58.613845
Device:  cuda
Max Epochs:  200
Early Stopping Reference Size:  5
Epoch 000: | Loss: 1.52261
Epoch 001: | Loss: 1.48918
Epoch 002: | Loss: 1.47894
Epoch 003: | Loss: 1.47008
Epoch 004: | Loss: 1.46185
Epoch 005: | Loss: 1.45896
Epoch 006: | Loss: 1.45238
Epoch 007: | Loss: 1.44896
Epoch 008: | Loss: 1.44611
Epoch 009: | Loss: 1.44408
Epoch 010: | Loss: 1.44044
Epoch 011: | Loss: 1.43977
Epoch 012: | Loss: 1.43586
Epoch 013: | Loss: 1.43491
Epoch 014: | Loss: 1.43327
Epoch 015: | Loss: 1.43114
Epoch 016: | Loss: 1.42954
Epoch 017: | Loss: 1.42787
Epoch 018: | Loss: 1.42337
Epoch 019: | Loss: 1.42135
Epoch 020: | Loss: 1.41734
Epoch 021: | Loss: 1.41423
Epoch 022: | Loss: 1.41258
Epoch 023: | Loss: 1.41131
Epoch 024: | Loss: 1.40676
Epoch 025: | Loss: 1.40231
Epoch 026: | Loss: 1.39972
Epoch 027: | Loss: 1.39560
Epoch 028: | Loss: 1.39370
Epoch 029: | Loss: 1.39013
Epoch 030: | Loss: 1.38808
Epoch 031: | Loss: 1.38306
Epoch 032: | Loss: 1.38011
Epoch 033: | Loss: 1.37648
Epoch 034: | Loss: 1.37225
Epoch 035: | Loss: 1.36931
Epoch 036: | Loss: 1.36274
Epoch 037: | Loss: 1.36016
Epoch 038: | Loss: 1.35397
Epoch 039: | Loss: 1.35108
Epoch 040: | Loss: 1.34909
Epoch 041: | Loss: 1.34419
Epoch 042: | Loss: 1.34103
Epoch 043: | Loss: 1.33528
Epoch 044: | Loss: 1.33332
Epoch 045: | Loss: 1.32961
Epoch 046: | Loss: 1.33056
Epoch 047: | Loss: 1.32261
Epoch 048: | Loss: 1.32146
Epoch 049: | Loss: 1.31833
Epoch 050: | Loss: 1.31347
Epoch 051: | Loss: 1.31554
Epoch 052: | Loss: 1.31591
Epoch 053: | Loss: 1.31071
Epoch 054: | Loss: 1.30779
Epoch 055: | Loss: 1.30551
Epoch 056: | Loss: 1.30528
Epoch 057: | Loss: 1.30143
Epoch 058: | Loss: 1.30069
Epoch 059: | Loss: 1.30005
Epoch 060: | Loss: 1.29836
Epoch 061: | Loss: 1.29744
Epoch 062: | Loss: 1.29653
Epoch 063: | Loss: 1.29653
Epoch 064: | Loss: 1.29275
Epoch 065: | Loss: 1.29511
Epoch 066: | Loss: 1.29084
Epoch 067: | Loss: 1.29046
Epoch 068: | Loss: 1.29164
Epoch 069: | Loss: 1.28879
Epoch 070: | Loss: 1.28999
Epoch 071: | Loss: 1.28727
Epoch 072: | Loss: 1.28827
Epoch 073: | Loss: 1.28366
Epoch 074: | Loss: 1.28753
Epoch 075: | Loss: 1.28890
Epoch 076: | Loss: 1.28405
Epoch 077: | Loss: 1.28801
Epoch 078: | Loss: 1.28362
Epoch 079: | Loss: 1.28339
Epoch 080: | Loss: 1.28013
Epoch 081: | Loss: 1.28008
Epoch 082: | Loss: 1.28136
Epoch 083: | Loss: 1.27808
Epoch 084: | Loss: 1.28135
Epoch 085: | Loss: 1.28277
Epoch 086: | Loss: 1.27756
Epoch 087: | Loss: 1.27858
Epoch 088: | Loss: 1.28091
Epoch 089: | Loss: 1.28000
Epoch 090: | Loss: 1.27847
Epoch 091: | Loss: 1.27991
Epoch 092: | Loss: 1.27944
Epoch 093: | Loss: 1.28109
Epoch 094: | Loss: 1.28311
Epoch 095: | Loss: 1.28066
Epoch 096: | Loss: 1.27801
Epoch 097: | Loss: 1.27751
Epoch 098: | Loss: 1.28037
Epoch 099: | Loss: 1.27439
Epoch 100: | Loss: 1.27998
Epoch 101: | Loss: 1.27532
Epoch 102: | Loss: 1.27971
Epoch 103: | Loss: 1.27875
Epoch 104: | Loss: 1.28040
Epoch 105: | Loss: 1.27818
Epoch 106: | Loss: 1.28071
Epoch 107: | Loss: 1.27692
Epoch 108: | Loss: 1.27521
Epoch 109: | Loss: 1.27681
Epoch 110: | Loss: 1.28014
Epoch 111: | Loss: 1.27663
Epoch 112: | Loss: 1.27626
Epoch 113: | Loss: 1.27595
Epoch 114: | Loss: 1.27640
Epoch 115: | Loss: 1.27823
Epoch 116: | Loss: 1.27643
Epoch 117: | Loss: 1.27403
Epoch 118: | Loss: 1.27416
Epoch 119: | Loss: 1.27561
Epoch 120: | Loss: 1.27615
Epoch 121: | Loss: 1.27791
Epoch 122: | Loss: 1.27357
Epoch 123: | Loss: 1.27298
Epoch 124: | Loss: 1.27451
Epoch 125: | Loss: 1.27150
Epoch 126: | Loss: 1.26860
Epoch 127: | Loss: 1.27191
Epoch 128: | Loss: 1.27117
Epoch 129: | Loss: 1.27242
Epoch 130: | Loss: 1.26960
Epoch 131: | Loss: 1.27016
Epoch 132: | Loss: 1.26671
Epoch 133: | Loss: 1.26841
Epoch 134: | Loss: 1.26444
Epoch 135: | Loss: 1.26645
Epoch 136: | Loss: 1.26258
Epoch 137: | Loss: 1.26459
Epoch 138: | Loss: 1.26455
Epoch 139: | Loss: 1.26277
Epoch 140: | Loss: 1.26021
Epoch 141: | Loss: 1.25838
Epoch 142: | Loss: 1.25724
Epoch 143: | Loss: 1.25804
Epoch 144: | Loss: 1.26027
Epoch 145: | Loss: 1.24943
Epoch 146: | Loss: 1.25153
Epoch 147: | Loss: 1.25207
Epoch 148: | Loss: 1.25152
Epoch 149: | Loss: 1.24839
Epoch 150: | Loss: 1.24595
Epoch 151: | Loss: 1.24154
Epoch 152: | Loss: 1.24378
Epoch 153: | Loss: 1.24088
Epoch 154: | Loss: 1.24399
Epoch 155: | Loss: 1.23873
Epoch 156: | Loss: 1.23236
Epoch 157: | Loss: 1.23065
Epoch 158: | Loss: 1.23110
Epoch 159: | Loss: 1.23243
Epoch 160: | Loss: 1.22697
Epoch 161: | Loss: 1.22403
Epoch 162: | Loss: 1.21965
Epoch 163: | Loss: 1.21792
Epoch 164: | Loss: 1.21497
Epoch 165: | Loss: 1.21566
Epoch 166: | Loss: 1.20969
Epoch 167: | Loss: 1.20763
Epoch 168: | Loss: 1.20206
Epoch 169: | Loss: 1.19969
Epoch 170: | Loss: 1.20055
Epoch 171: | Loss: 1.19379
Epoch 172: | Loss: 1.19498
Epoch 173: | Loss: 1.19047
Epoch 174: | Loss: 1.19228
Epoch 175: | Loss: 1.18691
Epoch 176: | Loss: 1.18594
Epoch 177: | Loss: 1.17800
Epoch 178: | Loss: 1.17406
Epoch 179: | Loss: 1.17642
Epoch 180: | Loss: 1.17198
Epoch 181: | Loss: 1.16624
Epoch 182: | Loss: 1.16174
Epoch 183: | Loss: 1.16365
Epoch 184: | Loss: 1.15673
Epoch 185: | Loss: 1.15202
Epoch 186: | Loss: 1.15113
Epoch 187: | Loss: 1.15255
Epoch 188: | Loss: 1.14287
Epoch 189: | Loss: 1.14341
Epoch 190: | Loss: 1.14069
Epoch 191: | Loss: 1.13735
Epoch 192: | Loss: 1.13550
Epoch 193: | Loss: 1.12758
Epoch 194: | Loss: 1.12549
Epoch 195: | Loss: 1.12700
Epoch 196: | Loss: 1.12134
Epoch 197: | Loss: 1.11943
Epoch 198: | Loss: 1.11885
Epoch 199: | Loss: 1.11815
Accuracy: 0.6090918803418803
Epoch 000: | Loss: 1.31393
Epoch 001: | Loss: 0.94385
Epoch 002: | Loss: 0.80097
Epoch 003: | Loss: 0.70977
Epoch 004: | Loss: 0.65561
Epoch 005: | Loss: 0.61428
Epoch 006: | Loss: 0.56697
Epoch 007: | Loss: 0.54151
Epoch 008: | Loss: 0.49953
Epoch 009: | Loss: 0.47473
Epoch 010: | Loss: 0.44912
Epoch 011: | Loss: 0.43272
Epoch 012: | Loss: 0.41247
Epoch 013: | Loss: 0.38944
Epoch 014: | Loss: 0.37117
Epoch 015: | Loss: 0.34498
Epoch 016: | Loss: 0.32976
Epoch 017: | Loss: 0.31485
Epoch 018: | Loss: 0.30393
Epoch 019: | Loss: 0.28615
Epoch 020: | Loss: 0.27894
Epoch 021: | Loss: 0.26241
Epoch 022: | Loss: 0.25022
Epoch 023: | Loss: 0.24034
Epoch 024: | Loss: 0.23220
Epoch 025: | Loss: 0.22960
Epoch 026: | Loss: 0.21085
Epoch 027: | Loss: 0.20417
Epoch 028: | Loss: 0.20056
Epoch 029: | Loss: 0.18484
Epoch 030: | Loss: 0.17660
Epoch 031: | Loss: 0.17730
Epoch 032: | Loss: 0.18293
Epoch 033: | Loss: 0.18429
Epoch 034: | Loss: 0.18934
Epoch 035: | Loss: 0.18854
Epoch 036: | Loss: 0.17975
Epoch 037: | Loss: 0.15854
Epoch 038: | Loss: 0.16103
Epoch 039: | Loss: 0.15401
Epoch 040: | Loss: 0.14566
Epoch 041: | Loss: 0.14472
Epoch 042: | Loss: 0.12894
Epoch 043: | Loss: 0.13193
Epoch 044: | Loss: 0.12024
Epoch 045: | Loss: 0.11077
Epoch 046: | Loss: 0.11069
Epoch 047: | Loss: 0.10661
Epoch 048: | Loss: 0.09691
Epoch 049: | Loss: 0.09508
Epoch 050: | Loss: 0.08481
Epoch 051: | Loss: 0.08538
Epoch 052: | Loss: 0.07767
Epoch 053: | Loss: 0.07981
Epoch 054: | Loss: 0.07359
Epoch 055: | Loss: 0.06574
Epoch 056: | Loss: 0.06364
Epoch 057: | Loss: 0.06105
Epoch 058: | Loss: 0.06201
Epoch 059: | Loss: 0.06123
Epoch 060: | Loss: 0.05190
Epoch 061: | Loss: 0.05526
Epoch 062: | Loss: 0.04644
Epoch 063: | Loss: 0.04735
Epoch 064: | Loss: 0.04342
Epoch 065: | Loss: 0.04242
Epoch 066: | Loss: 0.03997
Epoch 067: | Loss: 0.03905
Epoch 068: | Loss: 0.03357
Epoch 069: | Loss: 0.03542
Epoch 070: | Loss: 0.03380
Epoch 071: | Loss: 0.03477
Epoch 072: | Loss: 0.03328
Epoch 073: | Loss: 0.03029
Epoch 074: | Loss: 0.03040
Epoch 075: | Loss: 0.03059
Epoch 076: | Loss: 0.03117
Epoch 077: | Loss: 0.02683
Epoch 078: | Loss: 0.02968
Epoch 079: | Loss: 0.02972
Epoch 080: | Loss: 0.02666
Epoch 081: | Loss: 0.02477
Epoch 082: | Loss: 0.02348
Epoch 083: | Loss: 0.02334
Epoch 084: | Loss: 0.02259
Epoch 085: | Loss: 0.02246
Epoch 086: | Loss: 0.02061
Epoch 087: | Loss: 0.01879
Epoch 088: | Loss: 0.01966
Epoch 089: | Loss: 0.02260
Epoch 090: | Loss: 0.01911
Epoch 091: | Loss: 0.01964
Epoch 092: | Loss: 0.02315
Epoch 093: | Loss: 0.01799
Epoch 094: | Loss: 0.02154
Epoch 095: | Loss: 0.01830
Epoch 096: | Loss: 0.01847
Epoch 097: | Loss: 0.01709
Epoch 098: | Loss: 0.01490
Epoch 099: | Loss: 0.01404
Epoch 100: | Loss: 0.01282
Epoch 101: | Loss: 0.01588
Epoch 102: | Loss: 0.01481
Epoch 103: | Loss: 0.01332
Epoch 104: | Loss: 0.01214
Epoch 105: | Loss: 0.01412
Epoch 106: | Loss: 0.01462
Epoch 107: | Loss: 0.01171
Epoch 108: | Loss: 0.01177
Epoch 109: | Loss: 0.01107
Epoch 110: | Loss: 0.01066
Epoch 111: | Loss: 0.00968
Epoch 112: | Loss: 0.00979
Epoch 113: | Loss: 0.00905
Epoch 114: | Loss: 0.00850
Epoch 115: | Loss: 0.00879
Epoch 116: | Loss: 0.01024
Epoch 117: | Loss: 0.00795
Epoch 118: | Loss: 0.00891
Epoch 119: | Loss: 0.00948
Epoch 120: | Loss: 0.00731
Epoch 121: | Loss: 0.00800
Epoch 122: | Loss: 0.00790
Epoch 123: | Loss: 0.00670
Epoch 124: | Loss: 0.00626
Epoch 125: | Loss: 0.00740
Epoch 126: | Loss: 0.00656
Epoch 127: | Loss: 0.00643
Epoch 128: | Loss: 0.00699
Epoch 129: | Loss: 0.00760
Epoch 130: | Loss: 0.00619
Epoch 131: | Loss: 0.00627
Epoch 132: | Loss: 0.00541
Epoch 133: | Loss: 0.00530
Epoch 134: | Loss: 0.00668
Epoch 135: | Loss: 0.00679
Epoch 136: | Loss: 0.00585
Epoch 137: | Loss: 0.00642
Epoch 138: | Loss: 0.00599
Epoch 139: | Loss: 0.00515
Epoch 140: | Loss: 0.00669
Epoch 141: | Loss: 0.00538
Epoch 142: | Loss: 0.00494
Epoch 143: | Loss: 0.00579
Epoch 144: | Loss: 0.00559
Epoch 145: | Loss: 0.00555
Epoch 146: | Loss: 0.00430
Epoch 147: | Loss: 0.00538
Epoch 148: | Loss: 0.00521
Epoch 149: | Loss: 0.00604
Epoch 150: | Loss: 0.00438
Epoch 151: | Loss: 0.00587
Epoch 152: | Loss: 0.00609
Epoch 153: | Loss: 0.00534
Epoch 154: | Loss: 0.00512
Epoch 155: | Loss: 0.00530
Epoch 156: | Loss: 0.00622
Epoch 157: | Loss: 0.00491
Epoch 158: | Loss: 0.00552
Epoch 159: | Loss: 0.00381
Epoch 160: | Loss: 0.00445
Epoch 161: | Loss: 0.00532
Epoch 162: | Loss: 0.00548
Epoch 163: | Loss: 0.00457
Epoch 164: | Loss: 0.00471
Epoch 165: | Loss: 0.00460
Epoch 166: | Loss: 0.00367
Epoch 167: | Loss: 0.00539
Epoch 168: | Loss: 0.00500
Epoch 169: | Loss: 0.00544
Epoch 170: | Loss: 0.00448
Epoch 171: | Loss: 0.00450
Epoch 172: | Loss: 0.00414
Epoch 173: | Loss: 0.00600
Epoch 174: | Loss: 0.00560
Epoch 175: | Loss: 0.00475
Epoch 176: | Loss: 0.00421
Epoch 177: | Loss: 0.00425
Epoch 178: | Loss: 0.00624
Epoch 179: | Loss: 0.00480
Epoch 180: | Loss: 0.00363
Epoch 181: | Loss: 0.00427
Epoch 182: | Loss: 0.00646
Epoch 183: | Loss: 0.00576
Epoch 184: | Loss: 0.00635
Epoch 185: | Loss: 0.00425
Epoch 186: | Loss: 0.00657
Epoch 187: | Loss: 0.00559
Epoch 188: | Loss: 0.00539
Epoch 189: | Loss: 0.00452
Epoch 190: | Loss: 0.00621
Epoch 191: | Loss: 0.00510
Epoch 192: | Loss: 0.00685
Epoch 193: | Loss: 0.00818
Epoch 194: | Loss: 0.00626
Epoch 195: | Loss: 0.00560
Epoch 196: | Loss: 0.00606
Epoch 197: | Loss: 0.00583
Epoch 198: | Loss: 0.00857
Epoch 199: | Loss: 0.00621
Accuracy: 0.9096073717948718
Epoch 000: | Loss: 1.52681
Epoch 001: | Loss: 1.48497
Epoch 002: | Loss: 1.47340
Epoch 003: | Loss: 1.46850
Epoch 004: | Loss: 1.46233
Epoch 005: | Loss: 1.45793
Epoch 006: | Loss: 1.45093
Epoch 007: | Loss: 1.44049
Epoch 008: | Loss: 1.41547
Epoch 009: | Loss: 1.37176
Epoch 010: | Loss: 1.34704
Epoch 011: | Loss: 1.34081
Epoch 012: | Loss: 1.33145
Epoch 013: | Loss: 1.32787
Epoch 014: | Loss: 1.32344
Epoch 015: | Loss: 1.31740
Epoch 016: | Loss: 1.31452
Epoch 017: | Loss: 1.31336
Epoch 018: | Loss: 1.30903
Epoch 019: | Loss: 1.30763
Epoch 020: | Loss: 1.30016
Epoch 021: | Loss: 1.29608
Epoch 022: | Loss: 1.29623
Epoch 023: | Loss: 1.29219
Epoch 024: | Loss: 1.28909
Epoch 025: | Loss: 1.28493
Epoch 026: | Loss: 1.28509
Epoch 027: | Loss: 1.27801
Epoch 028: | Loss: 1.27478
Epoch 029: | Loss: 1.26789
Epoch 030: | Loss: 1.26713
Epoch 031: | Loss: 1.26034
Epoch 032: | Loss: 1.25199
Epoch 033: | Loss: 1.24457
Epoch 034: | Loss: 1.23959
Epoch 035: | Loss: 1.23000
Epoch 036: | Loss: 1.22802
Epoch 037: | Loss: 1.21734
Epoch 038: | Loss: 1.21412
Epoch 039: | Loss: 1.20616
Epoch 040: | Loss: 1.20510
Epoch 041: | Loss: 1.20417
Epoch 042: | Loss: 1.19731
Epoch 043: | Loss: 1.19292
Epoch 044: | Loss: 1.19046
Epoch 045: | Loss: 1.18657
Epoch 046: | Loss: 1.18411
Epoch 047: | Loss: 1.18226
Epoch 048: | Loss: 1.17645
Epoch 049: | Loss: 1.17516
Epoch 050: | Loss: 1.17134
Epoch 051: | Loss: 1.16499
Epoch 052: | Loss: 1.16722
Epoch 053: | Loss: 1.16534
Epoch 054: | Loss: 1.15990
Epoch 055: | Loss: 1.16177
Epoch 056: | Loss: 1.15722
Epoch 057: | Loss: 1.15348
Epoch 058: | Loss: 1.15670
Epoch 059: | Loss: 1.15544
Epoch 060: | Loss: 1.15142
Epoch 061: | Loss: 1.14678
Epoch 062: | Loss: 1.14887
Epoch 063: | Loss: 1.14694
Epoch 064: | Loss: 1.14668
Epoch 065: | Loss: 1.14529
Epoch 066: | Loss: 1.14237
Epoch 067: | Loss: 1.13949
Epoch 068: | Loss: 1.13641
Epoch 069: | Loss: 1.13807
Epoch 070: | Loss: 1.13476
Epoch 071: | Loss: 1.13668
Epoch 072: | Loss: 1.13230
Epoch 073: | Loss: 1.14031
Epoch 074: | Loss: 1.13449
Epoch 075: | Loss: 1.13249
Epoch 076: | Loss: 1.13170
Epoch 077: | Loss: 1.12943
Epoch 078: | Loss: 1.13141
Epoch 079: | Loss: 1.12462
Epoch 080: | Loss: 1.12981
Epoch 081: | Loss: 1.12660
Epoch 082: | Loss: 1.12577
Epoch 083: | Loss: 1.12431
Epoch 084: | Loss: 1.12290
Epoch 085: | Loss: 1.12257
Epoch 086: | Loss: 1.12349
Epoch 087: | Loss: 1.12216
Epoch 088: | Loss: 1.12306
Epoch 089: | Loss: 1.12401
Epoch 090: | Loss: 1.11960
Epoch 091: | Loss: 1.11675
Epoch 092: | Loss: 1.11811
Epoch 093: | Loss: 1.11956
Epoch 094: | Loss: 1.12124
Epoch 095: | Loss: 1.11843
Epoch 096: | Loss: 1.12106
Epoch 097: | Loss: 1.11239
Epoch 098: | Loss: 1.11778
Epoch 099: | Loss: 1.11716
Epoch 100: | Loss: 1.11656
Epoch 101: | Loss: 1.11580
Epoch 102: | Loss: 1.11283
Epoch 103: | Loss: 1.11542
Epoch 104: | Loss: 1.11555
Epoch 105: | Loss: 1.11625
Epoch 106: | Loss: 1.11335
Epoch 107: | Loss: 1.11374
Epoch 108: | Loss: 1.11376
Epoch 109: | Loss: 1.11012
Epoch 110: | Loss: 1.11219
Epoch 111: | Loss: 1.11304
Epoch 112: | Loss: 1.11270
Epoch 113: | Loss: 1.11165
Epoch 114: | Loss: 1.10959
Epoch 115: | Loss: 1.11090
Epoch 116: | Loss: 1.11492
Epoch 117: | Loss: 1.11090
Epoch 118: | Loss: 1.11087
Epoch 119: | Loss: 1.11029
Epoch 120: | Loss: 1.11043
Epoch 121: | Loss: 1.11224
Epoch 122: | Loss: 1.11115
Epoch 123: | Loss: 1.10877
Epoch 124: | Loss: 1.11310
Epoch 125: | Loss: 1.11007
Epoch 126: | Loss: 1.11082
Epoch 127: | Loss: 1.10838
Epoch 128: | Loss: 1.11215
Epoch 129: | Loss: 1.10857
Epoch 130: | Loss: 1.10849
Epoch 131: | Loss: 1.10367
Epoch 132: | Loss: 1.11054
Epoch 133: | Loss: 1.10605
Epoch 134: | Loss: 1.11080
Epoch 135: | Loss: 1.11060
Epoch 136: | Loss: 1.10873
Epoch 137: | Loss: 1.10975
Epoch 138: | Loss: 1.10838
Epoch 139: | Loss: 1.11195
Epoch 140: | Loss: 1.10803
Epoch 141: | Loss: 1.10975
Epoch 142: | Loss: 1.10689
Epoch 143: | Loss: 1.10744
Epoch 144: | Loss: 1.11149
Epoch 145: | Loss: 1.10709
Epoch 146: | Loss: 1.10359
Epoch 147: | Loss: 1.10786
Epoch 148: | Loss: 1.11136
Epoch 149: | Loss: 1.10964
Epoch 150: | Loss: 1.10714
Epoch 151: | Loss: 1.10847
Epoch 152: | Loss: 1.10748
Epoch 153: | Loss: 1.11087
Epoch 154: | Loss: 1.10382
Epoch 155: | Loss: 1.10466
Epoch 156: | Loss: 1.10621
Epoch 157: | Loss: 1.10831
Epoch 158: | Loss: 1.10777
Epoch 159: | Loss: 1.11089
Epoch 160: | Loss: 1.10561
Epoch 161: | Loss: 1.10846
Epoch 162: | Loss: 1.11141
Epoch 163: | Loss: 1.10674
Epoch 164: | Loss: 1.11011
Epoch 165: | Loss: 1.10760
Epoch 166: | Loss: 1.10801
Epoch 167: | Loss: 1.10632
Epoch 168: | Loss: 1.10820
Epoch 169: | Loss: 1.10781
Epoch 170: | Loss: 1.10891
Epoch 171: | Loss: 1.10948
Epoch 172: | Loss: 1.10632
Epoch 173: | Loss: 1.10640
Epoch 174: | Loss: 1.10758
Epoch 175: | Loss: 1.10697
Epoch 176: | Loss: 1.10340
Epoch 177: | Loss: 1.10596
Epoch 178: | Loss: 1.10688
Epoch 179: | Loss: 1.10714
Epoch 180: | Loss: 1.10506
Epoch 181: | Loss: 1.10946
Epoch 182: | Loss: 1.10619
Epoch 183: | Loss: 1.10800
Epoch 184: | Loss: 1.10893
Epoch 185: | Loss: 1.10611
Epoch 186: | Loss: 1.10341
Epoch 187: | Loss: 1.10468
Epoch 188: | Loss: 1.10643
Epoch 189: | Loss: 1.10778
Epoch 190: | Loss: 1.10779
Epoch 191: | Loss: 1.10617
Epoch 192: | Loss: 1.10286
Epoch 193: | Loss: 1.10781
Epoch 194: | Loss: 1.10136
Epoch 195: | Loss: 1.10409
Epoch 196: | Loss: 1.10881
Epoch 197: | Loss: 1.10285
Epoch 198: | Loss: 1.10307
Epoch 199: | Loss: 1.10511
Accuracy: 0.5273157051282051
Epoch 000: | Loss: 1.18819
Epoch 001: | Loss: 0.83313
Epoch 002: | Loss: 0.72624
Epoch 003: | Loss: 0.65363
Epoch 004: | Loss: 0.60063
Epoch 005: | Loss: 0.53292
Epoch 006: | Loss: 0.50343
Epoch 007: | Loss: 0.48131
Epoch 008: | Loss: 0.44947
Epoch 009: | Loss: 0.43161
Epoch 010: | Loss: 0.42671
Epoch 011: | Loss: 0.39971
Epoch 012: | Loss: 0.38483
Epoch 013: | Loss: 0.38434
Epoch 014: | Loss: 0.37214
Epoch 015: | Loss: 0.35254
Epoch 016: | Loss: 0.35478
Epoch 017: | Loss: 0.33952
Epoch 018: | Loss: 0.33261
Epoch 019: | Loss: 0.31401
Epoch 020: | Loss: 0.31533
Epoch 021: | Loss: 0.30686
Epoch 022: | Loss: 0.29325
Epoch 023: | Loss: 0.28169
Epoch 024: | Loss: 0.27928
Epoch 025: | Loss: 0.27045
Epoch 026: | Loss: 0.26381
Epoch 027: | Loss: 0.25691
Epoch 028: | Loss: 0.25061
Epoch 029: | Loss: 0.24619
Epoch 030: | Loss: 0.24216
Epoch 031: | Loss: 0.22843
Epoch 032: | Loss: 0.22694
Epoch 033: | Loss: 0.21355
Epoch 034: | Loss: 0.21557
Epoch 035: | Loss: 0.20911
Epoch 036: | Loss: 0.19271
Epoch 037: | Loss: 0.18854
Epoch 038: | Loss: 0.19126
Epoch 039: | Loss: 0.18069
Epoch 040: | Loss: 0.17947
Epoch 041: | Loss: 0.16715
Epoch 042: | Loss: 0.16479
Epoch 043: | Loss: 0.15876
Epoch 044: | Loss: 0.15234
Epoch 045: | Loss: 0.16199
Epoch 046: | Loss: 0.14370
Epoch 047: | Loss: 0.13549
Epoch 048: | Loss: 0.13772
Epoch 049: | Loss: 0.12467
Epoch 050: | Loss: 0.13149
Epoch 051: | Loss: 0.12811
Epoch 052: | Loss: 0.11770
Epoch 053: | Loss: 0.11412
Epoch 054: | Loss: 0.10878
Epoch 055: | Loss: 0.10733
Epoch 056: | Loss: 0.10483
Epoch 057: | Loss: 0.09705
Epoch 058: | Loss: 0.09135
Epoch 059: | Loss: 0.09154
Epoch 060: | Loss: 0.07918
Epoch 061: | Loss: 0.08446
Epoch 062: | Loss: 0.07498
Epoch 063: | Loss: 0.07361
Epoch 064: | Loss: 0.07124
Epoch 065: | Loss: 0.06843
Epoch 066: | Loss: 0.06220
Epoch 067: | Loss: 0.06402
Epoch 068: | Loss: 0.06080
Epoch 069: | Loss: 0.06036
Epoch 070: | Loss: 0.05566
Epoch 071: | Loss: 0.05714
Epoch 072: | Loss: 0.05859
Epoch 073: | Loss: 0.05844
Epoch 074: | Loss: 0.05086
Epoch 075: | Loss: 0.04658
Epoch 076: | Loss: 0.04688
Epoch 077: | Loss: 0.04137
Epoch 078: | Loss: 0.03966
Epoch 079: | Loss: 0.03446
Epoch 080: | Loss: 0.03734
Epoch 081: | Loss: 0.03840
Epoch 082: | Loss: 0.03897
Epoch 083: | Loss: 0.03494
Epoch 084: | Loss: 0.03501
Epoch 085: | Loss: 0.03120
Epoch 086: | Loss: 0.02734
Epoch 087: | Loss: 0.02742
Epoch 088: | Loss: 0.02815
Epoch 089: | Loss: 0.02807
Epoch 090: | Loss: 0.02648
Epoch 091: | Loss: 0.03243
Epoch 092: | Loss: 0.02498
Epoch 093: | Loss: 0.02667
Epoch 094: | Loss: 0.02809
Epoch 095: | Loss: 0.02785
Epoch 096: | Loss: 0.02664
Epoch 097: | Loss: 0.02421
Epoch 098: | Loss: 0.02914
Epoch 099: | Loss: 0.02621
Epoch 100: | Loss: 0.02741
Epoch 101: | Loss: 0.02457
Epoch 102: | Loss: 0.02406
Epoch 103: | Loss: 0.02511
Epoch 104: | Loss: 0.02341
Epoch 105: | Loss: 0.02588
Epoch 106: | Loss: 0.02776
Epoch 107: | Loss: 0.02506
Epoch 108: | Loss: 0.02526
Epoch 109: | Loss: 0.02590
Epoch 110: | Loss: 0.02828
Epoch 111: | Loss: 0.02698
Epoch 112: | Loss: 0.02466
Epoch 113: | Loss: 0.02871
Epoch 114: | Loss: 0.02649
Epoch 115: | Loss: 0.02507
Epoch 116: | Loss: 0.02931
Epoch 117: | Loss: 0.02446
Epoch 118: | Loss: 0.02635
Epoch 119: | Loss: 0.02714
Epoch 120: | Loss: 0.03158
Epoch 121: | Loss: 0.02880
Epoch 122: | Loss: 0.02916
Epoch 123: | Loss: 0.03226
Epoch 124: | Loss: 0.03046
Epoch 125: | Loss: 0.03358
Epoch 126: | Loss: 0.03252
Epoch 127: | Loss: 0.03328
Epoch 128: | Loss: 0.03790
Epoch 129: | Loss: 0.03959
Epoch 130: | Loss: 0.03638
Epoch 131: | Loss: 0.03939
Epoch 132: | Loss: 0.03850
Epoch 133: | Loss: 0.03928
Epoch 134: | Loss: 0.04023
Epoch 135: | Loss: 0.04441
Epoch 136: | Loss: 0.04709
Epoch 137: | Loss: 0.04601
Epoch 138: | Loss: 0.04802
Epoch 139: | Loss: 0.04838
Epoch 140: | Loss: 0.04597
Epoch 141: | Loss: 0.05250
Epoch 142: | Loss: 0.05219
Epoch 143: | Loss: 0.05611
Epoch 144: | Loss: 0.05558
Epoch 145: | Loss: 0.05921
Epoch 146: | Loss: 0.05408
Epoch 147: | Loss: 0.06128
Epoch 148: | Loss: 0.06024
Epoch 149: | Loss: 0.06578
Epoch 150: | Loss: 0.06447
Epoch 151: | Loss: 0.06855
Epoch 152: | Loss: 0.06880
Epoch 153: | Loss: 0.07742
Epoch 154: | Loss: 0.06997
Epoch 155: | Loss: 0.07382
Epoch 156: | Loss: 0.07722
Epoch 157: | Loss: 0.08230
Epoch 158: | Loss: 0.08505
Epoch 159: | Loss: 0.08142
Epoch 160: | Loss: 0.08349
Epoch 161: | Loss: 0.08362
Epoch 162: | Loss: 0.07940
Epoch 163: | Loss: 0.08722
Epoch 164: | Loss: 0.08540
Epoch 165: | Loss: 0.08089
Epoch 166: | Loss: 0.08894
Epoch 167: | Loss: 0.08590
Epoch 168: | Loss: 0.09773
Epoch 169: | Loss: 0.09708
Epoch 170: | Loss: 0.08943
Epoch 171: | Loss: 0.09062
Epoch 172: | Loss: 0.10191
Epoch 173: | Loss: 0.09239
Epoch 174: | Loss: 0.09662
Epoch 175: | Loss: 0.10166
Epoch 176: | Loss: 0.10068
Epoch 177: | Loss: 0.09637
Epoch 178: | Loss: 0.09756
Epoch 179: | Loss: 0.10325
Epoch 180: | Loss: 0.10067
Epoch 181: | Loss: 0.11489
Epoch 182: | Loss: 0.09788
Epoch 183: | Loss: 0.10124
Epoch 184: | Loss: 0.10495
Epoch 185: | Loss: 0.10353
Epoch 186: | Loss: 0.10770
Epoch 187: | Loss: 0.09668
Epoch 188: | Loss: 0.10664
Epoch 189: | Loss: 0.10339
Epoch 190: | Loss: 0.10679
Epoch 191: | Loss: 0.09913
Epoch 192: | Loss: 0.09653
Epoch 193: | Loss: 0.09922
Epoch 194: | Loss: 0.09569
Epoch 195: | Loss: 0.09447
Epoch 196: | Loss: 0.09503
Epoch 197: | Loss: 0.09437
Epoch 198: | Loss: 0.09137
Epoch 199: | Loss: 0.09378
Accuracy: 0.8767948717948718
Epoch 000: | Loss: 1.53136
Epoch 001: | Loss: 1.48227
Epoch 002: | Loss: 1.46280
Epoch 003: | Loss: 1.45176
Epoch 004: | Loss: 1.44052
Epoch 005: | Loss: 1.42802
Epoch 006: | Loss: 1.40764
Epoch 007: | Loss: 1.38338
Epoch 008: | Loss: 1.36157
Epoch 009: | Loss: 1.34559
Epoch 010: | Loss: 1.32510
Epoch 011: | Loss: 1.30769
Epoch 012: | Loss: 1.28761
Epoch 013: | Loss: 1.26906
Epoch 014: | Loss: 1.24354
Epoch 015: | Loss: 1.22570
Epoch 016: | Loss: 1.20493
Epoch 017: | Loss: 1.17136
Epoch 018: | Loss: 1.13748
Epoch 019: | Loss: 1.11291
Epoch 020: | Loss: 1.09380
Epoch 021: | Loss: 1.07763
Epoch 022: | Loss: 1.06201
Epoch 023: | Loss: 1.04685
Epoch 024: | Loss: 1.02955
Epoch 025: | Loss: 1.02129
Epoch 026: | Loss: 1.00600
Epoch 027: | Loss: 0.99801
Epoch 028: | Loss: 0.99039
Epoch 029: | Loss: 0.98271
Epoch 030: | Loss: 0.96879
Epoch 031: | Loss: 0.96348
Epoch 032: | Loss: 0.96215
Epoch 033: | Loss: 0.95045
Epoch 034: | Loss: 0.94052
Epoch 035: | Loss: 0.94117
Epoch 036: | Loss: 0.93182
Epoch 037: | Loss: 0.92345
Epoch 038: | Loss: 0.92082
Epoch 039: | Loss: 0.90867
Epoch 040: | Loss: 0.90806
Epoch 041: | Loss: 0.90358
Epoch 042: | Loss: 0.90091
Epoch 043: | Loss: 0.89011
Epoch 044: | Loss: 0.89305
Epoch 045: | Loss: 0.88867
Epoch 046: | Loss: 0.87893
Epoch 047: | Loss: 0.88020
Epoch 048: | Loss: 0.86965
Epoch 049: | Loss: 0.86718
Epoch 050: | Loss: 0.86038
Epoch 051: | Loss: 0.86007
Epoch 052: | Loss: 0.85353
Epoch 053: | Loss: 0.85337
Epoch 054: | Loss: 0.84842
Epoch 055: | Loss: 0.84341
Epoch 056: | Loss: 0.83613
Epoch 057: | Loss: 0.83645
Epoch 058: | Loss: 0.83428
Epoch 059: | Loss: 0.83422
Epoch 060: | Loss: 0.82959
Epoch 061: | Loss: 0.82607
Epoch 062: | Loss: 0.82082
Epoch 063: | Loss: 0.81632
Epoch 064: | Loss: 0.81085
Epoch 065: | Loss: 0.81466
Epoch 066: | Loss: 0.80327
Epoch 067: | Loss: 0.80250
Epoch 068: | Loss: 0.80613
Epoch 069: | Loss: 0.80085
Epoch 070: | Loss: 0.79788
Epoch 071: | Loss: 0.79269
Epoch 072: | Loss: 0.79491
Epoch 073: | Loss: 0.78697
Epoch 074: | Loss: 0.78073
Epoch 075: | Loss: 0.78290
Epoch 076: | Loss: 0.78592
Epoch 077: | Loss: 0.77944
Epoch 078: | Loss: 0.78129
Epoch 079: | Loss: 0.77310
Epoch 080: | Loss: 0.76883
Epoch 081: | Loss: 0.76934
Epoch 082: | Loss: 0.76675
Epoch 083: | Loss: 0.76526
Epoch 084: | Loss: 0.75726
Epoch 085: | Loss: 0.75744
Epoch 086: | Loss: 0.75591
Epoch 087: | Loss: 0.76041
Epoch 088: | Loss: 0.75306
Epoch 089: | Loss: 0.74987
Epoch 090: | Loss: 0.75730
Epoch 091: | Loss: 0.75030
Epoch 092: | Loss: 0.73964
Epoch 093: | Loss: 0.74547
Epoch 094: | Loss: 0.74219
Epoch 095: | Loss: 0.74155
Epoch 096: | Loss: 0.74569
Epoch 097: | Loss: 0.73750
Epoch 098: | Loss: 0.73179
Epoch 099: | Loss: 0.73350
Epoch 100: | Loss: 0.72481
Epoch 101: | Loss: 0.72346
Epoch 102: | Loss: 0.72007
Epoch 103: | Loss: 0.72379
Epoch 104: | Loss: 0.72450
Epoch 105: | Loss: 0.72417
Epoch 106: | Loss: 0.71633
Epoch 107: | Loss: 0.71368
Epoch 108: | Loss: 0.71972
Epoch 109: | Loss: 0.71388
Epoch 110: | Loss: 0.71207
Epoch 111: | Loss: 0.70852
Epoch 112: | Loss: 0.70458
Epoch 113: | Loss: 0.70267
Epoch 114: | Loss: 0.70380
Epoch 115: | Loss: 0.69968
Epoch 116: | Loss: 0.70147
Epoch 117: | Loss: 0.69722
Epoch 118: | Loss: 0.69539
Epoch 119: | Loss: 0.69343
Epoch 120: | Loss: 0.68636
Epoch 121: | Loss: 0.68821
Epoch 122: | Loss: 0.68830
Epoch 123: | Loss: 0.69037
Epoch 124: | Loss: 0.68696
Epoch 125: | Loss: 0.68118
Epoch 126: | Loss: 0.68150
Epoch 127: | Loss: 0.68045
Epoch 128: | Loss: 0.67525
Epoch 129: | Loss: 0.67463
Epoch 130: | Loss: 0.67356
Epoch 131: | Loss: 0.67221
Epoch 132: | Loss: 0.66997
Epoch 133: | Loss: 0.67101
Epoch 134: | Loss: 0.67460
Epoch 135: | Loss: 0.66835
Epoch 136: | Loss: 0.66699
Epoch 137: | Loss: 0.66464
Epoch 138: | Loss: 0.66290
Epoch 139: | Loss: 0.66107
Epoch 140: | Loss: 0.65541
Epoch 141: | Loss: 0.65763
Epoch 142: | Loss: 0.65625
Epoch 143: | Loss: 0.65621
Epoch 144: | Loss: 0.64892
Epoch 145: | Loss: 0.65528
Epoch 146: | Loss: 0.65017
Epoch 147: | Loss: 0.65066
Epoch 148: | Loss: 0.64449
Epoch 149: | Loss: 0.64597
Epoch 150: | Loss: 0.64645
Epoch 151: | Loss: 0.63894
Epoch 152: | Loss: 0.64181
Epoch 153: | Loss: 0.64173
Epoch 154: | Loss: 0.64401
Epoch 155: | Loss: 0.63350
Epoch 156: | Loss: 0.62891
Epoch 157: | Loss: 0.63304
Epoch 158: | Loss: 0.63080
Epoch 159: | Loss: 0.62400
Epoch 160: | Loss: 0.63352
Epoch 161: | Loss: 0.62956
Epoch 162: | Loss: 0.62560
Epoch 163: | Loss: 0.62317
Epoch 164: | Loss: 0.62180
Epoch 165: | Loss: 0.61713
Epoch 166: | Loss: 0.61935
Epoch 167: | Loss: 0.61436
Epoch 168: | Loss: 0.61360
Epoch 169: | Loss: 0.61546
Epoch 170: | Loss: 0.61449
Epoch 171: | Loss: 0.60646
Epoch 172: | Loss: 0.61231
Epoch 173: | Loss: 0.61402
Epoch 174: | Loss: 0.61509
Epoch 175: | Loss: 0.60061
Epoch 176: | Loss: 0.60031
Epoch 177: | Loss: 0.60569
Epoch 178: | Loss: 0.60450
Epoch 179: | Loss: 0.59815
Epoch 180: | Loss: 0.59378
Epoch 181: | Loss: 0.59385
Epoch 182: | Loss: 0.59496
Epoch 183: | Loss: 0.59517
Epoch 184: | Loss: 0.59355
Epoch 185: | Loss: 0.59985
Epoch 186: | Loss: 0.59230
Epoch 187: | Loss: 0.58692
Epoch 188: | Loss: 0.58871
Epoch 189: | Loss: 0.59074
Epoch 190: | Loss: 0.58198
Epoch 191: | Loss: 0.58461
Epoch 192: | Loss: 0.58364
Epoch 193: | Loss: 0.58003
Epoch 194: | Loss: 0.58228
Epoch 195: | Loss: 0.57846
Epoch 196: | Loss: 0.57753
Epoch 197: | Loss: 0.57518
Epoch 198: | Loss: 0.57963
Epoch 199: | Loss: 0.57215
Accuracy: 0.11110309829059828
Epoch 000: | Loss: 1.24982
Epoch 001: | Loss: 0.78687
Epoch 002: | Loss: 0.64726
Epoch 003: | Loss: 0.56063
Epoch 004: | Loss: 0.50671
Epoch 005: | Loss: 0.46157
Epoch 006: | Loss: 0.43667
Epoch 007: | Loss: 0.42026
Epoch 008: | Loss: 0.39565
Epoch 009: | Loss: 0.37915
Epoch 010: | Loss: 0.36520
Epoch 011: | Loss: 0.35639
Epoch 012: | Loss: 0.33725
Epoch 013: | Loss: 0.33037
Epoch 014: | Loss: 0.32359
Epoch 015: | Loss: 0.30822
Epoch 016: | Loss: 0.29301
Epoch 017: | Loss: 0.29626
Epoch 018: | Loss: 0.28744
Epoch 019: | Loss: 0.28154
Epoch 020: | Loss: 0.27042
Epoch 021: | Loss: 0.26485
Epoch 022: | Loss: 0.25813
Epoch 023: | Loss: 0.25554
Epoch 024: | Loss: 0.24981
Epoch 025: | Loss: 0.24679
Epoch 026: | Loss: 0.23902
Epoch 027: | Loss: 0.23169
Epoch 028: | Loss: 0.22935
Epoch 029: | Loss: 0.22911
Epoch 030: | Loss: 0.22468
Epoch 031: | Loss: 0.21942
Epoch 032: | Loss: 0.21546
Epoch 033: | Loss: 0.21860
Epoch 034: | Loss: 0.20082
Epoch 035: | Loss: 0.19386
Epoch 036: | Loss: 0.19472
Epoch 037: | Loss: 0.19619
Epoch 038: | Loss: 0.19459
Epoch 039: | Loss: 0.17797
Epoch 040: | Loss: 0.17997
Epoch 041: | Loss: 0.17414
Epoch 042: | Loss: 0.17898
Epoch 043: | Loss: 0.17172
Epoch 044: | Loss: 0.16239
Epoch 045: | Loss: 0.15977
Epoch 046: | Loss: 0.15063
Epoch 047: | Loss: 0.15463
Epoch 048: | Loss: 0.15228
Epoch 049: | Loss: 0.14508
Epoch 050: | Loss: 0.13858
Epoch 051: | Loss: 0.13565
Epoch 052: | Loss: 0.14129
Epoch 053: | Loss: 0.12847
Epoch 054: | Loss: 0.12893
Epoch 055: | Loss: 0.12679
Epoch 056: | Loss: 0.12513
Epoch 057: | Loss: 0.12875
Epoch 058: | Loss: 0.12483
Epoch 059: | Loss: 0.11816
Epoch 060: | Loss: 0.11806
Epoch 061: | Loss: 0.11008
Epoch 062: | Loss: 0.11092
Epoch 063: | Loss: 0.10357
Epoch 064: | Loss: 0.10032
Epoch 065: | Loss: 0.10499
Epoch 066: | Loss: 0.09940
Epoch 067: | Loss: 0.10118
Epoch 068: | Loss: 0.09562
Epoch 069: | Loss: 0.09013
Epoch 070: | Loss: 0.09534
Epoch 071: | Loss: 0.08929
Epoch 072: | Loss: 0.08926
Epoch 073: | Loss: 0.08470
Epoch 074: | Loss: 0.08410
Epoch 075: | Loss: 0.08406
Epoch 076: | Loss: 0.08128
Epoch 077: | Loss: 0.07506
Epoch 078: | Loss: 0.07946
Epoch 079: | Loss: 0.08433
Epoch 080: | Loss: 0.07662
Epoch 081: | Loss: 0.06986
Epoch 082: | Loss: 0.07383
Epoch 083: | Loss: 0.06761
Epoch 084: | Loss: 0.07191
Epoch 085: | Loss: 0.06356
Epoch 086: | Loss: 0.06697
Epoch 087: | Loss: 0.06481
Epoch 088: | Loss: 0.06298
Epoch 089: | Loss: 0.06262
Epoch 090: | Loss: 0.06005
Epoch 091: | Loss: 0.05565
Epoch 092: | Loss: 0.05633
Epoch 093: | Loss: 0.05885
Epoch 094: | Loss: 0.05692
Epoch 095: | Loss: 0.05249
Epoch 096: | Loss: 0.05337
Epoch 097: | Loss: 0.05588
Epoch 098: | Loss: 0.05180
Epoch 099: | Loss: 0.04977
Epoch 100: | Loss: 0.04656
Epoch 101: | Loss: 0.04964
Epoch 102: | Loss: 0.04803
Epoch 103: | Loss: 0.04748
Epoch 104: | Loss: 0.04631
Epoch 105: | Loss: 0.04487
Epoch 106: | Loss: 0.04118
Epoch 107: | Loss: 0.04658
Epoch 108: | Loss: 0.03721
Epoch 109: | Loss: 0.04337
Epoch 110: | Loss: 0.03692
Epoch 111: | Loss: 0.03728
Epoch 112: | Loss: 0.04012
Epoch 113: | Loss: 0.03437
Epoch 114: | Loss: 0.03939
Epoch 115: | Loss: 0.03670
Epoch 116: | Loss: 0.03306
Epoch 117: | Loss: 0.03499
Epoch 118: | Loss: 0.03494
Epoch 119: | Loss: 0.03274
Epoch 120: | Loss: 0.02868
Epoch 121: | Loss: 0.03493
Epoch 122: | Loss: 0.03272
Epoch 123: | Loss: 0.02798
Epoch 124: | Loss: 0.02863
Epoch 125: | Loss: 0.02859
Epoch 126: | Loss: 0.02853
Epoch 127: | Loss: 0.02912
Epoch 128: | Loss: 0.02566
Epoch 129: | Loss: 0.02555
Epoch 130: | Loss: 0.02311
Epoch 131: | Loss: 0.02206
Epoch 132: | Loss: 0.02433
Epoch 133: | Loss: 0.02569
Epoch 134: | Loss: 0.02290
Epoch 135: | Loss: 0.02109
Epoch 136: | Loss: 0.02318
Epoch 137: | Loss: 0.02485
Epoch 138: | Loss: 0.01899
Epoch 139: | Loss: 0.02112
Epoch 140: | Loss: 0.01921
Epoch 141: | Loss: 0.01836
Epoch 142: | Loss: 0.01818
Epoch 143: | Loss: 0.01819
Epoch 144: | Loss: 0.01980
Epoch 145: | Loss: 0.01819
Epoch 146: | Loss: 0.01648
Epoch 147: | Loss: 0.02135
Epoch 148: | Loss: 0.01681
Epoch 149: | Loss: 0.02004
Epoch 150: | Loss: 0.01781
Epoch 151: | Loss: 0.01763
Epoch 152: | Loss: 0.01425
Epoch 153: | Loss: 0.01529
Epoch 154: | Loss: 0.01360
Epoch 155: | Loss: 0.01754
Epoch 156: | Loss: 0.01664
Epoch 157: | Loss: 0.01467
Epoch 158: | Loss: 0.01376
Epoch 159: | Loss: 0.01634
Epoch 160: | Loss: 0.01223
Epoch 161: | Loss: 0.01351
Epoch 162: | Loss: 0.01356
Epoch 163: | Loss: 0.01500
Epoch 164: | Loss: 0.01210
Epoch 165: | Loss: 0.01159
Epoch 166: | Loss: 0.01231
Epoch 167: | Loss: 0.01320
Epoch 168: | Loss: 0.01158
Epoch 169: | Loss: 0.01223
Epoch 170: | Loss: 0.01067
Epoch 171: | Loss: 0.01351
Epoch 172: | Loss: 0.01297
Epoch 173: | Loss: 0.01161
Epoch 174: | Loss: 0.01113
Epoch 175: | Loss: 0.01170
Epoch 176: | Loss: 0.01148
Epoch 177: | Loss: 0.01028
Epoch 178: | Loss: 0.01002
Epoch 179: | Loss: 0.01075
Epoch 180: | Loss: 0.00990
Epoch 181: | Loss: 0.01056
Epoch 182: | Loss: 0.01088
Epoch 183: | Loss: 0.01109
Epoch 184: | Loss: 0.01010
Epoch 185: | Loss: 0.01079
Epoch 186: | Loss: 0.00951
Epoch 187: | Loss: 0.01061
Epoch 188: | Loss: 0.00937
Epoch 189: | Loss: 0.00972
Epoch 190: | Loss: 0.00845
Epoch 191: | Loss: 0.01059
Epoch 192: | Loss: 0.00938
Epoch 193: | Loss: 0.00917
Epoch 194: | Loss: 0.00975
Epoch 195: | Loss: 0.00802
Epoch 196: | Loss: 0.00890
Epoch 197: | Loss: 0.00948
Epoch 198: | Loss: 0.00919
Epoch 199: | Loss: 0.01152
Accuracy: 0.3849626068376068
Epoch 000: | Loss: 1.35486
Epoch 001: | Loss: 0.93170
Epoch 002: | Loss: 0.75197
Epoch 003: | Loss: 0.68119
Epoch 004: | Loss: 0.63488
Epoch 005: | Loss: 0.59894
Epoch 006: | Loss: 0.56409
Epoch 007: | Loss: 0.54325
Epoch 008: | Loss: 0.51906
Epoch 009: | Loss: 0.50611
Epoch 010: | Loss: 0.48811
Epoch 011: | Loss: 0.47399
Epoch 012: | Loss: 0.46307
Epoch 013: | Loss: 0.44802
Epoch 014: | Loss: 0.44034
Epoch 015: | Loss: 0.42841
Epoch 016: | Loss: 0.41919
Epoch 017: | Loss: 0.41227
Epoch 018: | Loss: 0.40893
Epoch 019: | Loss: 0.39965
Epoch 020: | Loss: 0.39500
Epoch 021: | Loss: 0.37962
Epoch 022: | Loss: 0.37136
Epoch 023: | Loss: 0.36957
Epoch 024: | Loss: 0.36258
Epoch 025: | Loss: 0.35520
Epoch 026: | Loss: 0.35001
Epoch 027: | Loss: 0.34638
Epoch 028: | Loss: 0.33842
Epoch 029: | Loss: 0.32671
Epoch 030: | Loss: 0.33107
Epoch 031: | Loss: 0.32225
Epoch 032: | Loss: 0.31993
Epoch 033: | Loss: 0.31720
Epoch 034: | Loss: 0.30847
Epoch 035: | Loss: 0.30648
Epoch 036: | Loss: 0.30259
Epoch 037: | Loss: 0.29814
Epoch 038: | Loss: 0.29030
Epoch 039: | Loss: 0.28983
Epoch 040: | Loss: 0.29048
Epoch 041: | Loss: 0.28916
Epoch 042: | Loss: 0.27874
Epoch 043: | Loss: 0.27519
Epoch 044: | Loss: 0.27431
Epoch 045: | Loss: 0.27372
Epoch 046: | Loss: 0.26678
Epoch 047: | Loss: 0.26257
Epoch 048: | Loss: 0.25684
Epoch 049: | Loss: 0.26079
Epoch 050: | Loss: 0.25643
Epoch 051: | Loss: 0.25505
Epoch 052: | Loss: 0.25192
Epoch 053: | Loss: 0.25234
Epoch 054: | Loss: 0.24953
Epoch 055: | Loss: 0.24830
Epoch 056: | Loss: 0.24179
Epoch 057: | Loss: 0.23903
Epoch 058: | Loss: 0.23693
Epoch 059: | Loss: 0.23542
Epoch 060: | Loss: 0.23495
Epoch 061: | Loss: 0.23256
Epoch 062: | Loss: 0.23040
Epoch 063: | Loss: 0.22500
Epoch 064: | Loss: 0.23264
Epoch 065: | Loss: 0.22336
Epoch 066: | Loss: 0.22582
Epoch 067: | Loss: 0.22151
Epoch 068: | Loss: 0.22167
Epoch 069: | Loss: 0.21661
Epoch 070: | Loss: 0.21705
Epoch 071: | Loss: 0.21773
Epoch 072: | Loss: 0.21500
Epoch 073: | Loss: 0.21435
Epoch 074: | Loss: 0.21455
Epoch 075: | Loss: 0.21080
Epoch 076: | Loss: 0.20985
Epoch 077: | Loss: 0.21174
Epoch 078: | Loss: 0.20872
Epoch 079: | Loss: 0.20508
Epoch 080: | Loss: 0.21143
Epoch 081: | Loss: 0.20848
Epoch 082: | Loss: 0.20818
Epoch 083: | Loss: 0.21276
Epoch 084: | Loss: 0.20724
Epoch 085: | Loss: 0.20668
Epoch 086: | Loss: 0.20476
Epoch 087: | Loss: 0.20417
Epoch 088: | Loss: 0.21193
Epoch 089: | Loss: 0.20162
Epoch 090: | Loss: 0.20649
Epoch 091: | Loss: 0.20600
Epoch 092: | Loss: 0.20498
Epoch 093: | Loss: 0.20354
Epoch 094: | Loss: 0.19967
Epoch 095: | Loss: 0.20013
Epoch 096: | Loss: 0.20536
Epoch 097: | Loss: 0.20242
Epoch 098: | Loss: 0.20575
Epoch 099: | Loss: 0.19943
Epoch 100: | Loss: 0.20608
Epoch 101: | Loss: 0.19707
Epoch 102: | Loss: 0.20412
Epoch 103: | Loss: 0.20447
Epoch 104: | Loss: 0.20146
Epoch 105: | Loss: 0.20154
Epoch 106: | Loss: 0.20323
Epoch 107: | Loss: 0.20653
Epoch 108: | Loss: 0.20120
Epoch 109: | Loss: 0.19985
Epoch 110: | Loss: 0.20197
Epoch 111: | Loss: 0.20229
Epoch 112: | Loss: 0.20887
Epoch 113: | Loss: 0.20748
Epoch 114: | Loss: 0.20121
Epoch 115: | Loss: 0.20868
Epoch 116: | Loss: 0.19789
Epoch 117: | Loss: 0.20244
Epoch 118: | Loss: 0.20253
Epoch 119: | Loss: 0.20179
Epoch 120: | Loss: 0.20219
Epoch 121: | Loss: 0.20398
Epoch 122: | Loss: 0.20440
Epoch 123: | Loss: 0.20140
Epoch 124: | Loss: 0.19828
Epoch 125: | Loss: 0.20207
Epoch 126: | Loss: 0.19699
Epoch 127: | Loss: 0.19894
Epoch 128: | Loss: 0.20180
Epoch 129: | Loss: 0.20273
Epoch 130: | Loss: 0.20047
Epoch 131: | Loss: 0.20119
Epoch 132: | Loss: 0.19913
Epoch 133: | Loss: 0.20375
Epoch 134: | Loss: 0.20093
Epoch 135: | Loss: 0.19679
Epoch 136: | Loss: 0.19348
Epoch 137: | Loss: 0.19529
Epoch 138: | Loss: 0.19949
Epoch 139: | Loss: 0.19979
Epoch 140: | Loss: 0.19709
Epoch 141: | Loss: 0.19703
Epoch 142: | Loss: 0.19184
Epoch 143: | Loss: 0.19412
Epoch 144: | Loss: 0.19552
Epoch 145: | Loss: 0.19113
Epoch 146: | Loss: 0.18881
Epoch 147: | Loss: 0.19517
Epoch 148: | Loss: 0.18852
Epoch 149: | Loss: 0.19195
Epoch 150: | Loss: 0.19153
Epoch 151: | Loss: 0.18484
Epoch 152: | Loss: 0.18795
Epoch 153: | Loss: 0.18677
Epoch 154: | Loss: 0.18500
Epoch 155: | Loss: 0.18027
Epoch 156: | Loss: 0.18065
Epoch 157: | Loss: 0.18344
Epoch 158: | Loss: 0.18288
Epoch 159: | Loss: 0.17958
Epoch 160: | Loss: 0.17592
Epoch 161: | Loss: 0.17970
Epoch 162: | Loss: 0.17572
Epoch 163: | Loss: 0.17683
Epoch 164: | Loss: 0.17736
Epoch 165: | Loss: 0.17358
Epoch 166: | Loss: 0.17099
Epoch 167: | Loss: 0.17410
Epoch 168: | Loss: 0.17241
Epoch 169: | Loss: 0.16778
Epoch 170: | Loss: 0.17263
Epoch 171: | Loss: 0.16706
Epoch 172: | Loss: 0.16385
Epoch 173: | Loss: 0.15799
Epoch 174: | Loss: 0.16699
Epoch 175: | Loss: 0.15696
Epoch 176: | Loss: 0.16137
Epoch 177: | Loss: 0.16239
Epoch 178: | Loss: 0.16260
Epoch 179: | Loss: 0.15180
Epoch 180: | Loss: 0.15639
Epoch 181: | Loss: 0.15765
Epoch 182: | Loss: 0.15261
Epoch 183: | Loss: 0.15274
Epoch 184: | Loss: 0.15368
Epoch 185: | Loss: 0.14881
Epoch 186: | Loss: 0.14766
Epoch 187: | Loss: 0.14060
Epoch 188: | Loss: 0.14535
Epoch 189: | Loss: 0.14369
Epoch 190: | Loss: 0.14143
Epoch 191: | Loss: 0.13421
Epoch 192: | Loss: 0.14320
Epoch 193: | Loss: 0.14039
Epoch 194: | Loss: 0.13272
Epoch 195: | Loss: 0.13313
Epoch 196: | Loss: 0.13706
Epoch 197: | Loss: 0.12487
Epoch 198: | Loss: 0.12872
Epoch 199: | Loss: 0.12789
