cnn1d
Start time:  2023-10-20 10:24:56.850087
Loading data...
Data loaded.
Epoch:  0 Loss:  1.7455028295516968
Epoch:  10 Loss:  1.7276685237884521
Epoch:  20 Loss:  1.7620633840560913
Epoch:  30 Loss:  1.718751311302185
Epoch:  40 Loss:  1.7276685237884521
Epoch:  50 Loss:  1.731490135192871
Epoch:  60 Loss:  1.7302162647247314
Epoch:  70 Loss:  1.7302162647247314
Epoch:  80 Loss:  1.7302162647247314
Epoch:  90 Loss:  1.7442289590835571
Epoch:  100 Loss:  1.7391334772109985
Epoch:  110 Loss:  1.731490135192871
Epoch:  120 Loss:  1.7340378761291504
Epoch:  130 Loss:  1.7467767000198364
Epoch:  140 Loss:  1.718751311302185
End time:  2023-10-20 10:34:57.412196
Total time:  0:10:00.562109
