MODEL_NAME:  vit1d
Start time:  2023-07-16 19:53:23.581566
Device:  cuda
Max Epochs:  200
Early Stopping Reference Size:  5
Epoch 001: | Loss: 0.81756
Epoch 002: | Loss: 0.45848
Epoch 003: | Loss: 0.37285
Epoch 004: | Loss: 0.29935
Epoch 005: | Loss: 0.25040
early stopping at epoch 6 with loss 0.20341
Model's state_dict:
pos_embedding 	 torch.Size([1, 17, 1024])
cls_token 	 torch.Size([1024])
to_patch_embedding.1.weight 	 torch.Size([15])
to_patch_embedding.1.bias 	 torch.Size([15])
to_patch_embedding.2.weight 	 torch.Size([1024, 15])
to_patch_embedding.2.bias 	 torch.Size([1024])
to_patch_embedding.3.weight 	 torch.Size([1024])
to_patch_embedding.3.bias 	 torch.Size([1024])
transformer.layers.0.0.norm.weight 	 torch.Size([1024])
transformer.layers.0.0.norm.bias 	 torch.Size([1024])
transformer.layers.0.0.fn.to_qkv.weight 	 torch.Size([1536, 1024])
transformer.layers.0.0.fn.to_out.0.weight 	 torch.Size([1024, 512])
transformer.layers.0.0.fn.to_out.0.bias 	 torch.Size([1024])
transformer.layers.0.1.norm.weight 	 torch.Size([1024])
transformer.layers.0.1.norm.bias 	 torch.Size([1024])
transformer.layers.0.1.fn.net.0.weight 	 torch.Size([2048, 1024])
transformer.layers.0.1.fn.net.0.bias 	 torch.Size([2048])
transformer.layers.0.1.fn.net.3.weight 	 torch.Size([1024, 2048])
transformer.layers.0.1.fn.net.3.bias 	 torch.Size([1024])
transformer.layers.1.0.norm.weight 	 torch.Size([1024])
transformer.layers.1.0.norm.bias 	 torch.Size([1024])
transformer.layers.1.0.fn.to_qkv.weight 	 torch.Size([1536, 1024])
transformer.layers.1.0.fn.to_out.0.weight 	 torch.Size([1024, 512])
transformer.layers.1.0.fn.to_out.0.bias 	 torch.Size([1024])
transformer.layers.1.1.norm.weight 	 torch.Size([1024])
transformer.layers.1.1.norm.bias 	 torch.Size([1024])
transformer.layers.1.1.fn.net.0.weight 	 torch.Size([2048, 1024])
transformer.layers.1.1.fn.net.0.bias 	 torch.Size([2048])
transformer.layers.1.1.fn.net.3.weight 	 torch.Size([1024, 2048])
transformer.layers.1.1.fn.net.3.bias 	 torch.Size([1024])
transformer.layers.2.0.norm.weight 	 torch.Size([1024])
transformer.layers.2.0.norm.bias 	 torch.Size([1024])
transformer.layers.2.0.fn.to_qkv.weight 	 torch.Size([1536, 1024])
transformer.layers.2.0.fn.to_out.0.weight 	 torch.Size([1024, 512])
transformer.layers.2.0.fn.to_out.0.bias 	 torch.Size([1024])
transformer.layers.2.1.norm.weight 	 torch.Size([1024])
transformer.layers.2.1.norm.bias 	 torch.Size([1024])
transformer.layers.2.1.fn.net.0.weight 	 torch.Size([2048, 1024])
transformer.layers.2.1.fn.net.0.bias 	 torch.Size([2048])
transformer.layers.2.1.fn.net.3.weight 	 torch.Size([1024, 2048])
transformer.layers.2.1.fn.net.3.bias 	 torch.Size([1024])
transformer.layers.3.0.norm.weight 	 torch.Size([1024])
transformer.layers.3.0.norm.bias 	 torch.Size([1024])
transformer.layers.3.0.fn.to_qkv.weight 	 torch.Size([1536, 1024])
transformer.layers.3.0.fn.to_out.0.weight 	 torch.Size([1024, 512])
transformer.layers.3.0.fn.to_out.0.bias 	 torch.Size([1024])
transformer.layers.3.1.norm.weight 	 torch.Size([1024])
transformer.layers.3.1.norm.bias 	 torch.Size([1024])
transformer.layers.3.1.fn.net.0.weight 	 torch.Size([2048, 1024])
transformer.layers.3.1.fn.net.0.bias 	 torch.Size([2048])
transformer.layers.3.1.fn.net.3.weight 	 torch.Size([1024, 2048])
transformer.layers.3.1.fn.net.3.bias 	 torch.Size([1024])
transformer.layers.4.0.norm.weight 	 torch.Size([1024])
transformer.layers.4.0.norm.bias 	 torch.Size([1024])
transformer.layers.4.0.fn.to_qkv.weight 	 torch.Size([1536, 1024])
transformer.layers.4.0.fn.to_out.0.weight 	 torch.Size([1024, 512])
transformer.layers.4.0.fn.to_out.0.bias 	 torch.Size([1024])
transformer.layers.4.1.norm.weight 	 torch.Size([1024])
transformer.layers.4.1.norm.bias 	 torch.Size([1024])
transformer.layers.4.1.fn.net.0.weight 	 torch.Size([2048, 1024])
transformer.layers.4.1.fn.net.0.bias 	 torch.Size([2048])
transformer.layers.4.1.fn.net.3.weight 	 torch.Size([1024, 2048])
transformer.layers.4.1.fn.net.3.bias 	 torch.Size([1024])
transformer.layers.5.0.norm.weight 	 torch.Size([1024])
transformer.layers.5.0.norm.bias 	 torch.Size([1024])
transformer.layers.5.0.fn.to_qkv.weight 	 torch.Size([1536, 1024])
transformer.layers.5.0.fn.to_out.0.weight 	 torch.Size([1024, 512])
transformer.layers.5.0.fn.to_out.0.bias 	 torch.Size([1024])
transformer.layers.5.1.norm.weight 	 torch.Size([1024])
transformer.layers.5.1.norm.bias 	 torch.Size([1024])
transformer.layers.5.1.fn.net.0.weight 	 torch.Size([2048, 1024])
transformer.layers.5.1.fn.net.0.bias 	 torch.Size([2048])
transformer.layers.5.1.fn.net.3.weight 	 torch.Size([1024, 2048])
transformer.layers.5.1.fn.net.3.bias 	 torch.Size([1024])
mlp_head.0.weight 	 torch.Size([1024])
mlp_head.0.bias 	 torch.Size([1024])
mlp_head.1.weight 	 torch.Size([6, 1024])
mlp_head.1.bias 	 torch.Size([6])
Optimizer's state_dict:
state 	 {0: {'step': tensor(864.), 'exp_avg': tensor([[[-3.4341e-05, -4.9779e-05, -1.1364e-04,  ..., -3.4198e-05,
           4.7686e-05, -5.7446e-05],
         [ 4.1633e-05,  8.2324e-05, -3.0797e-05,  ..., -6.4948e-07,
           6.8435e-05, -6.1837e-05],
         [-5.0698e-05,  2.8706e-05, -2.7183e-05,  ...,  8.5920e-07,
           1.2135e-05, -4.2226e-07],
         ...,
         [ 5.2373e-05,  3.9438e-05,  4.4195e-05,  ..., -5.4402e-05,
           5.2101e-06,  4.4252e-05],
         [-4.2884e-05, -2.5422e-05,  5.8051e-05,  ..., -2.2123e-05,
           4.0788e-05,  3.6990e-05],
         [ 1.9779e-05, -2.9495e-05, -2.8304e-05,  ...,  1.0051e-05,
           1.0695e-05, -4.3666e-05]]], device='cuda:0'), 'exp_avg_sq': tensor([[[5.9934e-08, 1.7110e-07, 3.5078e-07,  ..., 2.2116e-07,
          1.8194e-07, 1.8994e-07],
         [1.2006e-08, 1.0269e-08, 8.8027e-09,  ..., 7.6269e-09,
          7.4741e-09, 1.2386e-08],
         [1.0999e-08, 1.1097e-08, 7.4938e-09,  ..., 6.8547e-09,
          8.5902e-09, 9.8975e-09],
         ...,
         [1.1062e-08, 9.3856e-09, 1.1370e-08,  ..., 8.7270e-09,
          8.7506e-09, 1.1876e-08],
         [1.0935e-08, 1.1940e-08, 1.0673e-08,  ..., 8.1198e-09,
          9.7530e-09, 1.2974e-08],
         [1.0663e-08, 8.9011e-09, 6.3277e-09,  ..., 5.7279e-09,
          7.5468e-09, 8.2793e-09]]], device='cuda:0')}, 1: {'step': tensor(864.), 'exp_avg': tensor([-3.4341e-05, -4.9779e-05, -1.1364e-04,  ..., -3.4198e-05,
         4.7686e-05, -5.7446e-05], device='cuda:0'), 'exp_avg_sq': tensor([5.9934e-08, 1.7110e-07, 3.5078e-07,  ..., 2.2116e-07, 1.8194e-07,
        1.8994e-07], device='cuda:0')}, 2: {'step': tensor(864.), 'exp_avg': tensor([-0.0018,  0.0118,  0.0032,  0.0063, -0.0077, -0.0051,  0.0041,  0.0041,
         0.0071, -0.0073,  0.0068, -0.0010, -0.0141, -0.0054, -0.0038],
       device='cuda:0'), 'exp_avg_sq': tensor([0.0004, 0.0003, 0.0002, 0.0004, 0.0002, 0.0003, 0.0002, 0.0002, 0.0003,
        0.0003, 0.0003, 0.0002, 0.0002, 0.0002, 0.0005], device='cuda:0')}, 3: {'step': tensor(864.), 'exp_avg': tensor([ 0.0036,  0.0037, -0.0041, -0.0125, -0.0051,  0.0057,  0.0082,  0.0096,
         0.0124, -0.0024, -0.0008, -0.0041, -0.0064, -0.0025, -0.0013],
       device='cuda:0'), 'exp_avg_sq': tensor([0.0004, 0.0002, 0.0002, 0.0003, 0.0002, 0.0003, 0.0002, 0.0003, 0.0002,
        0.0002, 0.0002, 0.0001, 0.0001, 0.0002, 0.0003], device='cuda:0')}, 4: {'step': tensor(864.), 'exp_avg': tensor([[-2.9370e-05,  5.2023e-04,  2.6145e-04,  ...,  2.4942e-04,
         -1.6842e-05,  2.3861e-04],
        [-4.2644e-05,  1.7029e-04,  4.1196e-04,  ..., -3.4503e-04,
         -6.9008e-04, -3.4207e-04],
        [ 2.4226e-04, -2.5373e-04, -2.6717e-04,  ..., -6.7990e-05,
         -1.9232e-04, -5.7974e-04],
        ...,
        [-3.1730e-05, -2.3058e-04, -4.1793e-04,  ..., -1.9710e-04,
         -3.3821e-04, -7.0365e-05],
        [-3.7461e-04,  2.5018e-05,  1.5296e-05,  ...,  2.7250e-04,
         -2.9015e-04, -2.3173e-04],
        [ 2.3462e-04, -5.8082e-05,  6.0851e-05,  ..., -6.0726e-04,
         -3.4080e-04, -1.3869e-04]], device='cuda:0'), 'exp_avg_sq': tensor([[1.1087e-06, 8.2535e-07, 7.5249e-07,  ..., 1.2391e-06, 1.8869e-06,
         1.6716e-06],
        [1.1929e-06, 9.4871e-07, 1.2912e-06,  ..., 1.0351e-06, 8.9313e-07,
         9.6260e-07],
        [8.7868e-07, 7.6104e-07, 8.4253e-07,  ..., 8.1242e-07, 7.6601e-07,
         9.6373e-07],
        ...,
        [8.6229e-07, 7.2563e-07, 5.9645e-07,  ..., 9.8784e-07, 1.7711e-06,
         1.3501e-06],
        [6.5469e-07, 6.8970e-07, 7.0360e-07,  ..., 6.8363e-07, 5.2973e-07,
         7.4572e-07],
        [8.9534e-07, 8.4224e-07, 9.4790e-07,  ..., 1.3871e-06, 2.1068e-06,
         1.8469e-06]], device='cuda:0')}, 5: {'step': tensor(864.), 'exp_avg': tensor([-1.9919e-04, -2.5602e-04,  1.6678e-04,  ...,  5.0269e-05,
         4.4915e-04, -1.1690e-04], device='cuda:0'), 'exp_avg_sq': tensor([9.5012e-07, 8.1710e-07, 1.0065e-06,  ..., 4.4210e-07, 8.0518e-07,
        6.6936e-07], device='cuda:0')}, 6: {'step': tensor(864.), 'exp_avg': tensor([ 4.6536e-05,  1.9761e-04, -1.1685e-04,  ...,  1.9167e-04,
        -1.2480e-05, -1.0282e-04], device='cuda:0'), 'exp_avg_sq': tensor([1.6462e-07, 2.7568e-07, 2.9470e-07,  ..., 2.3380e-07, 2.3951e-07,
        2.1225e-07], device='cuda:0')}, 7: {'step': tensor(864.), 'exp_avg': tensor([-1.1974e-04, -1.4368e-04,  1.0049e-04,  ...,  3.1084e-05,
         2.4081e-04, -7.9026e-05], device='cuda:0'), 'exp_avg_sq': tensor([3.2961e-07, 2.7820e-07, 3.2416e-07,  ..., 1.5932e-07, 2.4059e-07,
        2.2242e-07], device='cuda:0')}, 8: {'step': tensor(864.), 'exp_avg': tensor([ 3.2644e-05,  3.3437e-07, -1.6825e-04,  ...,  8.6995e-05,
         2.9682e-06, -4.0880e-05], device='cuda:0'), 'exp_avg_sq': tensor([9.1496e-08, 8.6193e-08, 1.1092e-07,  ..., 8.1459e-08, 1.3318e-07,
        1.4649e-07], device='cuda:0')}, 9: {'step': tensor(864.), 'exp_avg': tensor([-2.5439e-05,  5.0480e-05,  6.0017e-05,  ...,  4.8280e-05,
         1.8868e-04,  3.6130e-05], device='cuda:0'), 'exp_avg_sq': tensor([6.1726e-08, 6.6196e-08, 9.7438e-08,  ..., 4.4240e-08, 1.0232e-07,
        5.6733e-08], device='cuda:0')}, 10: {'step': tensor(864.), 'exp_avg': tensor([[-5.5885e-06,  1.7372e-05,  9.9003e-05,  ...,  8.7325e-05,
         -5.1957e-05,  6.1745e-05],
        [ 2.4436e-06, -6.0261e-05,  3.7378e-05,  ...,  2.9371e-05,
          1.4306e-04,  5.4220e-05],
        [ 2.3519e-05,  3.1803e-05, -9.8899e-05,  ..., -4.5823e-05,
          1.8429e-05, -6.2429e-05],
        ...,
        [-5.1102e-05,  7.7811e-05, -1.2448e-04,  ...,  2.7459e-04,
         -2.1665e-04, -9.3020e-05],
        [-5.6883e-05,  2.4783e-04,  2.1389e-06,  ...,  2.2095e-04,
         -1.5566e-04,  6.2783e-05],
        [ 6.3315e-05,  4.6521e-06, -1.1044e-04,  ..., -5.8181e-05,
         -1.0284e-04, -3.1718e-05]], device='cuda:0'), 'exp_avg_sq': tensor([[2.8034e-08, 3.8528e-08, 2.9003e-08,  ..., 6.9579e-08, 5.4563e-08,
         3.9496e-08],
        [2.5565e-08, 3.6481e-08, 2.7120e-08,  ..., 6.8150e-08, 7.9058e-08,
         3.7615e-08],
        [1.5067e-08, 1.9536e-08, 1.4549e-08,  ..., 5.3709e-08, 4.1061e-08,
         2.2840e-08],
        ...,
        [1.0048e-07, 1.0712e-07, 9.4976e-08,  ..., 1.6530e-07, 1.6962e-07,
         1.0117e-07],
        [1.0950e-07, 1.2657e-07, 1.1845e-07,  ..., 1.6524e-07, 1.8988e-07,
         1.2255e-07],
        [1.3063e-07, 1.1972e-07, 1.3062e-07,  ..., 1.4918e-07, 2.1575e-07,
         1.1712e-07]], device='cuda:0')}, 11: {'step': tensor(864.), 'exp_avg': tensor([[ 5.5058e-05,  9.9596e-05, -6.7932e-05,  ..., -2.5175e-05,
          1.2567e-04,  1.0553e-04],
        [-2.4299e-05, -6.3850e-06,  4.2560e-05,  ...,  9.0339e-05,
          1.6709e-05,  4.7525e-07],
        [ 8.1698e-05,  8.4560e-05, -4.4598e-05,  ...,  1.6907e-04,
         -9.3839e-09, -8.2169e-05],
        ...,
        [-4.1967e-05, -1.3534e-04,  1.1275e-04,  ..., -2.4453e-04,
         -1.6503e-04,  1.7405e-05],
        [-1.2120e-04, -2.8910e-05, -1.5202e-04,  ..., -1.0335e-04,
         -4.6666e-05, -2.0865e-05],
        [ 1.2207e-04,  2.0421e-05,  4.9240e-05,  ..., -3.8386e-05,
          3.5776e-05,  5.0862e-05]], device='cuda:0'), 'exp_avg_sq': tensor([[2.7420e-08, 7.1443e-08, 4.9717e-08,  ..., 4.9538e-08, 2.6927e-08,
         2.6730e-08],
        [4.1567e-08, 1.3112e-07, 8.9221e-08,  ..., 7.3636e-08, 4.2456e-08,
         3.7748e-08],
        [5.7361e-08, 1.5051e-07, 1.0886e-07,  ..., 8.9109e-08, 5.5672e-08,
         4.9351e-08],
        ...,
        [4.2341e-08, 1.0850e-07, 7.8055e-08,  ..., 7.1522e-08, 4.1838e-08,
         3.9489e-08],
        [3.1277e-08, 6.4985e-08, 6.4314e-08,  ..., 4.5594e-08, 2.8510e-08,
         2.5525e-08],
        [5.1113e-08, 1.0646e-07, 7.1995e-08,  ..., 6.0475e-08, 4.2948e-08,
         3.7146e-08]], device='cuda:0')}, 12: {'step': tensor(864.), 'exp_avg': tensor([-2.3303e-05, -2.0513e-04, -7.8074e-05,  ...,  3.4382e-05,
         1.1414e-04, -1.2891e-04], device='cuda:0'), 'exp_avg_sq': tensor([2.3998e-07, 4.4892e-07, 4.8322e-07,  ..., 3.3409e-07, 1.8454e-07,
        3.3068e-07], device='cuda:0')}, 13: {'step': tensor(864.), 'exp_avg': tensor([ 4.7429e-05, -4.7495e-05, -6.3983e-05,  ..., -2.4368e-05,
        -4.4974e-05,  2.0497e-05], device='cuda:0'), 'exp_avg_sq': tensor([2.2824e-08, 3.5102e-08, 2.0772e-08,  ..., 5.9827e-08, 3.3965e-08,
        1.6733e-08], device='cuda:0')}, 14: {'step': tensor(864.), 'exp_avg': tensor([-2.1777e-05, -5.1845e-05, -1.4339e-05,  ...,  6.7938e-06,
        -8.1514e-06, -2.7618e-05], device='cuda:0'), 'exp_avg_sq': tensor([3.5309e-08, 4.3872e-08, 2.1779e-08,  ..., 1.6476e-08, 2.8169e-08,
        1.7761e-08], device='cuda:0')}, 15: {'step': tensor(864.), 'exp_avg': tensor([[-2.5560e-05, -3.1548e-06,  4.9428e-06,  ..., -5.0578e-05,
         -2.9531e-05,  3.7581e-05],
        [ 3.1279e-06,  1.5198e-06, -1.4029e-05,  ..., -3.8121e-05,
         -3.2714e-05, -1.3957e-05],
        [ 1.2944e-05, -1.3221e-05, -8.1240e-06,  ..., -1.6652e-05,
          2.1521e-05,  1.7829e-05],
        ...,
        [ 2.1016e-05, -1.7110e-05,  6.1828e-06,  ...,  3.1071e-05,
         -3.9755e-05,  3.5361e-05],
        [ 1.0483e-05, -2.2308e-05, -2.1931e-06,  ...,  6.3598e-06,
         -1.6430e-05,  1.7509e-06],
        [-3.9017e-05,  5.3454e-05,  2.5366e-06,  ...,  1.7424e-05,
          1.9386e-05,  4.0708e-05]], device='cuda:0'), 'exp_avg_sq': tensor([[1.5495e-08, 1.9557e-08, 1.4337e-08,  ..., 6.9738e-08, 3.1530e-08,
         1.6930e-08],
        [5.7410e-09, 7.2796e-09, 7.0614e-09,  ..., 3.1160e-08, 1.7837e-08,
         6.6770e-09],
        [4.1324e-09, 4.2662e-09, 5.8347e-09,  ..., 9.2323e-08, 3.1923e-08,
         6.6522e-09],
        ...,
        [2.0631e-08, 2.4245e-08, 1.8886e-08,  ..., 5.9768e-08, 2.7321e-08,
         2.1474e-08],
        [6.7283e-09, 8.0648e-09, 9.5858e-09,  ..., 8.8386e-09, 1.0075e-08,
         9.4739e-09],
        [1.1484e-08, 1.2456e-08, 7.9714e-09,  ..., 1.1681e-08, 1.8584e-08,
         1.2169e-08]], device='cuda:0')}, 16: {'step': tensor(864.), 'exp_avg': tensor([ 1.3452e-06,  3.8309e-05, -4.0259e-05,  ..., -2.9512e-05,
         2.3067e-05, -8.4484e-06], device='cuda:0'), 'exp_avg_sq': tensor([1.8468e-08, 1.5191e-08, 3.0727e-08,  ..., 2.5039e-08, 1.2646e-08,
        1.2933e-08], device='cuda:0')}, 17: {'step': tensor(864.), 'exp_avg': tensor([[ 6.7764e-06,  7.6440e-06,  9.7496e-05,  ...,  1.1744e-05,
          4.6717e-05, -1.2743e-05],
        [ 1.1951e-05,  7.7673e-05,  3.8370e-05,  ..., -7.2964e-06,
          5.7572e-05,  9.3057e-05],
        [ 7.1462e-05,  1.7365e-05, -1.4982e-06,  ..., -1.0809e-05,
          1.6105e-05,  2.8613e-05],
        ...,
        [ 2.4333e-05,  8.0432e-06, -7.4054e-05,  ...,  4.2565e-05,
          5.5461e-05,  2.0217e-05],
        [-8.8028e-06, -8.6397e-06, -1.7143e-06,  ...,  6.1636e-05,
          2.1635e-05,  3.0964e-06],
        [-1.7388e-05,  9.8465e-06,  6.0221e-06,  ..., -6.3667e-05,
          2.5633e-05,  4.7348e-05]], device='cuda:0'), 'exp_avg_sq': tensor([[2.3310e-08, 1.9131e-08, 2.8325e-08,  ..., 6.3251e-08, 6.5192e-08,
         2.1142e-08],
        [2.4087e-08, 2.1408e-08, 7.0551e-08,  ..., 3.7937e-08, 2.4560e-08,
         2.2234e-08],
        [4.3813e-08, 2.6580e-08, 1.4908e-07,  ..., 4.7113e-08, 2.5318e-08,
         2.2284e-08],
        ...,
        [3.0472e-08, 1.7943e-08, 6.6054e-08,  ..., 3.7359e-08, 3.4962e-08,
         1.9701e-08],
        [1.9135e-08, 1.6769e-08, 6.8050e-08,  ..., 3.1268e-08, 1.6099e-08,
         2.0387e-08],
        [2.7207e-08, 1.7633e-08, 7.3301e-08,  ..., 4.5310e-08, 3.1067e-08,
         1.7696e-08]], device='cuda:0')}, 18: {'step': tensor(864.), 'exp_avg': tensor([-8.7600e-05, -2.7327e-04,  1.1158e-05,  ...,  1.3151e-05,
         1.7459e-04, -2.5100e-06], device='cuda:0'), 'exp_avg_sq': tensor([1.7167e-07, 3.2996e-07, 4.3120e-07,  ..., 2.9568e-07, 1.5034e-07,
        2.9955e-07], device='cuda:0')}, 19: {'step': tensor(864.), 'exp_avg': tensor([ 9.9021e-05,  8.6180e-06, -1.0385e-05,  ..., -1.1794e-04,
         6.3258e-05, -1.0588e-05], device='cuda:0'), 'exp_avg_sq': tensor([1.0073e-07, 9.8806e-08, 6.6346e-08,  ..., 9.4490e-08, 9.9023e-08,
        7.4068e-08], device='cuda:0')}, 20: {'step': tensor(864.), 'exp_avg': tensor([ 2.9083e-05, -8.8581e-05, -2.4363e-05,  ..., -8.6797e-07,
         1.7115e-06, -5.9128e-05], device='cuda:0'), 'exp_avg_sq': tensor([8.8036e-08, 1.0867e-07, 3.8060e-08,  ..., 5.1702e-08, 3.3330e-08,
        8.9488e-08], device='cuda:0')}, 21: {'step': tensor(864.), 'exp_avg': tensor([[-3.1378e-05, -1.6604e-04,  1.1573e-04,  ...,  1.1681e-04,
          1.5375e-04, -9.2565e-05],
        [ 2.1831e-06,  9.4851e-05,  8.3905e-05,  ...,  8.7397e-05,
         -1.2889e-05, -5.3168e-05],
        [ 3.2881e-05, -1.6918e-04, -4.2968e-05,  ...,  5.4447e-05,
          6.6861e-05, -7.4382e-05],
        ...,
        [ 7.3373e-05, -7.1814e-05, -1.3996e-04,  ...,  7.3084e-05,
         -1.1773e-04, -2.9468e-04],
        [-2.4114e-05,  1.0820e-05, -6.0691e-05,  ..., -2.3182e-05,
          2.5095e-06, -4.9332e-05],
        [-1.2454e-05,  3.3232e-05, -1.2437e-04,  ..., -1.0307e-04,
          7.6751e-05, -5.1680e-05]], device='cuda:0'), 'exp_avg_sq': tensor([[1.9148e-08, 3.0577e-08, 2.1779e-08,  ..., 8.2792e-08, 5.0850e-08,
         3.1239e-08],
        [2.2684e-08, 2.8408e-08, 2.3239e-08,  ..., 9.0735e-08, 5.3457e-08,
         2.7600e-08],
        [1.5586e-08, 1.9195e-08, 1.5641e-08,  ..., 6.4240e-08, 3.2104e-08,
         1.7296e-08],
        ...,
        [2.9588e-07, 2.0716e-07, 3.4361e-07,  ..., 3.6054e-07, 5.4198e-07,
         2.9797e-07],
        [3.2975e-08, 3.4205e-08, 4.9237e-08,  ..., 5.6735e-08, 5.6926e-08,
         4.1198e-08],
        [1.1033e-07, 6.6803e-08, 1.2456e-07,  ..., 1.3091e-07, 2.1439e-07,
         9.9515e-08]], device='cuda:0')}, 22: {'step': tensor(864.), 'exp_avg': tensor([[ 7.1920e-05, -2.8339e-05,  1.2180e-04,  ..., -8.7872e-05,
         -8.5134e-05,  3.9497e-05],
        [-4.2481e-05, -3.4830e-05,  1.3369e-04,  ...,  6.6467e-05,
         -5.5812e-05,  9.7752e-06],
        [-8.9989e-05,  6.6994e-05, -8.0362e-06,  ...,  2.5008e-05,
          1.1587e-04,  8.4945e-05],
        ...,
        [ 2.9932e-04,  8.3264e-05, -4.8952e-05,  ...,  2.4121e-05,
         -4.2595e-05,  5.6313e-05],
        [-3.3951e-05,  9.0751e-06,  5.1914e-05,  ..., -7.7565e-05,
         -1.3792e-04, -9.8736e-05],
        [ 1.6803e-04,  7.7089e-05,  6.0092e-05,  ..., -1.5672e-05,
         -1.8214e-04,  5.6580e-05]], device='cuda:0'), 'exp_avg_sq': tensor([[5.1833e-08, 1.3243e-08, 2.6331e-08,  ..., 3.6443e-08, 1.9512e-08,
         4.0297e-08],
        [6.3979e-08, 1.9456e-08, 3.9715e-08,  ..., 4.8887e-08, 2.5735e-08,
         3.8336e-08],
        [8.7733e-08, 2.5768e-08, 6.3606e-08,  ..., 6.6897e-08, 4.2465e-08,
         5.2450e-08],
        ...,
        [8.2214e-08, 2.2245e-08, 5.0859e-08,  ..., 7.5692e-08, 3.5426e-08,
         5.4967e-08],
        [5.0828e-08, 1.4448e-08, 3.2579e-08,  ..., 4.0017e-08, 2.0316e-08,
         3.0392e-08],
        [7.4630e-08, 2.4005e-08, 5.0115e-08,  ..., 6.2303e-08, 3.4165e-08,
         4.7885e-08]], device='cuda:0')}, 23: {'step': tensor(864.), 'exp_avg': tensor([-1.4955e-04, -1.3543e-04, -9.5626e-06,  ...,  1.0650e-05,
         1.5576e-04, -1.7699e-05], device='cuda:0'), 'exp_avg_sq': tensor([1.0260e-07, 1.9176e-07, 4.3375e-07,  ..., 2.5222e-07, 1.5511e-07,
        3.2990e-07], device='cuda:0')}, 24: {'step': tensor(864.), 'exp_avg': tensor([-2.8431e-05, -5.3768e-05,  6.8837e-05,  ..., -2.9295e-05,
        -4.6764e-05,  2.8831e-05], device='cuda:0'), 'exp_avg_sq': tensor([1.0792e-08, 2.6210e-08, 1.7562e-08,  ..., 2.0690e-08, 1.6441e-08,
        1.3631e-08], device='cuda:0')}, 25: {'step': tensor(864.), 'exp_avg': tensor([ 2.2857e-05, -3.5616e-05, -1.4021e-07,  ..., -8.4249e-06,
         6.5368e-05, -5.7448e-06], device='cuda:0'), 'exp_avg_sq': tensor([1.9112e-08, 1.4757e-08, 3.3822e-08,  ..., 1.2881e-08, 1.7171e-08,
        2.2095e-08], device='cuda:0')}, 26: {'step': tensor(864.), 'exp_avg': tensor([[ 4.5872e-05,  4.1622e-05, -5.6845e-05,  ..., -5.4459e-05,
          3.6831e-06,  2.0746e-05],
        [-2.8789e-05,  4.3381e-05,  1.7823e-05,  ...,  4.7056e-05,
         -8.7374e-05,  3.0314e-05],
        [-3.2882e-05, -9.1395e-06,  7.8080e-05,  ...,  7.7567e-05,
         -2.0682e-05,  7.3323e-05],
        ...,
        [-2.8442e-05,  2.1911e-05,  5.6232e-05,  ...,  2.3318e-05,
          4.5719e-05, -1.9271e-07],
        [-1.2016e-07, -1.7718e-05, -1.9045e-05,  ...,  3.0125e-05,
         -4.2412e-06, -2.3167e-06],
        [-5.6001e-05, -5.1024e-05, -1.2800e-05,  ...,  9.6976e-05,
         -1.2714e-05, -5.0642e-05]], device='cuda:0'), 'exp_avg_sq': tensor([[1.0245e-08, 1.3565e-08, 8.9335e-09,  ..., 2.6916e-08, 1.4106e-08,
         1.3703e-08],
        [2.1106e-08, 2.9166e-08, 1.7653e-08,  ..., 4.2630e-08, 3.0552e-08,
         2.7624e-08],
        [5.2054e-09, 6.3250e-09, 4.7642e-09,  ..., 3.2918e-08, 1.5056e-08,
         7.0261e-09],
        ...,
        [3.9566e-09, 5.6945e-09, 5.6138e-09,  ..., 9.7366e-09, 6.9288e-09,
         5.9988e-09],
        [6.6985e-09, 8.5005e-09, 9.0878e-09,  ..., 3.6207e-08, 1.5293e-08,
         9.3350e-09],
        [6.5329e-09, 9.0967e-09, 7.3540e-09,  ..., 2.0343e-08, 1.3513e-08,
         1.0045e-08]], device='cuda:0')}, 27: {'step': tensor(864.), 'exp_avg': tensor([ 2.7886e-05,  4.4086e-05, -4.2171e-06,  ..., -7.0823e-06,
         1.9543e-05,  2.2281e-05], device='cuda:0'), 'exp_avg_sq': tensor([1.5228e-08, 1.9589e-08, 2.0566e-08,  ..., 5.4579e-09, 1.6880e-08,
        1.4431e-08], device='cuda:0')}, 28: {'step': tensor(864.), 'exp_avg': tensor([[-1.5204e-05, -4.6860e-05, -6.6195e-06,  ..., -2.2788e-06,
          1.4246e-06,  9.2122e-07],
        [-2.4381e-05, -1.1754e-04, -5.7632e-05,  ..., -5.8681e-05,
         -2.7103e-05,  1.4913e-05],
        [-2.9646e-05,  6.9632e-05,  5.5627e-05,  ...,  4.8943e-06,
          9.4678e-06,  3.6849e-05],
        ...,
        [-7.6335e-06,  1.2395e-05,  2.7911e-05,  ...,  9.9362e-06,
         -1.5541e-05, -1.9561e-05],
        [ 3.2543e-05,  5.0288e-05, -3.6338e-05,  ..., -2.5371e-06,
          3.1140e-05,  5.6388e-06],
        [ 7.9691e-05, -3.3508e-05, -3.0612e-05,  ..., -6.2630e-05,
         -9.4794e-06, -4.9315e-05]], device='cuda:0'), 'exp_avg_sq': tensor([[2.3509e-08, 3.6677e-08, 8.9298e-09,  ..., 2.3781e-08, 1.4934e-08,
         3.8494e-08],
        [2.1477e-08, 4.2811e-08, 1.1025e-08,  ..., 1.7405e-08, 1.8161e-08,
         2.6441e-08],
        [2.4844e-08, 4.5658e-08, 1.3302e-08,  ..., 2.5873e-08, 1.7043e-08,
         3.4116e-08],
        ...,
        [2.3973e-08, 3.9410e-08, 1.1864e-08,  ..., 1.8091e-08, 2.2492e-08,
         4.0740e-08],
        [2.2367e-08, 2.8483e-08, 9.4762e-09,  ..., 1.8262e-08, 1.2001e-08,
         2.3872e-08],
        [2.4633e-08, 5.3353e-08, 1.1715e-08,  ..., 2.0498e-08, 1.8242e-08,
         5.0569e-08]], device='cuda:0')}, 29: {'step': tensor(864.), 'exp_avg': tensor([-7.5962e-05, -9.2187e-05, -1.1479e-05,  ..., -2.1595e-05,
         1.2809e-04,  8.5481e-06], device='cuda:0'), 'exp_avg_sq': tensor([9.2178e-08, 1.7745e-07, 4.0736e-07,  ..., 2.5983e-07, 1.4260e-07,
        3.3331e-07], device='cuda:0')}, 30: {'step': tensor(864.), 'exp_avg': tensor([ 1.7027e-06, -5.4363e-05,  3.6104e-05,  ...,  8.4803e-05,
        -1.1369e-04, -9.8304e-05], device='cuda:0'), 'exp_avg_sq': tensor([3.6185e-08, 6.0889e-08, 5.0658e-08,  ..., 1.0094e-07, 5.0738e-08,
        2.2849e-07], device='cuda:0')}, 31: {'step': tensor(864.), 'exp_avg': tensor([-6.1707e-05, -6.2640e-05,  3.7812e-05,  ..., -1.1450e-04,
         1.6039e-05, -5.7065e-05], device='cuda:0'), 'exp_avg_sq': tensor([3.9438e-08, 4.9377e-08, 4.8407e-08,  ..., 5.5412e-08, 8.7708e-08,
        6.7523e-08], device='cuda:0')}, 32: {'step': tensor(864.), 'exp_avg': tensor([[ 2.6133e-05, -7.5956e-05,  3.5961e-05,  ...,  5.7114e-05,
          2.7886e-05, -2.9280e-05],
        [ 4.1924e-05,  9.4982e-05, -6.8305e-05,  ..., -2.6731e-05,
          4.2686e-05,  4.6946e-05],
        [-6.5929e-05, -1.2388e-04,  2.5828e-05,  ...,  5.7430e-05,
         -8.5513e-05, -1.0110e-04],
        ...,
        [ 7.4276e-05, -6.0191e-05,  3.9186e-05,  ..., -1.4232e-04,
         -9.2133e-05,  1.0317e-05],
        [-2.7074e-05, -7.0784e-05, -6.8749e-05,  ..., -1.4531e-04,
          6.2803e-05,  1.0983e-04],
        [-7.0671e-05, -6.4814e-05,  8.5801e-06,  ..., -1.1358e-04,
         -3.1233e-05,  5.3080e-05]], device='cuda:0'), 'exp_avg_sq': tensor([[1.2922e-08, 1.8033e-08, 1.1642e-08,  ..., 9.5858e-08, 3.5744e-08,
         1.6854e-08],
        [9.8442e-09, 1.3528e-08, 8.3577e-09,  ..., 4.5917e-08, 1.9535e-08,
         1.0820e-08],
        [1.0231e-08, 1.7176e-08, 1.0440e-08,  ..., 4.9477e-08, 2.3590e-08,
         1.4436e-08],
        ...,
        [1.1099e-07, 1.4513e-07, 1.5231e-07,  ..., 1.5207e-07, 1.9337e-07,
         1.5715e-07],
        [2.7690e-07, 2.7523e-07, 3.5965e-07,  ..., 3.3127e-07, 4.0260e-07,
         3.8549e-07],
        [3.7403e-08, 5.2180e-08, 5.1103e-08,  ..., 5.9793e-08, 6.1676e-08,
         5.1749e-08]], device='cuda:0')}, 33: {'step': tensor(864.), 'exp_avg': tensor([[-6.0113e-05,  8.9528e-05, -6.5293e-05,  ..., -7.6610e-05,
         -6.3860e-05,  2.4828e-05],
        [-7.1125e-05,  1.0074e-04, -1.0724e-04,  ...,  1.6784e-04,
          3.1501e-06,  1.1155e-04],
        [ 1.7706e-04, -5.7088e-05,  2.8008e-05,  ...,  5.2744e-05,
          1.3875e-04, -9.8355e-05],
        ...,
        [-4.1977e-05,  5.3288e-05,  9.2674e-05,  ...,  6.5981e-05,
          8.4423e-05,  8.8223e-05],
        [-5.7922e-05,  3.4892e-05,  6.1259e-05,  ...,  5.9725e-05,
          4.6986e-05,  8.4399e-05],
        [-1.6575e-04,  7.4856e-05, -1.0586e-04,  ...,  9.4944e-05,
          1.8327e-05,  6.9551e-05]], device='cuda:0'), 'exp_avg_sq': tensor([[1.7101e-08, 2.0110e-08, 2.2878e-08,  ..., 4.9644e-08, 4.1937e-08,
         2.5695e-08],
        [2.7036e-08, 3.0678e-08, 3.7806e-08,  ..., 4.8737e-08, 4.8037e-08,
         3.1221e-08],
        [4.5630e-08, 5.5096e-08, 5.5174e-08,  ..., 7.1345e-08, 7.1116e-08,
         5.1169e-08],
        ...,
        [3.8327e-08, 3.5289e-08, 4.8107e-08,  ..., 9.3434e-08, 6.6822e-08,
         4.4885e-08],
        [1.9886e-08, 2.3751e-08, 2.5548e-08,  ..., 2.8800e-08, 3.4611e-08,
         2.1174e-08],
        [5.4701e-08, 4.9316e-08, 5.9264e-08,  ..., 1.0650e-07, 8.8817e-08,
         5.2010e-08]], device='cuda:0')}, 34: {'step': tensor(864.), 'exp_avg': tensor([-2.8951e-05, -2.1117e-05, -8.1117e-05,  ...,  1.3221e-05,
         9.2445e-05, -1.7499e-05], device='cuda:0'), 'exp_avg_sq': tensor([7.8241e-08, 1.9771e-07, 3.4055e-07,  ..., 2.1400e-07, 7.9730e-08,
        3.7324e-07], device='cuda:0')}, 35: {'step': tensor(864.), 'exp_avg': tensor([-1.0821e-05,  2.3654e-05,  3.9113e-05,  ...,  4.5517e-05,
        -4.0595e-05,  2.3420e-05], device='cuda:0'), 'exp_avg_sq': tensor([5.5669e-09, 6.3081e-09, 1.0162e-08,  ..., 1.5373e-08, 9.6245e-09,
        6.2076e-09], device='cuda:0')}, 36: {'step': tensor(864.), 'exp_avg': tensor([ 4.2861e-06, -3.3053e-06,  1.8555e-05,  ...,  1.1284e-05,
         2.3614e-05, -6.2047e-06], device='cuda:0'), 'exp_avg_sq': tensor([8.7925e-09, 8.1770e-09, 1.5534e-08,  ..., 7.7459e-09, 1.0636e-08,
        7.3573e-09], device='cuda:0')}, 37: {'step': tensor(864.), 'exp_avg': tensor([[ 2.1319e-05,  1.9053e-05,  6.7374e-06,  ..., -6.7375e-05,
         -6.6637e-05,  1.9404e-05],
        [ 9.2574e-06, -3.6571e-05,  3.1842e-05,  ..., -1.6190e-05,
         -5.6552e-06,  3.8241e-06],
        [ 9.9368e-06, -5.9050e-06,  2.8046e-05,  ..., -2.3239e-05,
          1.9011e-05,  3.3508e-05],
        ...,
        [-2.2000e-05,  8.1612e-06,  2.3132e-05,  ..., -4.1553e-06,
          1.4424e-05,  2.5505e-05],
        [ 2.8153e-05, -1.4834e-05, -4.0951e-05,  ..., -6.9505e-05,
          8.1516e-06, -8.2265e-06],
        [-8.4569e-06, -4.2861e-05,  9.4576e-06,  ..., -2.8234e-06,
          1.5870e-05,  2.5213e-05]], device='cuda:0'), 'exp_avg_sq': tensor([[7.8690e-09, 1.0793e-08, 6.3209e-09,  ..., 3.4306e-08, 1.8766e-08,
         8.9587e-09],
        [6.9354e-09, 1.4231e-08, 6.2545e-09,  ..., 5.5136e-08, 1.8858e-08,
         7.3295e-09],
        [9.1521e-09, 9.6956e-09, 7.1322e-09,  ..., 1.3150e-08, 1.4735e-08,
         1.0554e-08],
        ...,
        [4.6134e-09, 7.1691e-09, 4.4634e-09,  ..., 1.3460e-08, 7.0772e-09,
         6.5431e-09],
        [1.2501e-08, 1.5360e-08, 8.5529e-09,  ..., 3.7659e-08, 1.9370e-08,
         1.2309e-08],
        [5.0293e-09, 8.9646e-09, 5.0001e-09,  ..., 2.0734e-08, 9.5259e-09,
         6.5943e-09]], device='cuda:0')}, 38: {'step': tensor(864.), 'exp_avg': tensor([ 2.3818e-06,  1.3574e-05, -2.1121e-05,  ..., -1.8858e-05,
         2.5041e-05, -2.1141e-05], device='cuda:0'), 'exp_avg_sq': tensor([1.7898e-08, 1.9322e-08, 2.2395e-08,  ..., 8.7043e-09, 1.8455e-08,
        7.6288e-09], device='cuda:0')}, 39: {'step': tensor(864.), 'exp_avg': tensor([[-2.3235e-05,  2.3828e-05, -1.3992e-05,  ..., -1.8815e-06,
         -2.5937e-05, -1.9663e-05],
        [ 1.9307e-05, -2.5028e-05,  7.1874e-05,  ..., -7.8194e-05,
         -8.5398e-05, -8.0454e-05],
        [-3.8994e-05, -6.7755e-05,  1.2985e-06,  ...,  4.1066e-06,
          2.4775e-05,  5.7775e-05],
        ...,
        [-2.4377e-06, -1.1436e-05, -3.3039e-05,  ..., -4.9168e-06,
          6.9869e-06, -2.0460e-05],
        [ 1.8429e-05,  1.9147e-05, -8.7097e-06,  ..., -2.8070e-05,
         -2.9279e-06, -2.9088e-06],
        [-3.6025e-05, -5.9688e-05, -1.1099e-05,  ..., -1.7790e-05,
          3.3869e-05, -4.8290e-05]], device='cuda:0'), 'exp_avg_sq': tensor([[6.8497e-09, 1.3021e-08, 1.7461e-08,  ..., 6.7941e-09, 1.4403e-08,
         1.0931e-08],
        [1.0769e-08, 2.0890e-08, 1.7261e-08,  ..., 7.6626e-09, 1.4471e-08,
         2.2585e-08],
        [1.5817e-08, 2.1539e-08, 2.3886e-08,  ..., 8.2077e-09, 1.4882e-08,
         3.3739e-08],
        ...,
        [1.4052e-08, 2.0298e-08, 2.5360e-08,  ..., 7.8269e-09, 1.5442e-08,
         2.3042e-08],
        [1.2039e-08, 1.8619e-08, 1.4415e-08,  ..., 1.2485e-08, 1.6446e-08,
         2.3058e-08],
        [1.2499e-08, 2.4286e-08, 2.2663e-08,  ..., 8.3709e-09, 1.6557e-08,
         2.8007e-08]], device='cuda:0')}, 40: {'step': tensor(864.), 'exp_avg': tensor([-4.7626e-05, -1.5207e-05, -4.2665e-06,  ...,  4.7590e-05,
        -8.6938e-06,  6.4237e-05], device='cuda:0'), 'exp_avg_sq': tensor([5.6541e-08, 1.6228e-07, 3.1378e-07,  ..., 1.8680e-07, 7.0081e-08,
        3.7510e-07], device='cuda:0')}, 41: {'step': tensor(864.), 'exp_avg': tensor([-5.2069e-05,  3.1170e-05, -7.8620e-05,  ..., -2.0523e-04,
        -1.5906e-04,  4.5249e-05], device='cuda:0'), 'exp_avg_sq': tensor([4.7104e-08, 1.0475e-07, 3.8661e-08,  ..., 5.5541e-08, 5.5850e-08,
        3.2268e-08], device='cuda:0')}, 42: {'step': tensor(864.), 'exp_avg': tensor([ 1.6498e-05,  1.5178e-05, -9.0633e-06,  ..., -2.6746e-05,
        -3.7255e-05,  2.1772e-05], device='cuda:0'), 'exp_avg_sq': tensor([2.5075e-08, 2.0152e-08, 2.3394e-08,  ..., 2.5054e-08, 1.8791e-08,
        3.0182e-08], device='cuda:0')}, 43: {'step': tensor(864.), 'exp_avg': tensor([[ 1.4972e-05,  1.0546e-05,  3.7158e-05,  ...,  9.3696e-05,
         -1.1811e-04,  6.7004e-05],
        [ 8.1304e-05, -3.8523e-05,  9.5340e-06,  ..., -9.5632e-05,
          8.4621e-05, -7.0009e-05],
        [ 3.4594e-05, -6.0150e-05,  1.7942e-05,  ...,  2.9264e-05,
          2.6817e-05,  1.2963e-05],
        ...,
        [-4.9254e-05,  1.4364e-07, -5.1834e-05,  ..., -8.0599e-06,
         -8.0601e-05, -1.2004e-04],
        [ 4.9921e-05, -1.7509e-04,  8.7353e-05,  ...,  1.1155e-04,
         -5.5066e-05, -1.0379e-04],
        [ 1.3683e-04, -9.5183e-05, -9.7475e-05,  ...,  7.4016e-05,
          1.2064e-04, -1.7041e-04]], device='cuda:0'), 'exp_avg_sq': tensor([[3.4668e-08, 2.1655e-08, 2.4446e-08,  ..., 1.2278e-07, 3.9468e-08,
         2.3613e-08],
        [2.2524e-08, 1.6938e-08, 1.5057e-08,  ..., 7.0835e-08, 2.0638e-08,
         1.5069e-08],
        [1.3727e-08, 9.4940e-09, 8.8209e-09,  ..., 4.2630e-08, 1.4340e-08,
         1.0052e-08],
        ...,
        [3.9729e-08, 8.5094e-08, 7.6211e-08,  ..., 6.1384e-08, 1.9246e-07,
         4.9321e-08],
        [4.3491e-08, 8.4186e-08, 7.0957e-08,  ..., 5.6111e-08, 1.9853e-07,
         5.3401e-08],
        [6.7474e-08, 1.6770e-07, 1.2748e-07,  ..., 1.0614e-07, 3.4005e-07,
         9.0131e-08]], device='cuda:0')}, 44: {'step': tensor(864.), 'exp_avg': tensor([[ 9.5924e-06, -1.0392e-05,  1.2436e-05,  ...,  6.6150e-05,
          3.8089e-05,  7.9892e-06],
        [ 3.5237e-05,  8.7816e-05,  3.2521e-05,  ...,  1.2847e-04,
         -9.9968e-06,  2.4539e-05],
        [-7.4595e-06, -8.5340e-05, -9.9336e-05,  ..., -1.3858e-04,
         -2.0069e-05, -1.2891e-05],
        ...,
        [-3.9229e-05,  3.5748e-05,  2.3162e-05,  ..., -4.5985e-06,
          5.0960e-05,  1.0505e-04],
        [ 2.2298e-07,  2.6817e-05,  4.5243e-05,  ...,  4.3907e-05,
         -1.6029e-05,  7.8607e-05],
        [-3.6084e-05,  4.8029e-06,  3.3489e-05,  ...,  1.3697e-04,
         -1.8372e-05,  7.7705e-05]], device='cuda:0'), 'exp_avg_sq': tensor([[7.6607e-09, 7.9402e-09, 7.0777e-09,  ..., 1.4326e-08, 1.5178e-08,
         2.3360e-08],
        [1.8276e-08, 2.2162e-08, 1.4563e-08,  ..., 2.6743e-08, 3.0779e-08,
         3.9080e-08],
        [3.3294e-08, 4.0022e-08, 2.8822e-08,  ..., 4.4758e-08, 5.6891e-08,
         6.9237e-08],
        ...,
        [3.0320e-08, 2.3847e-08, 2.2728e-08,  ..., 4.0223e-08, 5.7861e-08,
         5.9939e-08],
        [1.1075e-08, 1.1195e-08, 9.5050e-09,  ..., 1.4897e-08, 1.6861e-08,
         2.3320e-08],
        [4.0456e-08, 3.3384e-08, 2.6705e-08,  ..., 5.0788e-08, 6.8135e-08,
         8.2909e-08]], device='cuda:0')}, 45: {'step': tensor(864.), 'exp_avg': tensor([-5.8671e-05, -4.8886e-05, -9.8157e-05,  ...,  4.2378e-05,
         4.4286e-05, -6.2763e-06], device='cuda:0'), 'exp_avg_sq': tensor([6.2677e-08, 1.7869e-07, 3.0698e-07,  ..., 1.9216e-07, 5.2237e-08,
        2.8508e-07], device='cuda:0')}, 46: {'step': tensor(864.), 'exp_avg': tensor([ 3.2500e-05, -5.1840e-05,  2.1290e-05,  ...,  4.2049e-06,
        -1.7386e-05,  1.4145e-05], device='cuda:0'), 'exp_avg_sq': tensor([4.0071e-09, 5.9533e-09, 5.5642e-09,  ..., 1.7227e-08, 4.9015e-09,
        9.4707e-09], device='cuda:0')}, 47: {'step': tensor(864.), 'exp_avg': tensor([-1.5488e-05, -1.1683e-05, -3.7130e-06,  ..., -2.3408e-05,
         1.1909e-05, -6.1317e-06], device='cuda:0'), 'exp_avg_sq': tensor([4.8263e-09, 9.1785e-09, 1.2869e-08,  ..., 6.9132e-09, 7.5428e-09,
        7.6086e-09], device='cuda:0')}, 48: {'step': tensor(864.), 'exp_avg': tensor([[-1.6459e-05, -3.4792e-06, -3.3890e-06,  ...,  1.8794e-06,
         -1.1311e-05, -7.6341e-06],
        [-1.2614e-05, -2.7131e-05,  6.6462e-06,  ..., -5.7013e-05,
         -3.8546e-06,  1.6016e-05],
        [-1.5095e-05,  5.2163e-06,  1.8408e-05,  ...,  2.0791e-05,
         -5.7042e-06,  1.1626e-05],
        ...,
        [ 3.6171e-05,  7.6835e-06, -4.2726e-05,  ..., -3.4217e-05,
         -2.9985e-06,  1.9768e-05],
        [-1.2672e-05,  1.9752e-05, -3.0391e-06,  ...,  4.5254e-06,
         -7.7399e-06, -7.0798e-06],
        [ 1.4042e-05, -2.0815e-05, -1.0814e-05,  ..., -1.5977e-05,
         -2.8475e-05, -3.4698e-05]], device='cuda:0'), 'exp_avg_sq': tensor([[3.2828e-09, 5.4008e-09, 2.3482e-09,  ..., 9.8481e-09, 3.7975e-09,
         2.7972e-09],
        [5.7665e-09, 6.2449e-09, 3.7774e-09,  ..., 1.8411e-08, 6.6668e-09,
         4.8966e-09],
        [3.0669e-09, 3.3808e-09, 2.5191e-09,  ..., 5.5673e-09, 3.0517e-09,
         3.2284e-09],
        ...,
        [6.5921e-09, 7.5998e-09, 3.7586e-09,  ..., 1.7992e-08, 5.4652e-09,
         4.9792e-09],
        [8.4244e-09, 8.8934e-09, 3.8010e-09,  ..., 2.5032e-08, 6.6481e-09,
         7.9247e-09],
        [3.8241e-09, 4.0699e-09, 2.5093e-09,  ..., 1.0073e-08, 5.0806e-09,
         4.1830e-09]], device='cuda:0')}, 49: {'step': tensor(864.), 'exp_avg': tensor([-6.5617e-06,  3.7726e-06,  3.4159e-06,  ...,  1.9217e-05,
        -8.0045e-06,  1.6332e-05], device='cuda:0'), 'exp_avg_sq': tensor([5.7894e-09, 1.5252e-08, 4.7765e-09,  ..., 9.4983e-09, 8.9834e-09,
        4.7497e-09], device='cuda:0')}, 50: {'step': tensor(864.), 'exp_avg': tensor([[ 1.7713e-05, -2.4938e-05, -4.0157e-05,  ..., -3.4485e-05,
          1.9310e-05,  3.6760e-06],
        [ 1.6942e-05,  1.5781e-05,  1.9568e-05,  ...,  3.0328e-06,
          2.4374e-05,  1.3196e-06],
        [-4.2937e-05, -3.2225e-05,  5.0827e-05,  ..., -1.0010e-05,
          5.4799e-06,  3.0590e-05],
        ...,
        [-1.8865e-05,  1.0432e-05,  1.5990e-05,  ...,  1.9700e-05,
          4.4424e-05,  2.8750e-05],
        [-2.8968e-06, -3.3334e-06,  3.6489e-05,  ..., -1.6339e-05,
          1.5966e-05,  2.7976e-05],
        [-1.0924e-05,  3.0480e-05,  3.9733e-05,  ..., -5.2831e-06,
          4.6277e-05,  1.9908e-05]], device='cuda:0'), 'exp_avg_sq': tensor([[5.1238e-09, 4.0742e-09, 7.2632e-09,  ..., 8.9426e-09, 6.4594e-09,
         4.0256e-09],
        [5.7549e-09, 4.5232e-09, 8.9280e-09,  ..., 1.6821e-08, 8.9256e-09,
         5.0246e-09],
        [6.5871e-09, 5.9804e-09, 1.3267e-08,  ..., 2.2831e-08, 1.3697e-08,
         7.2659e-09],
        ...,
        [7.5571e-09, 5.7940e-09, 2.0586e-08,  ..., 1.7332e-08, 1.0949e-08,
         8.2156e-09],
        [5.2646e-09, 5.5070e-09, 6.6682e-09,  ..., 8.1810e-09, 5.0079e-09,
         4.7802e-09],
        [6.2198e-09, 6.5848e-09, 1.2802e-08,  ..., 1.7805e-08, 1.5383e-08,
         5.7968e-09]], device='cuda:0')}, 51: {'step': tensor(864.), 'exp_avg': tensor([ 4.7949e-06, -1.1149e-05, -4.3232e-06,  ...,  7.6624e-05,
         7.4708e-05,  4.1712e-06], device='cuda:0'), 'exp_avg_sq': tensor([5.8043e-08, 1.7618e-07, 2.7784e-07,  ..., 1.7502e-07, 4.3260e-08,
        3.0697e-07], device='cuda:0')}, 52: {'step': tensor(864.), 'exp_avg': tensor([-1.9870e-05, -1.2074e-04, -1.0611e-05,  ..., -7.7549e-05,
        -6.7685e-05,  1.0348e-04], device='cuda:0'), 'exp_avg_sq': tensor([5.0980e-08, 1.0660e-07, 5.5989e-08,  ..., 6.4353e-08, 1.0901e-07,
        6.3958e-08], device='cuda:0')}, 53: {'step': tensor(864.), 'exp_avg': tensor([ 2.9503e-05, -1.8804e-05,  2.8007e-05,  ..., -3.9298e-05,
         3.0505e-06,  4.4549e-05], device='cuda:0'), 'exp_avg_sq': tensor([2.1219e-08, 5.8163e-08, 7.9891e-08,  ..., 3.9009e-08, 6.8574e-08,
        4.7094e-08], device='cuda:0')}, 54: {'step': tensor(864.), 'exp_avg': tensor([[ 1.3421e-04,  6.0625e-06,  4.5612e-05,  ..., -1.0848e-04,
          3.0595e-05, -2.0983e-05],
        [-1.2416e-04,  3.6686e-05, -8.9250e-05,  ...,  1.8980e-04,
         -7.1989e-05, -8.3377e-05],
        [ 8.4242e-05,  1.0405e-04,  5.2768e-05,  ..., -1.2640e-04,
          3.3735e-05,  1.0020e-05],
        ...,
        [ 8.7497e-06, -3.4110e-05, -2.0558e-05,  ...,  1.2434e-04,
         -1.0140e-04, -2.3660e-05],
        [-1.0117e-04, -1.0725e-04,  7.3019e-05,  ...,  2.1443e-05,
         -1.4032e-04,  4.4514e-05],
        [-9.0748e-05,  7.1700e-07,  5.0143e-05,  ..., -8.2603e-05,
         -3.9319e-05,  7.6289e-06]], device='cuda:0'), 'exp_avg_sq': tensor([[1.5713e-08, 9.2929e-09, 9.3891e-09,  ..., 3.0982e-08, 9.1690e-09,
         1.0247e-08],
        [2.3580e-08, 1.4745e-08, 1.3098e-08,  ..., 4.5926e-08, 1.5002e-08,
         1.2386e-08],
        [3.8136e-08, 3.0003e-08, 2.4276e-08,  ..., 7.5384e-08, 3.1164e-08,
         3.0734e-08],
        ...,
        [1.0757e-07, 1.1541e-07, 6.5211e-08,  ..., 1.9374e-07, 1.2046e-07,
         1.1583e-07],
        [6.2032e-08, 6.5114e-08, 4.4018e-08,  ..., 1.1448e-07, 6.4153e-08,
         6.5954e-08],
        [4.7400e-08, 3.7100e-08, 2.0127e-08,  ..., 8.2519e-08, 3.6035e-08,
         3.7528e-08]], device='cuda:0')}, 55: {'step': tensor(864.), 'exp_avg': tensor([[ 2.8004e-05,  2.0070e-05,  2.8504e-05,  ..., -1.6475e-05,
          3.9926e-05,  8.7026e-07],
        [-1.6352e-05,  3.0356e-06,  2.3672e-06,  ...,  1.9280e-05,
          2.6783e-05, -2.1492e-05],
        [ 8.5450e-06, -7.2773e-06, -1.9575e-05,  ...,  2.8446e-05,
          5.8153e-05, -3.4253e-05],
        ...,
        [ 4.5069e-05, -5.8817e-05,  7.7458e-05,  ..., -6.0628e-05,
         -7.7905e-05,  8.1229e-06],
        [ 4.3398e-07, -5.1724e-06, -6.8519e-06,  ..., -7.6415e-06,
         -2.9135e-05, -3.6369e-06],
        [ 2.2524e-05,  5.5332e-05,  4.1297e-05,  ..., -1.3567e-04,
          4.5756e-05,  5.7633e-05]], device='cuda:0'), 'exp_avg_sq': tensor([[6.2866e-09, 4.9521e-09, 6.0323e-09,  ..., 7.2408e-09, 5.0582e-09,
         1.0937e-08],
        [2.2604e-08, 1.3577e-08, 1.1779e-08,  ..., 1.6662e-08, 9.9213e-09,
         1.7516e-08],
        [3.4185e-08, 2.3436e-08, 2.7102e-08,  ..., 3.0341e-08, 2.0838e-08,
         3.8801e-08],
        ...,
        [2.7072e-08, 2.1060e-08, 2.4307e-08,  ..., 2.3064e-08, 1.5600e-08,
         2.5099e-08],
        [1.1200e-08, 9.0740e-09, 8.9052e-09,  ..., 8.4933e-09, 6.9909e-09,
         8.5657e-09],
        [4.1037e-08, 3.3227e-08, 3.3442e-08,  ..., 3.7997e-08, 2.7508e-08,
         3.7383e-08]], device='cuda:0')}, 56: {'step': tensor(864.), 'exp_avg': tensor([-2.1908e-05,  2.0590e-05,  3.5895e-05,  ...,  8.2186e-05,
         3.4977e-05,  8.8193e-06], device='cuda:0'), 'exp_avg_sq': tensor([4.3870e-08, 1.8720e-07, 1.8260e-07,  ..., 1.8396e-07, 8.1172e-08,
        3.0536e-07], device='cuda:0')}, 57: {'step': tensor(864.), 'exp_avg': tensor([ 2.1016e-05, -2.4439e-05,  1.3254e-05,  ...,  3.6864e-06,
         6.2923e-06, -2.9515e-05], device='cuda:0'), 'exp_avg_sq': tensor([3.6255e-09, 4.0602e-09, 2.6132e-09,  ..., 2.0533e-08, 3.1580e-09,
        5.4432e-09], device='cuda:0')}, 58: {'step': tensor(864.), 'exp_avg': tensor([ 1.1817e-05, -1.7813e-06,  9.1558e-07,  ..., -7.3594e-06,
         4.6772e-06, -4.1073e-06], device='cuda:0'), 'exp_avg_sq': tensor([5.6976e-09, 7.2737e-09, 6.7302e-09,  ..., 8.5761e-09, 7.6112e-09,
        1.0299e-08], device='cuda:0')}, 59: {'step': tensor(864.), 'exp_avg': tensor([[ 1.1209e-05, -6.7606e-06,  1.2555e-06,  ...,  2.8493e-05,
          5.1512e-06,  1.2358e-05],
        [ 8.0435e-06,  2.1502e-05, -1.0834e-05,  ..., -4.6946e-06,
         -1.1346e-07,  3.6462e-06],
        [-1.4484e-05, -8.2293e-06, -6.9972e-06,  ...,  3.8097e-05,
          7.0097e-08,  1.2935e-05],
        ...,
        [-2.3031e-06,  3.1564e-05, -1.3888e-05,  ...,  9.3375e-06,
         -1.6433e-05,  2.2448e-05],
        [ 4.4876e-06,  1.3219e-05,  1.3380e-05,  ...,  3.7290e-05,
         -4.7442e-07, -2.1911e-05],
        [-1.5510e-05,  7.4726e-06, -2.0447e-05,  ...,  1.4902e-05,
         -7.1843e-06, -5.1698e-06]], device='cuda:0'), 'exp_avg_sq': tensor([[3.6244e-09, 3.7934e-09, 1.8403e-09,  ..., 1.0541e-08, 4.0441e-09,
         3.2085e-09],
        [6.4031e-09, 3.4401e-09, 2.1429e-09,  ..., 1.2205e-08, 2.8412e-09,
         4.0372e-09],
        [2.4371e-09, 1.8640e-09, 1.7141e-09,  ..., 4.0539e-09, 2.3951e-09,
         3.1330e-09],
        ...,
        [4.1232e-09, 2.3255e-09, 1.3011e-09,  ..., 8.3094e-09, 1.8802e-09,
         3.4369e-09],
        [3.6935e-09, 3.6301e-09, 2.6507e-09,  ..., 5.7918e-09, 3.9494e-09,
         4.5203e-09],
        [8.7393e-09, 1.3763e-08, 3.0750e-09,  ..., 5.8022e-08, 1.2640e-08,
         4.5472e-09]], device='cuda:0')}, 60: {'step': tensor(864.), 'exp_avg': tensor([-4.5599e-06,  3.3938e-06,  6.3371e-06,  ...,  1.0135e-05,
        -9.2540e-06, -8.4679e-06], device='cuda:0'), 'exp_avg_sq': tensor([7.0115e-09, 4.9813e-09, 1.9517e-09,  ..., 3.6563e-09, 6.2671e-09,
        2.2626e-08], device='cuda:0')}, 61: {'step': tensor(864.), 'exp_avg': tensor([[-1.9921e-05, -2.7809e-06,  1.5980e-05,  ..., -1.5786e-05,
         -2.1801e-05, -5.8836e-08],
        [ 8.4642e-06, -8.1137e-06, -1.4130e-06,  ..., -3.5280e-05,
         -1.8264e-05,  7.5204e-07],
        [-2.8912e-06,  1.9828e-05, -2.2789e-06,  ...,  3.2705e-05,
          8.5008e-06,  1.8115e-05],
        ...,
        [-2.1010e-06,  1.1478e-05, -1.8380e-05,  ..., -3.6728e-05,
          2.1740e-05, -2.3048e-06],
        [ 2.5081e-05,  1.2123e-05, -3.3017e-05,  ...,  1.2660e-05,
          2.0859e-05, -1.2370e-05],
        [ 6.7354e-07,  1.2003e-06, -1.2995e-05,  ..., -1.8247e-06,
          5.5596e-06, -1.9969e-05]], device='cuda:0'), 'exp_avg_sq': tensor([[2.5396e-09, 5.1913e-09, 5.6738e-09,  ..., 3.2038e-09, 2.3165e-09,
         3.5810e-09],
        [4.0978e-09, 3.7588e-09, 5.6932e-09,  ..., 3.0288e-09, 3.9063e-09,
         1.7540e-08],
        [6.4072e-09, 6.4197e-09, 1.2261e-08,  ..., 4.9522e-09, 7.4292e-09,
         2.2449e-08],
        ...,
        [8.9811e-09, 6.2646e-09, 9.6877e-09,  ..., 5.9637e-09, 7.6358e-09,
         1.7065e-08],
        [2.2833e-09, 4.1346e-09, 5.6194e-09,  ..., 3.4519e-09, 4.0247e-09,
         7.2839e-09],
        [7.7525e-09, 6.8947e-09, 9.4782e-09,  ..., 6.5798e-09, 9.0874e-09,
         1.9117e-08]], device='cuda:0')}, 62: {'step': tensor(864.), 'exp_avg': tensor([-4.9579e-05,  2.0330e-05,  3.3443e-06,  ...,  3.2084e-05,
         4.7221e-05, -5.1027e-05], device='cuda:0'), 'exp_avg_sq': tensor([4.3436e-08, 2.1117e-07, 1.7900e-07,  ..., 1.8110e-07, 8.4882e-08,
        3.4170e-07], device='cuda:0')}, 63: {'step': tensor(864.), 'exp_avg': tensor([ 2.8928e-05, -1.6647e-05, -2.3631e-05,  ..., -8.6110e-06,
        -9.1836e-05, -8.9123e-05], device='cuda:0'), 'exp_avg_sq': tensor([4.4736e-08, 3.5018e-08, 5.3163e-08,  ..., 1.1160e-07, 4.5740e-08,
        7.6420e-08], device='cuda:0')}, 64: {'step': tensor(864.), 'exp_avg': tensor([-3.3078e-05,  1.6977e-05,  4.3095e-05,  ...,  4.7753e-05,
         1.8964e-05,  4.6966e-05], device='cuda:0'), 'exp_avg_sq': tensor([4.1630e-08, 5.7207e-08, 1.3373e-07,  ..., 3.9829e-08, 2.9695e-08,
        7.4733e-08], device='cuda:0')}, 65: {'step': tensor(864.), 'exp_avg': tensor([[-1.7466e-05,  1.8836e-05, -1.0181e-05,  ...,  1.4774e-04,
          3.1839e-06, -1.8599e-05],
        [ 2.1291e-05, -6.1576e-06, -5.5060e-05,  ...,  1.6412e-05,
          2.8748e-05,  3.3139e-05],
        [-8.2883e-05,  7.8274e-06,  4.4326e-05,  ...,  1.1630e-04,
         -2.9097e-05, -9.5005e-05],
        ...,
        [ 5.7830e-05,  7.0131e-06, -1.0286e-05,  ...,  8.8877e-06,
          1.2472e-05, -3.7520e-05],
        [ 3.0874e-05, -3.7375e-05,  8.6030e-06,  ...,  1.5904e-05,
          6.5584e-05,  4.5451e-06],
        [-7.9928e-05,  1.9345e-05,  3.6467e-05,  ..., -4.2129e-05,
         -7.1428e-05,  4.7232e-05]], device='cuda:0'), 'exp_avg_sq': tensor([[2.8413e-08, 1.1218e-08, 8.0663e-09,  ..., 5.6086e-08, 1.0660e-08,
         1.0481e-08],
        [2.7603e-08, 1.0726e-08, 8.2537e-09,  ..., 5.4127e-08, 1.1584e-08,
         1.2323e-08],
        [2.4570e-08, 9.9871e-09, 6.1630e-09,  ..., 6.6386e-08, 9.7163e-09,
         1.3709e-08],
        ...,
        [2.2948e-08, 1.8755e-08, 1.9159e-08,  ..., 2.8651e-08, 1.6275e-08,
         1.7786e-08],
        [2.1894e-08, 1.6079e-08, 1.6104e-08,  ..., 3.1030e-08, 1.3741e-08,
         1.7187e-08],
        [3.8675e-08, 2.9814e-08, 2.7074e-08,  ..., 5.0303e-08, 2.3234e-08,
         3.1113e-08]], device='cuda:0')}, 66: {'step': tensor(864.), 'exp_avg': tensor([[-3.9748e-06, -4.4681e-05, -1.4444e-04,  ..., -5.1449e-06,
         -2.1694e-05,  7.7661e-06],
        [-1.8903e-05,  4.1241e-05, -1.6094e-05,  ...,  1.1253e-05,
         -2.4195e-05,  2.2980e-05],
        [ 4.9835e-05,  8.7423e-06, -8.0514e-05,  ..., -5.3376e-05,
          1.3913e-05,  1.9101e-05],
        ...,
        [-4.0357e-05,  4.7979e-06, -4.4414e-05,  ...,  5.3268e-05,
          1.7553e-05, -8.9128e-05],
        [-4.4627e-05,  2.9861e-05, -1.9037e-05,  ...,  4.3396e-05,
         -1.2472e-06, -4.4854e-05],
        [-8.6420e-05, -6.3237e-05, -2.4884e-04,  ...,  1.2281e-05,
         -9.6206e-05,  4.1751e-06]], device='cuda:0'), 'exp_avg_sq': tensor([[6.2703e-09, 9.8778e-09, 2.5941e-08,  ..., 5.0299e-09, 7.5925e-09,
         1.9346e-08],
        [1.2795e-08, 2.3779e-08, 6.4912e-08,  ..., 1.6213e-08, 2.0145e-08,
         5.3436e-08],
        [3.0788e-08, 4.6469e-08, 1.3203e-07,  ..., 3.3478e-08, 4.2726e-08,
         1.1755e-07],
        ...,
        [2.4278e-08, 3.1052e-08, 9.9040e-08,  ..., 2.6826e-08, 3.3699e-08,
         9.6632e-08],
        [8.6054e-09, 1.3295e-08, 3.9038e-08,  ..., 1.0216e-08, 1.1977e-08,
         3.7017e-08],
        [4.8252e-08, 7.6310e-08, 1.7088e-07,  ..., 5.1186e-08, 6.9112e-08,
         2.0359e-07]], device='cuda:0')}, 67: {'step': tensor(864.), 'exp_avg': tensor([-2.2738e-05,  3.4956e-06, -7.5694e-05,  ..., -3.4208e-06,
         3.3595e-05, -1.5508e-06], device='cuda:0'), 'exp_avg_sq': tensor([3.3351e-08, 1.2750e-07, 2.1664e-07,  ..., 1.5890e-07, 6.9622e-08,
        2.7655e-07], device='cuda:0')}, 68: {'step': tensor(864.), 'exp_avg': tensor([-1.6073e-05, -1.0066e-05, -9.0893e-06,  ..., -1.1425e-05,
        -3.1687e-06,  5.8439e-06], device='cuda:0'), 'exp_avg_sq': tensor([3.2721e-09, 3.4635e-09, 1.9071e-09,  ..., 1.1536e-08, 5.1275e-09,
        3.1157e-09], device='cuda:0')}, 69: {'step': tensor(864.), 'exp_avg': tensor([-2.4606e-07,  2.9348e-05, -2.4431e-06,  ..., -2.2309e-06,
         2.0867e-05, -1.3143e-05], device='cuda:0'), 'exp_avg_sq': tensor([6.3851e-09, 6.5951e-09, 1.1811e-08,  ..., 6.3383e-09, 1.6829e-08,
        1.6885e-08], device='cuda:0')}, 70: {'step': tensor(864.), 'exp_avg': tensor([[-1.7614e-05,  1.2501e-06,  9.0503e-06,  ...,  2.0964e-05,
         -1.8859e-05, -2.2685e-05],
        [-1.1303e-06, -2.9242e-06, -1.1483e-05,  ..., -7.9669e-06,
          4.0740e-06, -2.4546e-06],
        [-4.1621e-06, -3.1986e-05, -2.1802e-05,  ..., -9.3118e-05,
          2.8966e-05, -1.0747e-05],
        ...,
        [-2.9883e-06, -1.6471e-06, -7.0474e-07,  ...,  1.2217e-05,
          2.3041e-06,  4.6419e-06],
        [ 6.8445e-06, -3.5937e-06,  1.6736e-06,  ..., -3.0540e-06,
          9.1427e-06, -3.9063e-06],
        [ 2.3467e-06, -7.5893e-06, -4.5020e-06,  ..., -8.4117e-06,
         -2.7135e-06, -6.1773e-06]], device='cuda:0'), 'exp_avg_sq': tensor([[3.6462e-09, 3.2983e-09, 1.1188e-09,  ..., 2.0073e-08, 3.6151e-09,
         2.9278e-09],
        [8.6902e-09, 1.2875e-08, 2.2427e-09,  ..., 4.0790e-08, 9.9346e-09,
         6.5931e-09],
        [8.7874e-09, 2.6940e-09, 3.1423e-09,  ..., 3.1529e-08, 3.4493e-09,
         7.8308e-09],
        ...,
        [2.3446e-09, 1.5002e-09, 6.9529e-10,  ..., 4.6019e-09, 1.2374e-09,
         1.4668e-09],
        [7.4351e-09, 4.1424e-09, 1.6789e-09,  ..., 9.9184e-09, 3.0079e-09,
         3.8947e-09],
        [1.7176e-09, 2.7800e-09, 4.4722e-10,  ..., 8.8084e-09, 2.0758e-09,
         1.1626e-09]], device='cuda:0')}, 71: {'step': tensor(864.), 'exp_avg': tensor([ 2.4208e-05, -3.4696e-06, -5.0749e-05,  ..., -2.5211e-06,
         1.4041e-05, -4.6755e-06], device='cuda:0'), 'exp_avg_sq': tensor([7.8630e-09, 2.4679e-08, 1.0164e-08,  ..., 2.9506e-09, 9.8970e-09,
        4.1520e-09], device='cuda:0')}, 72: {'step': tensor(864.), 'exp_avg': tensor([[ 8.3123e-06,  1.0455e-06, -5.7957e-05,  ...,  3.7779e-06,
          1.2232e-05, -6.6942e-06],
        [-1.3254e-05,  6.3241e-06, -2.2491e-05,  ...,  5.6400e-06,
         -8.1692e-06, -9.5763e-07],
        [ 2.5835e-05, -5.1643e-06, -9.7770e-05,  ...,  8.2376e-06,
          1.3078e-05,  5.7671e-07],
        ...,
        [-9.8908e-06,  1.4781e-05, -1.4137e-05,  ..., -6.8879e-06,
         -8.3069e-06,  9.6024e-07],
        [-1.1004e-05,  8.8366e-06, -1.0777e-05,  ...,  9.9100e-07,
          1.0471e-05, -2.7361e-06],
        [ 1.6172e-06,  1.0507e-05, -7.9659e-05,  ...,  7.5435e-06,
          1.9402e-05, -7.5308e-06]], device='cuda:0'), 'exp_avg_sq': tensor([[4.4641e-10, 5.6699e-10, 7.4187e-09,  ..., 9.6378e-10, 9.7526e-10,
         4.5174e-10],
        [1.0964e-09, 2.2506e-09, 3.9838e-09,  ..., 3.3574e-09, 3.3669e-09,
         1.5503e-09],
        [2.4660e-09, 3.9819e-09, 3.3868e-08,  ..., 5.3744e-09, 5.0735e-09,
         3.0378e-09],
        ...,
        [1.8425e-09, 3.1072e-09, 1.6866e-08,  ..., 4.9238e-09, 3.3242e-09,
         2.0389e-09],
        [8.5757e-10, 1.3015e-09, 3.4382e-09,  ..., 1.3612e-09, 1.6473e-09,
         1.0870e-09],
        [3.0994e-09, 4.1492e-09, 1.6788e-08,  ..., 5.4691e-09, 7.7642e-09,
         4.0233e-09]], device='cuda:0')}, 73: {'step': tensor(864.), 'exp_avg': tensor([-1.0734e-05, -9.4240e-06, -7.7209e-05,  ...,  2.4491e-05,
         1.9109e-05, -2.4970e-05], device='cuda:0'), 'exp_avg_sq': tensor([3.1568e-08, 1.2984e-07, 2.1318e-07,  ..., 1.5451e-07, 7.4736e-08,
        2.6682e-07], device='cuda:0')}, 74: {'step': tensor(864.), 'exp_avg': tensor([-1.8280e-05, -7.5164e-06,  3.6093e-05,  ..., -1.2515e-04,
        -4.6467e-06,  4.1961e-06], device='cuda:0'), 'exp_avg_sq': tensor([7.6922e-08, 5.8873e-07, 1.4134e-07,  ..., 1.1994e-06, 1.1412e-07,
        5.2013e-07], device='cuda:0')}, 75: {'step': tensor(864.), 'exp_avg': tensor([-4.5001e-05,  5.8614e-06, -1.3199e-04,  ...,  9.6103e-05,
         4.2276e-05, -7.9024e-06], device='cuda:0'), 'exp_avg_sq': tensor([1.4420e-07, 5.8631e-07, 9.5973e-07,  ..., 6.3654e-07, 3.6063e-07,
        1.2767e-06], device='cuda:0')}, 76: {'step': tensor(864.), 'exp_avg': tensor([[ 2.0413e-03,  7.2294e-04, -2.9977e-03,  ..., -2.4244e-03,
         -1.9011e-03, -1.0875e-03],
        [-3.6937e-05,  3.2775e-05, -7.4366e-04,  ..., -2.9028e-03,
          8.6910e-04,  7.1610e-04],
        [ 1.3037e-03, -1.1332e-03, -7.6333e-04,  ..., -2.5294e-03,
          4.8640e-04, -2.7035e-04],
        [-2.2263e-03,  4.1182e-04,  1.5353e-03,  ...,  8.8937e-04,
          2.5182e-05, -1.2687e-03],
        [ 1.4917e-03,  1.7370e-04,  2.2765e-03,  ...,  5.8635e-03,
         -6.9309e-04,  6.3630e-04],
        [-2.5734e-03, -2.0805e-04,  6.9283e-04,  ...,  1.1037e-03,
          1.2135e-03,  1.2741e-03]], device='cuda:0'), 'exp_avg_sq': tensor([[3.6631e-04, 2.5404e-04, 8.0186e-05,  ..., 6.5086e-04, 1.2102e-04,
         1.8538e-04],
        [2.6960e-04, 5.9511e-04, 3.9320e-05,  ..., 8.9871e-04, 3.5595e-04,
         7.6707e-05],
        [2.1307e-05, 4.7513e-05, 1.5292e-05,  ..., 3.2011e-04, 4.7597e-05,
         2.3430e-05],
        [3.2054e-05, 3.8488e-05, 1.4385e-05,  ..., 3.1963e-04, 3.3154e-05,
         4.7325e-05],
        [4.4667e-04, 3.2988e-04, 9.3145e-05,  ..., 7.8496e-04, 1.8239e-04,
         2.6167e-04],
        [3.3154e-04, 5.6023e-04, 6.3575e-05,  ..., 1.2759e-03, 2.9127e-04,
         1.7201e-04]], device='cuda:0')}, 77: {'step': tensor(864.), 'exp_avg': tensor([ 0.0027, -0.0002, -0.0016,  0.0013, -0.0011, -0.0012], device='cuda:0'), 'exp_avg_sq': tensor([4.8129e-04, 5.2766e-04, 8.5521e-05, 8.6744e-05, 5.6453e-04, 8.4092e-04],
       device='cuda:0')}}
param_groups 	 [{'lr': 0.0001, 'betas': (0.9, 0.999), 'eps': 1e-08, 'weight_decay': 0, 'amsgrad': False, 'maximize': False, 'foreach': None, 'capturable': False, 'differentiable': False, 'fused': False, 'params': [0, 1, 2, 3, 4, 5, 6, 7, 8, 9, 10, 11, 12, 13, 14, 15, 16, 17, 18, 19, 20, 21, 22, 23, 24, 25, 26, 27, 28, 29, 30, 31, 32, 33, 34, 35, 36, 37, 38, 39, 40, 41, 42, 43, 44, 45, 46, 47, 48, 49, 50, 51, 52, 53, 54, 55, 56, 57, 58, 59, 60, 61, 62, 63, 64, 65, 66, 67, 68, 69, 70, 71, 72, 73, 74, 75, 76, 77]}]
End time:  2023-07-16 19:54:13.942247
Total time:  0:00:50.360681
