MODEL_NAME:  optuna_convbbt
Start time:  2023-09-06 10:36:36.447208
Device:  cuda
Max Epochs:  200
Early Stopping Reference Size:  5
Search Space:  {'lr': [1e-06, 1e-05, 0.0001, 0.001], 'beta1': [0.9, 0.95, 0.99, 0.999], 'beta2': [0.9, 0.95, 0.99, 0.999], 'eps': [1e-09, 1e-08, 1e-07, 1e-06], 'T_max': [50, 100, 150, 200], 'eta_min': [0, 1e-08, 1e-07, 1e-06, 1e-05], 'hidden_ch': [3, 5, 7, 8, 10, 15], 'depth': [3, 5, 6, 8], 'heads': [3, 5, 6, 8, 10], 'hidden_dim': [64, 128, 256, 512, 1024], 'mlp_dim': [256, 512, 1024, 2048], 'dropout': [0.01, 0.1, 0.25, 0.5, 0.8], 'emb_dropout': [0.01, 0.1, 0.25, 0.5, 0.8]}
Epoch 000: | Loss: 1.85457
Epoch 001: | Loss: 1.79194
Epoch 002: | Loss: 1.73038
Epoch 003: | Loss: 1.68439
Epoch 004: | Loss: 1.63048
Epoch 005: | Loss: 1.58745
Epoch 006: | Loss: 1.54253
Epoch 007: | Loss: 1.49466
Epoch 008: | Loss: 1.44613
Epoch 009: | Loss: 1.41159
Epoch 010: | Loss: 1.38231
Epoch 011: | Loss: 1.34735
Epoch 012: | Loss: 1.31060
Epoch 013: | Loss: 1.28833
Epoch 014: | Loss: 1.25768
Epoch 015: | Loss: 1.23867
Epoch 016: | Loss: 1.21290
Epoch 017: | Loss: 1.18534
Epoch 018: | Loss: 1.17263
Epoch 019: | Loss: 1.15673
Epoch 020: | Loss: 1.13759
Epoch 021: | Loss: 1.12842
Epoch 022: | Loss: 1.11178
Epoch 023: | Loss: 1.10139
Epoch 024: | Loss: 1.08488
Epoch 025: | Loss: 1.08688
Epoch 026: | Loss: 1.08337
Epoch 027: | Loss: 1.07712
Epoch 028: | Loss: 1.05878
Epoch 029: | Loss: 1.05693
Epoch 030: | Loss: 1.04944
Epoch 031: | Loss: 1.03723
Epoch 032: | Loss: 1.02881
Epoch 033: | Loss: 1.03928
Epoch 034: | Loss: 1.02927
Epoch 035: | Loss: 1.02305
Epoch 036: | Loss: 1.02105
Epoch 037: | Loss: 1.02466
Epoch 038: | Loss: 1.00976
Epoch 039: | Loss: 1.01343
Epoch 040: | Loss: 1.00199
Epoch 041: | Loss: 1.01403
Epoch 042: | Loss: 0.98828
Epoch 043: | Loss: 0.99555
Epoch 044: | Loss: 0.99641
Epoch 045: | Loss: 0.98937
Epoch 046: | Loss: 0.97710
Epoch 047: | Loss: 0.98368
Epoch 048: | Loss: 0.98439
Epoch 049: | Loss: 0.98394
Epoch 050: | Loss: 0.99268
Epoch 051: | Loss: 0.98101
Epoch 052: | Loss: 0.98885
Epoch 053: | Loss: 0.98099
Epoch 054: | Loss: 0.99041
Epoch 055: | Loss: 0.97768
Epoch 056: | Loss: 0.97868
Epoch 057: | Loss: 0.96837
Epoch 058: | Loss: 0.97476
Epoch 059: | Loss: 0.97069
Epoch 060: | Loss: 0.97719
Epoch 061: | Loss: 0.96622
Epoch 062: | Loss: 0.96891
Epoch 063: | Loss: 0.97095
Epoch 064: | Loss: 0.96373
Epoch 065: | Loss: 0.96836
Epoch 066: | Loss: 0.96869
Epoch 067: | Loss: 0.95839
Epoch 068: | Loss: 0.96418
Epoch 069: | Loss: 0.96045
Epoch 070: | Loss: 0.95607
Epoch 071: | Loss: 0.97032
Epoch 072: | Loss: 0.95309
Epoch 073: | Loss: 0.96097
Epoch 074: | Loss: 0.96413
Epoch 075: | Loss: 0.96443
Epoch 076: | Loss: 0.96185
Epoch 077: | Loss: 0.96568
Epoch 078: | Loss: 0.95480
Epoch 079: | Loss: 0.97010
Epoch 080: | Loss: 0.95938
Epoch 081: | Loss: 0.97059
Epoch 082: | Loss: 0.96055
Epoch 083: | Loss: 0.97004
Epoch 084: | Loss: 0.95725
Epoch 085: | Loss: 0.95266
Epoch 086: | Loss: 0.95801
Epoch 087: | Loss: 0.95850
Epoch 088: | Loss: 0.95391
Epoch 089: | Loss: 0.97276
Epoch 090: | Loss: 0.96103
Epoch 091: | Loss: 0.95497
Epoch 092: | Loss: 0.95230
Epoch 093: | Loss: 0.97723
Epoch 094: | Loss: 0.95923
Epoch 095: | Loss: 0.94993
Epoch 096: | Loss: 0.96223
Epoch 097: | Loss: 0.96363
Epoch 098: | Loss: 0.95857
Epoch 099: | Loss: 0.96604
Epoch 100: | Loss: 0.95240
Epoch 101: | Loss: 0.96575
Epoch 102: | Loss: 0.96204
Epoch 103: | Loss: 0.96511
Epoch 104: | Loss: 0.96139
Epoch 105: | Loss: 0.96346
Epoch 106: | Loss: 0.95674
Epoch 107: | Loss: 0.95700
Epoch 108: | Loss: 0.95917
Epoch 109: | Loss: 0.95604
Epoch 110: | Loss: 0.96292
Epoch 111: | Loss: 0.96955
Epoch 112: | Loss: 0.97376
Epoch 113: | Loss: 0.96491
Epoch 114: | Loss: 0.96206
Epoch 115: | Loss: 0.96753
Epoch 116: | Loss: 0.95977
Epoch 117: | Loss: 0.95916
Epoch 118: | Loss: 0.95573
Epoch 119: | Loss: 0.96537
Epoch 120: | Loss: 0.96162
Epoch 121: | Loss: 0.96110
Epoch 122: | Loss: 0.96057
Epoch 123: | Loss: 0.94598
Epoch 124: | Loss: 0.95442
Epoch 125: | Loss: 0.96163
Epoch 126: | Loss: 0.95928
Epoch 127: | Loss: 0.96031
Epoch 128: | Loss: 0.95851
Epoch 129: | Loss: 0.95686
Epoch 130: | Loss: 0.96598
Epoch 131: | Loss: 0.95667
Epoch 132: | Loss: 0.95386
Epoch 133: | Loss: 0.94643
Epoch 134: | Loss: 0.95557
Epoch 135: | Loss: 0.96041
Epoch 136: | Loss: 0.94855
Epoch 137: | Loss: 0.95201
Epoch 138: | Loss: 0.95087
Epoch 139: | Loss: 0.95139
Epoch 140: | Loss: 0.95122
Epoch 141: | Loss: 0.95162
Epoch 142: | Loss: 0.95675
Epoch 143: | Loss: 0.94277
Epoch 144: | Loss: 0.95677
Epoch 145: | Loss: 0.94796
Epoch 146: | Loss: 0.94527
Epoch 147: | Loss: 0.94988
Epoch 148: | Loss: 0.93101
Epoch 149: | Loss: 0.94212
Epoch 150: | Loss: 0.94700
Epoch 151: | Loss: 0.94779
Epoch 152: | Loss: 0.94372
Epoch 153: | Loss: 0.95322
Epoch 154: | Loss: 0.94029
Epoch 155: | Loss: 0.93777
Epoch 156: | Loss: 0.92872
Epoch 157: | Loss: 0.94699
Epoch 158: | Loss: 0.94830
Epoch 159: | Loss: 0.94564
Epoch 160: | Loss: 0.93812
Epoch 161: | Loss: 0.93836
Epoch 162: | Loss: 0.94899
Epoch 163: | Loss: 0.92986
Epoch 164: | Loss: 0.93281
Epoch 165: | Loss: 0.94138
Epoch 166: | Loss: 0.92888
Epoch 167: | Loss: 0.91932
Epoch 168: | Loss: 0.92809
Epoch 169: | Loss: 0.92641
Epoch 170: | Loss: 0.92828
Epoch 171: | Loss: 0.92713
Epoch 172: | Loss: 0.92192
Epoch 173: | Loss: 0.91900
Epoch 174: | Loss: 0.91289
Epoch 175: | Loss: 0.92178
Epoch 176: | Loss: 0.91374
Epoch 177: | Loss: 0.92018
Epoch 178: | Loss: 0.91551
Epoch 179: | Loss: 0.92392
Epoch 180: | Loss: 0.91966
Epoch 181: | Loss: 0.90549
Epoch 182: | Loss: 0.92430
Epoch 183: | Loss: 0.91668
Epoch 184: | Loss: 0.91448
Epoch 185: | Loss: 0.91738
Epoch 186: | Loss: 0.90921
Epoch 187: | Loss: 0.90702
Epoch 188: | Loss: 0.91805
Epoch 189: | Loss: 0.91012
Epoch 190: | Loss: 0.90497
Epoch 191: | Loss: 0.91469
Epoch 192: | Loss: 0.90479
Epoch 193: | Loss: 0.90879
Epoch 194: | Loss: 0.92237
Epoch 195: | Loss: 0.90928
Epoch 196: | Loss: 0.90856
Epoch 197: | Loss: 0.91111
Epoch 198: | Loss: 0.90980
Epoch 199: | Loss: 0.91492
Accuracy: 0.31325587606837607
Epoch 000: | Loss: 0.12513
Epoch 001: | Loss: 0.00102
Epoch 002: | Loss: 0.00025
Epoch 003: | Loss: 0.00085
Epoch 004: | Loss: 0.00038
Epoch 005: | Loss: 0.00063
Epoch 006: | Loss: 0.00007
Epoch 007: | Loss: 0.00074
Epoch 008: | Loss: 0.00108
Epoch 009: | Loss: 0.00063
Epoch 010: | Loss: 0.00069
Epoch 011: | Loss: 0.00012
Epoch 012: | Loss: 0.00120
Epoch 013: | Loss: 0.00027
Epoch 014: | Loss: 0.00068
Epoch 015: | Loss: 0.00024
Epoch 016: | Loss: 0.00008
Epoch 017: | Loss: 0.00002
Epoch 018: | Loss: 0.00001
Epoch 019: | Loss: 0.00001
Epoch 020: | Loss: 0.00002
Epoch 021: | Loss: 0.00001
Epoch 022: | Loss: 0.00001
Epoch 023: | Loss: 0.00001
Epoch 024: | Loss: 0.00000
Epoch 025: | Loss: 0.00000
Epoch 026: | Loss: 0.00000
Epoch 027: | Loss: 0.00000
Epoch 028: | Loss: 0.00000
Epoch 029: | Loss: 0.00000
Epoch 030: | Loss: 0.00000
Epoch 031: | Loss: 0.00000
Epoch 032: | Loss: 0.00000
Epoch 033: | Loss: 0.00000
Epoch 034: | Loss: 0.00000
Epoch 035: | Loss: 0.00000
Epoch 036: | Loss: 0.00000
Epoch 037: | Loss: 0.00000
Epoch 038: | Loss: 0.00000
Epoch 039: | Loss: 0.00091
Epoch 040: | Loss: 0.00058
Epoch 041: | Loss: 0.00075
Epoch 042: | Loss: 0.00016
Epoch 043: | Loss: 0.00034
Epoch 044: | Loss: 0.00020
Epoch 045: | Loss: 0.00002
Epoch 046: | Loss: 0.00001
Epoch 047: | Loss: 0.00002
Epoch 048: | Loss: 0.00001
Epoch 049: | Loss: 0.00000
Epoch 050: | Loss: 0.00000
Epoch 051: | Loss: 0.00000
Epoch 052: | Loss: 0.00000
Epoch 053: | Loss: 0.00000
Epoch 054: | Loss: 0.00000
Epoch 055: | Loss: 0.00000
Epoch 056: | Loss: 0.00000
Epoch 057: | Loss: 0.00000
Epoch 058: | Loss: 0.00000
Epoch 059: | Loss: 0.00000
Epoch 060: | Loss: 0.00000
Epoch 061: | Loss: 0.00000
Epoch 062: | Loss: 0.00000
Epoch 063: | Loss: 0.00000
Epoch 064: | Loss: 0.00000
Epoch 065: | Loss: 0.00000
Epoch 066: | Loss: 0.00000
Epoch 067: | Loss: 0.00000
Epoch 068: | Loss: 0.00000
Epoch 069: | Loss: 0.00000
Epoch 070: | Loss: 0.00000
Epoch 071: | Loss: 0.00000
Epoch 072: | Loss: 0.00000
Epoch 073: | Loss: 0.00000
Epoch 074: | Loss: 0.00000
Epoch 075: | Loss: 0.00000
Epoch 076: | Loss: 0.00001
Epoch 077: | Loss: 0.00000
Epoch 078: | Loss: 0.00001
Epoch 079: | Loss: 0.00000
Epoch 080: | Loss: 0.00000
Epoch 081: | Loss: 0.00000
Epoch 082: | Loss: 0.00000
Epoch 083: | Loss: 0.00000
Epoch 084: | Loss: 0.00000
Epoch 085: | Loss: 0.00000
Epoch 086: | Loss: 0.00000
Epoch 087: | Loss: 0.00000
Epoch 088: | Loss: 0.00000
Epoch 089: | Loss: 0.00000
Epoch 090: | Loss: 0.00000
Epoch 091: | Loss: 0.00000
Epoch 092: | Loss: 0.00000
Epoch 093: | Loss: 0.00000
Epoch 094: | Loss: 0.00000
Epoch 095: | Loss: 0.00000
Epoch 096: | Loss: 0.00000
Epoch 097: | Loss: 0.00000
Epoch 098: | Loss: 0.00000
Epoch 099: | Loss: 0.00066
Epoch 100: | Loss: 0.00000
Epoch 101: | Loss: 0.00000
Epoch 102: | Loss: 0.00000
Epoch 103: | Loss: 0.00000
Epoch 104: | Loss: 0.00000
Epoch 105: | Loss: 0.00000
Epoch 106: | Loss: 0.00000
Epoch 107: | Loss: 0.00017
Epoch 108: | Loss: 0.00018
Epoch 109: | Loss: 0.00002
Epoch 110: | Loss: 0.00058
Epoch 111: | Loss: 0.00010
Epoch 112: | Loss: 0.00000
Epoch 113: | Loss: 0.00001
Epoch 114: | Loss: 0.00032
Epoch 115: | Loss: 0.00002
Epoch 116: | Loss: 0.00000
Epoch 117: | Loss: 0.00000
Epoch 118: | Loss: 0.00000
Epoch 119: | Loss: 0.00000
Epoch 120: | Loss: 0.00000
Epoch 121: | Loss: 0.00000
Epoch 122: | Loss: 0.00000
Epoch 123: | Loss: 0.00000
Epoch 124: | Loss: 0.00000
Epoch 125: | Loss: 0.00000
Epoch 126: | Loss: 0.00000
Epoch 127: | Loss: 0.00000
Epoch 128: | Loss: 0.00000
Epoch 129: | Loss: 0.00000
Epoch 130: | Loss: 0.00000
Epoch 131: | Loss: 0.00000
Epoch 132: | Loss: 0.00000
Epoch 133: | Loss: 0.00000
Epoch 134: | Loss: 0.00031
Epoch 135: | Loss: 0.00000
Epoch 136: | Loss: 0.00000
Epoch 137: | Loss: 0.00000
Epoch 138: | Loss: 0.00000
Epoch 139: | Loss: 0.00000
Epoch 140: | Loss: 0.00000
Epoch 141: | Loss: 0.00000
Epoch 142: | Loss: 0.00000
Epoch 143: | Loss: 0.00000
Epoch 144: | Loss: 0.00000
Epoch 145: | Loss: 0.00000
Epoch 146: | Loss: 0.00000
Epoch 147: | Loss: 0.00000
Epoch 148: | Loss: 0.00000
Epoch 149: | Loss: 0.00000
Epoch 150: | Loss: 0.00000
Epoch 151: | Loss: 0.00000
Epoch 152: | Loss: 0.00000
Epoch 153: | Loss: 0.00000
Epoch 154: | Loss: 0.00022
Epoch 155: | Loss: 0.00000
Epoch 156: | Loss: 0.00000
Epoch 157: | Loss: 0.00000
Epoch 158: | Loss: 0.00000
Epoch 159: | Loss: 0.00000
Epoch 160: | Loss: 0.00000
Epoch 161: | Loss: 0.00000
Epoch 162: | Loss: 0.00000
Epoch 163: | Loss: 0.00000
Epoch 164: | Loss: 0.00000
Epoch 165: | Loss: 0.00000
Epoch 166: | Loss: 0.00000
Epoch 167: | Loss: 0.00000
Epoch 168: | Loss: 0.00000
Epoch 169: | Loss: 0.00002
Epoch 170: | Loss: 0.00000
Epoch 171: | Loss: 0.00000
Epoch 172: | Loss: 0.00000
Epoch 173: | Loss: 0.00000
Epoch 174: | Loss: 0.00000
Epoch 175: | Loss: 0.00000
Epoch 176: | Loss: 0.00000
Epoch 177: | Loss: 0.00000
Epoch 178: | Loss: 0.00000
Epoch 179: | Loss: 0.00000
Epoch 180: | Loss: 0.00000
Epoch 181: | Loss: 0.00044
Epoch 182: | Loss: 0.00000
Epoch 183: | Loss: 0.00000
Epoch 184: | Loss: 0.00000
Epoch 185: | Loss: 0.00000
Epoch 186: | Loss: 0.00000
Epoch 187: | Loss: 0.00000
Epoch 188: | Loss: 0.00000
Epoch 189: | Loss: 0.00000
Epoch 190: | Loss: 0.00000
Epoch 191: | Loss: 0.00000
Epoch 192: | Loss: 0.00000
Epoch 193: | Loss: 0.00000
Epoch 194: | Loss: 0.00000
Epoch 195: | Loss: 0.00000
Epoch 196: | Loss: 0.00000
Epoch 197: | Loss: 0.00000
Epoch 198: | Loss: 0.00000
Epoch 199: | Loss: 0.00000
Accuracy: 0.04252938034188034
Epoch 000: | Loss: 1.28884
Epoch 001: | Loss: 0.99148
Epoch 002: | Loss: 0.92969
Epoch 003: | Loss: 0.91895
Epoch 004: | Loss: 0.90751
Epoch 005: | Loss: 0.90487
Epoch 006: | Loss: 0.89048
Epoch 007: | Loss: 0.89122
Epoch 008: | Loss: 0.88857
Epoch 009: | Loss: 0.88703
Epoch 010: | Loss: 0.88066
Epoch 011: | Loss: 0.86892
Epoch 012: | Loss: 0.87387
Epoch 013: | Loss: 0.87485
Epoch 014: | Loss: 0.86695
Epoch 015: | Loss: 0.86412
Epoch 016: | Loss: 0.85886
Epoch 017: | Loss: 0.85359
Epoch 018: | Loss: 0.83762
Epoch 019: | Loss: 0.83615
Epoch 020: | Loss: 0.81066
Epoch 021: | Loss: 0.75173
Epoch 022: | Loss: 0.67243
Epoch 023: | Loss: 0.53742
Epoch 024: | Loss: 0.41075
Epoch 025: | Loss: 0.30776
Epoch 026: | Loss: 0.25381
Epoch 027: | Loss: 0.22880
Epoch 028: | Loss: 0.20646
Epoch 029: | Loss: 0.19235
Epoch 030: | Loss: 0.17807
Epoch 031: | Loss: 0.15743
Epoch 032: | Loss: 0.14248
Epoch 033: | Loss: 0.11998
Epoch 034: | Loss: 0.10765
Epoch 035: | Loss: 0.09294
Epoch 036: | Loss: 0.07600
Epoch 037: | Loss: 0.06399
Epoch 038: | Loss: 0.05080
Epoch 039: | Loss: 0.03941
Epoch 040: | Loss: 0.03003
Epoch 041: | Loss: 0.02462
Epoch 042: | Loss: 0.01770
Epoch 043: | Loss: 0.01316
Epoch 044: | Loss: 0.00903
Epoch 045: | Loss: 0.00685
Epoch 046: | Loss: 0.00489
Epoch 047: | Loss: 0.00373
Epoch 048: | Loss: 0.00241
Epoch 049: | Loss: 0.00209
Epoch 050: | Loss: 0.00206
Epoch 051: | Loss: 0.00148
Epoch 052: | Loss: 0.00123
Epoch 053: | Loss: 0.00078
Epoch 054: | Loss: 0.00065
Epoch 055: | Loss: 0.00073
Epoch 056: | Loss: 0.00039
Epoch 057: | Loss: 0.00042
Epoch 058: | Loss: 0.00056
Epoch 059: | Loss: 0.00033
Epoch 060: | Loss: 0.00024
Epoch 061: | Loss: 0.00018
Epoch 062: | Loss: 0.00017
Epoch 063: | Loss: 0.00025
Epoch 064: | Loss: 0.00010
Epoch 065: | Loss: 0.00010
Epoch 066: | Loss: 0.00008
Epoch 067: | Loss: 0.00008
Epoch 068: | Loss: 0.00006
Epoch 069: | Loss: 0.00007
Epoch 070: | Loss: 0.00004
Epoch 071: | Loss: 0.00004
Epoch 072: | Loss: 0.00023
Epoch 073: | Loss: 0.00003
Epoch 074: | Loss: 0.00006
Epoch 075: | Loss: 0.00003
Epoch 076: | Loss: 0.00004
Epoch 077: | Loss: 0.00034
Epoch 078: | Loss: 0.00002
Epoch 079: | Loss: 0.00013
Epoch 080: | Loss: 0.00002
Epoch 081: | Loss: 0.00002
Epoch 082: | Loss: 0.00011
Epoch 083: | Loss: 0.00002
Epoch 084: | Loss: 0.00003
Epoch 085: | Loss: 0.00005
Epoch 086: | Loss: 0.00002
Epoch 087: | Loss: 0.00012
Epoch 088: | Loss: 0.00016
Epoch 089: | Loss: 0.00001
Epoch 090: | Loss: 0.00084
Epoch 091: | Loss: 0.00018
Epoch 092: | Loss: 0.00003
Epoch 093: | Loss: 0.00247
Epoch 094: | Loss: 0.00003
Epoch 095: | Loss: 0.00014
Epoch 096: | Loss: 0.00092
Epoch 097: | Loss: 0.00072
Epoch 098: | Loss: 0.00020
Epoch 099: | Loss: 0.00020
Epoch 100: | Loss: 0.00006
Epoch 101: | Loss: 0.00032
Epoch 102: | Loss: 0.00015
Epoch 103: | Loss: 0.00001
Epoch 104: | Loss: 0.00099
Epoch 105: | Loss: 0.00007
Epoch 106: | Loss: 0.00004
Epoch 107: | Loss: 0.00074
Epoch 108: | Loss: 0.00099
Epoch 109: | Loss: 0.00063
Epoch 110: | Loss: 0.00003
Epoch 111: | Loss: 0.00003
Epoch 112: | Loss: 0.00003
Epoch 113: | Loss: 0.00003
Epoch 114: | Loss: 0.00023
Epoch 115: | Loss: 0.00007
Epoch 116: | Loss: 0.00006
Epoch 117: | Loss: 0.00008
Epoch 118: | Loss: 0.00027
Epoch 119: | Loss: 0.00058
Epoch 120: | Loss: 0.00003
Epoch 121: | Loss: 0.00006
Epoch 122: | Loss: 0.00046
Epoch 123: | Loss: 0.00180
Epoch 124: | Loss: 0.00014
Epoch 125: | Loss: 0.00012
Epoch 126: | Loss: 0.00071
Epoch 127: | Loss: 0.00527
Epoch 128: | Loss: 0.00022
Epoch 129: | Loss: 0.00005
Epoch 130: | Loss: 0.00007
Epoch 131: | Loss: 0.00017
Epoch 132: | Loss: 0.00004
Epoch 133: | Loss: 0.00004
Epoch 134: | Loss: 0.00005
Epoch 135: | Loss: 0.00001
Epoch 136: | Loss: 0.00026
Epoch 137: | Loss: 0.00001
Epoch 138: | Loss: 0.00001
Epoch 139: | Loss: 0.00003
Epoch 140: | Loss: 0.00003
Epoch 141: | Loss: 0.00001
Epoch 142: | Loss: 0.00000
Epoch 143: | Loss: 0.00002
Epoch 144: | Loss: 0.00081
Epoch 145: | Loss: 0.00000
Epoch 146: | Loss: 0.00001
Epoch 147: | Loss: 0.00004
Epoch 148: | Loss: 0.00001
Epoch 149: | Loss: 0.00013
Epoch 150: | Loss: 0.00001
Epoch 151: | Loss: 0.00001
Epoch 152: | Loss: 0.00001
Epoch 153: | Loss: 0.00000
Epoch 154: | Loss: 0.00000
Epoch 155: | Loss: 0.00000
Epoch 156: | Loss: 0.00000
Epoch 157: | Loss: 0.00005
Epoch 158: | Loss: 0.00000
Epoch 159: | Loss: 0.00000
Epoch 160: | Loss: 0.00000
Epoch 161: | Loss: 0.00000
Epoch 162: | Loss: 0.00000
Epoch 163: | Loss: 0.00000
Epoch 164: | Loss: 0.00000
Epoch 165: | Loss: 0.00000
Epoch 166: | Loss: 0.00000
Epoch 167: | Loss: 0.00000
Epoch 168: | Loss: 0.00000
Epoch 169: | Loss: 0.00000
Epoch 170: | Loss: 0.00000
Epoch 171: | Loss: 0.00000
Epoch 172: | Loss: 0.00000
Epoch 173: | Loss: 0.00000
Epoch 174: | Loss: 0.00000
Epoch 175: | Loss: 0.00000
Epoch 176: | Loss: 0.00000
Epoch 177: | Loss: 0.00000
Epoch 178: | Loss: 0.00000
Epoch 179: | Loss: 0.00000
Epoch 180: | Loss: 0.00000
Epoch 181: | Loss: 0.00000
Epoch 182: | Loss: 0.00000
Epoch 183: | Loss: 0.00000
Epoch 184: | Loss: 0.00000
Epoch 185: | Loss: 0.00000
Epoch 186: | Loss: 0.00000
Epoch 187: | Loss: 0.00000
Epoch 188: | Loss: 0.00000
Epoch 189: | Loss: 0.00000
Epoch 190: | Loss: 0.00000
Epoch 191: | Loss: 0.00000
Epoch 192: | Loss: 0.00000
Epoch 193: | Loss: 0.00000
Epoch 194: | Loss: 0.00000
Epoch 195: | Loss: 0.00000
Epoch 196: | Loss: 0.00000
Epoch 197: | Loss: 0.00000
Epoch 198: | Loss: 0.00000
Epoch 199: | Loss: 0.00000
Accuracy: 0.04252938034188034
Epoch 000: | Loss: 1.06655
Epoch 001: | Loss: 0.92473
Epoch 002: | Loss: 0.90349
Epoch 003: | Loss: 0.90293
Epoch 004: | Loss: 0.88278
Epoch 005: | Loss: 0.86519
Epoch 006: | Loss: 0.82088
Epoch 007: | Loss: 0.77800
Epoch 008: | Loss: 0.68250
Epoch 009: | Loss: 0.52267
Epoch 010: | Loss: 0.31548
Epoch 011: | Loss: 0.12009
Epoch 012: | Loss: 0.02254
Epoch 013: | Loss: 0.00270
Epoch 014: | Loss: 0.00048
Epoch 015: | Loss: 0.00011
Epoch 016: | Loss: 0.00004
Epoch 017: | Loss: 0.00003
Epoch 018: | Loss: 0.00002
Epoch 019: | Loss: 0.00001
Epoch 020: | Loss: 0.00001
Epoch 021: | Loss: 0.00001
Epoch 022: | Loss: 0.00000
Epoch 023: | Loss: 0.00000
Epoch 024: | Loss: 0.00000
Epoch 025: | Loss: 0.00000
Epoch 026: | Loss: 0.00000
Epoch 027: | Loss: 0.00000
Epoch 028: | Loss: 0.00000
Epoch 029: | Loss: 0.00000
Epoch 030: | Loss: 0.00000
Epoch 031: | Loss: 0.00000
Epoch 032: | Loss: 0.00000
Epoch 033: | Loss: 0.00000
Epoch 034: | Loss: 0.00000
Epoch 035: | Loss: 0.00000
Epoch 036: | Loss: 0.00000
Epoch 037: | Loss: 0.00000
Epoch 038: | Loss: 0.00000
Epoch 039: | Loss: 0.00000
Epoch 040: | Loss: 0.00000
Epoch 041: | Loss: 0.00000
Epoch 042: | Loss: 0.00000
Epoch 043: | Loss: 0.00000
Epoch 044: | Loss: 0.00000
Epoch 045: | Loss: 0.00000
Epoch 046: | Loss: 0.00000
Epoch 047: | Loss: 0.00000
Epoch 048: | Loss: 0.00000
Epoch 049: | Loss: 0.00000
Epoch 050: | Loss: 0.00000
Epoch 051: | Loss: 0.00000
Epoch 052: | Loss: 0.00000
Epoch 053: | Loss: 0.00000
Epoch 054: | Loss: 0.00000
Epoch 055: | Loss: 0.00000
Epoch 056: | Loss: 0.00000
Epoch 057: | Loss: 0.00000
Epoch 058: | Loss: 0.00000
Epoch 059: | Loss: 0.00000
Epoch 060: | Loss: 0.00000
Epoch 061: | Loss: 0.00000
Epoch 062: | Loss: 0.00000
Epoch 063: | Loss: 0.00000
Epoch 064: | Loss: 0.00000
Epoch 065: | Loss: 0.00000
Epoch 066: | Loss: 0.00000
Epoch 067: | Loss: 0.00000
Epoch 068: | Loss: 0.00000
Epoch 069: | Loss: 0.00000
Epoch 070: | Loss: 0.00000
Epoch 071: | Loss: 0.00000
Epoch 072: | Loss: 0.00000
Epoch 073: | Loss: 0.00000
Epoch 074: | Loss: 0.00000
Epoch 075: | Loss: 0.00000
Epoch 076: | Loss: 0.00000
Epoch 077: | Loss: 0.00000
Epoch 078: | Loss: 0.00000
Epoch 079: | Loss: 0.00000
Epoch 080: | Loss: 0.00000
Epoch 081: | Loss: 0.00000
Epoch 082: | Loss: 0.00000
Epoch 083: | Loss: 0.00000
Epoch 084: | Loss: 0.00000
Epoch 085: | Loss: 0.00000
Epoch 086: | Loss: 0.00000
Epoch 087: | Loss: 0.00000
Epoch 088: | Loss: 0.00000
Epoch 089: | Loss: 0.00000
Epoch 090: | Loss: 0.00000
Epoch 091: | Loss: 0.00000
Epoch 092: | Loss: 0.00000
Epoch 093: | Loss: 0.00000
Epoch 094: | Loss: 0.00000
Epoch 095: | Loss: 0.00000
Epoch 096: | Loss: 0.00000
Epoch 097: | Loss: 0.00000
Epoch 098: | Loss: 0.00000
Epoch 099: | Loss: 0.00000
Epoch 100: | Loss: 0.00000
Epoch 101: | Loss: 0.00000
Epoch 102: | Loss: 0.00000
Epoch 103: | Loss: 0.00000
Epoch 104: | Loss: 0.00000
Epoch 105: | Loss: 0.00000
Epoch 106: | Loss: 0.00000
Epoch 107: | Loss: 0.00000
Epoch 108: | Loss: 0.00000
Epoch 109: | Loss: 0.00000
Epoch 110: | Loss: 0.00000
Epoch 111: | Loss: 0.00000
Epoch 112: | Loss: 0.00000
Epoch 113: | Loss: 0.00000
Epoch 114: | Loss: 0.00000
Epoch 115: | Loss: 0.00000
Epoch 116: | Loss: 0.00000
Epoch 117: | Loss: 0.00000
Epoch 118: | Loss: 0.00000
Epoch 119: | Loss: 0.00000
Epoch 120: | Loss: 0.00000
Epoch 121: | Loss: 0.00000
Epoch 122: | Loss: 0.00000
Epoch 123: | Loss: 0.00000
Epoch 124: | Loss: 0.00000
Epoch 125: | Loss: 0.00000
Epoch 126: | Loss: 0.00000
Epoch 127: | Loss: 0.00000
Epoch 128: | Loss: 0.00000
Epoch 129: | Loss: 0.00000
Epoch 130: | Loss: 0.00000
Epoch 131: | Loss: 0.00000
Epoch 132: | Loss: 0.00000
Epoch 133: | Loss: 0.00000
Epoch 134: | Loss: 0.00000
Epoch 135: | Loss: 0.00000
Epoch 136: | Loss: 0.00000
Epoch 137: | Loss: 0.00000
Epoch 138: | Loss: 0.00000
Epoch 139: | Loss: 0.00000
Epoch 140: | Loss: 0.00000
Epoch 141: | Loss: 0.00000
Epoch 142: | Loss: 0.00000
Epoch 143: | Loss: 0.00000
Epoch 144: | Loss: 0.00000
Epoch 145: | Loss: 0.00000
Epoch 146: | Loss: 0.00000
Epoch 147: | Loss: 0.00000
Epoch 148: | Loss: 0.00000
Epoch 149: | Loss: 0.00000
Epoch 150: | Loss: 0.00000
Epoch 151: | Loss: 0.00000
Epoch 152: | Loss: 0.00000
Epoch 153: | Loss: 0.00000
Epoch 154: | Loss: 0.00000
Epoch 155: | Loss: 0.00000
Epoch 156: | Loss: 0.00000
Epoch 157: | Loss: 0.00000
Epoch 158: | Loss: 0.00000
Epoch 159: | Loss: 0.00000
Epoch 160: | Loss: 0.00000
Epoch 161: | Loss: 0.00000
Epoch 162: | Loss: 0.00000
Epoch 163: | Loss: 0.00000
Epoch 164: | Loss: 0.00000
Epoch 165: | Loss: 0.00000
Epoch 166: | Loss: 0.00000
Epoch 167: | Loss: 0.00000
Epoch 168: | Loss: 0.00000
Epoch 169: | Loss: 0.00000
Epoch 170: | Loss: 0.00000
Epoch 171: | Loss: 0.00000
Epoch 172: | Loss: 0.00000
Epoch 173: | Loss: 0.00000
Epoch 174: | Loss: 0.00000
Epoch 175: | Loss: 0.00000
Epoch 176: | Loss: 0.00000
Epoch 177: | Loss: 0.00000
Epoch 178: | Loss: 0.00000
Epoch 179: | Loss: 0.00000
Epoch 180: | Loss: 0.00000
Epoch 181: | Loss: 0.00000
Epoch 182: | Loss: 0.00000
Epoch 183: | Loss: 0.00000
Epoch 184: | Loss: 0.00000
Epoch 185: | Loss: 0.00000
Epoch 186: | Loss: 0.00000
Epoch 187: | Loss: 0.00000
Epoch 188: | Loss: 0.00000
Epoch 189: | Loss: 0.00000
Epoch 190: | Loss: 0.00000
Epoch 191: | Loss: 0.00000
Epoch 192: | Loss: 0.00000
Epoch 193: | Loss: 0.00000
Epoch 194: | Loss: 0.00000
Epoch 195: | Loss: 0.00000
Epoch 196: | Loss: 0.00000
Epoch 197: | Loss: 0.00000
Epoch 198: | Loss: 0.00000
Epoch 199: | Loss: 0.00000
Accuracy: 0.4583440170940171
Epoch 000: | Loss: 1.00032
Epoch 001: | Loss: 0.91220
Epoch 002: | Loss: 0.88956
Epoch 003: | Loss: 0.89407
Epoch 004: | Loss: 0.88327
Epoch 005: | Loss: 0.88287
Epoch 006: | Loss: 0.87113
Epoch 007: | Loss: 0.87333
Epoch 008: | Loss: 0.87774
Epoch 009: | Loss: 0.86308
Epoch 010: | Loss: 0.84689
Epoch 011: | Loss: 0.83870
Epoch 012: | Loss: 0.83128
Epoch 013: | Loss: 0.82535
Epoch 014: | Loss: 0.80051
Epoch 015: | Loss: 0.76712
Epoch 016: | Loss: 0.71625
Epoch 017: | Loss: 0.65055
Epoch 018: | Loss: 0.55603
Epoch 019: | Loss: 0.43796
Epoch 020: | Loss: 0.30720
Epoch 021: | Loss: 0.24314
Epoch 022: | Loss: 0.16906
Epoch 023: | Loss: 0.14161
Epoch 024: | Loss: 0.10666
Epoch 025: | Loss: 0.05917
Epoch 026: | Loss: 0.04196
Epoch 027: | Loss: 0.05489
Epoch 028: | Loss: 0.03582
Epoch 029: | Loss: 0.02571
Epoch 030: | Loss: 0.02500
Epoch 031: | Loss: 0.02696
Epoch 032: | Loss: 0.02629
Epoch 033: | Loss: 0.02514
Epoch 034: | Loss: 0.01777
Epoch 035: | Loss: 0.01156
Epoch 036: | Loss: 0.00743
Epoch 037: | Loss: 0.00466
Epoch 038: | Loss: 0.00442
Epoch 039: | Loss: 0.00819
Epoch 040: | Loss: 0.00841
Epoch 041: | Loss: 0.00758
Epoch 042: | Loss: 0.00601
Epoch 043: | Loss: 0.00441
Epoch 044: | Loss: 0.00278
Epoch 045: | Loss: 0.00145
Epoch 046: | Loss: 0.00174
Epoch 047: | Loss: 0.00347
Epoch 048: | Loss: 0.00280
Epoch 049: | Loss: 0.00047
Epoch 050: | Loss: 0.00024
Epoch 051: | Loss: 0.00029
Epoch 052: | Loss: 0.00029
Epoch 053: | Loss: 0.00048
Epoch 054: | Loss: 0.00031
Epoch 055: | Loss: 0.00011
Epoch 056: | Loss: 0.00011
Epoch 057: | Loss: 0.00010
Epoch 058: | Loss: 0.00012
Epoch 059: | Loss: 0.00081
Epoch 060: | Loss: 0.00124
Epoch 061: | Loss: 0.00162
Epoch 062: | Loss: 0.00011
Epoch 063: | Loss: 0.00116
Epoch 064: | Loss: 0.00012
Epoch 065: | Loss: 0.00224
Epoch 066: | Loss: 0.00079
Epoch 067: | Loss: 0.00079
Epoch 068: | Loss: 0.00093
Epoch 069: | Loss: 0.00006
Epoch 070: | Loss: 0.00005
Epoch 071: | Loss: 0.00004
Epoch 072: | Loss: 0.00003
Epoch 073: | Loss: 0.00002
Epoch 074: | Loss: 0.00002
Epoch 075: | Loss: 0.00001
Epoch 076: | Loss: 0.00001
Epoch 077: | Loss: 0.00002
Epoch 078: | Loss: 0.00004
Epoch 079: | Loss: 0.00004
Epoch 080: | Loss: 0.00034
Epoch 081: | Loss: 0.00013
Epoch 082: | Loss: 0.00050
Epoch 083: | Loss: 0.00022
Epoch 084: | Loss: 0.00013
Epoch 085: | Loss: 0.00006
Epoch 086: | Loss: 0.00009
Epoch 087: | Loss: 0.00003
Epoch 088: | Loss: 0.00004
Epoch 089: | Loss: 0.00004
Epoch 090: | Loss: 0.00008
Epoch 091: | Loss: 0.00003
Epoch 092: | Loss: 0.00027
Epoch 093: | Loss: 0.00003
Epoch 094: | Loss: 0.00004
Epoch 095: | Loss: 0.00003
Epoch 096: | Loss: 0.00003
Epoch 097: | Loss: 0.00004
Epoch 098: | Loss: 0.00003
Epoch 099: | Loss: 0.00009
Epoch 100: | Loss: 0.00004
Epoch 101: | Loss: 0.00012
Epoch 102: | Loss: 0.00012
Epoch 103: | Loss: 0.00011
Epoch 104: | Loss: 0.00009
Epoch 105: | Loss: 0.00003
Epoch 106: | Loss: 0.00003
Epoch 107: | Loss: 0.00005
Epoch 108: | Loss: 0.00003
Epoch 109: | Loss: 0.00002
Epoch 110: | Loss: 0.00003
Epoch 111: | Loss: 0.00002
Epoch 112: | Loss: 0.00003
Epoch 113: | Loss: 0.00028
Epoch 114: | Loss: 0.00002
Epoch 115: | Loss: 0.00002
Epoch 116: | Loss: 0.00004
Epoch 117: | Loss: 0.00002
Epoch 118: | Loss: 0.00002
Epoch 119: | Loss: 0.00001
Epoch 120: | Loss: 0.00001
Epoch 121: | Loss: 0.00001
Epoch 122: | Loss: 0.00001
Epoch 123: | Loss: 0.00001
Epoch 124: | Loss: 0.00001
Epoch 125: | Loss: 0.00002
Epoch 126: | Loss: 0.00035
Epoch 127: | Loss: 0.00059
Epoch 128: | Loss: 0.00003
Epoch 129: | Loss: 0.00005
Epoch 130: | Loss: 0.00001
Epoch 131: | Loss: 0.00001
Epoch 132: | Loss: 0.00001
Epoch 133: | Loss: 0.00001
Epoch 134: | Loss: 0.00001
Epoch 135: | Loss: 0.00001
Epoch 136: | Loss: 0.00000
Epoch 137: | Loss: 0.00000
Epoch 138: | Loss: 0.00000
Epoch 139: | Loss: 0.00001
Epoch 140: | Loss: 0.00022
Epoch 141: | Loss: 0.00067
early stopping at epoch 142 with loss 0.00028
Accuracy: 0.2361111111111111
Epoch 000: | Loss: 1.16712
Epoch 001: | Loss: 0.94754
Epoch 002: | Loss: 0.93632
Epoch 003: | Loss: 0.92340
Epoch 004: | Loss: 0.93437
Epoch 005: | Loss: 0.89534
Epoch 006: | Loss: 0.91288
Epoch 007: | Loss: 0.87394
Epoch 008: | Loss: 0.90361
Epoch 009: | Loss: 0.90499
Epoch 010: | Loss: 0.86625
Epoch 011: | Loss: 0.88301
Epoch 012: | Loss: 0.89295
Epoch 013: | Loss: 0.85881
Epoch 014: | Loss: 0.88219
Epoch 015: | Loss: 0.87221
Epoch 016: | Loss: 0.84790
Epoch 017: | Loss: 0.86306
Epoch 018: | Loss: 0.85472
Epoch 019: | Loss: 0.83998
Epoch 020: | Loss: 0.85318
Epoch 021: | Loss: 0.83322
Epoch 022: | Loss: 0.82795
Epoch 023: | Loss: 0.83319
Epoch 024: | Loss: 0.81482
Epoch 025: | Loss: 0.81563
Epoch 026: | Loss: 0.80575
Epoch 027: | Loss: 0.79250
Epoch 028: | Loss: 0.78260
Epoch 029: | Loss: 0.75032
Epoch 030: | Loss: 0.73367
Epoch 031: | Loss: 0.70650
Epoch 032: | Loss: 0.66864
Epoch 033: | Loss: 0.61734
Epoch 034: | Loss: 0.61245
Epoch 035: | Loss: 0.53921
Epoch 036: | Loss: 0.54822
Epoch 037: | Loss: 0.48076
Epoch 038: | Loss: 0.49148
Epoch 039: | Loss: 0.48330
Epoch 040: | Loss: 0.40725
Epoch 041: | Loss: 0.48571
Epoch 042: | Loss: 0.43599
Epoch 043: | Loss: 0.38225
Epoch 044: | Loss: 0.52242
Epoch 045: | Loss: 0.36118
Epoch 046: | Loss: 0.44000
Epoch 047: | Loss: 0.40959
Epoch 048: | Loss: 0.44386
Epoch 049: | Loss: 0.39206
Epoch 050: | Loss: 0.43358
Epoch 051: | Loss: 0.46738
Epoch 052: | Loss: 0.45872
Epoch 053: | Loss: 0.31165
Epoch 054: | Loss: 0.56291
Epoch 055: | Loss: 0.66493
Epoch 056: | Loss: 0.49391
Epoch 057: | Loss: 0.24745
Epoch 058: | Loss: 0.37407
Epoch 059: | Loss: 0.28909
Epoch 060: | Loss: 0.20390
Epoch 061: | Loss: 0.32483
Epoch 062: | Loss: 0.34577
Epoch 063: | Loss: 0.23453
Epoch 064: | Loss: 0.14493
Epoch 065: | Loss: 0.21218
Epoch 066: | Loss: 0.13238
Epoch 067: | Loss: 0.14490
Epoch 068: | Loss: 0.15532
Epoch 069: | Loss: 0.12715
Epoch 070: | Loss: 0.14011
Epoch 071: | Loss: 0.12708
Epoch 072: | Loss: 0.08021
Epoch 073: | Loss: 0.13881
Epoch 074: | Loss: 0.08745
Epoch 075: | Loss: 0.10188
Epoch 076: | Loss: 0.14702
Epoch 077: | Loss: 0.07515
Epoch 078: | Loss: 0.18503
Epoch 079: | Loss: 0.08960
Epoch 080: | Loss: 0.15772
Epoch 081: | Loss: 0.14607
Epoch 082: | Loss: 0.09064
Epoch 083: | Loss: 0.18586
Epoch 084: | Loss: 0.12799
Epoch 085: | Loss: 0.13470
Epoch 086: | Loss: 0.08585
Epoch 087: | Loss: 0.16145
Epoch 088: | Loss: 0.07161
Epoch 089: | Loss: 0.10309
Epoch 090: | Loss: 0.11634
Epoch 091: | Loss: 0.09720
Epoch 092: | Loss: 0.10439
Epoch 093: | Loss: 0.06370
Epoch 094: | Loss: 0.08619
Epoch 095: | Loss: 0.09083
Epoch 096: | Loss: 0.06164
Epoch 097: | Loss: 0.14441
Epoch 098: | Loss: 0.05256
Epoch 099: | Loss: 0.09807
Epoch 100: | Loss: 0.04655
Epoch 101: | Loss: 0.08997
Epoch 102: | Loss: 0.02212
Epoch 103: | Loss: 0.05123
Epoch 104: | Loss: 0.01640
Epoch 105: | Loss: 0.03272
Epoch 106: | Loss: 0.00697
Epoch 107: | Loss: 0.01189
Epoch 108: | Loss: 0.01348
Epoch 109: | Loss: 0.00502
Epoch 110: | Loss: 0.01534
Epoch 111: | Loss: 0.00609
Epoch 112: | Loss: 0.04434
Epoch 113: | Loss: 0.00793
Epoch 114: | Loss: 0.01659
Epoch 115: | Loss: 0.02154
Epoch 116: | Loss: 0.01137
Epoch 117: | Loss: 0.00510
Epoch 118: | Loss: 0.13029
Epoch 119: | Loss: 0.07361
Epoch 120: | Loss: 0.01451
Epoch 121: | Loss: 0.02679
Epoch 122: | Loss: 0.05472
Epoch 123: | Loss: 0.02878
Epoch 124: | Loss: 0.01750
Epoch 125: | Loss: 0.00433
Epoch 126: | Loss: 0.00770
Epoch 127: | Loss: 0.02038
Epoch 128: | Loss: 0.01459
Epoch 129: | Loss: 0.00697
Epoch 130: | Loss: 0.00506
Epoch 131: | Loss: 0.00902
Epoch 132: | Loss: 0.00745
Epoch 133: | Loss: 0.01635
Epoch 134: | Loss: 0.01894
Epoch 135: | Loss: 0.02227
Epoch 136: | Loss: 0.05226
Epoch 137: | Loss: 0.02133
Epoch 138: | Loss: 0.05440
Epoch 139: | Loss: 0.10846
Epoch 140: | Loss: 0.12295
Epoch 141: | Loss: 0.13089
Epoch 142: | Loss: 0.12104
Epoch 143: | Loss: 0.12929
Epoch 144: | Loss: 0.10359
Epoch 145: | Loss: 0.06310
Epoch 146: | Loss: 0.06431
Epoch 147: | Loss: 0.05057
Epoch 148: | Loss: 0.02546
Epoch 149: | Loss: 0.04061
Epoch 150: | Loss: 0.05122
Epoch 151: | Loss: 0.03521
Epoch 152: | Loss: 0.01623
Epoch 153: | Loss: 0.00876
Epoch 154: | Loss: 0.00431
Epoch 155: | Loss: 0.01093
Epoch 156: | Loss: 0.00412
Epoch 157: | Loss: 0.00779
Epoch 158: | Loss: 0.00439
Epoch 159: | Loss: 0.00527
Epoch 160: | Loss: 0.00763
Epoch 161: | Loss: 0.00774
Epoch 162: | Loss: 0.00770
Epoch 163: | Loss: 0.00447
Epoch 164: | Loss: 0.00256
Epoch 165: | Loss: 0.00109
Epoch 166: | Loss: 0.00184
Epoch 167: | Loss: 0.00042
Epoch 168: | Loss: 0.00043
Epoch 169: | Loss: 0.00509
Epoch 170: | Loss: 0.00562
Epoch 171: | Loss: 0.00070
Epoch 172: | Loss: 0.01472
Epoch 173: | Loss: 0.02049
Epoch 174: | Loss: 0.03534
Epoch 175: | Loss: 0.05517
Epoch 176: | Loss: 0.03447
Epoch 177: | Loss: 0.03523
Epoch 178: | Loss: 0.03388
Epoch 179: | Loss: 0.02045
Epoch 180: | Loss: 0.01785
Epoch 181: | Loss: 0.01161
Epoch 182: | Loss: 0.03386
Epoch 183: | Loss: 0.03145
Epoch 184: | Loss: 0.01398
Epoch 185: | Loss: 0.00275
Epoch 186: | Loss: 0.01657
Epoch 187: | Loss: 0.02173
Epoch 188: | Loss: 0.01621
Epoch 189: | Loss: 0.00711
Epoch 190: | Loss: 0.00349
Epoch 191: | Loss: 0.00269
Epoch 192: | Loss: 0.00521
Epoch 193: | Loss: 0.00761
Epoch 194: | Loss: 0.00893
Epoch 195: | Loss: 0.00235
Epoch 196: | Loss: 0.00117
Epoch 197: | Loss: 0.00321
Epoch 198: | Loss: 0.00180
Epoch 199: | Loss: 0.00454
Accuracy: 0.3709748931623931
Epoch 000: | Loss: 0.48878
Epoch 001: | Loss: 0.00925
Epoch 002: | Loss: 0.00545
Epoch 003: | Loss: 0.00387
Epoch 004: | Loss: 0.00293
Epoch 005: | Loss: 0.00232
Epoch 006: | Loss: 0.00187
Epoch 007: | Loss: 0.00155
Epoch 008: | Loss: 0.00130
Epoch 009: | Loss: 0.00111
Epoch 010: | Loss: 0.00095
Epoch 011: | Loss: 0.00082
Epoch 012: | Loss: 0.00072
Epoch 013: | Loss: 0.00063
Epoch 014: | Loss: 0.00056
Epoch 015: | Loss: 0.00049
Epoch 016: | Loss: 0.00044
Epoch 017: | Loss: 0.00039
Epoch 018: | Loss: 0.00035
Epoch 019: | Loss: 0.00031
Epoch 020: | Loss: 0.00028
Epoch 021: | Loss: 0.00026
Epoch 022: | Loss: 0.00023
Epoch 023: | Loss: 0.00021
Epoch 024: | Loss: 0.00019
Epoch 025: | Loss: 0.00017
Epoch 026: | Loss: 0.00016
Epoch 027: | Loss: 0.00014
Epoch 028: | Loss: 0.00013
Epoch 029: | Loss: 0.00012
Epoch 030: | Loss: 0.00011
Epoch 031: | Loss: 0.00010
Epoch 032: | Loss: 0.00009
Epoch 033: | Loss: 0.00009
Epoch 034: | Loss: 0.00008
Epoch 035: | Loss: 0.00007
Epoch 036: | Loss: 0.00007
Epoch 037: | Loss: 0.00006
Epoch 038: | Loss: 0.00006
Epoch 039: | Loss: 0.00005
Epoch 040: | Loss: 0.00005
Epoch 041: | Loss: 0.00004
Epoch 042: | Loss: 0.00004
Epoch 043: | Loss: 0.00004
Epoch 044: | Loss: 0.00003
Epoch 045: | Loss: 0.00003
Epoch 046: | Loss: 0.00003
Epoch 047: | Loss: 0.00003
Epoch 048: | Loss: 0.00003
Epoch 049: | Loss: 0.00002
Epoch 050: | Loss: 0.00002
Epoch 051: | Loss: 0.00002
Epoch 052: | Loss: 0.00002
Epoch 053: | Loss: 0.00002
Epoch 054: | Loss: 0.00002
Epoch 055: | Loss: 0.00002
Epoch 056: | Loss: 0.00001
Epoch 057: | Loss: 0.00001
Epoch 058: | Loss: 0.00001
Epoch 059: | Loss: 0.00001
Epoch 060: | Loss: 0.00001
Epoch 061: | Loss: 0.00001
Epoch 062: | Loss: 0.00001
Epoch 063: | Loss: 0.00001
Epoch 064: | Loss: 0.00001
Epoch 065: | Loss: 0.00001
Epoch 066: | Loss: 0.00001
Epoch 067: | Loss: 0.00001
Epoch 068: | Loss: 0.00001
Epoch 069: | Loss: 0.00001
Epoch 070: | Loss: 0.00001
Epoch 071: | Loss: 0.00001
Epoch 072: | Loss: 0.00000
Epoch 073: | Loss: 0.00000
Epoch 074: | Loss: 0.00000
Epoch 075: | Loss: 0.00000
Epoch 076: | Loss: 0.00000
Epoch 077: | Loss: 0.00000
Epoch 078: | Loss: 0.00000
Epoch 079: | Loss: 0.00000
Epoch 080: | Loss: 0.00000
Epoch 081: | Loss: 0.00000
Epoch 082: | Loss: 0.00000
Epoch 083: | Loss: 0.00000
Epoch 084: | Loss: 0.00000
Epoch 085: | Loss: 0.00000
Epoch 086: | Loss: 0.00000
Epoch 087: | Loss: 0.00000
Epoch 088: | Loss: 0.00000
Epoch 089: | Loss: 0.00000
Epoch 090: | Loss: 0.00000
Epoch 091: | Loss: 0.00000
Epoch 092: | Loss: 0.00000
Epoch 093: | Loss: 0.00000
Epoch 094: | Loss: 0.00000
Epoch 095: | Loss: 0.00000
Epoch 096: | Loss: 0.00000
Epoch 097: | Loss: 0.00000
Epoch 098: | Loss: 0.00000
Epoch 099: | Loss: 0.00000
Epoch 100: | Loss: 0.00000
Epoch 101: | Loss: 0.00000
Epoch 102: | Loss: 0.00000
Epoch 103: | Loss: 0.00000
Epoch 104: | Loss: 0.00000
Epoch 105: | Loss: 0.00000
Epoch 106: | Loss: 0.00000
Epoch 107: | Loss: 0.00000
Epoch 108: | Loss: 0.00000
Epoch 109: | Loss: 0.00000
Epoch 110: | Loss: 0.00000
Epoch 111: | Loss: 0.00000
Epoch 112: | Loss: 0.00000
Epoch 113: | Loss: 0.00000
Epoch 114: | Loss: 0.00000
Epoch 115: | Loss: 0.00000
Epoch 116: | Loss: 0.00000
Epoch 117: | Loss: 0.00000
Epoch 118: | Loss: 0.00000
Epoch 119: | Loss: 0.00000
Epoch 120: | Loss: 0.00000
Epoch 121: | Loss: 0.00000
Epoch 122: | Loss: 0.00000
Epoch 123: | Loss: 0.00000
Epoch 124: | Loss: 0.00000
Epoch 125: | Loss: 0.00000
Epoch 126: | Loss: 0.00000
Epoch 127: | Loss: 0.00000
Epoch 128: | Loss: 0.00000
Epoch 129: | Loss: 0.00000
Epoch 130: | Loss: 0.00000
Epoch 131: | Loss: 0.00000
Epoch 132: | Loss: 0.00000
Epoch 133: | Loss: 0.00000
Epoch 134: | Loss: 0.00000
Epoch 135: | Loss: 0.00000
Epoch 136: | Loss: 0.00000
Epoch 137: | Loss: 0.00000
Epoch 138: | Loss: 0.00000
Epoch 139: | Loss: 0.00000
Epoch 140: | Loss: 0.00000
Epoch 141: | Loss: 0.00000
Epoch 142: | Loss: 0.00000
Epoch 143: | Loss: 0.00000
Epoch 144: | Loss: 0.00000
Epoch 145: | Loss: 0.00000
Epoch 146: | Loss: 0.00000
Epoch 147: | Loss: 0.00000
Epoch 148: | Loss: 0.00000
Epoch 149: | Loss: 0.00000
Epoch 150: | Loss: 0.00000
Epoch 151: | Loss: 0.00000
Epoch 152: | Loss: 0.00000
Epoch 153: | Loss: 0.00000
Epoch 154: | Loss: 0.00000
Epoch 155: | Loss: 0.00000
Epoch 156: | Loss: 0.00000
Epoch 157: | Loss: 0.00000
Epoch 158: | Loss: 0.00000
Epoch 159: | Loss: 0.00000
Epoch 160: | Loss: 0.00000
Epoch 161: | Loss: 0.00000
Epoch 162: | Loss: 0.00000
Epoch 163: | Loss: 0.00000
Epoch 164: | Loss: 0.00000
Epoch 165: | Loss: 0.00000
Epoch 166: | Loss: 0.00000
Epoch 167: | Loss: 0.00000
Epoch 168: | Loss: 0.00000
Epoch 169: | Loss: 0.00000
Epoch 170: | Loss: 0.00000
Epoch 171: | Loss: 0.00000
Epoch 172: | Loss: 0.00000
Epoch 173: | Loss: 0.00000
Epoch 174: | Loss: 0.00000
Epoch 175: | Loss: 0.00000
Epoch 176: | Loss: 0.00000
Epoch 177: | Loss: 0.00000
Epoch 178: | Loss: 0.00000
Epoch 179: | Loss: 0.00000
Epoch 180: | Loss: 0.00000
Epoch 181: | Loss: 0.00000
Epoch 182: | Loss: 0.00000
Epoch 183: | Loss: 0.00000
Epoch 184: | Loss: 0.00000
Epoch 185: | Loss: 0.00000
Epoch 186: | Loss: 0.00000
Epoch 187: | Loss: 0.00000
Epoch 188: | Loss: 0.00000
Epoch 189: | Loss: 0.00000
Epoch 190: | Loss: 0.00000
Epoch 191: | Loss: 0.00000
Epoch 192: | Loss: 0.00000
Epoch 193: | Loss: 0.00000
Epoch 194: | Loss: 0.00000
Epoch 195: | Loss: 0.00000
Epoch 196: | Loss: 0.00000
Epoch 197: | Loss: 0.00000
Epoch 198: | Loss: 0.00000
Epoch 199: | Loss: 0.00000
Accuracy: 0.41667467948717946
Epoch 000: | Loss: 0.94051
Epoch 001: | Loss: 0.86427
Epoch 002: | Loss: 0.61635
Epoch 003: | Loss: 0.20482
Epoch 004: | Loss: 0.02069
Epoch 005: | Loss: 0.00075
Epoch 006: | Loss: 0.00043
Epoch 007: | Loss: 0.00018
Epoch 008: | Loss: 0.00000
Epoch 009: | Loss: 0.00035
Epoch 010: | Loss: 0.00003
Epoch 011: | Loss: 0.00000
Epoch 012: | Loss: 0.00000
Epoch 013: | Loss: 0.00005
Epoch 014: | Loss: 0.00081
Epoch 015: | Loss: 0.00000
Epoch 016: | Loss: 0.00000
Epoch 017: | Loss: 0.00000
Epoch 018: | Loss: 0.00001
Epoch 019: | Loss: 0.00000
Epoch 020: | Loss: 0.00000
Epoch 021: | Loss: 0.00000
Epoch 022: | Loss: 0.00000
Epoch 023: | Loss: 0.00000
Epoch 024: | Loss: 0.00000
Epoch 025: | Loss: 0.00000
Epoch 026: | Loss: 0.00000
Epoch 027: | Loss: 0.00000
Epoch 028: | Loss: 0.00000
Epoch 029: | Loss: 0.00000
Epoch 030: | Loss: 0.00000
Epoch 031: | Loss: 0.00000
Epoch 032: | Loss: 0.00000
Epoch 033: | Loss: 0.00000
Epoch 034: | Loss: 0.00000
Epoch 035: | Loss: 0.00000
Epoch 036: | Loss: 0.00000
Epoch 037: | Loss: 0.00000
Epoch 038: | Loss: 0.00000
Epoch 039: | Loss: 0.00000
Epoch 040: | Loss: 0.00000
Epoch 041: | Loss: 0.00000
Epoch 042: | Loss: 0.00000
Epoch 043: | Loss: 0.00000
Epoch 044: | Loss: 0.00000
Epoch 045: | Loss: 0.00000
Epoch 046: | Loss: 0.00000
Epoch 047: | Loss: 0.00000
Epoch 048: | Loss: 0.00000
Epoch 049: | Loss: 0.00000
Epoch 050: | Loss: 0.00000
Epoch 051: | Loss: 0.00000
Epoch 052: | Loss: 0.00000
Epoch 053: | Loss: 0.00000
Epoch 054: | Loss: 0.00000
Epoch 055: | Loss: 0.00000
Epoch 056: | Loss: 0.00000
Epoch 057: | Loss: 0.00000
Epoch 058: | Loss: 0.00000
Epoch 059: | Loss: 0.00000
Epoch 060: | Loss: 0.00000
Epoch 061: | Loss: 0.00000
Epoch 062: | Loss: 0.00000
Epoch 063: | Loss: 0.00000
Epoch 064: | Loss: 0.00000
Epoch 065: | Loss: 0.00000
Epoch 066: | Loss: 0.00000
Epoch 067: | Loss: 0.00000
Epoch 068: | Loss: 0.00000
Epoch 069: | Loss: 0.00000
Epoch 070: | Loss: 0.00000
Epoch 071: | Loss: 0.00000
Epoch 072: | Loss: 0.00000
Epoch 073: | Loss: 0.00000
Epoch 074: | Loss: 0.00000
Epoch 075: | Loss: 0.00000
Epoch 076: | Loss: 0.00000
Epoch 077: | Loss: 0.00000
Epoch 078: | Loss: 0.00000
Epoch 079: | Loss: 0.00000
Epoch 080: | Loss: 0.00000
Epoch 081: | Loss: 0.00000
Epoch 082: | Loss: 0.00000
Epoch 083: | Loss: 0.00000
Epoch 084: | Loss: 0.00000
Epoch 085: | Loss: 0.00000
Epoch 086: | Loss: 0.00000
Epoch 087: | Loss: 0.00000
Epoch 088: | Loss: 0.00000
Epoch 089: | Loss: 0.00000
Epoch 090: | Loss: 0.00000
Epoch 091: | Loss: 0.00000
Epoch 092: | Loss: 0.00000
Epoch 093: | Loss: 0.00000
Epoch 094: | Loss: 0.00000
Epoch 095: | Loss: 0.00000
Epoch 096: | Loss: 0.00000
Epoch 097: | Loss: 0.00000
Epoch 098: | Loss: 0.00000
Epoch 099: | Loss: 0.00000
Epoch 100: | Loss: 0.00000
Epoch 101: | Loss: 0.00000
Epoch 102: | Loss: 0.00000
Epoch 103: | Loss: 0.00000
Epoch 104: | Loss: 0.00000
Epoch 105: | Loss: 0.00000
Epoch 106: | Loss: 0.00000
Epoch 107: | Loss: 0.00000
Epoch 108: | Loss: 0.00000
Epoch 109: | Loss: 0.00000
Epoch 110: | Loss: 0.00000
Epoch 111: | Loss: 0.00000
Epoch 112: | Loss: 0.00000
Epoch 113: | Loss: 0.00000
Epoch 114: | Loss: 0.00000
Epoch 115: | Loss: 0.00000
Epoch 116: | Loss: 0.00000
Epoch 117: | Loss: 0.00000
Epoch 118: | Loss: 0.00000
Epoch 119: | Loss: 0.00000
Epoch 120: | Loss: 0.00000
Epoch 121: | Loss: 0.00000
Epoch 122: | Loss: 0.00000
Epoch 123: | Loss: 0.00000
Epoch 124: | Loss: 0.00000
Epoch 125: | Loss: 0.00000
Epoch 126: | Loss: 0.00000
Epoch 127: | Loss: 0.00000
Epoch 128: | Loss: 0.00000
Epoch 129: | Loss: 0.00000
Epoch 130: | Loss: 0.00000
Epoch 131: | Loss: 0.00000
Epoch 132: | Loss: 0.00000
Epoch 133: | Loss: 0.00000
Epoch 134: | Loss: 0.00000
Epoch 135: | Loss: 0.00000
Epoch 136: | Loss: 0.00000
Epoch 137: | Loss: 0.00000
Epoch 138: | Loss: 0.00000
Epoch 139: | Loss: 0.00000
Epoch 140: | Loss: 0.00000
Epoch 141: | Loss: 0.00000
Epoch 142: | Loss: 0.00000
Epoch 143: | Loss: 0.00000
Epoch 144: | Loss: 0.00000
Epoch 145: | Loss: 0.00000
Epoch 146: | Loss: 0.00000
Epoch 147: | Loss: 0.00000
Epoch 148: | Loss: 0.00000
Epoch 149: | Loss: 0.00000
Epoch 150: | Loss: 0.00000
Epoch 151: | Loss: 0.00000
Epoch 152: | Loss: 0.00000
Epoch 153: | Loss: 0.00000
Epoch 154: | Loss: 0.00000
Epoch 155: | Loss: 0.00000
Epoch 156: | Loss: 0.00000
Epoch 157: | Loss: 0.00000
Epoch 158: | Loss: 0.00000
Epoch 159: | Loss: 0.00000
Epoch 160: | Loss: 0.00000
Epoch 161: | Loss: 0.00000
Epoch 162: | Loss: 0.00000
Epoch 163: | Loss: 0.00000
Epoch 164: | Loss: 0.00000
Epoch 165: | Loss: 0.00000
Epoch 166: | Loss: 0.00000
Epoch 167: | Loss: 0.00000
Epoch 168: | Loss: 0.00000
Epoch 169: | Loss: 0.00000
Epoch 170: | Loss: 0.00000
Epoch 171: | Loss: 0.00000
Epoch 172: | Loss: 0.00000
Epoch 173: | Loss: 0.00000
Epoch 174: | Loss: 0.00000
Epoch 175: | Loss: 0.00000
Epoch 176: | Loss: 0.00000
Epoch 177: | Loss: 0.00000
Epoch 178: | Loss: 0.00000
Epoch 179: | Loss: 0.00000
Epoch 180: | Loss: 0.00000
Epoch 181: | Loss: 0.00000
Epoch 182: | Loss: 0.00000
Epoch 183: | Loss: 0.00000
Epoch 184: | Loss: 0.00000
Epoch 185: | Loss: 0.00000
Epoch 186: | Loss: 0.00000
Epoch 187: | Loss: 0.00000
Epoch 188: | Loss: 0.00000
Epoch 189: | Loss: 0.00000
Epoch 190: | Loss: 0.00000
Epoch 191: | Loss: 0.00000
Epoch 192: | Loss: 0.00000
Epoch 193: | Loss: 0.00000
Epoch 194: | Loss: 0.00000
Epoch 195: | Loss: 0.00000
Epoch 196: | Loss: 0.00000
Epoch 197: | Loss: 0.00000
Epoch 198: | Loss: 0.00000
Epoch 199: | Loss: 0.00000
Accuracy: 0.1085977564102564
Epoch 000: | Loss: 1.63377
Epoch 001: | Loss: 1.22370
Epoch 002: | Loss: 1.04507
Epoch 003: | Loss: 0.99729
Epoch 004: | Loss: 0.93461
Epoch 005: | Loss: 0.90049
Epoch 006: | Loss: 0.90350
Epoch 007: | Loss: 0.90143
Epoch 008: | Loss: 0.89993
Epoch 009: | Loss: 0.88601
Epoch 010: | Loss: 0.88268
Epoch 011: | Loss: 0.87596
Epoch 012: | Loss: 0.87493
Epoch 013: | Loss: 0.87092
Epoch 014: | Loss: 0.86899
Epoch 015: | Loss: 0.86157
Epoch 016: | Loss: 0.86726
Epoch 017: | Loss: 0.85654
Epoch 018: | Loss: 0.86334
Epoch 019: | Loss: 0.86282
Epoch 020: | Loss: 0.85203
Epoch 021: | Loss: 0.85540
Epoch 022: | Loss: 0.86075
Epoch 023: | Loss: 0.85981
Epoch 024: | Loss: 0.85984
Epoch 025: | Loss: 0.84547
Epoch 026: | Loss: 0.83927
Epoch 027: | Loss: 0.85001
Epoch 028: | Loss: 0.83878
Epoch 029: | Loss: 0.84059
Epoch 030: | Loss: 0.82582
Epoch 031: | Loss: 0.82776
Epoch 032: | Loss: 0.81911
Epoch 033: | Loss: 0.80937
Epoch 034: | Loss: 0.79470
Epoch 035: | Loss: 0.77435
Epoch 036: | Loss: 0.76252
Epoch 037: | Loss: 0.73795
Epoch 038: | Loss: 65.91846
Epoch 039: | Loss: 14.29572
Epoch 040: | Loss: 661.09695
Epoch 041: | Loss: 941.65380
Epoch 042: | Loss: 864.25172
Epoch 043: | Loss: 651.42226
Epoch 044: | Loss: 433.97299
Epoch 045: | Loss: 391.60417
Epoch 046: | Loss: 535.33594
Epoch 047: | Loss: 708.99739
Epoch 048: | Loss: 764.84406
Epoch 049: | Loss: 677.41624
Epoch 050: | Loss: 537.82608
Epoch 051: | Loss: 77.59486
Epoch 052: | Loss: 179.06233
Epoch 053: | Loss: 122.10431
Epoch 054: | Loss: 83.69092
Epoch 055: | Loss: 197.68162
Epoch 056: | Loss: 105.36111
Epoch 057: | Loss: 108.33420
Epoch 058: | Loss: 85.49067
Epoch 059: | Loss: 120.98068
Epoch 060: | Loss: 113.74089
Epoch 061: | Loss: 61.17338
Epoch 062: | Loss: 234.06276
Epoch 063: | Loss: 162.96580
Epoch 064: | Loss: 108.08983
Epoch 065: | Loss: 159.11283
Epoch 066: | Loss: 63.85904
Epoch 067: | Loss: 93.27628
Epoch 068: | Loss: 86.35555
Epoch 069: | Loss: 57.59452
Epoch 070: | Loss: 11.79845
Epoch 071: | Loss: 88.75784
Epoch 072: | Loss: 74.70268
Epoch 073: | Loss: 95.87546
Epoch 074: | Loss: 77.67171
Epoch 075: | Loss: 102.44509
Epoch 076: | Loss: 44.45421
Epoch 077: | Loss: 79.59732
Epoch 078: | Loss: 54.77478
Epoch 079: | Loss: 28.03574
Epoch 080: | Loss: 94.54452
Epoch 081: | Loss: 1670.23970
Epoch 082: | Loss: 11774.71754
Epoch 083: | Loss: 19149.97945
Epoch 084: | Loss: nan
Epoch 085: | Loss: nan
Epoch 086: | Loss: nan
Epoch 087: | Loss: nan
Epoch 088: | Loss: nan
Epoch 089: | Loss: nan
Epoch 090: | Loss: nan
Epoch 091: | Loss: nan
Epoch 092: | Loss: nan
Epoch 093: | Loss: nan
Epoch 094: | Loss: nan
Epoch 095: | Loss: nan
Epoch 096: | Loss: nan
Epoch 097: | Loss: nan
Epoch 098: | Loss: nan
Epoch 099: | Loss: nan
Epoch 100: | Loss: nan
Epoch 101: | Loss: nan
Epoch 102: | Loss: nan
Epoch 103: | Loss: nan
Epoch 104: | Loss: nan
Epoch 105: | Loss: nan
Epoch 106: | Loss: nan
Epoch 107: | Loss: nan
Epoch 108: | Loss: nan
Epoch 109: | Loss: nan
Epoch 110: | Loss: nan
Epoch 111: | Loss: nan
Epoch 112: | Loss: nan
Epoch 113: | Loss: nan
Epoch 114: | Loss: nan
Epoch 115: | Loss: nan
Epoch 116: | Loss: nan
Epoch 117: | Loss: nan
Epoch 118: | Loss: nan
Epoch 119: | Loss: nan
Epoch 120: | Loss: nan
Epoch 121: | Loss: nan
Epoch 122: | Loss: nan
Epoch 123: | Loss: nan
Epoch 124: | Loss: nan
Epoch 125: | Loss: nan
Epoch 126: | Loss: nan
Epoch 127: | Loss: nan
Epoch 128: | Loss: nan
Epoch 129: | Loss: nan
Epoch 130: | Loss: nan
Epoch 131: | Loss: nan
Epoch 132: | Loss: nan
Epoch 133: | Loss: nan
Epoch 134: | Loss: nan
Epoch 135: | Loss: nan
Epoch 136: | Loss: nan
Epoch 137: | Loss: nan
Epoch 138: | Loss: nan
Epoch 139: | Loss: nan
Epoch 140: | Loss: nan
Epoch 141: | Loss: nan
Epoch 142: | Loss: nan
Epoch 143: | Loss: nan
Epoch 144: | Loss: nan
Epoch 145: | Loss: nan
Epoch 146: | Loss: nan
Epoch 147: | Loss: nan
Epoch 148: | Loss: nan
Epoch 149: | Loss: nan
Epoch 150: | Loss: nan
Epoch 151: | Loss: nan
Epoch 152: | Loss: nan
Epoch 153: | Loss: nan
Epoch 154: | Loss: nan
Epoch 155: | Loss: nan
Epoch 156: | Loss: nan
Epoch 157: | Loss: nan
Epoch 158: | Loss: nan
Epoch 159: | Loss: nan
Epoch 160: | Loss: nan
Epoch 161: | Loss: nan
Epoch 162: | Loss: nan
Epoch 163: | Loss: nan
Epoch 164: | Loss: nan
Epoch 165: | Loss: nan
Epoch 166: | Loss: nan
Epoch 167: | Loss: nan
Epoch 168: | Loss: nan
Epoch 169: | Loss: nan
Epoch 170: | Loss: nan
Epoch 171: | Loss: nan
Epoch 172: | Loss: nan
Epoch 173: | Loss: nan
Epoch 174: | Loss: nan
Epoch 175: | Loss: nan
Epoch 176: | Loss: nan
Epoch 177: | Loss: nan
Epoch 178: | Loss: nan
Epoch 179: | Loss: nan
Epoch 180: | Loss: nan
Epoch 181: | Loss: nan
Epoch 182: | Loss: nan
Epoch 183: | Loss: nan
Epoch 184: | Loss: nan
Epoch 185: | Loss: nan
Epoch 186: | Loss: nan
Epoch 187: | Loss: nan
Epoch 188: | Loss: nan
Epoch 189: | Loss: nan
Epoch 190: | Loss: nan
Epoch 191: | Loss: nan
Epoch 192: | Loss: nan
Epoch 193: | Loss: nan
Epoch 194: | Loss: nan
Epoch 195: | Loss: nan
Epoch 196: | Loss: nan
Epoch 197: | Loss: nan
Epoch 198: | Loss: nan
Epoch 199: | Loss: nan
Accuracy: 0.056073717948717954
Epoch 000: | Loss: 1.66382
Epoch 001: | Loss: 1.17078
Epoch 002: | Loss: 0.96388
Epoch 003: | Loss: 0.85873
Epoch 004: | Loss: 0.75838
Epoch 005: | Loss: 0.66956
Epoch 006: | Loss: 0.56912
Epoch 007: | Loss: 0.45013
Epoch 008: | Loss: 0.33887
Epoch 009: | Loss: 0.23244
Epoch 010: | Loss: 0.14483
Epoch 011: | Loss: 0.08645
Epoch 012: | Loss: 0.04718
Epoch 013: | Loss: 0.02444
Epoch 014: | Loss: 0.01253
Epoch 015: | Loss: 0.00639
Epoch 016: | Loss: 0.00340
Epoch 017: | Loss: 0.00178
Epoch 018: | Loss: 0.00100
Epoch 019: | Loss: 0.00057
Epoch 020: | Loss: 0.00033
Epoch 021: | Loss: 0.00020
Epoch 022: | Loss: 0.00013
Epoch 023: | Loss: 0.00008
Epoch 024: | Loss: 0.00006
Epoch 025: | Loss: 0.00004
Epoch 026: | Loss: 0.00003
Epoch 027: | Loss: 0.00002
Epoch 028: | Loss: 0.00002
Epoch 029: | Loss: 0.00001
Epoch 030: | Loss: 0.00001
Epoch 031: | Loss: 0.00001
Epoch 032: | Loss: 0.00001
Epoch 033: | Loss: 0.00001
Epoch 034: | Loss: 0.00001
Epoch 035: | Loss: 0.00001
Epoch 036: | Loss: 0.00001
Epoch 037: | Loss: 0.00000
Epoch 038: | Loss: 0.00000
Epoch 039: | Loss: 0.00000
Epoch 040: | Loss: 0.00000
Epoch 041: | Loss: 0.00000
Epoch 042: | Loss: 0.00000
Epoch 043: | Loss: 0.00000
Epoch 044: | Loss: 0.00000
Epoch 045: | Loss: 0.00000
Epoch 046: | Loss: 0.00000
Epoch 047: | Loss: 0.00000
Epoch 048: | Loss: 0.00000
Epoch 049: | Loss: 0.00000
Epoch 050: | Loss: 0.00000
Epoch 051: | Loss: 0.00000
Epoch 052: | Loss: 0.00000
Epoch 053: | Loss: 0.00000
Epoch 054: | Loss: 0.00000
Epoch 055: | Loss: 0.00000
Epoch 056: | Loss: 0.00000
Epoch 057: | Loss: 0.00000
Epoch 058: | Loss: 0.00000
Epoch 059: | Loss: 0.00000
Epoch 060: | Loss: 0.00000
Epoch 061: | Loss: 0.00000
Epoch 062: | Loss: 0.00000
Epoch 063: | Loss: 0.00000
Epoch 064: | Loss: 0.00000
Epoch 065: | Loss: 0.00000
Epoch 066: | Loss: 0.00000
Epoch 067: | Loss: 0.00000
Epoch 068: | Loss: 0.00000
Epoch 069: | Loss: 0.00000
Epoch 070: | Loss: 0.00000
Epoch 071: | Loss: 0.00000
Epoch 072: | Loss: 0.00000
Epoch 073: | Loss: 0.00000
Epoch 074: | Loss: 0.00000
Epoch 075: | Loss: 0.00000
Epoch 076: | Loss: 0.00000
Epoch 077: | Loss: 0.00000
Epoch 078: | Loss: 0.00000
Epoch 079: | Loss: 0.00000
Epoch 080: | Loss: 0.00000
Epoch 081: | Loss: 0.00000
Epoch 082: | Loss: 0.00000
Epoch 083: | Loss: 0.00000
Epoch 084: | Loss: 0.00000
Epoch 085: | Loss: 0.00000
Epoch 086: | Loss: 0.00000
Epoch 087: | Loss: 0.00000
Epoch 088: | Loss: 0.00000
Epoch 089: | Loss: 0.00000
Epoch 090: | Loss: 0.00000
Epoch 091: | Loss: 0.00000
Epoch 092: | Loss: 0.00000
Epoch 093: | Loss: 0.00000
Epoch 094: | Loss: 0.00000
Epoch 095: | Loss: 0.00000
Epoch 096: | Loss: 0.00000
Epoch 097: | Loss: 0.00000
Epoch 098: | Loss: 0.00000
Epoch 099: | Loss: 0.00000
Epoch 100: | Loss: 0.00000
Epoch 101: | Loss: 0.00000
Epoch 102: | Loss: 0.00000
Epoch 103: | Loss: 0.00000
Epoch 104: | Loss: 0.00000
Epoch 105: | Loss: 0.00000
Epoch 106: | Loss: 0.00000
Epoch 107: | Loss: 0.00000
Epoch 108: | Loss: 0.00000
Epoch 109: | Loss: 0.00000
Epoch 110: | Loss: 0.00000
Epoch 111: | Loss: 0.00000
Epoch 112: | Loss: 0.00000
Epoch 113: | Loss: 0.00000
Epoch 114: | Loss: 0.00000
Epoch 115: | Loss: 0.00000
Epoch 116: | Loss: 0.00000
Epoch 117: | Loss: 0.00000
Epoch 118: | Loss: 0.00000
Epoch 119: | Loss: 0.00000
Epoch 120: | Loss: 0.00000
Epoch 121: | Loss: 0.00000
Epoch 122: | Loss: 0.00000
Epoch 123: | Loss: 0.00000
Epoch 124: | Loss: 0.00000
Epoch 125: | Loss: 0.00000
Epoch 126: | Loss: 0.00000
Epoch 127: | Loss: 0.00000
Epoch 128: | Loss: 0.00000
Epoch 129: | Loss: 0.00000
Epoch 130: | Loss: 0.00000
Epoch 131: | Loss: 0.00000
Epoch 132: | Loss: 0.00000
Epoch 133: | Loss: 0.00000
Epoch 134: | Loss: 0.00000
Epoch 135: | Loss: 0.00000
Epoch 136: | Loss: 0.00000
Epoch 137: | Loss: 0.00000
Epoch 138: | Loss: 0.00000
Epoch 139: | Loss: 0.00000
Epoch 140: | Loss: 0.00000
Epoch 141: | Loss: 0.00000
Epoch 142: | Loss: 0.00000
Epoch 143: | Loss: 0.00000
Epoch 144: | Loss: 0.00000
Epoch 145: | Loss: 0.00000
Epoch 146: | Loss: 0.00000
Epoch 147: | Loss: 0.00000
Epoch 148: | Loss: 0.00000
Epoch 149: | Loss: 0.00000
Epoch 150: | Loss: 0.00000
Epoch 151: | Loss: 0.00000
Epoch 152: | Loss: 0.00000
Epoch 153: | Loss: 0.00000
Epoch 154: | Loss: 0.00000
Epoch 155: | Loss: 0.00000
Epoch 156: | Loss: 0.00000
Epoch 157: | Loss: 0.00000
Epoch 158: | Loss: 0.00000
Epoch 159: | Loss: 0.00000
Epoch 160: | Loss: 0.00000
Epoch 161: | Loss: 0.00000
Epoch 162: | Loss: 0.00000
Epoch 163: | Loss: 0.00000
Epoch 164: | Loss: 0.00000
Epoch 165: | Loss: 0.00000
Epoch 166: | Loss: 0.00000
Epoch 167: | Loss: 0.00000
Epoch 168: | Loss: 0.00000
Epoch 169: | Loss: 0.00000
Epoch 170: | Loss: 0.00000
Epoch 171: | Loss: 0.00000
Epoch 172: | Loss: 0.00000
Epoch 173: | Loss: 0.00000
Epoch 174: | Loss: 0.00000
Epoch 175: | Loss: 0.00000
Epoch 176: | Loss: 0.00000
Epoch 177: | Loss: 0.00000
Epoch 178: | Loss: 0.00000
Epoch 179: | Loss: 0.00000
Epoch 180: | Loss: 0.00000
Epoch 181: | Loss: 0.00000
Epoch 182: | Loss: 0.00000
Epoch 183: | Loss: 0.00000
Epoch 184: | Loss: 0.00000
Epoch 185: | Loss: 0.00000
Epoch 186: | Loss: 0.00000
Epoch 187: | Loss: 0.00000
Epoch 188: | Loss: 0.00000
Epoch 189: | Loss: 0.00000
Epoch 190: | Loss: 0.00000
Epoch 191: | Loss: 0.00000
Epoch 192: | Loss: 0.00000
Epoch 193: | Loss: 0.00000
Epoch 194: | Loss: 0.00000
Epoch 195: | Loss: 0.00000
Epoch 196: | Loss: 0.00000
Epoch 197: | Loss: 0.00000
Epoch 198: | Loss: 0.00000
Epoch 199: | Loss: 0.00000
Accuracy: 0.11088141025641025
Epoch 000: | Loss: 0.91725
Epoch 001: | Loss: 0.14827
Epoch 002: | Loss: 0.05261
Epoch 003: | Loss: 0.00601
Epoch 004: | Loss: 0.00392
Epoch 005: | Loss: 0.00193
Epoch 006: | Loss: 0.00012
Epoch 007: | Loss: 0.00002
Epoch 008: | Loss: 0.00230
Epoch 009: | Loss: 0.00005
Epoch 010: | Loss: 0.00161
Epoch 011: | Loss: 0.00059
Epoch 012: | Loss: 0.00000
Epoch 013: | Loss: 0.00035
Epoch 014: | Loss: 0.00018
Epoch 015: | Loss: 0.00000
Epoch 016: | Loss: 0.00000
Epoch 017: | Loss: 0.00120
Epoch 018: | Loss: 0.00044
Epoch 019: | Loss: 0.00000
Epoch 020: | Loss: 0.00000
Epoch 021: | Loss: 0.00000
Epoch 022: | Loss: 0.00000
Epoch 023: | Loss: 0.00000
Epoch 024: | Loss: 0.00000
Epoch 025: | Loss: 0.00000
Epoch 026: | Loss: 0.00000
Epoch 027: | Loss: 0.00000
Epoch 028: | Loss: 0.00000
Epoch 029: | Loss: 0.00000
Epoch 030: | Loss: 0.00000
Epoch 031: | Loss: 0.00000
Epoch 032: | Loss: 0.00000
Epoch 033: | Loss: 0.00000
Epoch 034: | Loss: 0.00000
Epoch 035: | Loss: 0.00000
Epoch 036: | Loss: 0.00000
Epoch 037: | Loss: 0.00000
Epoch 038: | Loss: 0.00000
Epoch 039: | Loss: 0.00000
Epoch 040: | Loss: 0.00000
Epoch 041: | Loss: 0.00000
Epoch 042: | Loss: 0.00000
Epoch 043: | Loss: 0.00000
Epoch 044: | Loss: 0.00000
Epoch 045: | Loss: 0.00000
Epoch 046: | Loss: 0.00000
Epoch 047: | Loss: 0.00000
Epoch 048: | Loss: 0.00000
Epoch 049: | Loss: 0.00000
Epoch 050: | Loss: 0.00000
Epoch 051: | Loss: 0.00000
Epoch 052: | Loss: 0.00000
Epoch 053: | Loss: 0.00000
Epoch 054: | Loss: 0.00000
Epoch 055: | Loss: 0.00000
Epoch 056: | Loss: 0.00000
Epoch 057: | Loss: 0.00000
Epoch 058: | Loss: 0.00000
Epoch 059: | Loss: 0.00000
Epoch 060: | Loss: 0.00000
Epoch 061: | Loss: 0.00000
Epoch 062: | Loss: 0.00000
Epoch 063: | Loss: 0.00000
Epoch 064: | Loss: 0.00000
Epoch 065: | Loss: 0.00000
Epoch 066: | Loss: 0.00000
Epoch 067: | Loss: 0.00000
Epoch 068: | Loss: 0.00000
Epoch 069: | Loss: 0.00000
Epoch 070: | Loss: 0.00000
Epoch 071: | Loss: 0.00000
Epoch 072: | Loss: 0.00000
Epoch 073: | Loss: 0.00000
Epoch 074: | Loss: 0.00000
Epoch 075: | Loss: 0.00000
Epoch 076: | Loss: 0.00000
Epoch 077: | Loss: 0.00000
Epoch 078: | Loss: 0.00000
Epoch 079: | Loss: 0.00000
Epoch 080: | Loss: 0.00000
Epoch 081: | Loss: 0.00000
Epoch 082: | Loss: 0.00000
Epoch 083: | Loss: 0.00000
Epoch 084: | Loss: 0.00000
Epoch 085: | Loss: 0.00000
Epoch 086: | Loss: 0.00000
Epoch 087: | Loss: 0.00000
Epoch 088: | Loss: 0.00000
Epoch 089: | Loss: 0.00000
Epoch 090: | Loss: 0.00000
Epoch 091: | Loss: 0.00000
Epoch 092: | Loss: 0.00000
Epoch 093: | Loss: 0.00000
Epoch 094: | Loss: 0.00000
Epoch 095: | Loss: 0.00000
Epoch 096: | Loss: 0.00000
Epoch 097: | Loss: 0.00000
Epoch 098: | Loss: 0.00000
Epoch 099: | Loss: 0.00000
Epoch 100: | Loss: 0.00000
Epoch 101: | Loss: 0.00000
Epoch 102: | Loss: 0.00000
Epoch 103: | Loss: 0.00000
Epoch 104: | Loss: 0.00000
Epoch 105: | Loss: 0.00000
Epoch 106: | Loss: 0.00000
Epoch 107: | Loss: 0.00000
Epoch 108: | Loss: 0.00000
Epoch 109: | Loss: 0.00000
Epoch 110: | Loss: 0.00000
Epoch 111: | Loss: 0.00000
Epoch 112: | Loss: 0.00000
Epoch 113: | Loss: 0.00000
Epoch 114: | Loss: 0.00000
Epoch 115: | Loss: 0.00000
Epoch 116: | Loss: 0.00000
Epoch 117: | Loss: 0.00000
Epoch 118: | Loss: 0.00000
Epoch 119: | Loss: 0.00000
Epoch 120: | Loss: 0.00000
Epoch 121: | Loss: 0.00000
Epoch 122: | Loss: 0.00000
Epoch 123: | Loss: 0.00000
Epoch 124: | Loss: 0.00000
Epoch 125: | Loss: 0.00000
Epoch 126: | Loss: 0.00000
Epoch 127: | Loss: 0.00000
Epoch 128: | Loss: 0.00000
Epoch 129: | Loss: 0.00000
Epoch 130: | Loss: 0.00014
Epoch 131: | Loss: 0.00000
Epoch 132: | Loss: 0.00008
Epoch 133: | Loss: 0.00000
Epoch 134: | Loss: 0.00000
Epoch 135: | Loss: 0.00000
Epoch 136: | Loss: 0.00000
Epoch 137: | Loss: 0.00000
Epoch 138: | Loss: 0.00000
Epoch 139: | Loss: 0.00000
Epoch 140: | Loss: 0.00000
Epoch 141: | Loss: 0.00000
Epoch 142: | Loss: 0.00000
Epoch 143: | Loss: 0.00000
Epoch 144: | Loss: 0.00000
Epoch 145: | Loss: 0.00000
Epoch 146: | Loss: 0.00000
Epoch 147: | Loss: 0.00000
Epoch 148: | Loss: 0.00000
Epoch 149: | Loss: 0.00000
Epoch 150: | Loss: 0.00000
Epoch 151: | Loss: 0.00000
Epoch 152: | Loss: 0.00000
Epoch 153: | Loss: 0.00000
Epoch 154: | Loss: 0.00000
Epoch 155: | Loss: 0.00000
Epoch 156: | Loss: 0.00000
Epoch 157: | Loss: 0.00001
Epoch 158: | Loss: 0.00000
Epoch 159: | Loss: 0.00000
Epoch 160: | Loss: 0.00000
Epoch 161: | Loss: 0.00000
Epoch 162: | Loss: 0.00000
Epoch 163: | Loss: 0.00000
Epoch 164: | Loss: 0.00000
Epoch 165: | Loss: 0.00000
Epoch 166: | Loss: 0.00001
Epoch 167: | Loss: 0.00000
Epoch 168: | Loss: 0.00000
Epoch 169: | Loss: 0.00000
Epoch 170: | Loss: 0.00000
Epoch 171: | Loss: 0.00000
Epoch 172: | Loss: 0.00000
Epoch 173: | Loss: 0.00000
Epoch 174: | Loss: 0.00000
Epoch 175: | Loss: 0.00000
Epoch 176: | Loss: 0.00000
Epoch 177: | Loss: 0.00000
Epoch 178: | Loss: 0.00000
Epoch 179: | Loss: 0.00000
Epoch 180: | Loss: 0.00000
Epoch 181: | Loss: 0.00000
Epoch 182: | Loss: 0.00000
Epoch 183: | Loss: 0.00000
Epoch 184: | Loss: 0.00000
Epoch 185: | Loss: 0.00000
Epoch 186: | Loss: 0.00000
Epoch 187: | Loss: 0.00000
Epoch 188: | Loss: 0.00000
Epoch 189: | Loss: 0.00000
Epoch 190: | Loss: 0.00000
Epoch 191: | Loss: 0.00000
Epoch 192: | Loss: 0.00000
Epoch 193: | Loss: 0.00000
Epoch 194: | Loss: 0.00000
Epoch 195: | Loss: 0.00000
Epoch 196: | Loss: 0.00000
Epoch 197: | Loss: 0.00000
Epoch 198: | Loss: 0.00000
