MODEL_NAME:  optuna_transposition_convbbt
Start time:  2023-09-26 13:46:19.205260
Device:  cuda
Max Epochs:  200
Early Stopping Reference Size:  5
Search Space:  {'lr': [1e-06, 1e-05, 0.0001, 0.001], 'beta1': [0.9, 0.95, 0.99, 0.999], 'beta2': [0.9, 0.95, 0.99, 0.999], 'eps': [1e-09, 1e-08, 1e-07, 1e-06], 'hidden_ch': [10, 20, 30, 35, 40, 45, 50, 55, 60, 65, 70, 80, 90, 100], 'hidden_dim': [1, 3, 4, 8, 12, 16, 20, 32, 64, 128], 'depth': [1, 3, 5, 6, 8], 'heads': [1, 3, 5, 6, 8, 10], 'mlp_dim': [256, 512, 1024, 2048], 'dropout': [0.01, 0.1, 0.25, 0.5, 0.8], 'emb_dropout': [0.01, 0.1, 0.25, 0.5, 0.8]}
Accuracy: 0.38474091880341876
Accuracy: 0.3840758547008547
Accuracy: 0.38518429487179484
Accuracy: 0.38429754273504274
Accuracy: 0.38385416666666666
Accuracy: 0.385849358974359
Accuracy: 0.7889529914529914
Accuracy: 0.7659882478632478
Accuracy: 0.7147115384615385
Accuracy: 0.8702403846153846
Accuracy: 0.8484107905982905
Accuracy: 0.807278311965812
Accuracy: 0.8389716880341881
Accuracy: 0.43514690170940173
Accuracy: 0.8426415598290597
Accuracy: 0.8844230769230769
Accuracy: 0.8848851495726496
Accuracy: 0.8821661324786325
Accuracy: 0.880982905982906
Accuracy: 0.8979113247863247
Accuracy: 0.056295405982905986
Accuracy: 0.8996688034188034
Accuracy: 0.8923824786324787
Accuracy: 0.9017574786324787
Accuracy: 0.900536858974359
Accuracy: 0.8451842948717949
Accuracy: 0.8967467948717949
Accuracy: 0.8380288461538461
Accuracy: 0.8683173076923076
Accuracy: 0.3845192307692307
Accuracy: 0.8248717948717949
Accuracy: 0.8987072649572649
Accuracy: 0.8952483974358973
Accuracy: 0.8113648504273504
Accuracy: 0.8984107905982905
Accuracy: 0.04230769230769231
Accuracy: 0.7362446581196581
Accuracy: 0.734505876068376
Accuracy: 0.5056169871794872
Accuracy: 0.7870673076923076
Accuracy: 0.3836324786324786
Accuracy: 0.9005742521367521
Accuracy: 0.9029220085470085
Accuracy: 0.7435496794871794
Accuracy: 0.8802617521367521
Accuracy: 0.8509535256410257
Accuracy: 0.7045138888888889
Accuracy: 0.8288755341880342
Accuracy: 0.8976709401709402
Accuracy: 0.7190758547008547
Accuracy: 0.8517307692307692
Accuracy: 0.8856891025641026
Accuracy: 0.9016105769230769
Accuracy: 0.8983547008547008
Accuracy: 0.8530982905982906
Accuracy: 0.8509642094017094
Accuracy: 0.3836324786324786
Accuracy: 0.8964877136752136
Accuracy: 0.6685950854700854
Accuracy: 0.830355235042735
Accuracy: 0.8165064102564102
Accuracy: 0.8966452991452991
Accuracy: 0.896690705128205
Accuracy: 0.9019978632478632
Accuracy: 0.883747329059829
Accuracy: 0.8909588675213674
Accuracy: 0.4079834401709402
Accuracy: 0.7333894230769231
Accuracy: 0.3854059829059829
Accuracy: 0.802451923076923
Accuracy: 0.8659962606837607
Accuracy: 0.8942227564102564
Accuracy: 0.8927163461538461
Accuracy: 0.9003525641025641
Accuracy: 0.874511217948718
Accuracy: 0.898170405982906
Accuracy: 0.7810202991452991
Accuracy: 0.83875
Accuracy: 0.8809642094017094
Accuracy: 0.6761965811965812
Accuracy: 0.4800988247863248
Accuracy: 0.8869925213675213
Accuracy: 0.8943429487179487
Accuracy: 0.8995940170940171
Accuracy: 0.8803739316239316
Accuracy: 0.8323424145299145
Accuracy: 0.8879353632478633
Accuracy: 0.8257318376068375
Accuracy: 0.8167735042735043
Accuracy: 0.8640731837606838
Accuracy: 0.11221153846153846
Accuracy: 0.901340811965812
Accuracy: 0.9019791666666667
Accuracy: 0.8954807692307691
Accuracy: 0.865357905982906
Accuracy: 0.8187045940170941
Accuracy: 0.8819444444444444
Accuracy: 0.7732905982905982
Accuracy: 0.9020165598290598
Accuracy: 0.05563034188034188
Accuracy: 0.8799759615384615
Accuracy: 0.892190170940171
Accuracy: 0.9044658119658119
Accuracy: 0.8998344017094018
FrozenTrial(number=102, state=TrialState.COMPLETE, values=[0.9044658119658119], datetime_start=datetime.datetime(2023, 9, 27, 13, 29, 50, 342137), datetime_complete=datetime.datetime(2023, 9, 27, 13, 40, 20, 958390), params={'beta1': 0.95, 'beta2': 0.9, 'depth': 1, 'dropout': 0.1, 'emb_dropout': 0.01, 'eps': 1e-09, 'heads': 10, 'hidden_ch': 100, 'hidden_dim': 32, 'lr': 0.001, 'mlp_dim': 256}, user_attrs={}, system_attrs={}, intermediate_values={}, distributions={'beta1': CategoricalDistribution(choices=(0.9, 0.95, 0.99, 0.999)), 'beta2': CategoricalDistribution(choices=(0.9, 0.95, 0.99, 0.999)), 'depth': CategoricalDistribution(choices=(1, 3, 5, 6, 8)), 'dropout': CategoricalDistribution(choices=(0.01, 0.1, 0.25, 0.5, 0.8)), 'emb_dropout': CategoricalDistribution(choices=(0.01, 0.1, 0.25, 0.5, 0.8)), 'eps': CategoricalDistribution(choices=(1e-09, 1e-08, 1e-07, 1e-06)), 'heads': CategoricalDistribution(choices=(1, 3, 5, 6, 8, 10)), 'hidden_ch': CategoricalDistribution(choices=(10, 20, 30, 35, 40, 45, 50, 55, 60, 65, 70, 80, 90, 100)), 'hidden_dim': CategoricalDistribution(choices=(1, 3, 4, 8, 12, 16, 20, 32, 64, 128)), 'lr': CategoricalDistribution(choices=(1e-06, 1e-05, 0.0001, 0.001)), 'mlp_dim': CategoricalDistribution(choices=(256, 512, 1024, 2048))}, trial_id=103, value=None)
Epoch 001: | Loss: 1.16235
Epoch 002: | Loss: 0.65300
Epoch 003: | Loss: 0.53144
Epoch 004: | Loss: 0.46113
Epoch 005: | Loss: 0.41274
Epoch 006: | Loss: 0.36708
Epoch 007: | Loss: 0.34621
Epoch 008: | Loss: 0.32511
Epoch 009: | Loss: 0.29666
Epoch 010: | Loss: 0.27872
Epoch 011: | Loss: 0.28967
Epoch 012: | Loss: 0.27453
Epoch 013: | Loss: 0.24921
Epoch 014: | Loss: 0.24619
Epoch 015: | Loss: 0.23144
Epoch 016: | Loss: 0.21534
Epoch 017: | Loss: 0.20098
Epoch 018: | Loss: 0.19972
Epoch 019: | Loss: 0.18251
Epoch 020: | Loss: 0.18195
Epoch 021: | Loss: 0.18035
Epoch 022: | Loss: 0.16915
Epoch 023: | Loss: 0.15716
Epoch 024: | Loss: 0.13338
Epoch 025: | Loss: 0.13409
Epoch 026: | Loss: 0.11806
Epoch 027: | Loss: 0.10282
Epoch 028: | Loss: 0.11030
Epoch 029: | Loss: 0.09858
Epoch 030: | Loss: 0.10008
Epoch 031: | Loss: 0.09944
Epoch 032: | Loss: 0.10761
Epoch 033: | Loss: 0.09766
Epoch 034: | Loss: 0.08979
Epoch 035: | Loss: 0.08382
Epoch 036: | Loss: 0.08877
Epoch 037: | Loss: 0.09912
Epoch 038: | Loss: 0.09457
Epoch 039: | Loss: 0.07740
Epoch 040: | Loss: 0.06204
Epoch 041: | Loss: 0.06086
Epoch 042: | Loss: 0.05261
Epoch 043: | Loss: 0.04842
Epoch 044: | Loss: 0.05318
Epoch 045: | Loss: 0.05383
Epoch 046: | Loss: 0.05053
Epoch 047: | Loss: 0.05664
Epoch 048: | Loss: 0.05836
Epoch 049: | Loss: 0.04696
Epoch 050: | Loss: 0.04645
Epoch 051: | Loss: 0.04393
Epoch 052: | Loss: 0.04105
Epoch 053: | Loss: 0.03774
Epoch 054: | Loss: 0.03950
Epoch 055: | Loss: 0.04069
Epoch 056: | Loss: 0.04016
Epoch 057: | Loss: 0.03905
Epoch 058: | Loss: 0.03732
Epoch 059: | Loss: 0.03593
Epoch 060: | Loss: 0.03319
Epoch 061: | Loss: 0.03180
Epoch 062: | Loss: 0.03127
Epoch 063: | Loss: 0.02979
Epoch 064: | Loss: 0.03412
Epoch 065: | Loss: 0.02924
Epoch 066: | Loss: 0.03078
Epoch 067: | Loss: 0.02867
Epoch 068: | Loss: 0.02795
Epoch 069: | Loss: 0.03206
Epoch 070: | Loss: 0.02894
Epoch 071: | Loss: 0.03070
Epoch 072: | Loss: 0.02682
Epoch 073: | Loss: 0.03352
Epoch 074: | Loss: 0.04095
Epoch 075: | Loss: 0.02891
Epoch 076: | Loss: 0.03709
Epoch 077: | Loss: 0.03403
Epoch 078: | Loss: 0.03370
Epoch 079: | Loss: 0.02880
Epoch 080: | Loss: 0.02635
Epoch 081: | Loss: 0.02679
Epoch 082: | Loss: 0.02723
Epoch 083: | Loss: 0.02633
Epoch 084: | Loss: 0.02374
Epoch 085: | Loss: 0.02589
Epoch 086: | Loss: 0.02432
Epoch 087: | Loss: 0.02576
Epoch 088: | Loss: 0.02197
Epoch 089: | Loss: 0.02197
Epoch 090: | Loss: 0.02287
Epoch 091: | Loss: 0.02304
Epoch 092: | Loss: 0.02529
Epoch 093: | Loss: 0.02186
Epoch 094: | Loss: 0.02387
Epoch 095: | Loss: 0.02084
Epoch 096: | Loss: 0.01856
Epoch 097: | Loss: 0.02413
Epoch 098: | Loss: 0.02220
Epoch 099: | Loss: 0.02142
Epoch 100: | Loss: 0.02167
Epoch 101: | Loss: 0.02401
Epoch 102: | Loss: 0.02085
Epoch 103: | Loss: 0.02231
Epoch 104: | Loss: 0.01906
Epoch 105: | Loss: 0.02098
Epoch 106: | Loss: 0.01932
Epoch 107: | Loss: 0.02079
Epoch 108: | Loss: 0.01902
Epoch 109: | Loss: 0.02011
Epoch 110: | Loss: 0.01805
Epoch 111: | Loss: 0.01822
Epoch 112: | Loss: 0.02019
Epoch 113: | Loss: 0.02711
Epoch 114: | Loss: 0.02141
Epoch 115: | Loss: 0.01663
Epoch 116: | Loss: 0.01757
Epoch 117: | Loss: 0.01758
Epoch 118: | Loss: 0.01621
Epoch 119: | Loss: 0.01773
Epoch 120: | Loss: 0.01785
Epoch 121: | Loss: 0.01631
Epoch 122: | Loss: 0.01402
Epoch 123: | Loss: 0.02098
Epoch 124: | Loss: 0.01432
Epoch 125: | Loss: 0.01569
Epoch 126: | Loss: 0.01661
Epoch 127: | Loss: 0.01742
Epoch 128: | Loss: 0.01834
Epoch 129: | Loss: 0.01504
Epoch 130: | Loss: 0.01753
Epoch 131: | Loss: 0.01709
Epoch 132: | Loss: 0.01353
Epoch 133: | Loss: 0.01546
Epoch 134: | Loss: 0.01721
Epoch 135: | Loss: 0.01489
Epoch 136: | Loss: 0.01549
Epoch 137: | Loss: 0.01276
Epoch 138: | Loss: 0.01485
Epoch 139: | Loss: 0.01738
Epoch 140: | Loss: 0.01534
Epoch 141: | Loss: 0.02038
Epoch 142: | Loss: 0.01600
Epoch 143: | Loss: 0.01218
Epoch 144: | Loss: 0.01722
Epoch 145: | Loss: 0.01737
Epoch 146: | Loss: 0.01341
Epoch 147: | Loss: 0.01571
Epoch 148: | Loss: 0.01397
Epoch 149: | Loss: 0.01368
Epoch 150: | Loss: 0.01611
Epoch 151: | Loss: 0.01168
Epoch 152: | Loss: 0.01433
Epoch 153: | Loss: 0.01311
Epoch 154: | Loss: 0.01479
Epoch 155: | Loss: 0.01547
Epoch 156: | Loss: 0.01129
Epoch 157: | Loss: 0.01270
Epoch 158: | Loss: 0.01575
Epoch 159: | Loss: 0.01637
Epoch 160: | Loss: 0.01480
Epoch 161: | Loss: 0.01060
Epoch 162: | Loss: 0.01381
Epoch 163: | Loss: 0.01269
Epoch 164: | Loss: 0.01321
Epoch 165: | Loss: 0.00992
Epoch 166: | Loss: 0.01284
Epoch 167: | Loss: 0.01549
Epoch 168: | Loss: 0.01420
Epoch 169: | Loss: 0.01217
Epoch 170: | Loss: 0.01099
Epoch 171: | Loss: 0.01235
Epoch 172: | Loss: 0.01194
Epoch 173: | Loss: 0.01111
Epoch 174: | Loss: 0.01260
Epoch 175: | Loss: 0.01109
Epoch 176: | Loss: 0.01024
Epoch 177: | Loss: 0.01122
Epoch 178: | Loss: 0.01246
Epoch 179: | Loss: 0.01544
Epoch 180: | Loss: 0.00964
Epoch 181: | Loss: 0.01589
Epoch 182: | Loss: 0.01197
Epoch 183: | Loss: 0.01547
Epoch 184: | Loss: 0.01022
Epoch 185: | Loss: 0.01121
Epoch 186: | Loss: 0.01215
Epoch 187: | Loss: 0.01647
Epoch 188: | Loss: 0.01169
Epoch 189: | Loss: 0.01289
Epoch 190: | Loss: 0.01183
Epoch 191: | Loss: 0.01170
Epoch 192: | Loss: 0.01348
Epoch 193: | Loss: 0.01345
Epoch 194: | Loss: 0.01214
Epoch 195: | Loss: 0.01153
Epoch 196: | Loss: 0.01197
Epoch 197: | Loss: 0.01219
Epoch 198: | Loss: 0.00885
Epoch 199: | Loss: 0.01293
Epoch 200: | Loss: 0.00958
Model's state_dict:
pos_embedding 	 torch.Size([1, 101, 32])
cls_token 	 torch.Size([32])
convbackbone.input_proj.0.weight 	 torch.Size([100, 80, 1])
convbackbone.input_proj.0.bias 	 torch.Size([100])
convbackbone.input_proj.2.weight 	 torch.Size([100, 100, 1])
convbackbone.input_proj.2.bias 	 torch.Size([100])
convbackbone.input_proj.4.weight 	 torch.Size([100, 100, 1])
convbackbone.input_proj.4.bias 	 torch.Size([100])
convbackbone.input_proj.6.weight 	 torch.Size([100, 100, 1])
convbackbone.input_proj.6.bias 	 torch.Size([100])
to_embedding.weight 	 torch.Size([32, 3])
transformer.layers.0.0.norm.weight 	 torch.Size([32])
transformer.layers.0.0.norm.bias 	 torch.Size([32])
transformer.layers.0.0.fn.to_qkv.weight 	 torch.Size([1920, 32])
transformer.layers.0.0.fn.to_out.0.weight 	 torch.Size([32, 640])
transformer.layers.0.0.fn.to_out.0.bias 	 torch.Size([32])
transformer.layers.0.1.norm.weight 	 torch.Size([32])
transformer.layers.0.1.norm.bias 	 torch.Size([32])
transformer.layers.0.1.fn.net.0.weight 	 torch.Size([256, 32])
transformer.layers.0.1.fn.net.0.bias 	 torch.Size([256])
transformer.layers.0.1.fn.net.3.weight 	 torch.Size([32, 256])
transformer.layers.0.1.fn.net.3.bias 	 torch.Size([32])
mlp_head.0.weight 	 torch.Size([32])
mlp_head.0.bias 	 torch.Size([32])
mlp_head.1.weight 	 torch.Size([6, 32])
mlp_head.1.bias 	 torch.Size([6])
Optimizer's state_dict:
state 	 {0: {'step': tensor(30200.), 'exp_avg': tensor([[[ 1.4424e-04,  3.8522e-05, -1.1315e-04,  ..., -5.4634e-05,
           5.0121e-05,  2.0669e-05],
         [-2.9787e-06, -1.2058e-05,  3.4437e-06,  ...,  1.5251e-05,
           4.1723e-06, -5.1579e-06],
         [-8.3516e-09,  1.2325e-07,  2.3718e-07,  ..., -1.4064e-07,
           2.0842e-07,  1.0387e-07],
         ...,
         [ 5.4868e-07, -3.4599e-07,  4.5379e-08,  ...,  1.6264e-07,
           7.6190e-08, -1.9018e-07],
         [-9.2131e-07, -1.3040e-05, -9.2562e-06,  ...,  1.4037e-05,
          -7.1780e-06, -1.4007e-05],
         [-2.6507e-07, -1.2828e-07,  5.1941e-08,  ..., -5.2634e-07,
           2.9452e-08,  2.7925e-07]]], device='cuda:0'), 'exp_avg_sq': tensor([[[1.5728e-07, 1.8840e-07, 1.4521e-07,  ..., 6.3346e-08,
          5.5714e-08, 1.7483e-08],
         [3.8702e-09, 4.2075e-09, 1.0361e-09,  ..., 1.5296e-08,
          6.8934e-09, 4.1265e-09],
         [1.0939e-12, 9.6234e-13, 2.3436e-12,  ..., 3.7352e-13,
          1.9409e-12, 3.8618e-13],
         ...,
         [6.0422e-12, 6.6308e-12, 1.3829e-11,  ..., 6.6842e-12,
          7.0069e-12, 4.7076e-12],
         [1.0102e-08, 5.5742e-09, 2.0838e-09,  ..., 2.0857e-09,
          1.5954e-09, 6.9666e-09],
         [3.2390e-12, 1.8451e-12, 6.8623e-13,  ..., 4.3919e-12,
          4.5683e-12, 1.1704e-12]]], device='cuda:0')}, 1: {'step': tensor(30200.), 'exp_avg': tensor([ 1.4424e-04,  3.8522e-05, -1.1315e-04, -1.0831e-04,  2.5808e-05,
        -4.1158e-05, -1.2974e-04, -1.0132e-04,  2.5652e-05,  2.6112e-05,
         3.7006e-05, -1.5619e-05,  7.3328e-06, -5.0561e-05,  9.5065e-06,
         7.5940e-07,  2.7624e-05, -8.0075e-05,  4.2587e-05, -7.3331e-05,
         1.0544e-04,  8.2468e-05,  1.4923e-05, -4.8312e-05, -4.3161e-05,
        -6.3285e-05,  1.0408e-04,  2.7582e-05,  2.0122e-05, -5.4634e-05,
         5.0121e-05,  2.0669e-05], device='cuda:0'), 'exp_avg_sq': tensor([1.5728e-07, 1.8840e-07, 1.4521e-07, 1.2321e-07, 7.1319e-08, 4.7463e-08,
        4.8333e-07, 2.5616e-07, 6.4308e-08, 2.7420e-07, 8.7394e-08, 2.2289e-07,
        4.9656e-07, 1.0916e-07, 3.5567e-07, 2.6173e-08, 4.1317e-08, 1.6193e-07,
        2.2303e-08, 4.7259e-07, 1.1143e-06, 2.1282e-07, 8.5538e-07, 3.1039e-07,
        7.5852e-08, 3.2314e-08, 1.1428e-07, 1.8238e-08, 1.2136e-07, 6.3346e-08,
        5.5714e-08, 1.7483e-08], device='cuda:0')}, 2: {'step': tensor(30200.), 'exp_avg': tensor([[[ 3.3218e-04],
         [ 1.0197e-03],
         [ 1.2860e-03],
         ...,
         [ 2.2014e-04],
         [ 8.2089e-04],
         [-1.1557e-04]],

        [[ 5.7747e-04],
         [ 5.5787e-04],
         [ 9.7138e-04],
         ...,
         [-8.2620e-04],
         [-4.8776e-04],
         [-2.0482e-03]],

        [[-3.9194e-04],
         [-1.6386e-04],
         [-1.4344e-04],
         ...,
         [ 2.3191e-04],
         [ 1.9724e-04],
         [-3.8106e-04]],

        ...,

        [[ 4.0576e-04],
         [-5.1651e-04],
         [ 7.1965e-05],
         ...,
         [-2.1397e-04],
         [-3.7932e-04],
         [ 9.9033e-05]],

        [[ 1.4907e-06],
         [ 2.4251e-04],
         [ 2.1805e-04],
         ...,
         [-1.7873e-04],
         [-2.3808e-04],
         [ 7.0379e-04]],

        [[ 5.2451e-04],
         [ 5.0427e-04],
         [ 1.4979e-04],
         ...,
         [-5.6525e-04],
         [-4.6344e-04],
         [-3.5828e-04]]], device='cuda:0'), 'exp_avg_sq': tensor([[[5.1553e-06],
         [4.1347e-05],
         [5.5795e-05],
         ...,
         [3.6599e-06],
         [1.5582e-05],
         [1.0136e-05]],

        [[1.6580e-05],
         [1.7464e-05],
         [8.2828e-05],
         ...,
         [2.6142e-05],
         [3.5401e-05],
         [1.4837e-04]],

        [[3.7763e-06],
         [3.3410e-06],
         [7.3874e-06],
         ...,
         [2.8710e-06],
         [2.0543e-06],
         [6.7587e-06]],

        ...,

        [[2.1418e-06],
         [1.3417e-05],
         [3.3631e-05],
         ...,
         [3.0195e-06],
         [5.4796e-06],
         [1.0923e-05]],

        [[2.9204e-06],
         [3.7329e-06],
         [1.4359e-06],
         ...,
         [1.1354e-06],
         [4.0326e-06],
         [2.0069e-05]],

        [[8.8163e-06],
         [4.7370e-06],
         [6.2886e-06],
         ...,
         [7.5111e-06],
         [1.6504e-06],
         [5.6395e-06]]], device='cuda:0')}, 3: {'step': tensor(30200.), 'exp_avg': tensor([ 1.3020e-04, -8.7134e-05, -3.8335e-05,  5.4910e-05, -2.6176e-04,
        -3.7156e-04,  2.0746e-04,  5.7152e-05,  6.0139e-05, -4.5673e-07,
         1.0188e-04, -1.9504e-04, -9.4380e-05, -7.7487e-05,  2.5850e-04,
        -2.4306e-04,  2.7189e-05,  9.5676e-05,  8.9311e-05,  1.2197e-04,
         2.7729e-05, -9.6946e-06, -6.7062e-05,  7.5431e-05,  6.9163e-06,
         1.2631e-04, -1.6454e-04, -3.2806e-04,  1.5964e-04, -1.7343e-04,
        -6.3235e-05,  1.0841e-04,  2.3838e-04,  1.7177e-04,  7.9532e-05,
        -1.4359e-04,  1.0013e-04, -1.5759e-05, -1.8869e-06,  1.7338e-05,
         3.4051e-04, -1.0206e-04, -1.0136e-04, -8.1970e-06,  1.2689e-04,
        -9.0066e-05, -4.4622e-04,  2.9643e-04, -1.4606e-04, -1.5229e-05,
         6.0070e-05, -6.5912e-05,  2.0706e-05, -7.0065e-05,  3.0423e-04,
        -6.0923e-05, -1.5325e-04,  3.2132e-05, -5.6819e-06,  2.9068e-06,
         1.7525e-05,  1.5118e-04,  1.7517e-04, -2.1681e-04,  1.6113e-04,
        -1.0336e-04,  3.9808e-05, -2.4474e-07, -9.3674e-05,  1.0272e-04,
         9.9282e-06,  1.0486e-04,  1.3710e-04, -1.7137e-05,  6.6996e-06,
        -3.4816e-04, -2.1643e-04,  3.5275e-05,  5.9850e-05, -3.3385e-05,
         3.0579e-05,  2.0616e-04, -1.2642e-04,  2.3960e-04,  1.1445e-04,
         3.6909e-04, -2.6818e-04,  2.0316e-04,  8.7695e-05, -1.5706e-04,
        -1.6106e-04,  2.9261e-04, -2.7197e-05,  1.8854e-05, -1.3452e-05,
         1.4900e-04,  2.6013e-07, -3.8349e-05,  1.5012e-04, -2.9772e-05],
       device='cuda:0'), 'exp_avg_sq': tensor([1.2327e-06, 5.1549e-06, 6.4351e-07, 2.4862e-07, 1.3859e-06, 1.9889e-06,
        8.8200e-07, 1.0926e-07, 3.7134e-07, 1.6946e-07, 7.8431e-07, 7.4571e-07,
        2.3966e-07, 1.0795e-06, 1.2059e-06, 6.5294e-07, 1.9290e-07, 3.8746e-07,
        2.3745e-07, 3.5372e-07, 1.2426e-07, 1.2067e-07, 3.8578e-07, 2.7708e-07,
        1.6886e-09, 6.5180e-07, 8.5003e-07, 1.1274e-06, 3.7400e-07, 2.1302e-07,
        2.1952e-07, 1.6662e-06, 1.0798e-06, 5.5388e-07, 1.4585e-06, 6.7903e-07,
        6.0720e-07, 4.9120e-07, 7.3741e-10, 1.2496e-07, 2.4398e-06, 9.6082e-07,
        6.4310e-07, 2.3538e-07, 2.7324e-07, 6.2972e-07, 2.3024e-06, 9.3891e-07,
        5.8545e-07, 2.4155e-07, 1.8725e-07, 2.2054e-06, 9.5625e-07, 3.1992e-07,
        7.9373e-07, 3.9084e-07, 9.1139e-07, 5.9172e-07, 2.0504e-07, 1.2051e-06,
        2.7161e-07, 8.3388e-07, 2.1407e-06, 1.2953e-06, 4.1379e-06, 2.7258e-07,
        4.7082e-07, 1.4656e-08, 1.5763e-06, 1.0567e-06, 7.8457e-07, 1.1731e-07,
        6.4804e-07, 3.1585e-08, 8.4281e-08, 3.8049e-06, 6.9893e-07, 7.0566e-07,
        1.7268e-06, 6.8432e-07, 2.8042e-06, 3.1285e-06, 2.5688e-07, 7.7903e-07,
        9.2777e-07, 8.6352e-07, 1.2535e-06, 1.0012e-06, 1.0131e-06, 3.3436e-07,
        2.7817e-07, 1.6886e-06, 1.4239e-08, 1.1243e-06, 4.8818e-09, 7.0025e-07,
        1.5425e-07, 2.6061e-07, 3.0150e-07, 3.0512e-07], device='cuda:0')}, 4: {'step': tensor(30200.), 'exp_avg': tensor([[[-1.4732e-06],
         [ 9.2989e-07],
         [ 3.2378e-06],
         ...,
         [ 2.7101e-05],
         [ 1.0912e-05],
         [-3.2713e-05]],

        [[ 5.0890e-04],
         [ 1.5039e-03],
         [ 9.4746e-05],
         ...,
         [ 1.9604e-04],
         [ 6.5073e-04],
         [-2.8018e-04]],

        [[-8.3463e-05],
         [ 6.7497e-04],
         [-1.7544e-04],
         ...,
         [ 3.6614e-05],
         [ 1.6656e-04],
         [-2.6601e-04]],

        ...,

        [[ 1.5783e-07],
         [-2.4319e-07],
         [ 1.0948e-06],
         ...,
         [ 4.5801e-07],
         [-2.5178e-07],
         [-2.6802e-06]],

        [[ 2.3558e-05],
         [ 3.0970e-04],
         [-6.5964e-06],
         ...,
         [-2.5770e-05],
         [ 8.9154e-05],
         [-6.2990e-04]],

        [[-1.3236e-04],
         [-3.2613e-04],
         [ 2.7762e-05],
         ...,
         [-2.0274e-05],
         [ 7.5433e-06],
         [ 7.8783e-04]]], device='cuda:0'), 'exp_avg_sq': tensor([[[5.9312e-11],
         [1.3943e-09],
         [3.3015e-10],
         ...,
         [2.9108e-08],
         [5.8230e-09],
         [2.7235e-08]],

        [[1.4023e-05],
         [4.9000e-05],
         [3.7207e-07],
         ...,
         [1.7792e-06],
         [1.8328e-05],
         [2.1493e-06]],

        [[2.7672e-07],
         [1.2828e-05],
         [1.6356e-06],
         ...,
         [2.9036e-08],
         [4.2143e-06],
         [1.9193e-05]],

        ...,

        [[5.3504e-13],
         [6.8676e-12],
         [7.1064e-11],
         ...,
         [6.6714e-12],
         [2.2304e-12],
         [1.2961e-08]],

        [[8.6695e-08],
         [1.6449e-06],
         [7.8231e-08],
         ...,
         [8.4953e-07],
         [2.7184e-07],
         [3.6719e-05]],

        [[3.5716e-07],
         [2.3926e-06],
         [4.1164e-07],
         ...,
         [3.7199e-07],
         [1.0471e-07],
         [2.0267e-05]]], device='cuda:0')}, 5: {'step': tensor(30200.), 'exp_avg': tensor([-5.2198e-05,  1.2243e-04,  1.4050e-04,  3.7274e-05, -1.1788e-04,
         1.8628e-05,  1.7955e-04, -9.0379e-05, -1.1377e-04, -2.4214e-06,
        -7.2442e-05, -2.6667e-05, -6.2432e-06,  1.0345e-04, -2.0497e-04,
        -1.3218e-04,  2.6886e-04,  3.2937e-06,  1.3539e-05,  7.6886e-05,
        -8.1438e-05, -5.2093e-05,  6.6087e-05,  1.8988e-04, -7.7602e-05,
         8.0242e-05,  5.7310e-05,  2.9977e-07,  1.4398e-04, -1.1524e-04,
         4.2246e-05, -2.5082e-05, -1.9759e-05,  9.3801e-05, -1.0922e-04,
         2.7459e-05,  2.7857e-04, -1.4774e-05, -8.0685e-06,  1.3882e-04,
        -2.3809e-04, -1.9332e-04, -3.2327e-05, -8.3248e-05, -8.2503e-05,
         1.8941e-04,  3.0425e-06,  2.2901e-04,  1.6881e-04,  2.1592e-04,
        -1.9710e-04, -1.8158e-05,  5.9069e-05,  3.4289e-05,  1.8046e-04,
         6.7085e-05,  9.8180e-06, -9.7313e-05, -1.8807e-04,  2.2358e-04,
        -3.2270e-06, -2.5067e-05,  8.5824e-05,  3.4933e-05,  5.4807e-06,
         1.8556e-04, -2.5620e-05, -9.3511e-05,  3.8338e-05,  2.8621e-04,
         5.5608e-05,  6.1292e-06, -1.2902e-04, -3.6227e-05, -5.4195e-06,
        -1.0744e-04, -2.2847e-05, -2.2359e-05, -3.0319e-05,  2.9101e-05,
        -4.1078e-05, -1.4498e-04,  2.3342e-04,  7.7141e-05, -1.0438e-04,
         8.7971e-05, -2.1188e-04, -7.6440e-05,  8.4679e-05, -2.1866e-04,
        -1.5807e-04,  3.4501e-06,  4.1030e-05, -5.6737e-05,  7.0687e-05,
         8.3222e-06, -8.6903e-05, -7.5366e-06,  2.9738e-05, -9.3413e-06],
       device='cuda:0'), 'exp_avg_sq': tensor([9.8641e-08, 7.0589e-07, 9.6123e-07, 2.8596e-07, 6.9988e-07, 1.3812e-07,
        1.3076e-06, 1.0617e-07, 8.4603e-07, 5.4306e-09, 1.6162e-06, 2.8053e-08,
        6.7959e-07, 4.2094e-07, 1.8325e-06, 2.4555e-07, 9.1142e-07, 2.3471e-09,
        4.2643e-09, 1.4084e-07, 5.2069e-07, 7.3100e-08, 4.3739e-07, 1.3999e-06,
        5.3801e-07, 7.2785e-08, 6.2531e-07, 2.4601e-09, 4.2297e-07, 3.6211e-07,
        3.8564e-07, 8.3022e-09, 4.0273e-07, 3.6827e-07, 1.2358e-07, 6.2057e-08,
        8.9285e-07, 3.5860e-08, 6.1220e-10, 3.9177e-07, 1.3348e-06, 7.1936e-07,
        1.1133e-08, 6.6061e-07, 1.3347e-06, 1.6970e-06, 3.7451e-08, 2.6865e-06,
        1.1954e-06, 1.5998e-06, 9.0726e-07, 5.6489e-08, 3.1536e-07, 3.4955e-08,
        4.7320e-07, 3.2694e-07, 4.1159e-07, 4.2894e-07, 1.0121e-06, 2.3230e-06,
        2.2590e-10, 8.5103e-07, 3.2264e-07, 9.0980e-08, 2.2988e-08, 5.9384e-07,
        2.0262e-07, 6.2221e-07, 1.5049e-07, 1.1912e-06, 1.3092e-07, 2.2685e-08,
        2.6741e-07, 3.2742e-08, 5.2922e-10, 2.5601e-07, 6.4216e-07, 3.8478e-07,
        1.4991e-07, 2.4388e-07, 9.0012e-08, 5.4964e-07, 9.6152e-07, 2.2810e-07,
        2.4586e-07, 1.7599e-07, 2.0838e-06, 2.0911e-07, 1.5322e-07, 1.0420e-06,
        1.4039e-06, 2.1487e-07, 6.6173e-07, 6.4105e-07, 6.4501e-07, 4.3261e-08,
        3.9012e-07, 1.9115e-09, 6.1610e-07, 1.6263e-07], device='cuda:0')}, 6: {'step': tensor(30200.), 'exp_avg': tensor([[[ 1.0302e-06],
         [ 2.6730e-04],
         [ 5.3381e-05],
         ...,
         [ 3.1780e-07],
         [-2.4277e-04],
         [ 1.2751e-04]],

        [[-1.6026e-06],
         [-8.5740e-05],
         [ 3.1538e-07],
         ...,
         [-1.4763e-07],
         [ 5.6757e-06],
         [-1.3139e-05]],

        [[-2.6992e-05],
         [ 7.5466e-07],
         [-7.4440e-06],
         ...,
         [ 2.7635e-07],
         [-3.5430e-05],
         [ 4.1369e-06]],

        ...,

        [[ 3.6414e-05],
         [-9.8833e-05],
         [-9.0174e-05],
         ...,
         [-1.8392e-07],
         [-3.5925e-05],
         [ 1.3069e-05]],

        [[ 3.6730e-08],
         [-4.2522e-05],
         [ 3.4504e-05],
         ...,
         [ 4.0931e-09],
         [-6.1325e-05],
         [ 1.1785e-04]],

        [[-3.3004e-06],
         [-1.0428e-04],
         [-5.5055e-05],
         ...,
         [-7.2252e-09],
         [-1.5495e-04],
         [-1.2378e-06]]], device='cuda:0'), 'exp_avg_sq': tensor([[[2.2423e-10],
         [8.1732e-07],
         [1.1395e-07],
         ...,
         [9.4675e-12],
         [1.1205e-06],
         [1.6786e-07]],

        [[5.9231e-11],
         [1.6757e-06],
         [1.0079e-08],
         ...,
         [7.6367e-13],
         [1.5062e-08],
         [3.3583e-07]],

        [[1.8098e-08],
         [1.4152e-09],
         [4.9651e-09],
         ...,
         [2.0039e-12],
         [3.5899e-07],
         [6.7329e-10]],

        ...,

        [[4.2902e-08],
         [4.5224e-07],
         [2.4675e-07],
         ...,
         [6.6489e-13],
         [2.0299e-06],
         [1.3872e-08]],

        [[1.3632e-13],
         [5.5701e-08],
         [3.1866e-07],
         ...,
         [5.2264e-16],
         [8.0400e-07],
         [2.0976e-06]],

        [[3.1585e-10],
         [2.2744e-07],
         [3.7700e-07],
         ...,
         [1.5007e-14],
         [2.3962e-06],
         [3.4418e-11]]], device='cuda:0')}, 7: {'step': tensor(30200.), 'exp_avg': tensor([ 5.1712e-05,  2.2610e-05, -2.0593e-05,  1.5924e-05, -3.7861e-06,
         1.4233e-04, -1.5166e-05,  1.0305e-04, -6.5449e-05, -2.8794e-05,
        -4.1559e-06,  8.8497e-05, -1.9703e-05,  5.3774e-05,  2.5593e-05,
         2.1021e-05,  1.0688e-05,  8.9477e-05,  1.2256e-04,  2.0590e-04,
         3.8798e-06,  2.3010e-06, -9.1339e-05, -1.9477e-04, -5.0778e-06,
         3.4383e-05, -8.6379e-06, -4.3420e-05,  4.5696e-05,  4.8612e-06,
         4.8632e-05,  1.0878e-04,  5.5936e-06, -1.1589e-04, -1.4859e-04,
        -1.5468e-05, -5.1271e-05,  9.0148e-05, -1.6425e-05,  6.6058e-05,
        -6.6749e-05,  6.4484e-05, -9.3343e-06,  5.8457e-05, -3.6696e-05,
         2.2154e-04, -5.1263e-05, -6.6037e-05,  1.2273e-05,  9.4754e-05,
         8.6312e-05,  3.1175e-04, -2.1183e-05, -6.6672e-06,  1.2545e-04,
        -5.0980e-05,  1.8592e-04,  7.0887e-05,  8.5317e-05, -2.3054e-05,
         1.1353e-05,  7.4401e-05, -8.2958e-05, -7.3294e-05,  7.0842e-05,
         2.8837e-05, -2.2531e-05,  5.5076e-05, -1.2568e-05, -1.3945e-04,
        -5.6448e-06,  4.9477e-05,  7.1232e-06, -1.2216e-05,  1.6999e-05,
         1.5143e-05, -2.9400e-05,  8.5814e-05,  1.6515e-04, -7.7358e-05,
         1.5717e-04,  5.8586e-05, -1.3084e-04,  1.0774e-04, -1.7312e-05,
         1.4130e-04, -1.4190e-04,  3.6869e-05, -4.1342e-05,  9.9185e-05,
         2.3130e-05,  4.7445e-06,  1.5383e-05,  3.8801e-05, -2.3575e-04,
         4.8968e-05, -9.0547e-05,  2.0021e-05, -6.5359e-05, -5.9490e-05],
       device='cuda:0'), 'exp_avg_sq': tensor([6.5921e-08, 5.6031e-08, 2.3016e-08, 4.7018e-08, 2.5427e-07, 3.1109e-07,
        1.3911e-07, 5.7791e-07, 8.6729e-08, 1.1722e-07, 1.8251e-08, 2.9771e-07,
        1.6523e-08, 1.5412e-07, 1.4859e-07, 2.4117e-08, 2.2485e-07, 2.4681e-07,
        9.4775e-08, 5.6922e-07, 2.2762e-08, 2.0107e-08, 2.0164e-07, 5.2750e-07,
        9.9311e-08, 8.2259e-08, 5.4154e-08, 1.6447e-07, 4.2883e-07, 1.6572e-07,
        1.5168e-07, 3.8131e-07, 6.2989e-09, 7.0367e-07, 7.0068e-07, 2.0803e-09,
        1.0099e-07, 1.3608e-07, 3.3574e-08, 3.7368e-07, 7.3827e-08, 2.6178e-07,
        1.6412e-07, 1.4890e-07, 7.7270e-08, 6.6776e-07, 1.8337e-07, 2.0947e-07,
        2.6697e-07, 9.6003e-08, 2.3840e-07, 1.7403e-06, 1.5893e-08, 1.0458e-07,
        3.2011e-07, 1.6792e-08, 3.0243e-07, 3.4930e-07, 1.3639e-07, 1.7056e-08,
        1.1994e-08, 8.5875e-08, 1.1759e-06, 7.4964e-08, 3.7412e-07, 4.7051e-08,
        4.2929e-08, 7.7690e-08, 1.2363e-07, 4.2631e-07, 3.7883e-07, 1.8176e-07,
        2.5188e-07, 8.0171e-09, 4.7256e-08, 2.6678e-07, 5.7308e-08, 1.1396e-06,
        1.7951e-06, 4.8440e-07, 3.6415e-07, 3.5219e-07, 3.7665e-07, 4.6353e-07,
        7.2199e-08, 8.9467e-07, 6.1499e-07, 1.5096e-07, 5.9383e-08, 1.9050e-07,
        5.5412e-08, 2.3818e-08, 3.2906e-08, 3.7136e-07, 1.1988e-06, 5.1820e-08,
        2.9774e-07, 5.4155e-08, 8.4298e-08, 2.4724e-07], device='cuda:0')}, 8: {'step': tensor(30200.), 'exp_avg': tensor([[[ 1.7420e-04],
         [-1.2604e-04],
         [ 1.3321e-06],
         ...,
         [ 1.3386e-05],
         [-2.0376e-05],
         [ 2.3633e-06]],

        [[ 1.5178e-08],
         [-2.3603e-11],
         [ 2.9767e-09],
         ...,
         [-1.3479e-09],
         [ 3.5003e-08],
         [-6.2785e-09]],

        [[-7.4070e-06],
         [-5.7308e-05],
         [-1.8277e-09],
         ...,
         [-2.1554e-05],
         [ 2.4745e-06],
         [-1.3655e-05]],

        ...,

        [[ 1.6422e-09],
         [ 1.9168e-09],
         [-2.5030e-13],
         ...,
         [-5.6883e-11],
         [-6.0964e-08],
         [-3.6400e-10]],

        [[ 7.6208e-04],
         [-1.2255e-06],
         [-2.3994e-06],
         ...,
         [ 8.4025e-06],
         [ 2.7724e-08],
         [-9.4957e-06]],

        [[-7.3129e-12],
         [ 1.0947e-12],
         [-1.6742e-10],
         ...,
         [ 4.6898e-13],
         [-2.6955e-11],
         [-5.6867e-11]]], device='cuda:0'), 'exp_avg_sq': tensor([[[2.7915e-07],
         [3.4260e-07],
         [5.6679e-11],
         ...,
         [3.6411e-09],
         [1.1610e-08],
         [1.2745e-10]],

        [[9.0980e-15],
         [7.6659e-20],
         [1.1991e-15],
         ...,
         [9.5714e-16],
         [1.3253e-13],
         [2.1210e-15]],

        [[9.6907e-09],
         [1.2598e-07],
         [6.1093e-13],
         ...,
         [1.2484e-08],
         [1.3381e-10],
         [7.0359e-09]],

        ...,

        [[2.4752e-17],
         [1.7094e-16],
         [1.7207e-20],
         ...,
         [3.6422e-19],
         [1.4382e-13],
         [2.6767e-18]],

        [[2.0489e-05],
         [2.6076e-11],
         [1.8977e-10],
         ...,
         [6.9681e-09],
         [9.5153e-13],
         [1.3810e-09]],

        [[1.6305e-21],
         [5.0526e-22],
         [6.6536e-19],
         ...,
         [9.6396e-24],
         [1.2138e-19],
         [6.9480e-20]]], device='cuda:0')}, 9: {'step': tensor(30200.), 'exp_avg': tensor([ 1.4864e-05,  2.3331e-09, -9.7977e-06, -8.3092e-06, -1.0418e-04,
         1.6700e-05, -5.8695e-05, -8.0118e-06,  2.2884e-06, -2.9723e-06,
        -5.4320e-05, -3.3335e-05,  8.3263e-07,  7.4484e-08,  3.5130e-05,
         1.0215e-04, -3.9763e-06, -1.9112e-06,  5.4524e-12, -1.1886e-09,
        -1.8392e-06, -5.5493e-07,  8.9701e-08,  7.2290e-05, -6.2956e-06,
         7.2581e-07,  8.5711e-06,  1.7784e-10, -9.8681e-10,  2.2716e-05,
         6.0481e-05,  2.8893e-05,  1.7940e-04,  4.0779e-06,  7.5790e-09,
        -6.3928e-05, -1.3125e-07, -1.0336e-07,  5.0859e-06,  1.6414e-05,
         2.3003e-07,  1.6600e-10,  1.7455e-05, -1.2647e-10,  9.0955e-06,
        -5.1614e-06,  1.0669e-10, -1.1570e-04, -3.5558e-09,  1.1608e-05,
         2.4696e-04, -8.7166e-06,  2.9875e-04,  4.6114e-05, -8.8841e-10,
         4.1108e-06,  3.6307e-05, -1.6706e-09,  7.0656e-05,  2.2614e-05,
         2.2294e-07, -1.6096e-06,  1.2122e-05,  2.3409e-04,  2.3808e-05,
        -7.8344e-05,  8.3731e-08, -1.3616e-05, -4.1986e-05,  1.0962e-04,
         1.5160e-05, -1.2498e-05, -1.4127e-05,  1.6407e-05, -5.1430e-13,
         4.9119e-06,  1.2622e-05, -1.3170e-05, -3.4295e-08,  2.9603e-09,
        -8.2155e-05,  2.8456e-05,  2.1643e-05, -2.4643e-05,  9.8263e-09,
        -1.9034e-05, -6.0882e-07, -1.0150e-04,  1.4785e-05, -3.0783e-05,
        -6.7835e-07,  1.0275e-06,  1.5766e-05,  1.4634e-09,  6.6960e-06,
         1.8630e-05,  6.4815e-05, -2.2510e-09,  4.2434e-05, -4.7415e-11],
       device='cuda:0'), 'exp_avg_sq': tensor([4.5756e-08, 8.2283e-16, 3.4712e-09, 7.9159e-09, 2.6389e-07, 6.0199e-07,
        1.1332e-07, 7.1395e-09, 3.0562e-10, 2.7789e-10, 1.9087e-06, 3.0365e-08,
        3.0601e-09, 1.0618e-11, 5.9590e-07, 4.6484e-07, 3.9927e-10, 5.4422e-10,
        2.3883e-21, 9.8204e-16, 4.9928e-11, 1.6957e-11, 1.9337e-13, 2.3383e-07,
        1.0190e-07, 4.7607e-11, 1.1146e-09, 3.8301e-17, 1.1084e-17, 7.0338e-09,
        1.0978e-07, 2.6340e-07, 6.7919e-07, 1.6566e-09, 2.3961e-15, 2.3601e-07,
        2.0764e-13, 5.8408e-12, 8.2036e-10, 3.8455e-08, 4.5212e-13, 3.6998e-19,
        1.4495e-07, 2.0839e-17, 4.1173e-09, 4.2033e-10, 5.4222e-19, 1.6714e-07,
        1.1476e-14, 1.8699e-08, 1.4021e-06, 9.2384e-09, 2.2630e-06, 4.2996e-08,
        4.7322e-17, 1.7276e-09, 1.3132e-07, 2.4507e-15, 9.6478e-08, 4.3977e-08,
        9.3764e-11, 9.0511e-11, 1.4823e-07, 1.0685e-06, 2.5891e-08, 1.7257e-07,
        2.0018e-12, 1.4026e-07, 3.2208e-08, 3.1067e-07, 5.6854e-08, 3.9444e-09,
        1.8537e-08, 1.7667e-08, 5.5307e-24, 4.8033e-10, 1.0905e-08, 4.6732e-08,
        7.8092e-13, 9.9406e-15, 7.9504e-07, 1.7859e-07, 3.9682e-08, 2.8704e-08,
        3.8719e-15, 6.9065e-08, 1.9532e-11, 3.6495e-07, 2.1038e-08, 4.6577e-08,
        1.7401e-09, 9.0798e-10, 1.0167e-08, 5.2910e-12, 1.5334e-08, 1.0309e-08,
        1.8174e-07, 4.0961e-16, 5.7767e-08, 3.8860e-20], device='cuda:0')}, 10: {'step': tensor(30200.), 'exp_avg': tensor([[ 3.2175e-04, -3.0677e-04, -1.6353e-03],
        [ 5.5303e-04, -1.0144e-03, -2.5454e-03],
        [-2.7053e-04,  1.3317e-04, -2.3060e-04],
        [-2.4739e-04,  6.0236e-04,  1.6655e-03],
        [-1.3952e-03, -5.7263e-04, -1.6924e-03],
        [-4.2951e-04, -3.3984e-04,  7.1703e-04],
        [-1.2455e-04,  3.7426e-04,  2.0548e-03],
        [ 3.8009e-04,  9.4164e-04, -2.8785e-04],
        [ 2.7501e-04,  3.1972e-04, -7.1546e-04],
        [-3.9339e-04, -1.8457e-04,  5.6849e-04],
        [ 1.2608e-03,  2.0787e-04,  1.1779e-03],
        [-1.2851e-03, -1.8150e-04, -1.9199e-04],
        [ 5.2306e-04, -3.6043e-04, -1.8223e-04],
        [-3.6589e-04, -1.4316e-03, -2.6756e-03],
        [ 8.3271e-04,  6.7727e-04, -1.5235e-03],
        [ 8.2109e-04,  7.5926e-04, -1.1615e-03],
        [ 6.0774e-04, -7.4805e-04, -1.3337e-03],
        [-5.2066e-04, -8.1964e-04,  9.3114e-04],
        [-1.2530e-03,  1.1662e-03,  1.5041e-03],
        [ 6.0647e-04,  4.4905e-04,  1.5663e-03],
        [-1.2814e-03, -2.1585e-04,  3.5952e-04],
        [-2.6209e-04,  1.0270e-03,  1.8899e-03],
        [ 8.0262e-04,  6.6128e-04,  4.7991e-04],
        [ 6.2059e-05,  4.4488e-04,  2.2288e-03],
        [-5.4915e-05,  3.5913e-04,  1.2008e-03],
        [ 1.0001e-04, -5.6145e-04, -8.7498e-04],
        [ 5.4759e-04, -5.4856e-04, -1.9439e-03],
        [-5.6810e-05,  1.0970e-04,  2.5036e-03],
        [-5.9011e-04, -8.4564e-04, -5.8537e-04],
        [-4.6733e-04,  8.0495e-04,  1.1448e-03],
        [ 3.2788e-04, -5.7732e-05, -6.3355e-04],
        [-2.9560e-04,  1.0401e-04, -6.9261e-04]], device='cuda:0'), 'exp_avg_sq': tensor([[5.1488e-06, 6.8083e-06, 3.5843e-05],
        [3.0859e-05, 1.4992e-05, 1.5753e-04],
        [1.2640e-05, 2.4908e-05, 6.8810e-05],
        [2.0635e-05, 8.4459e-06, 5.0305e-05],
        [8.4410e-05, 6.6174e-05, 1.6958e-04],
        [3.2119e-06, 5.1022e-06, 1.9816e-05],
        [3.6967e-05, 2.4726e-05, 7.0274e-05],
        [1.7419e-05, 1.3380e-04, 3.5405e-05],
        [1.0904e-05, 3.2852e-05, 5.5241e-05],
        [5.4782e-06, 4.1124e-05, 4.0659e-05],
        [3.9873e-05, 4.2245e-05, 3.9527e-05],
        [1.4617e-05, 9.2105e-06, 5.7074e-06],
        [1.2351e-05, 9.5349e-06, 7.1282e-06],
        [7.0483e-06, 6.2365e-05, 1.1010e-04],
        [8.3329e-06, 8.9264e-06, 6.2871e-05],
        [1.9602e-05, 1.5023e-05, 2.6521e-05],
        [8.3883e-06, 5.0394e-06, 3.3913e-05],
        [1.1826e-05, 6.2037e-05, 3.7930e-05],
        [2.5381e-05, 2.1739e-05, 1.0168e-04],
        [1.3221e-05, 1.2966e-05, 3.9005e-05],
        [4.5431e-05, 2.8497e-05, 8.7009e-05],
        [2.3888e-05, 4.5584e-05, 5.6690e-05],
        [4.3867e-05, 2.4052e-05, 3.1994e-05],
        [5.8938e-05, 4.8863e-05, 1.4466e-04],
        [1.4688e-05, 1.2013e-04, 3.2876e-05],
        [2.4431e-06, 3.4795e-06, 1.9293e-05],
        [1.5279e-05, 8.9425e-06, 4.8043e-05],
        [4.1010e-05, 7.1479e-05, 9.5927e-05],
        [2.4047e-05, 6.3397e-06, 2.6938e-05],
        [1.5653e-05, 4.1360e-05, 4.4957e-05],
        [4.9697e-05, 1.0372e-04, 5.0127e-05],
        [2.6657e-05, 1.2199e-05, 1.1841e-05]], device='cuda:0')}, 11: {'step': tensor(30200.), 'exp_avg': tensor([-5.0702e-04,  5.6961e-04, -8.0175e-04,  1.6683e-04, -8.6145e-04,
        -7.7846e-05, -4.7382e-04,  1.0414e-05, -9.2125e-04, -1.2878e-04,
        -8.0158e-05, -2.6424e-04, -3.7825e-04, -1.6934e-04,  1.0160e-04,
         4.4612e-04, -9.0283e-05, -2.5361e-04, -3.3694e-04, -6.9284e-04,
        -6.6458e-04, -2.6576e-04, -1.5299e-05,  6.4242e-04,  9.5631e-05,
        -3.6497e-05, -1.1984e-05,  3.9273e-04,  5.7246e-04,  1.3502e-05,
        -2.2161e-04,  1.4781e-04], device='cuda:0'), 'exp_avg_sq': tensor([8.9120e-06, 1.8240e-05, 1.1412e-05, 1.1778e-06, 1.2439e-05, 9.5566e-05,
        2.5165e-06, 2.5254e-06, 6.8290e-06, 1.8830e-05, 4.3160e-06, 3.1698e-06,
        2.2291e-06, 3.2747e-05, 2.5504e-06, 8.9167e-06, 4.3460e-06, 1.6513e-05,
        4.0038e-06, 6.5567e-06, 4.6171e-06, 1.5727e-06, 7.3187e-06, 7.8612e-06,
        1.3796e-05, 2.0549e-06, 1.7925e-06, 2.4143e-06, 4.1668e-06, 3.1443e-06,
        2.2044e-05, 4.2906e-06], device='cuda:0')}, 12: {'step': tensor(30200.), 'exp_avg': tensor([ 1.2237e-04, -2.6423e-04, -1.5086e-04,  3.0504e-04, -6.3558e-04,
        -1.1291e-04,  1.2383e-04,  1.2987e-04,  1.5446e-05, -4.2600e-04,
         1.8504e-04, -2.8142e-04,  2.4108e-04, -3.3628e-04,  2.2610e-04,
         2.0832e-04,  2.9052e-04, -4.1523e-04,  3.0111e-05,  2.4192e-04,
         7.5116e-05, -1.6431e-04,  6.7947e-04,  2.2185e-04,  1.2733e-04,
        -3.6068e-05, -4.0935e-04,  3.1515e-04, -4.4306e-04,  3.2071e-04,
         3.9119e-04, -4.8398e-04], device='cuda:0'), 'exp_avg_sq': tensor([4.8340e-07, 2.0375e-06, 1.7129e-06, 3.9481e-06, 5.5462e-06, 8.3806e-06,
        9.1159e-06, 2.5837e-06, 2.1847e-06, 5.7406e-06, 2.7843e-06, 2.3845e-06,
        3.6609e-06, 5.2890e-06, 3.3643e-06, 5.7787e-07, 1.6470e-06, 2.6414e-06,
        1.6381e-06, 4.4973e-06, 3.3575e-06, 6.8878e-07, 1.1107e-05, 8.1177e-07,
        7.0564e-07, 4.1661e-07, 3.5330e-06, 2.5413e-06, 3.2249e-06, 1.6019e-06,
        1.3386e-06, 4.1810e-06], device='cuda:0')}, 13: {'step': tensor(30200.), 'exp_avg': tensor([[-1.6652e-07, -7.3050e-07, -9.2260e-07,  ..., -5.2255e-07,
         -5.6870e-06, -4.2354e-07],
        [ 6.7341e-09, -2.7088e-07, -3.2413e-07,  ..., -2.6610e-07,
         -5.9772e-06, -1.3397e-07],
        [-5.1301e-08,  1.7799e-07,  2.1741e-07,  ...,  6.6816e-08,
          8.4954e-06,  7.9729e-08],
        ...,
        [-1.2148e-06,  3.3303e-06,  4.4070e-06,  ...,  2.9555e-06,
         -1.9137e-06, -5.5810e-06],
        [-2.9586e-06,  2.6138e-06,  5.8240e-06,  ...,  1.6612e-06,
          1.7146e-06, -4.9940e-06],
        [-3.3806e-06,  2.7690e-06,  5.7663e-06,  ...,  3.6154e-07,
          2.5970e-06, -4.0671e-06]], device='cuda:0'), 'exp_avg_sq': tensor([[1.5598e-12, 1.2282e-11, 1.6815e-11,  ..., 1.0254e-11, 1.7086e-09,
         4.8153e-12],
        [1.3381e-13, 2.1483e-12, 2.2186e-12,  ..., 2.6431e-12, 4.5161e-10,
         4.8126e-13],
        [1.4594e-13, 9.5475e-13, 1.1564e-12,  ..., 1.4181e-12, 1.0923e-09,
         2.1656e-13],
        ...,
        [3.5287e-10, 2.3427e-10, 6.8147e-10,  ..., 7.3638e-10, 1.0218e-10,
         3.0967e-10],
        [4.8872e-10, 2.9534e-10, 7.9808e-10,  ..., 4.9849e-10, 2.8535e-10,
         2.5219e-10],
        [6.1772e-10, 2.9650e-10, 7.9578e-10,  ..., 2.2719e-10, 3.5450e-10,
         1.6433e-10]], device='cuda:0')}, 14: {'step': tensor(30200.), 'exp_avg': tensor([[ 1.8754e-06,  2.5456e-06, -2.7510e-07,  ...,  3.9939e-06,
          4.0769e-06,  4.1579e-06],
        [ 8.6116e-06, -2.0791e-06,  2.0572e-06,  ...,  8.8638e-06,
          4.2878e-06,  3.0577e-06],
        [-2.8959e-07, -4.4143e-06,  1.7411e-06,  ..., -1.8875e-07,
         -1.4407e-06, -2.1616e-06],
        ...,
        [-1.8513e-06,  5.5292e-06,  6.2118e-07,  ..., -6.5969e-06,
         -4.9307e-06, -3.1236e-06],
        [-9.0962e-06, -3.4791e-06, -2.8724e-07,  ..., -6.5569e-06,
         -2.5471e-06, -2.0046e-06],
        [ 1.1585e-05, -7.5415e-07,  1.2498e-06,  ...,  1.7895e-05,
          1.1512e-05,  9.2916e-06]], device='cuda:0'), 'exp_avg_sq': tensor([[3.4530e-10, 1.5763e-10, 4.6191e-11,  ..., 8.1977e-10, 4.1771e-10,
         2.9311e-10],
        [7.8076e-10, 1.6723e-10, 8.4803e-11,  ..., 1.6470e-09, 7.9801e-10,
         5.6096e-10],
        [1.3283e-09, 9.1926e-10, 1.1235e-10,  ..., 1.8919e-09, 6.6213e-10,
         3.4298e-10],
        ...,
        [1.0480e-09, 8.8770e-10, 1.5911e-10,  ..., 1.4842e-09, 4.9842e-10,
         3.2148e-10],
        [2.0891e-09, 4.4749e-10, 1.6001e-10,  ..., 3.1353e-09, 1.5037e-09,
         9.5666e-10],
        [1.6621e-09, 1.4591e-10, 1.3494e-10,  ..., 5.5264e-09, 2.8923e-09,
         2.0138e-09]], device='cuda:0')}, 15: {'step': tensor(30200.), 'exp_avg': tensor([ 3.9392e-07, -4.2209e-06, -1.7244e-06,  3.3170e-06, -1.7810e-07,
         1.8708e-06, -2.4658e-06,  4.9405e-08,  6.5178e-07,  3.5041e-07,
         4.7009e-06,  2.3342e-06,  2.2582e-07,  4.3528e-06,  1.0533e-06,
         2.3482e-06, -1.2975e-06,  6.8563e-07, -3.5883e-07,  1.2229e-06,
         6.7913e-07, -9.9648e-07, -3.1074e-06, -2.4995e-06,  3.3958e-07,
        -3.6367e-06, -1.9268e-06,  2.6560e-06, -3.4514e-07,  3.0999e-06,
         2.1610e-06, -5.9754e-06], device='cuda:0'), 'exp_avg_sq': tensor([1.0242e-10, 2.0402e-10, 5.1219e-10, 2.7476e-10, 1.1220e-10, 1.4596e-10,
        1.8859e-10, 2.4591e-10, 2.6867e-10, 2.5790e-11, 4.7211e-10, 1.2147e-10,
        3.2539e-11, 3.6487e-10, 8.9013e-11, 3.4263e-10, 3.6997e-11, 6.9917e-10,
        2.6686e-10, 4.4935e-11, 2.1996e-10, 2.6549e-11, 2.5024e-10, 3.1567e-10,
        4.3375e-10, 1.5964e-10, 6.9956e-11, 1.6234e-10, 9.4042e-11, 4.8846e-10,
        3.9458e-10, 4.5102e-10], device='cuda:0')}, 16: {'step': tensor(30200.), 'exp_avg': tensor([-1.9187e-05, -1.0750e-04, -2.4452e-05, -9.4940e-05, -5.2540e-05,
        -6.0202e-05, -3.6064e-06,  9.7835e-06, -5.9209e-05, -2.4054e-05,
         6.7574e-05, -9.5389e-05, -8.2823e-09, -6.4369e-05,  7.1831e-05,
         8.9912e-05, -6.3571e-06, -4.2871e-05,  6.7211e-05, -2.0906e-05,
        -1.0877e-04,  7.3927e-05,  2.2456e-05,  3.3768e-05,  8.8097e-05,
        -4.5140e-05,  4.1387e-05, -4.3063e-05,  9.1426e-05,  2.2801e-05,
         1.6889e-06, -1.7149e-05], device='cuda:0'), 'exp_avg_sq': tensor([4.9050e-08, 2.6944e-07, 7.3054e-08, 2.1059e-07, 5.2808e-07, 5.4592e-07,
        8.3747e-09, 7.9150e-08, 2.0632e-07, 1.2605e-07, 1.6594e-07, 4.9760e-07,
        1.7696e-08, 2.7575e-07, 2.1179e-07, 3.0472e-07, 1.8707e-07, 1.3336e-07,
        2.4841e-07, 2.4431e-08, 6.0696e-07, 1.2815e-07, 1.5273e-07, 2.3121e-07,
        1.9359e-07, 6.5103e-08, 8.6886e-08, 3.5254e-07, 3.4740e-07, 6.2531e-08,
        6.1572e-08, 2.6863e-08], device='cuda:0')}, 17: {'step': tensor(30200.), 'exp_avg': tensor([ 6.0012e-05, -9.4030e-05,  1.9262e-05,  1.4762e-04,  7.5855e-06,
         4.7093e-05, -8.8843e-05, -5.7522e-05,  4.0583e-05, -2.3840e-05,
         2.4793e-04,  9.8140e-05,  2.5737e-06,  6.5124e-05, -3.0181e-05,
         1.9287e-04, -8.5099e-05,  5.4600e-06,  5.4247e-05,  7.5252e-05,
         6.2361e-06, -1.0126e-04, -4.0349e-05, -7.7128e-05,  2.1881e-06,
        -8.4996e-05, -1.6241e-04,  1.4228e-04, -8.6139e-05,  1.3792e-04,
         2.9808e-05, -1.3016e-04], device='cuda:0'), 'exp_avg_sq': tensor([2.4290e-07, 1.6620e-07, 6.7494e-07, 3.1666e-07, 2.3586e-07, 3.0636e-07,
        9.8294e-08, 3.7305e-07, 7.0727e-07, 4.7676e-08, 8.9823e-07, 3.1648e-07,
        1.7990e-08, 3.6519e-07, 1.5981e-07, 8.7514e-07, 2.1918e-07, 1.3694e-06,
        2.2761e-07, 2.0845e-07, 2.3274e-07, 1.8270e-07, 2.5818e-07, 1.7902e-07,
        1.6181e-07, 2.8930e-07, 4.2702e-07, 3.1330e-07, 3.8875e-07, 6.8785e-07,
        1.3482e-07, 2.6490e-07], device='cuda:0')}, 18: {'step': tensor(30200.), 'exp_avg': tensor([[-1.6642e-06, -1.7421e-06,  1.1125e-06,  ..., -4.5817e-06,
          1.8400e-06, -2.3045e-06],
        [-1.8964e-06, -5.2292e-06,  1.5317e-06,  ..., -4.4725e-06,
         -2.1835e-07, -3.4163e-06],
        [ 1.0565e-07,  2.5926e-06,  9.1218e-07,  ...,  3.9196e-06,
          1.5343e-07, -5.3482e-08],
        ...,
        [-1.3437e-06, -4.3854e-06, -7.9689e-08,  ..., -3.4412e-06,
          1.5348e-07, -2.1869e-06],
        [-1.0444e-07, -5.0994e-07,  7.4479e-08,  ..., -2.2733e-07,
          1.9661e-07, -2.4789e-07],
        [-5.5194e-06, -3.8711e-05,  1.8153e-06,  ..., -8.0393e-06,
          1.1790e-05, -1.2526e-05]], device='cuda:0'), 'exp_avg_sq': tensor([[8.1362e-11, 3.0037e-10, 2.9546e-10,  ..., 7.5286e-10, 1.9476e-10,
         2.7140e-10],
        [6.7366e-11, 6.6886e-10, 2.1233e-10,  ..., 3.8119e-10, 3.3108e-11,
         2.8216e-10],
        [1.6953e-10, 4.5150e-10, 2.9058e-10,  ..., 4.6048e-10, 1.6886e-10,
         6.4442e-10],
        ...,
        [8.6970e-11, 8.3742e-10, 5.6981e-10,  ..., 3.5732e-10, 2.9326e-11,
         4.3254e-10],
        [3.6981e-13, 6.3900e-12, 3.8210e-13,  ..., 2.5573e-12, 1.1383e-12,
         1.6483e-12],
        [1.5661e-09, 4.3269e-08, 9.0553e-10,  ..., 2.1716e-09, 8.2624e-09,
         6.9817e-09]], device='cuda:0')}, 19: {'step': tensor(30200.), 'exp_avg': tensor([-4.7613e-06, -4.8733e-06,  5.0627e-07,  1.1177e-06,  5.6254e-07,
         1.0324e-05,  3.9721e-06, -2.4758e-07,  1.6750e-06, -2.0276e-06,
        -1.3970e-07, -1.7731e-06,  4.0399e-06,  7.9794e-06,  1.8857e-06,
        -3.5484e-07, -2.9814e-06,  3.4961e-07,  4.8094e-06,  4.7415e-06,
         3.1427e-06, -7.1544e-09,  2.5856e-08,  4.0152e-06,  8.5258e-08,
        -9.9823e-07,  2.4774e-07,  3.7949e-08, -8.2458e-06, -5.0832e-07,
         5.1120e-06, -1.6939e-06, -1.9847e-06,  2.1429e-06,  1.0672e-07,
         7.2285e-06,  5.5261e-06, -2.1291e-06, -4.6523e-06,  3.6277e-06,
         4.1209e-06,  7.2533e-08, -2.9188e-07,  4.6352e-06,  5.0689e-06,
         1.4167e-07, -4.7659e-06, -1.7424e-06,  3.3070e-06, -2.1331e-07,
         1.0272e-06, -3.1478e-07,  7.9249e-06,  2.3027e-06, -7.6130e-07,
         3.8556e-06, -2.0193e-07, -4.8010e-07, -2.2292e-07,  3.0697e-06,
        -2.0411e-06,  2.2011e-06,  1.4727e-06, -4.3016e-06,  2.0263e-06,
         1.4543e-07,  2.0950e-06,  4.5819e-06,  7.2683e-08, -8.4090e-07,
        -3.2956e-07,  1.0562e-07,  2.0834e-06, -5.5103e-07, -1.6639e-06,
        -8.8718e-07,  7.9168e-07,  1.1098e-06, -4.1125e-06, -2.2630e-06,
         7.1628e-09, -9.3549e-07, -5.0462e-06, -6.0869e-07,  9.2591e-07,
        -1.2953e-05, -6.2392e-06,  1.0693e-07, -4.7279e-07,  1.1222e-05,
        -4.9895e-06, -8.5610e-07,  2.7397e-06, -1.6734e-05, -3.7407e-06,
         4.5706e-07,  1.0224e-05,  1.7689e-06, -3.8892e-06,  3.5448e-06,
         4.3512e-06,  3.4632e-06,  1.0156e-07,  2.5843e-06,  4.2746e-08,
        -6.2121e-07,  6.7589e-07,  2.5287e-06, -2.2449e-06,  7.5380e-07,
        -6.3578e-07,  4.2854e-06, -2.9241e-06, -7.7812e-07, -3.8395e-06,
        -1.3405e-06, -1.7059e-06, -1.0212e-06,  9.4418e-06,  2.0320e-06,
        -1.5133e-06, -3.7044e-07,  7.2709e-06,  2.4483e-07,  8.2164e-07,
        -2.3377e-06,  6.7516e-06,  1.0605e-07, -1.2166e-06, -1.2498e-06,
         2.3929e-07,  3.8027e-06, -7.4308e-07, -3.9228e-07,  1.7225e-07,
        -3.3847e-06,  1.7213e-06, -6.2298e-06, -2.3422e-07, -3.5690e-06,
         2.5635e-06, -6.6565e-07,  1.0779e-06,  3.4945e-06,  3.4165e-06,
         7.5644e-06,  3.7314e-06, -1.9463e-07, -5.8172e-08, -9.1088e-06,
         4.1901e-08, -4.2554e-08,  8.1439e-07,  4.6969e-07, -2.7542e-06,
         2.3171e-06,  4.0184e-06, -1.2175e-06,  4.8368e-08,  5.2750e-06,
        -1.6604e-06, -2.2976e-06, -2.6569e-06, -2.0760e-06,  6.2238e-06,
         4.4395e-06,  6.0696e-06, -1.3109e-05, -9.6999e-06, -6.1420e-06,
         3.3944e-06,  7.3593e-07, -2.2572e-06, -4.6528e-06, -5.3807e-07,
        -4.7906e-06, -7.5293e-07, -2.0580e-06, -1.8466e-06,  4.4565e-06,
        -3.4129e-07,  3.1315e-06, -5.4598e-06, -1.4332e-06, -2.3410e-05,
         3.9363e-06,  9.0772e-06, -4.7336e-06,  9.7492e-07,  7.0593e-07,
        -1.5025e-06,  1.3692e-06,  2.7462e-06, -1.4747e-06, -3.0416e-07,
        -1.9982e-06,  3.4493e-06,  3.4701e-09, -2.2176e-06, -4.5767e-07,
        -9.1827e-06,  1.6921e-06,  6.8731e-07, -3.3094e-05,  3.1054e-06,
        -9.7628e-06, -3.3798e-07,  3.4447e-06, -7.0604e-07,  1.2897e-07,
        -3.4342e-06,  1.2012e-06, -1.7413e-07,  1.2068e-06,  4.2292e-06,
        -1.8351e-06,  4.1849e-06,  6.9804e-06, -1.3131e-06,  1.5866e-06,
         1.7246e-07,  3.6998e-06,  5.0532e-06, -1.8406e-08,  6.5134e-06,
        -8.7545e-07,  3.1873e-07, -1.2331e-07,  7.3773e-08, -2.9182e-06,
        -5.1449e-07,  3.9595e-06, -5.4057e-07, -4.0505e-05,  1.4246e-05,
         2.2721e-06, -1.3014e-07,  2.5057e-06,  2.0999e-06, -3.0633e-06,
         7.2392e-07, -6.0795e-06, -1.4926e-07,  2.3735e-06,  5.7978e-06,
         1.6742e-06, -3.0336e-06,  1.0730e-07, -1.7712e-07, -2.1143e-06,
        -3.8389e-06,  1.9993e-06,  4.6748e-06, -2.8906e-06, -3.5878e-07,
        -1.8588e-05], device='cuda:0'), 'exp_avg_sq': tensor([8.1389e-10, 5.0621e-10, 1.5102e-09, 1.2190e-09, 5.4912e-12, 1.6105e-09,
        4.8553e-10, 1.4938e-10, 5.9852e-11, 4.2071e-10, 6.0532e-12, 1.8098e-10,
        4.9309e-10, 1.2314e-09, 1.3135e-10, 8.4136e-10, 3.9758e-10, 3.2017e-12,
        4.3325e-10, 6.1445e-10, 3.9959e-10, 1.1326e-15, 3.2745e-13, 1.8683e-10,
        1.6027e-11, 8.9586e-10, 2.8595e-12, 2.4223e-12, 1.1611e-09, 2.4667e-09,
        5.4528e-10, 1.2558e-10, 2.3046e-10, 6.6475e-10, 1.1309e-11, 1.6517e-09,
        7.0870e-10, 1.5486e-09, 3.8120e-10, 7.4350e-10, 2.6886e-10, 1.0811e-13,
        2.1949e-12, 4.5482e-10, 5.0702e-10, 1.5988e-12, 3.9411e-10, 2.8441e-11,
        5.1983e-10, 1.6233e-11, 1.0670e-10, 1.0779e-12, 4.1166e-09, 1.3537e-10,
        5.8353e-10, 1.0549e-09, 4.8509e-11, 5.7776e-12, 1.3681e-11, 3.1421e-10,
        9.6761e-10, 1.2849e-10, 5.2047e-11, 2.8831e-10, 4.5201e-10, 3.8283e-11,
        1.7266e-10, 3.6046e-09, 1.8483e-10, 3.1423e-10, 3.7882e-12, 1.7033e-13,
        1.0055e-09, 1.5741e-11, 7.7159e-11, 8.7448e-11, 6.0055e-10, 1.2224e-11,
        5.6640e-10, 5.1635e-10, 9.8937e-15, 8.5088e-10, 1.2769e-09, 2.4754e-11,
        1.3847e-10, 5.6476e-09, 1.8434e-09, 2.0464e-12, 3.8035e-11, 2.1919e-09,
        4.1276e-10, 9.4112e-11, 4.0881e-10, 6.5028e-09, 4.7372e-10, 2.3543e-12,
        1.4402e-09, 5.3260e-10, 2.7453e-10, 4.1578e-10, 4.3855e-10, 6.1600e-10,
        2.2361e-13, 1.5314e-10, 6.6233e-12, 6.8009e-12, 2.8119e-10, 6.3399e-10,
        3.6154e-10, 1.4738e-11, 5.7850e-11, 3.2044e-10, 9.8026e-11, 1.6424e-10,
        5.6211e-10, 3.4620e-10, 3.0326e-10, 3.6702e-11, 2.4539e-09, 1.2598e-09,
        7.0818e-10, 6.9025e-10, 1.1753e-09, 1.1575e-12, 1.1307e-10, 5.4116e-10,
        1.0569e-09, 1.3670e-13, 5.9790e-10, 8.0214e-11, 6.0347e-11, 5.1078e-10,
        6.2242e-11, 3.7932e-09, 1.5282e-12, 2.4883e-10, 1.1716e-09, 7.1344e-09,
        1.5903e-12, 4.9720e-10, 4.5092e-10, 1.6731e-11, 4.6314e-11, 5.5315e-10,
        2.5264e-10, 1.2024e-09, 1.8370e-10, 8.5762e-11, 5.4478e-13, 5.3113e-09,
        7.2463e-11, 7.7905e-12, 3.4081e-11, 6.6639e-11, 1.9805e-10, 2.3476e-10,
        2.8591e-10, 6.5223e-11, 9.8570e-13, 8.1167e-10, 3.1728e-11, 3.0118e-10,
        2.1905e-10, 1.0007e-10, 1.5905e-09, 3.5142e-10, 2.5158e-09, 5.0024e-09,
        4.1387e-09, 6.0304e-09, 1.5329e-10, 2.6411e-10, 1.2614e-10, 4.4070e-10,
        2.7658e-11, 2.1154e-10, 9.7056e-10, 5.6707e-10, 2.6294e-10, 4.2585e-10,
        1.2779e-10, 1.6149e-09, 5.9886e-10, 2.1218e-10, 1.4896e-08, 1.1449e-09,
        1.3628e-09, 3.0035e-10, 4.8589e-11, 5.5041e-10, 9.1514e-11, 6.6688e-11,
        2.4987e-10, 1.9687e-10, 1.6043e-12, 6.6615e-11, 9.1107e-10, 1.2497e-13,
        4.2684e-10, 4.8706e-11, 1.1478e-08, 1.6373e-10, 9.7744e-11, 2.9348e-08,
        2.7484e-10, 8.2315e-09, 6.2618e-12, 1.0260e-09, 2.4719e-10, 7.0239e-12,
        1.9196e-10, 6.4763e-11, 9.4920e-13, 1.5163e-10, 5.9860e-10, 3.8329e-10,
        3.1657e-10, 1.4654e-09, 5.1126e-10, 3.9320e-11, 2.4540e-12, 3.4143e-10,
        7.3569e-10, 2.3575e-14, 1.9282e-09, 8.6293e-11, 1.1925e-11, 5.5593e-11,
        2.2652e-11, 4.6894e-10, 2.5978e-09, 7.1892e-10, 7.2189e-12, 3.7810e-08,
        4.7773e-09, 2.4610e-10, 6.3685e-10, 3.0127e-10, 2.0900e-10, 5.3829e-10,
        1.0567e-10, 3.6867e-09, 5.3641e-10, 1.2103e-09, 6.0684e-10, 3.5603e-10,
        9.1247e-11, 1.3121e-12, 1.2558e-12, 1.1811e-10, 3.5176e-10, 1.7857e-10,
        3.3551e-10, 7.5694e-10, 3.7539e-12, 1.5383e-08], device='cuda:0')}, 20: {'step': tensor(30200.), 'exp_avg': tensor([[-1.7364e-06,  2.1195e-07,  2.5951e-08,  ...,  3.8112e-07,
         -1.3132e-07,  2.1273e-06],
        [-5.5034e-07,  2.5080e-07, -1.6669e-06,  ...,  1.4947e-07,
          4.5668e-07, -3.5691e-06],
        [ 1.6562e-06, -8.6731e-08,  1.2254e-07,  ..., -2.6188e-07,
          1.8614e-07, -6.4325e-06],
        ...,
        [-3.5272e-07, -1.9537e-07, -1.4220e-06,  ..., -1.0250e-07,
         -2.8061e-07,  4.4439e-06],
        [-1.4161e-06, -7.9935e-07,  7.8902e-07,  ..., -6.3359e-07,
         -3.6466e-07, -1.2287e-06],
        [-2.3538e-06,  1.9587e-07, -2.1086e-06,  ...,  3.4668e-07,
          3.6915e-07, -4.8172e-06]], device='cuda:0'), 'exp_avg_sq': tensor([[7.9610e-11, 1.1766e-12, 2.1982e-11,  ..., 6.5557e-13, 2.3572e-12,
         1.5961e-10],
        [5.8680e-11, 1.6360e-12, 9.2161e-11,  ..., 1.1421e-12, 3.0941e-12,
         2.1246e-10],
        [1.0278e-10, 6.6063e-12, 3.2036e-11,  ..., 1.5230e-12, 1.2884e-11,
         9.7922e-10],
        ...,
        [1.4188e-12, 5.8262e-12, 5.7501e-11,  ..., 1.9754e-12, 9.8191e-12,
         7.5917e-10],
        [2.9011e-11, 5.3674e-12, 9.1726e-11,  ..., 5.2661e-12, 5.0427e-12,
         5.2441e-11],
        [1.5936e-10, 1.8905e-12, 1.0365e-10,  ..., 2.3263e-12, 2.8798e-12,
         6.0774e-10]], device='cuda:0')}, 21: {'step': tensor(30200.), 'exp_avg': tensor([ 2.5446e-07, -3.6777e-06,  8.1528e-08,  3.5816e-06,  2.1278e-07,
         5.0373e-07, -3.9504e-06,  3.5327e-07, -9.9490e-08,  5.9132e-07,
         3.7909e-06,  2.4866e-06,  1.1860e-08,  3.4312e-06,  5.2491e-07,
         2.2580e-06, -3.5876e-06,  1.2982e-07,  1.1501e-06,  1.1682e-06,
         1.7832e-06, -3.7980e-07, -2.9759e-06, -2.2805e-06,  9.5584e-07,
        -4.5522e-06, -1.3922e-06,  2.6513e-06,  5.5095e-07,  1.6140e-06,
         2.8781e-06, -4.7434e-06], device='cuda:0'), 'exp_avg_sq': tensor([8.6648e-11, 1.7692e-10, 4.2036e-10, 1.6829e-10, 5.8372e-11, 1.0331e-10,
        2.3845e-10, 1.2524e-10, 1.6755e-10, 2.1794e-11, 3.5772e-10, 1.2466e-10,
        3.6051e-11, 1.7880e-10, 3.3133e-11, 2.2691e-10, 1.5587e-10, 2.8006e-10,
        2.2516e-10, 3.2404e-11, 1.9089e-10, 9.3237e-12, 2.4289e-10, 2.6176e-10,
        3.6954e-10, 2.3586e-10, 7.3706e-11, 1.7209e-10, 3.5336e-11, 3.2541e-10,
        2.3530e-10, 1.7827e-10], device='cuda:0')}, 22: {'step': tensor(30200.), 'exp_avg': tensor([-8.5739e-05, -3.7191e-05, -1.9989e-04, -5.5227e-05, -1.7703e-04,
         2.6426e-05,  8.3065e-06,  1.0273e-04, -1.4979e-04, -1.8750e-05,
         4.7637e-05, -1.0154e-04,  1.5572e-04, -2.1123e-04, -1.0969e-04,
        -6.4458e-05, -6.8011e-05, -2.4561e-04,  7.0733e-05,  1.5937e-05,
        -2.6715e-04,  1.3356e-04, -1.0243e-04,  1.4673e-04,  2.3523e-05,
        -1.2507e-04, -5.9646e-05,  6.7377e-05, -6.0352e-05, -7.0744e-05,
         1.3695e-05,  4.6105e-06], device='cuda:0'), 'exp_avg_sq': tensor([1.8578e-07, 5.6992e-07, 3.1895e-07, 3.1258e-07, 7.8105e-07, 1.0660e-06,
        2.3319e-07, 9.1432e-07, 6.3630e-07, 2.6847e-07, 1.1133e-06, 1.0705e-06,
        4.0846e-07, 8.5748e-07, 6.3213e-07, 7.1796e-07, 1.8514e-07, 7.4808e-07,
        1.4872e-06, 1.3211e-07, 8.2919e-07, 6.6222e-07, 2.0928e-06, 1.0438e-06,
        7.2864e-07, 2.9221e-07, 1.8385e-07, 8.7365e-07, 4.8343e-07, 3.2875e-07,
        1.3166e-06, 3.4677e-07], device='cuda:0')}, 23: {'step': tensor(30200.), 'exp_avg': tensor([-8.5524e-05, -3.5321e-04,  4.0560e-05,  6.5106e-04,  4.3811e-05,
         1.0308e-04, -5.6172e-04,  9.1973e-05,  5.5750e-05,  3.2260e-05,
         4.1743e-04,  1.4189e-04, -4.9890e-06,  2.9860e-04,  1.6956e-04,
         1.4623e-04, -4.4665e-04, -1.0553e-04, -4.9360e-05,  2.2705e-04,
         4.9813e-05, -1.2538e-04, -4.0169e-04, -1.8921e-04,  3.8829e-05,
        -5.9106e-04, -1.8791e-04,  3.2629e-04,  1.4489e-04,  2.4297e-04,
         7.9564e-05, -5.9369e-04], device='cuda:0'), 'exp_avg_sq': tensor([8.3418e-07, 1.7652e-06, 2.0691e-06, 5.3648e-06, 1.0969e-06, 1.3204e-06,
        5.0554e-06, 3.0933e-06, 1.6980e-06, 2.9477e-07, 6.9935e-06, 1.4300e-06,
        7.4185e-07, 1.4734e-06, 7.0814e-07, 3.1552e-06, 2.7998e-06, 3.5172e-06,
        3.7154e-06, 1.1247e-06, 1.8873e-06, 4.8732e-07, 4.1218e-06, 2.0811e-06,
        2.3728e-06, 3.3159e-06, 1.7222e-06, 3.3384e-06, 8.3200e-07, 3.6740e-06,
        4.2204e-06, 3.6699e-06], device='cuda:0')}, 24: {'step': tensor(30200.), 'exp_avg': tensor([[-5.5847e-05,  4.0626e-04,  7.1272e-04, -1.6128e-04, -4.7688e-04,
         -1.6466e-04,  1.0452e-04, -1.4947e-04,  1.4132e-04, -1.1114e-05,
         -2.6559e-04, -3.9688e-05, -6.9796e-04, -2.3003e-04,  2.0309e-05,
         -2.4932e-04,  1.8379e-04, -3.4982e-04, -1.8027e-05, -3.0266e-05,
          3.4579e-04,  2.8859e-04,  5.2654e-04,  4.9498e-04,  9.1469e-05,
          1.1411e-04,  3.3532e-04, -2.1161e-04,  6.6627e-05, -7.5802e-04,
         -1.1421e-04, -2.5282e-05],
        [ 1.5314e-04, -3.9889e-04, -4.1550e-04,  2.2771e-04, -4.2187e-04,
         -6.0999e-04, -1.3932e-04, -7.9973e-05, -2.6723e-04,  4.0150e-04,
          2.1617e-05,  3.6457e-04,  4.3090e-05,  3.1168e-04,  6.4994e-05,
         -5.3047e-05, -2.7671e-04,  2.4086e-04, -5.7868e-05, -3.2738e-06,
          6.9409e-04,  6.7942e-05, -1.4779e-04, -5.4974e-04,  5.8880e-05,
         -5.6755e-05, -8.5025e-05,  3.0026e-04, -2.4908e-05,  1.2222e-04,
          3.3101e-05,  3.1924e-05],
        [ 1.0734e-05,  9.8603e-06,  7.6258e-05,  1.4615e-05,  4.9879e-05,
          3.1265e-05, -7.5162e-06, -7.5043e-05,  5.3930e-05, -3.0631e-05,
          6.4305e-06, -6.1040e-06, -2.1159e-05, -4.6834e-05, -4.7478e-05,
          2.8237e-05,  4.7920e-05, -5.1700e-05,  3.4323e-05,  2.2980e-05,
         -3.4437e-05, -2.9263e-05,  6.3846e-05,  5.6524e-05, -4.6213e-05,
          3.6414e-05, -2.8489e-05, -1.1277e-05,  1.1982e-05, -5.8239e-05,
          6.1239e-06,  3.2747e-05],
        [ 2.5113e-05, -7.3623e-05,  7.3828e-05,  2.6760e-05,  2.3880e-04,
          2.0537e-04, -2.0657e-06, -3.3279e-05,  6.8908e-05, -3.1534e-05,
          4.0122e-05, -6.6460e-05, -2.2887e-05, -8.8548e-05, -6.6404e-07,
          7.5902e-05,  9.3875e-05, -3.9004e-05,  1.9833e-04,  2.6000e-05,
         -2.2290e-04, -5.8346e-05,  5.6051e-05,  2.1764e-04, -2.2591e-04,
          1.3719e-05, -1.0638e-04, -7.3839e-05, -2.7936e-05, -2.0245e-05,
         -8.7375e-05, -6.0848e-06],
        [-1.8989e-04,  7.0678e-05, -5.5515e-04, -4.3173e-05,  3.5885e-04,
          1.7750e-04, -9.1319e-06, -2.3713e-05,  4.2314e-05,  1.0207e-04,
         -3.6212e-05, -2.5672e-04,  9.9484e-05, -1.5644e-04,  6.3544e-05,
          2.4910e-04,  2.0880e-04,  1.1467e-04,  1.7147e-04,  2.3827e-05,
         -3.6248e-04, -4.6912e-05,  1.3873e-05,  1.7218e-04, -3.6254e-04,
          2.9969e-07, -3.3756e-05, -1.9352e-04, -2.5598e-05,  9.8980e-05,
         -5.2558e-05,  2.1119e-04],
        [ 5.6743e-05, -1.4288e-05,  1.0786e-04, -6.4634e-05,  2.5122e-04,
          3.6053e-04,  5.3513e-05,  3.6148e-04, -3.9230e-05, -4.3029e-04,
          2.3363e-04,  4.4016e-06,  5.9944e-04,  2.1017e-04, -1.0070e-04,
         -5.0871e-05, -2.5769e-04,  8.4985e-05, -3.2824e-04, -3.9267e-05,
         -4.2008e-04, -2.2201e-04, -5.1251e-04, -3.9157e-04,  4.8432e-04,
         -1.0779e-04, -8.1668e-05,  1.8998e-04, -1.6124e-07,  6.1530e-04,
          2.1493e-04, -2.4450e-04]], device='cuda:0'), 'exp_avg_sq': tensor([[5.2167e-06, 7.6260e-06, 4.7186e-06, 3.6247e-06, 1.1229e-05, 1.0244e-05,
         2.4794e-06, 4.1630e-06, 1.2680e-06, 1.1293e-05, 2.0784e-06, 5.2369e-06,
         1.2727e-05, 2.5868e-06, 3.8491e-06, 8.3278e-07, 3.3261e-06, 2.1474e-06,
         4.2949e-06, 1.7144e-07, 1.2898e-05, 1.7656e-06, 5.5886e-06, 1.2536e-05,
         5.4790e-06, 8.0305e-07, 1.5037e-06, 3.2730e-06, 2.5128e-06, 8.3220e-06,
         3.8490e-06, 6.7517e-07],
        [8.2383e-07, 4.5109e-06, 2.7195e-06, 2.0000e-06, 6.3206e-06, 8.9414e-06,
         1.0043e-06, 2.5606e-07, 9.8361e-07, 3.8093e-06, 4.3713e-09, 3.8551e-06,
         1.4108e-07, 2.1112e-06, 7.4764e-07, 5.8349e-07, 2.9449e-06, 6.9788e-07,
         1.8420e-06, 7.9853e-09, 1.0766e-05, 9.6544e-08, 3.2080e-07, 9.3023e-06,
         3.2335e-06, 2.2838e-07, 3.2447e-07, 2.9165e-06, 2.7279e-07, 3.0049e-07,
         1.7481e-06, 1.8185e-07],
        [5.2296e-07, 1.3835e-07, 3.2288e-07, 4.2518e-08, 5.5279e-08, 4.2193e-08,
         2.4845e-08, 9.1042e-08, 9.3884e-08, 4.2160e-08, 4.6095e-08, 1.9110e-07,
         5.2080e-08, 3.5548e-08, 1.4813e-07, 3.1032e-08, 3.7546e-08, 8.2717e-08,
         5.8355e-08, 1.1003e-08, 4.7059e-08, 1.5488e-08, 1.5429e-07, 2.3161e-07,
         1.7232e-07, 1.6756e-08, 1.2269e-08, 1.8987e-08, 7.8924e-08, 2.5340e-07,
         1.8062e-07, 6.3410e-08],
        [2.0436e-06, 5.6408e-07, 1.9806e-07, 4.7889e-08, 1.6217e-06, 1.1284e-06,
         2.6915e-08, 1.1981e-07, 1.6581e-07, 2.0149e-07, 1.6477e-07, 1.3716e-06,
         1.3496e-07, 3.0346e-07, 1.1364e-06, 2.0329e-07, 2.9986e-07, 8.8342e-08,
         1.4362e-06, 3.4942e-08, 9.8672e-07, 1.5181e-07, 3.4575e-07, 1.3368e-06,
         1.8265e-06, 6.6539e-08, 4.3691e-07, 1.8645e-07, 4.9218e-07, 2.9399e-07,
         1.4612e-06, 1.2735e-07],
        [3.8115e-06, 1.2118e-06, 4.2456e-06, 7.1326e-07, 8.8071e-07, 4.0325e-07,
         7.4263e-07, 1.5802e-06, 1.1644e-06, 3.1078e-06, 1.0432e-06, 2.1047e-06,
         4.7103e-06, 9.3948e-07, 1.7098e-06, 7.3330e-07, 1.3549e-06, 1.8248e-06,
         1.3834e-06, 1.1650e-07, 1.2752e-06, 4.5869e-07, 2.3173e-06, 3.6267e-06,
         3.1966e-06, 3.9232e-07, 1.4801e-07, 7.8047e-07, 1.8876e-06, 2.9740e-06,
         2.5666e-06, 1.3667e-06],
        [8.3410e-07, 5.4195e-07, 1.9809e-06, 7.2778e-08, 2.2310e-06, 3.0711e-06,
         5.4685e-08, 2.1042e-06, 4.2347e-07, 5.1443e-06, 9.0712e-07, 1.1646e-06,
         4.7197e-06, 7.7064e-07, 1.4269e-07, 8.7264e-07, 1.2329e-06, 3.3706e-07,
         2.4249e-06, 2.6066e-08, 5.1259e-06, 8.6923e-07, 2.5585e-06, 2.8686e-06,
         5.2196e-06, 2.6660e-07, 4.3391e-07, 8.1588e-07, 1.1826e-07, 3.5011e-06,
         3.1962e-06, 1.1738e-06]], device='cuda:0')}, 25: {'step': tensor(30200.), 'exp_avg': tensor([-2.8491e-04, -3.0328e-04,  2.4725e-05,  4.8735e-05,  2.4929e-05,
         4.8982e-04], device='cuda:0'), 'exp_avg_sq': tensor([7.4833e-06, 2.3748e-06, 1.0355e-07, 7.7318e-07, 2.0468e-06, 2.6304e-06],
       device='cuda:0')}}
param_groups 	 [{'lr': 0.001, 'betas': (0.95, 0.9), 'eps': 1e-09, 'weight_decay': 0, 'amsgrad': False, 'maximize': False, 'foreach': None, 'capturable': False, 'differentiable': False, 'fused': False, 'params': [0, 1, 2, 3, 4, 5, 6, 7, 8, 9, 10, 11, 12, 13, 14, 15, 16, 17, 18, 19, 20, 21, 22, 23, 24, 25]}]
End time:  2023-09-27 14:01:31.854904
Total time:  1 day, 0:15:12.649644
