MODEL_NAME:  vit1d
Start time:  2023-07-18 14:56:55.858141
Device:  cuda
Max Epochs:  500
Early Stopping Reference Size:  5
Epoch 001: | Loss: 0.81756
Estimated time: 1:01:28.837000
Estimated finish: 2023-07-18 15:58:35.377663
Epoch 002: | Loss: 0.45864
Epoch 003: | Loss: 0.37172
Epoch 004: | Loss: 0.29966
Epoch 005: | Loss: 0.24866
Epoch 006: | Loss: 0.20672
Epoch 007: | Loss: 0.16144
Epoch 008: | Loss: 0.13798
Epoch 009: | Loss: 0.09586
Epoch 010: | Loss: 0.07598
Epoch 011: | Loss: 0.06940
Epoch 012: | Loss: 0.05088
Epoch 013: | Loss: 0.04479
Epoch 014: | Loss: 0.04148
Epoch 015: | Loss: 0.04114
Epoch 016: | Loss: 0.03050
Epoch 017: | Loss: 0.02990
Epoch 018: | Loss: 0.02571
Epoch 019: | Loss: 0.01691
Epoch 020: | Loss: 0.01962
Epoch 021: | Loss: 0.01527
Epoch 022: | Loss: 0.01401
Epoch 023: | Loss: 0.01611
Epoch 024: | Loss: 0.01441
Epoch 025: | Loss: 0.00865
Epoch 026: | Loss: 0.01023
Epoch 027: | Loss: 0.00866
Epoch 028: | Loss: 0.00471
Epoch 029: | Loss: 0.00510
Epoch 030: | Loss: 0.00471
Epoch 031: | Loss: 0.00335
Epoch 032: | Loss: 0.00348
Epoch 033: | Loss: 0.00391
Epoch 034: | Loss: 0.00381
Epoch 035: | Loss: 0.00197
Epoch 036: | Loss: 0.00258
Epoch 037: | Loss: 0.00179
Epoch 038: | Loss: 0.00278
Epoch 039: | Loss: 0.00196
Epoch 040: | Loss: 0.00101
Epoch 041: | Loss: 0.00093
Epoch 042: | Loss: 0.00088
Epoch 043: | Loss: 0.00119
Epoch 044: | Loss: 0.00069
Epoch 045: | Loss: 0.00139
Epoch 046: | Loss: 0.00088
Epoch 047: | Loss: 0.00070
Epoch 048: | Loss: 0.00085
Epoch 049: | Loss: 0.00083
Epoch 050: | Loss: 0.00083
Epoch 051: | Loss: 0.00112
Epoch 052: | Loss: 0.00076
Epoch 053: | Loss: 0.00074
Epoch 054: | Loss: 0.00088
Epoch 055: | Loss: 0.00059
Epoch 056: | Loss: 0.00053
Epoch 057: | Loss: 0.00048
Epoch 058: | Loss: 0.00066
Epoch 059: | Loss: 0.00061
Epoch 060: | Loss: 0.00042
Epoch 061: | Loss: 0.00079
Epoch 062: | Loss: 0.00061
Epoch 063: | Loss: 0.00133
Epoch 064: | Loss: 0.00373
Epoch 065: | Loss: 0.00248
Epoch 066: | Loss: 0.00287
Epoch 067: | Loss: 0.00408
Epoch 068: | Loss: 0.00969
Epoch 069: | Loss: 0.00886
Epoch 070: | Loss: 0.00919
Epoch 071: | Loss: 0.01244
Epoch 072: | Loss: 0.00999
Epoch 073: | Loss: 0.01012
Epoch 074: | Loss: 0.00758
Epoch 075: | Loss: 0.01537
Epoch 076: | Loss: 0.01662
Epoch 077: | Loss: 0.01487
Epoch 078: | Loss: 0.01267
Epoch 079: | Loss: 0.01556
Epoch 080: | Loss: 0.01544
Epoch 081: | Loss: 0.01731
Epoch 082: | Loss: 0.01859
Epoch 083: | Loss: 0.01728
Epoch 084: | Loss: 0.01732
Epoch 085: | Loss: 0.01842
Epoch 086: | Loss: 0.02220
Epoch 087: | Loss: 0.03113
Epoch 088: | Loss: 0.02286
Epoch 089: | Loss: 0.02299
Epoch 090: | Loss: 0.02518
Epoch 091: | Loss: 0.01922
Epoch 092: | Loss: 0.01791
Epoch 093: | Loss: 0.01771
Epoch 094: | Loss: 0.02532
Epoch 095: | Loss: 0.02967
Epoch 096: | Loss: 0.02372
Epoch 097: | Loss: 0.01784
Epoch 098: | Loss: 0.01769
Epoch 099: | Loss: 0.02251
Epoch 100: | Loss: 0.03301
Epoch 101: | Loss: 0.02650
Epoch 102: | Loss: 0.01663
Epoch 103: | Loss: 0.01442
Epoch 104: | Loss: 0.01342
Epoch 105: | Loss: 0.01991
Epoch 106: | Loss: 0.01860
Epoch 107: | Loss: 0.01824
Epoch 108: | Loss: 0.02121
Epoch 109: | Loss: 0.01821
Epoch 110: | Loss: 0.01391
Epoch 111: | Loss: 0.01343
Epoch 112: | Loss: 0.01415
Epoch 113: | Loss: 0.01750
Epoch 114: | Loss: 0.01198
Epoch 115: | Loss: 0.00897
Epoch 116: | Loss: 0.01065
Epoch 117: | Loss: 0.00970
Epoch 118: | Loss: 0.01318
Epoch 119: | Loss: 0.00626
Epoch 120: | Loss: 0.00437
Epoch 121: | Loss: 0.00423
Epoch 122: | Loss: 0.00512
Epoch 123: | Loss: 0.00532
Epoch 124: | Loss: 0.00349
Epoch 125: | Loss: 0.00308
Epoch 126: | Loss: 0.00517
Epoch 127: | Loss: 0.00266
Epoch 128: | Loss: 0.00335
Epoch 129: | Loss: 0.00266
Epoch 130: | Loss: 0.00171
Epoch 131: | Loss: 0.00158
Epoch 132: | Loss: 0.00070
Epoch 133: | Loss: 0.00071
Epoch 134: | Loss: 0.00088
Epoch 135: | Loss: 0.00097
Epoch 136: | Loss: 0.00051
Epoch 137: | Loss: 0.00036
Epoch 138: | Loss: 0.00093
Epoch 139: | Loss: 0.00036
Epoch 140: | Loss: 0.00053
Epoch 141: | Loss: 0.00045
Epoch 142: | Loss: 0.00026
Epoch 143: | Loss: 0.00039
Epoch 144: | Loss: 0.00016
Epoch 145: | Loss: 0.00042
Epoch 146: | Loss: 0.00025
Epoch 147: | Loss: 0.00025
Epoch 148: | Loss: 0.00039
Epoch 149: | Loss: 0.00030
Epoch 150: | Loss: 0.00040
Epoch 151: | Loss: 0.00012
Epoch 152: | Loss: 0.00036
Epoch 153: | Loss: 0.00043
Epoch 154: | Loss: 0.00077
Epoch 155: | Loss: 0.00022
Epoch 156: | Loss: 0.00017
Epoch 157: | Loss: 0.00029
Epoch 158: | Loss: 0.00023
Epoch 159: | Loss: 0.00041
Epoch 160: | Loss: 0.00019
Epoch 161: | Loss: 0.00047
Epoch 162: | Loss: 0.00036
Epoch 163: | Loss: 0.00060
Epoch 164: | Loss: 0.00033
Epoch 165: | Loss: 0.00048
Epoch 166: | Loss: 0.00219
Epoch 167: | Loss: 0.00133
Epoch 168: | Loss: 0.00356
Epoch 169: | Loss: 0.00378
Epoch 170: | Loss: 0.00215
Epoch 171: | Loss: 0.00504
Epoch 172: | Loss: 0.00610
Epoch 173: | Loss: 0.00477
Epoch 174: | Loss: 0.00476
Epoch 175: | Loss: 0.00703
Epoch 176: | Loss: 0.00784
Epoch 177: | Loss: 0.00736
Epoch 178: | Loss: 0.00682
Epoch 179: | Loss: 0.01329
Epoch 180: | Loss: 0.01365
Epoch 181: | Loss: 0.01430
Epoch 182: | Loss: 0.01070
Epoch 183: | Loss: 0.00690
Epoch 184: | Loss: 0.00431
Epoch 185: | Loss: 0.00502
Epoch 186: | Loss: 0.01041
Epoch 187: | Loss: 0.02264
Epoch 188: | Loss: 0.01919
Epoch 189: | Loss: 0.02007
Epoch 190: | Loss: 0.01428
Epoch 191: | Loss: 0.01351
Epoch 192: | Loss: 0.01829
Epoch 193: | Loss: 0.01171
Epoch 194: | Loss: 0.01567
Epoch 195: | Loss: 0.02084
Epoch 196: | Loss: 0.02730
Epoch 197: | Loss: 0.01372
Epoch 198: | Loss: 0.01352
Epoch 199: | Loss: 0.01634
Epoch 200: | Loss: 0.01497
Epoch 201: | Loss: 0.01742
Epoch 202: | Loss: 0.01472
Epoch 203: | Loss: 0.01569
Epoch 204: | Loss: 0.00908
Epoch 205: | Loss: 0.00911
Epoch 206: | Loss: 0.01351
Epoch 207: | Loss: 0.01765
Epoch 208: | Loss: 0.01817
Epoch 209: | Loss: 0.01118
Epoch 210: | Loss: 0.01270
Epoch 211: | Loss: 0.00956
Epoch 212: | Loss: 0.00761
Epoch 213: | Loss: 0.01030
Epoch 214: | Loss: 0.00981
Epoch 215: | Loss: 0.00638
Epoch 216: | Loss: 0.00657
Epoch 217: | Loss: 0.00773
Epoch 218: | Loss: 0.00657
Epoch 219: | Loss: 0.00865
Epoch 220: | Loss: 0.00547
Epoch 221: | Loss: 0.00534
Epoch 222: | Loss: 0.00367
Epoch 223: | Loss: 0.00318
Epoch 224: | Loss: 0.00328
Epoch 225: | Loss: 0.00329
Epoch 226: | Loss: 0.00470
Epoch 227: | Loss: 0.00303
Epoch 228: | Loss: 0.00280
Epoch 229: | Loss: 0.00221
Epoch 230: | Loss: 0.00121
Epoch 231: | Loss: 0.00080
Epoch 232: | Loss: 0.00098
Epoch 233: | Loss: 0.00088
Epoch 234: | Loss: 0.00098
Epoch 235: | Loss: 0.00103
Epoch 236: | Loss: 0.00054
Epoch 237: | Loss: 0.00060
Epoch 238: | Loss: 0.00071
Epoch 239: | Loss: 0.00086
Epoch 240: | Loss: 0.00035
Epoch 241: | Loss: 0.00042
Epoch 242: | Loss: 0.00031
Epoch 243: | Loss: 0.00028
Epoch 244: | Loss: 0.00062
Epoch 245: | Loss: 0.00018
Epoch 246: | Loss: 0.00042
Epoch 247: | Loss: 0.00021
Epoch 248: | Loss: 0.00052
Epoch 249: | Loss: 0.00051
Epoch 250: | Loss: 0.00065
Epoch 251: | Loss: 0.00030
Epoch 252: | Loss: 0.00041
Epoch 253: | Loss: 0.00012
Epoch 254: | Loss: 0.00021
Epoch 255: | Loss: 0.00023
Epoch 256: | Loss: 0.00030
Epoch 257: | Loss: 0.00027
Epoch 258: | Loss: 0.00048
Epoch 259: | Loss: 0.00033
Epoch 260: | Loss: 0.00030
Epoch 261: | Loss: 0.00057
Epoch 262: | Loss: 0.00069
Epoch 263: | Loss: 0.00072
Epoch 264: | Loss: 0.00053
Epoch 265: | Loss: 0.00078
Epoch 266: | Loss: 0.00119
Epoch 267: | Loss: 0.00084
Epoch 268: | Loss: 0.00033
Epoch 269: | Loss: 0.00119
Epoch 270: | Loss: 0.00264
Epoch 271: | Loss: 0.00372
Epoch 272: | Loss: 0.00537
Epoch 273: | Loss: 0.00737
early stopping at epoch 274 with loss 0.00365
Model's state_dict:
pos_embedding 	 torch.Size([1, 17, 1024])
cls_token 	 torch.Size([1024])
to_patch_embedding.1.weight 	 torch.Size([15])
to_patch_embedding.1.bias 	 torch.Size([15])
to_patch_embedding.2.weight 	 torch.Size([1024, 15])
to_patch_embedding.2.bias 	 torch.Size([1024])
to_patch_embedding.3.weight 	 torch.Size([1024])
to_patch_embedding.3.bias 	 torch.Size([1024])
transformer.layers.0.0.norm.weight 	 torch.Size([1024])
transformer.layers.0.0.norm.bias 	 torch.Size([1024])
transformer.layers.0.0.fn.to_qkv.weight 	 torch.Size([1536, 1024])
transformer.layers.0.0.fn.to_out.0.weight 	 torch.Size([1024, 512])
transformer.layers.0.0.fn.to_out.0.bias 	 torch.Size([1024])
transformer.layers.0.1.norm.weight 	 torch.Size([1024])
transformer.layers.0.1.norm.bias 	 torch.Size([1024])
transformer.layers.0.1.fn.net.0.weight 	 torch.Size([2048, 1024])
transformer.layers.0.1.fn.net.0.bias 	 torch.Size([2048])
transformer.layers.0.1.fn.net.3.weight 	 torch.Size([1024, 2048])
transformer.layers.0.1.fn.net.3.bias 	 torch.Size([1024])
transformer.layers.1.0.norm.weight 	 torch.Size([1024])
transformer.layers.1.0.norm.bias 	 torch.Size([1024])
transformer.layers.1.0.fn.to_qkv.weight 	 torch.Size([1536, 1024])
transformer.layers.1.0.fn.to_out.0.weight 	 torch.Size([1024, 512])
transformer.layers.1.0.fn.to_out.0.bias 	 torch.Size([1024])
transformer.layers.1.1.norm.weight 	 torch.Size([1024])
transformer.layers.1.1.norm.bias 	 torch.Size([1024])
transformer.layers.1.1.fn.net.0.weight 	 torch.Size([2048, 1024])
transformer.layers.1.1.fn.net.0.bias 	 torch.Size([2048])
transformer.layers.1.1.fn.net.3.weight 	 torch.Size([1024, 2048])
transformer.layers.1.1.fn.net.3.bias 	 torch.Size([1024])
transformer.layers.2.0.norm.weight 	 torch.Size([1024])
transformer.layers.2.0.norm.bias 	 torch.Size([1024])
transformer.layers.2.0.fn.to_qkv.weight 	 torch.Size([1536, 1024])
transformer.layers.2.0.fn.to_out.0.weight 	 torch.Size([1024, 512])
transformer.layers.2.0.fn.to_out.0.bias 	 torch.Size([1024])
transformer.layers.2.1.norm.weight 	 torch.Size([1024])
transformer.layers.2.1.norm.bias 	 torch.Size([1024])
transformer.layers.2.1.fn.net.0.weight 	 torch.Size([2048, 1024])
transformer.layers.2.1.fn.net.0.bias 	 torch.Size([2048])
transformer.layers.2.1.fn.net.3.weight 	 torch.Size([1024, 2048])
transformer.layers.2.1.fn.net.3.bias 	 torch.Size([1024])
transformer.layers.3.0.norm.weight 	 torch.Size([1024])
transformer.layers.3.0.norm.bias 	 torch.Size([1024])
transformer.layers.3.0.fn.to_qkv.weight 	 torch.Size([1536, 1024])
transformer.layers.3.0.fn.to_out.0.weight 	 torch.Size([1024, 512])
transformer.layers.3.0.fn.to_out.0.bias 	 torch.Size([1024])
transformer.layers.3.1.norm.weight 	 torch.Size([1024])
transformer.layers.3.1.norm.bias 	 torch.Size([1024])
transformer.layers.3.1.fn.net.0.weight 	 torch.Size([2048, 1024])
transformer.layers.3.1.fn.net.0.bias 	 torch.Size([2048])
transformer.layers.3.1.fn.net.3.weight 	 torch.Size([1024, 2048])
transformer.layers.3.1.fn.net.3.bias 	 torch.Size([1024])
transformer.layers.4.0.norm.weight 	 torch.Size([1024])
transformer.layers.4.0.norm.bias 	 torch.Size([1024])
transformer.layers.4.0.fn.to_qkv.weight 	 torch.Size([1536, 1024])
transformer.layers.4.0.fn.to_out.0.weight 	 torch.Size([1024, 512])
transformer.layers.4.0.fn.to_out.0.bias 	 torch.Size([1024])
transformer.layers.4.1.norm.weight 	 torch.Size([1024])
transformer.layers.4.1.norm.bias 	 torch.Size([1024])
transformer.layers.4.1.fn.net.0.weight 	 torch.Size([2048, 1024])
transformer.layers.4.1.fn.net.0.bias 	 torch.Size([2048])
transformer.layers.4.1.fn.net.3.weight 	 torch.Size([1024, 2048])
transformer.layers.4.1.fn.net.3.bias 	 torch.Size([1024])
transformer.layers.5.0.norm.weight 	 torch.Size([1024])
transformer.layers.5.0.norm.bias 	 torch.Size([1024])
transformer.layers.5.0.fn.to_qkv.weight 	 torch.Size([1536, 1024])
transformer.layers.5.0.fn.to_out.0.weight 	 torch.Size([1024, 512])
transformer.layers.5.0.fn.to_out.0.bias 	 torch.Size([1024])
transformer.layers.5.1.norm.weight 	 torch.Size([1024])
transformer.layers.5.1.norm.bias 	 torch.Size([1024])
transformer.layers.5.1.fn.net.0.weight 	 torch.Size([2048, 1024])
transformer.layers.5.1.fn.net.0.bias 	 torch.Size([2048])
transformer.layers.5.1.fn.net.3.weight 	 torch.Size([1024, 2048])
transformer.layers.5.1.fn.net.3.bias 	 torch.Size([1024])
mlp_head.0.weight 	 torch.Size([1024])
mlp_head.0.bias 	 torch.Size([1024])
mlp_head.1.weight 	 torch.Size([6, 1024])
mlp_head.1.bias 	 torch.Size([6])
Optimizer's state_dict:
state 	 {0: {'step': tensor(39456.), 'exp_avg': tensor([[[ 2.0462e-05,  1.7626e-05, -1.2055e-05,  ...,  2.2314e-06,
          -1.2533e-05,  1.2240e-06],
         [-7.0890e-06,  1.7023e-05,  3.4725e-07,  ..., -1.1046e-06,
          -1.7792e-05, -8.9150e-06],
         [-5.8573e-06,  1.9537e-06, -2.2208e-06,  ..., -1.0446e-05,
          -4.3620e-07,  2.6266e-06],
         ...,
         [-1.8362e-05,  1.2609e-05, -5.2786e-05,  ..., -8.7281e-06,
           8.5956e-06, -4.2317e-05],
         [ 1.9630e-06, -2.6110e-05, -1.3451e-05,  ..., -1.8730e-06,
          -7.9905e-06, -2.1758e-05],
         [ 2.5697e-06,  3.5674e-06, -1.4466e-05,  ..., -5.3644e-06,
           2.8477e-07, -1.3175e-05]]], device='cuda:0'), 'exp_avg_sq': tensor([[[1.2938e-08, 1.1344e-08, 1.1804e-08,  ..., 9.8921e-09,
          1.2537e-08, 1.2484e-08],
         [7.4226e-09, 6.6558e-09, 7.5920e-09,  ..., 5.0586e-09,
          5.4937e-09, 1.3972e-08],
         [4.5326e-09, 6.2270e-09, 7.4224e-09,  ..., 8.0744e-09,
          5.4968e-09, 8.0360e-09],
         ...,
         [7.2941e-09, 5.4461e-09, 6.3421e-09,  ..., 7.1299e-09,
          6.0105e-09, 1.2689e-08],
         [6.6250e-09, 7.1111e-09, 6.1064e-09,  ..., 6.2514e-09,
          8.1031e-09, 1.2002e-08],
         [6.0341e-09, 4.9700e-09, 5.2330e-09,  ..., 5.0527e-09,
          3.7407e-09, 5.7788e-09]]], device='cuda:0')}, 1: {'step': tensor(39456.), 'exp_avg': tensor([ 2.0462e-05,  1.7626e-05, -1.2055e-05,  ...,  2.2314e-06,
        -1.2533e-05,  1.2240e-06], device='cuda:0'), 'exp_avg_sq': tensor([1.2938e-08, 1.1344e-08, 1.1804e-08,  ..., 9.8921e-09, 1.2537e-08,
        1.2484e-08], device='cuda:0')}, 2: {'step': tensor(39456.), 'exp_avg': tensor([-0.0005, -0.0012,  0.0007,  0.0015, -0.0020,  0.0006, -0.0009,  0.0003,
         0.0028,  0.0002, -0.0005,  0.0010,  0.0004, -0.0006, -0.0016],
       device='cuda:0'), 'exp_avg_sq': tensor([0.0002, 0.0002, 0.0002, 0.0001, 0.0001, 0.0002, 0.0002, 0.0002, 0.0002,
        0.0002, 0.0002, 0.0002, 0.0001, 0.0001, 0.0002], device='cuda:0')}, 3: {'step': tensor(39456.), 'exp_avg': tensor([-1.2363e-04,  3.5270e-04,  1.7269e-03,  1.0280e-03,  3.3223e-03,
         1.8932e-03, -1.5362e-03, -1.0619e-03, -1.5258e-03, -9.5776e-05,
        -2.4008e-03, -5.6829e-04, -1.4897e-03, -1.1381e-03, -7.6212e-04],
       device='cuda:0'), 'exp_avg_sq': tensor([0.0002, 0.0001, 0.0001, 0.0002, 0.0001, 0.0002, 0.0001, 0.0001, 0.0001,
        0.0002, 0.0001, 0.0001, 0.0001, 0.0001, 0.0002], device='cuda:0')}, 4: {'step': tensor(39456.), 'exp_avg': tensor([[ 8.5126e-05,  5.5150e-05, -3.0419e-05,  ..., -4.4581e-06,
         -5.5231e-06,  3.6116e-05],
        [-3.7657e-05, -5.3873e-05,  1.2036e-05,  ..., -5.8387e-05,
          5.4959e-05,  2.1326e-04],
        [ 9.8960e-05,  2.2405e-04,  1.8696e-04,  ..., -5.5811e-06,
          1.1571e-06, -1.2380e-05],
        ...,
        [ 1.0462e-04,  7.2330e-05, -3.9535e-05,  ..., -5.9468e-05,
         -3.6548e-05, -5.8422e-05],
        [-4.9901e-05, -3.4012e-05, -2.3816e-05,  ..., -6.5801e-05,
         -1.4426e-05, -2.5169e-05],
        [ 6.6077e-05,  1.9914e-04,  1.9892e-04,  ...,  3.2997e-05,
          7.2583e-06, -1.7189e-05]], device='cuda:0'), 'exp_avg_sq': tensor([[4.8978e-07, 4.3949e-07, 4.7425e-07,  ..., 4.1369e-07, 4.7043e-07,
         4.4540e-07],
        [3.6280e-07, 3.7106e-07, 3.2974e-07,  ..., 4.2574e-07, 3.8932e-07,
         5.5826e-07],
        [4.4283e-07, 3.5515e-07, 4.1081e-07,  ..., 5.3282e-07, 4.7717e-07,
         4.6551e-07],
        ...,
        [3.8650e-07, 3.4916e-07, 3.4961e-07,  ..., 3.3564e-07, 4.0033e-07,
         4.4058e-07],
        [3.8577e-07, 3.9134e-07, 2.8591e-07,  ..., 3.6034e-07, 3.9733e-07,
         4.6655e-07],
        [4.8297e-07, 5.4052e-07, 6.7422e-07,  ..., 6.3251e-07, 5.6661e-07,
         5.7424e-07]], device='cuda:0')}, 5: {'step': tensor(39456.), 'exp_avg': tensor([-4.0380e-05, -6.7973e-05, -1.2867e-04,  ..., -6.0540e-05,
        -1.5116e-05, -9.3630e-05], device='cuda:0'), 'exp_avg_sq': tensor([2.7643e-07, 3.4573e-07, 3.1762e-07,  ..., 3.2347e-07, 2.5370e-07,
        3.6270e-07], device='cuda:0')}, 6: {'step': tensor(39456.), 'exp_avg': tensor([-3.3507e-05, -3.3325e-05, -3.0857e-05,  ...,  2.1790e-05,
         2.6080e-05, -4.9401e-05], device='cuda:0'), 'exp_avg_sq': tensor([7.9310e-08, 1.4208e-07, 1.3276e-07,  ..., 7.2072e-08, 1.3908e-07,
        2.1493e-07], device='cuda:0')}, 7: {'step': tensor(39456.), 'exp_avg': tensor([-2.7529e-05, -3.0685e-05, -6.4922e-05,  ..., -3.4148e-05,
        -7.1103e-06, -4.2217e-05], device='cuda:0'), 'exp_avg_sq': tensor([8.5008e-08, 9.9836e-08, 9.5383e-08,  ..., 1.0014e-07, 7.2627e-08,
        9.8467e-08], device='cuda:0')}, 8: {'step': tensor(39456.), 'exp_avg': tensor([ 1.9675e-05, -4.4325e-05, -3.0836e-05,  ..., -3.1128e-06,
        -5.0096e-05, -5.2384e-05], device='cuda:0'), 'exp_avg_sq': tensor([1.1971e-07, 1.1763e-07, 1.6852e-07,  ..., 1.1683e-07, 1.7353e-07,
        2.9995e-07], device='cuda:0')}, 9: {'step': tensor(39456.), 'exp_avg': tensor([-9.3624e-06,  9.7914e-06, -1.4305e-05,  ..., -5.3873e-05,
        -1.6713e-05, -1.9504e-05], device='cuda:0'), 'exp_avg_sq': tensor([9.3491e-08, 9.8491e-08, 9.8068e-08,  ..., 9.2702e-08, 7.2159e-08,
        8.3916e-08], device='cuda:0')}, 10: {'step': tensor(39456.), 'exp_avg': tensor([[-3.2066e-05,  1.3316e-05,  4.4578e-06,  ...,  4.0621e-05,
         -3.3253e-05,  3.8181e-05],
        [-3.0504e-05,  6.3117e-05, -4.0717e-06,  ...,  2.2580e-07,
         -4.5804e-05,  4.6730e-05],
        [-6.9516e-06,  1.1817e-05, -1.4949e-05,  ...,  1.3322e-06,
          3.3249e-05, -1.7056e-05],
        ...,
        [ 3.0547e-05, -4.6816e-06, -7.1903e-06,  ..., -1.7635e-05,
          4.9493e-06, -1.9562e-05],
        [-1.3268e-05, -3.5237e-05, -5.0847e-05,  ...,  6.0931e-05,
         -5.3061e-05, -5.7081e-05],
        [-1.5783e-05, -6.2822e-06,  3.0036e-05,  ..., -6.6069e-06,
         -2.8682e-06,  1.9171e-05]], device='cuda:0'), 'exp_avg_sq': tensor([[7.1586e-08, 5.5178e-08, 4.2434e-08,  ..., 7.2986e-08, 7.8114e-08,
         6.4816e-08],
        [5.3143e-08, 6.3981e-08, 5.3080e-08,  ..., 6.0100e-08, 7.5221e-08,
         5.3847e-08],
        [2.5541e-08, 4.2139e-08, 4.0341e-08,  ..., 3.7421e-08, 3.4732e-08,
         3.9126e-08],
        ...,
        [1.0806e-07, 7.3713e-08, 1.1425e-07,  ..., 9.5864e-08, 8.8235e-08,
         1.0854e-07],
        [6.3356e-08, 3.7254e-08, 7.0017e-08,  ..., 7.5544e-08, 5.9947e-08,
         5.8303e-08],
        [6.3230e-08, 6.2818e-08, 8.0839e-08,  ..., 7.9663e-08, 1.0193e-07,
         1.0065e-07]], device='cuda:0')}, 11: {'step': tensor(39456.), 'exp_avg': tensor([[ 2.0650e-05,  8.5589e-05, -3.0609e-05,  ..., -6.6397e-05,
         -4.0263e-05,  3.0171e-06],
        [-1.0436e-05, -3.0298e-06, -5.1029e-07,  ...,  1.1074e-05,
          7.3405e-05,  3.7715e-05],
        [-1.6662e-05,  1.4354e-05, -3.6362e-05,  ..., -2.1690e-05,
         -4.3636e-06, -9.3388e-05],
        ...,
        [ 7.7354e-07,  8.1500e-05, -6.4788e-05,  ...,  6.7851e-06,
         -5.8158e-05, -2.6379e-05],
        [-6.7137e-05, -5.4721e-05,  3.8651e-05,  ...,  1.3844e-05,
         -2.7448e-05,  7.2953e-05],
        [ 1.4039e-05, -4.4091e-05,  8.2824e-06,  ..., -4.7008e-05,
         -1.2542e-05, -2.2222e-05]], device='cuda:0'), 'exp_avg_sq': tensor([[1.0175e-07, 1.7338e-07, 1.6683e-07,  ..., 1.4926e-07, 1.0833e-07,
         1.3316e-07],
        [1.4981e-07, 1.7596e-07, 2.0840e-07,  ..., 1.8455e-07, 1.4824e-07,
         1.3577e-07],
        [1.1905e-07, 1.9078e-07, 1.9521e-07,  ..., 1.6171e-07, 1.3362e-07,
         1.3715e-07],
        ...,
        [1.3247e-07, 1.7443e-07, 1.8693e-07,  ..., 1.3185e-07, 1.1894e-07,
         1.4828e-07],
        [1.0283e-07, 1.4017e-07, 1.4107e-07,  ..., 1.2578e-07, 8.2152e-08,
         1.3529e-07],
        [1.3624e-07, 1.9440e-07, 1.7898e-07,  ..., 1.7873e-07, 1.1700e-07,
         1.7820e-07]], device='cuda:0')}, 12: {'step': tensor(39456.), 'exp_avg': tensor([-3.6559e-05,  8.5542e-06, -4.2026e-05,  ..., -3.5841e-05,
        -4.2424e-06, -2.8265e-05], device='cuda:0'), 'exp_avg_sq': tensor([5.4042e-08, 4.7284e-08, 4.7224e-08,  ..., 5.3734e-08, 4.0337e-08,
        4.3717e-08], device='cuda:0')}, 13: {'step': tensor(39456.), 'exp_avg': tensor([ 1.1302e-05,  2.5708e-05, -5.7999e-08,  ..., -6.6824e-06,
         2.1959e-05,  4.1333e-06], device='cuda:0'), 'exp_avg_sq': tensor([1.8911e-08, 2.4083e-08, 2.6071e-08,  ..., 1.9942e-08, 1.6790e-08,
        3.0364e-08], device='cuda:0')}, 14: {'step': tensor(39456.), 'exp_avg': tensor([-1.2303e-05, -8.6288e-06, -2.2263e-05,  ...,  5.2391e-06,
         7.6989e-07, -1.1192e-05], device='cuda:0'), 'exp_avg_sq': tensor([1.3838e-08, 2.1729e-08, 1.7167e-08,  ..., 1.3640e-08, 1.5485e-08,
        1.8398e-08], device='cuda:0')}, 15: {'step': tensor(39456.), 'exp_avg': tensor([[-1.8867e-05, -3.3388e-06,  1.9192e-06,  ...,  6.3762e-06,
          1.5293e-05, -3.8769e-07],
        [ 1.5331e-06, -1.6956e-06,  5.5239e-07,  ...,  2.3834e-06,
          1.6510e-06,  2.5501e-06],
        [-1.0967e-05,  1.4486e-06,  1.9985e-05,  ..., -1.0175e-06,
          6.2350e-06, -1.6039e-05],
        ...,
        [-2.4119e-06, -3.7343e-06,  1.2115e-05,  ...,  2.3382e-06,
         -2.4015e-06, -9.5210e-06],
        [ 1.1729e-06, -2.3749e-06,  1.1519e-05,  ..., -8.2429e-07,
          1.3225e-05, -1.5652e-05],
        [-9.3666e-07,  1.1914e-06, -3.2539e-06,  ...,  2.5388e-06,
         -1.9643e-06,  5.1830e-07]], device='cuda:0'), 'exp_avg_sq': tensor([[2.2312e-09, 2.8468e-09, 4.2678e-09,  ..., 2.9137e-09, 6.6615e-09,
         3.5623e-09],
        [3.0235e-10, 3.2189e-10, 4.8643e-10,  ..., 3.2805e-10, 2.7366e-10,
         3.3062e-10],
        [8.7751e-09, 1.0994e-08, 1.0740e-08,  ..., 7.7681e-09, 1.0310e-08,
         1.2058e-08],
        ...,
        [6.1261e-09, 6.7639e-09, 5.9985e-09,  ..., 9.6166e-09, 7.4119e-09,
         8.0171e-09],
        [7.2325e-09, 5.2743e-09, 6.4925e-09,  ..., 9.1560e-09, 5.7191e-09,
         9.7762e-09],
        [3.1861e-10, 3.0951e-10, 2.7639e-10,  ..., 3.8904e-10, 3.4094e-10,
         4.3176e-10]], device='cuda:0')}, 16: {'step': tensor(39456.), 'exp_avg': tensor([ 9.0116e-06, -1.3099e-06,  2.1469e-05,  ...,  2.0489e-06,
         1.5227e-05,  4.4217e-06], device='cuda:0'), 'exp_avg_sq': tensor([3.8428e-09, 3.1768e-10, 8.3490e-09,  ..., 7.6331e-09, 7.5865e-09,
        5.1319e-10], device='cuda:0')}, 17: {'step': tensor(39456.), 'exp_avg': tensor([[-1.8604e-06,  3.2327e-06, -4.0377e-06,  ...,  4.0735e-06,
         -9.3183e-07, -1.7922e-06],
        [ 3.4008e-06, -3.1573e-06, -1.2680e-05,  ..., -1.3490e-06,
          1.6330e-06,  7.0698e-07],
        [ 2.7537e-06,  1.0226e-06, -9.3451e-06,  ...,  5.9555e-06,
          5.9565e-07, -1.5448e-07],
        ...,
        [ 3.0570e-06,  1.9927e-06, -1.0962e-06,  ..., -1.4095e-05,
          7.9033e-06,  3.5097e-06],
        [ 3.8230e-06,  2.5189e-06, -1.7383e-05,  ..., -1.0206e-05,
         -3.4980e-06, -9.7073e-07],
        [-2.1739e-06,  2.1049e-06,  1.8297e-06,  ..., -1.0965e-05,
          2.4119e-06,  5.4575e-07]], device='cuda:0'), 'exp_avg_sq': tensor([[1.6457e-09, 2.6559e-10, 9.3957e-09,  ..., 6.7020e-09, 9.4470e-09,
         2.8033e-10],
        [1.6545e-09, 2.9002e-10, 8.7732e-09,  ..., 6.9245e-09, 9.7164e-09,
         1.3402e-10],
        [1.6854e-09, 2.5027e-10, 1.0041e-08,  ..., 6.5185e-09, 9.8568e-09,
         1.4742e-10],
        ...,
        [2.5495e-09, 3.9393e-10, 1.1254e-08,  ..., 6.9925e-09, 1.0902e-08,
         2.7354e-10],
        [1.9324e-09, 2.3850e-10, 1.1291e-08,  ..., 7.1071e-09, 1.0441e-08,
         3.6869e-10],
        [1.4533e-09, 3.4084e-10, 1.0066e-08,  ..., 5.9171e-09, 1.0065e-08,
         2.5869e-10]], device='cuda:0')}, 18: {'step': tensor(39456.), 'exp_avg': tensor([-2.1473e-05,  1.9814e-05, -5.0371e-05,  ..., -4.8228e-05,
         4.8550e-06, -7.2950e-06], device='cuda:0'), 'exp_avg_sq': tensor([4.4517e-08, 3.5483e-08, 3.8363e-08,  ..., 5.0592e-08, 3.8012e-08,
        3.5722e-08], device='cuda:0')}, 19: {'step': tensor(39456.), 'exp_avg': tensor([-6.2209e-06, -2.5878e-05, -4.9437e-05,  ..., -4.0288e-05,
         3.7188e-05, -3.6574e-05], device='cuda:0'), 'exp_avg_sq': tensor([9.0918e-08, 4.8028e-08, 8.9137e-08,  ..., 9.1787e-08, 6.3180e-08,
        6.8533e-08], device='cuda:0')}, 20: {'step': tensor(39456.), 'exp_avg': tensor([-1.7793e-05,  4.2325e-07, -2.4263e-05,  ..., -3.1755e-05,
         1.5617e-05, -1.2979e-05], device='cuda:0'), 'exp_avg_sq': tensor([5.9666e-08, 4.4800e-08, 4.8488e-08,  ..., 4.1698e-08, 6.0817e-08,
        3.6954e-08], device='cuda:0')}, 21: {'step': tensor(39456.), 'exp_avg': tensor([[-1.2868e-06,  1.5449e-05, -1.3460e-05,  ..., -3.1948e-05,
          2.8441e-05,  2.5477e-05],
        [-2.8714e-05,  7.1639e-06,  7.6534e-06,  ...,  1.9730e-05,
          5.8083e-06,  3.8836e-06],
        [-1.6976e-05, -6.7055e-06, -1.8123e-06,  ...,  1.2181e-05,
         -1.0471e-05,  1.2350e-05],
        ...,
        [ 1.1604e-05,  1.0971e-05,  1.3546e-05,  ..., -3.6536e-05,
         -4.4593e-05, -1.2317e-05],
        [ 3.4595e-05, -1.2496e-06, -2.5302e-05,  ..., -9.5810e-07,
          1.7583e-05,  8.9536e-06],
        [-2.2221e-05,  5.8896e-06,  1.6026e-05,  ..., -3.0259e-05,
         -2.2302e-05, -1.6700e-05]], device='cuda:0'), 'exp_avg_sq': tensor([[5.5520e-08, 3.7557e-08, 3.0580e-08,  ..., 5.3034e-08, 3.3190e-08,
         5.8295e-08],
        [2.0348e-08, 2.2475e-08, 2.4021e-08,  ..., 3.6763e-08, 2.7617e-08,
         3.4153e-08],
        [3.5157e-08, 4.2929e-08, 2.3022e-08,  ..., 5.0491e-08, 2.8642e-08,
         4.7096e-08],
        ...,
        [4.4073e-08, 2.8840e-08, 4.4015e-08,  ..., 4.7513e-08, 3.3234e-08,
         4.3478e-08],
        [3.4248e-08, 3.1550e-08, 4.1098e-08,  ..., 4.4010e-08, 3.4822e-08,
         4.7334e-08],
        [3.3352e-08, 2.7399e-08, 3.8619e-08,  ..., 4.6444e-08, 3.3202e-08,
         3.2864e-08]], device='cuda:0')}, 22: {'step': tensor(39456.), 'exp_avg': tensor([[ 4.7093e-05,  1.4694e-05, -9.0041e-06,  ..., -5.0215e-06,
         -1.9396e-05, -1.0695e-05],
        [-1.7149e-05, -5.9632e-05, -2.5920e-05,  ..., -5.8814e-06,
          4.2611e-05, -7.9398e-06],
        [ 1.9720e-05,  3.0040e-05,  1.9761e-05,  ..., -8.1984e-05,
         -3.3836e-06, -8.6718e-06],
        ...,
        [ 3.0516e-05,  3.9243e-05,  1.4363e-05,  ..., -3.1461e-05,
         -4.1869e-05, -1.7719e-05],
        [ 1.9260e-05,  1.4490e-05,  1.8184e-05,  ..., -8.7872e-05,
          9.0959e-05, -2.1826e-05],
        [ 1.0142e-05,  1.6368e-05,  4.5927e-06,  ..., -1.8642e-05,
          3.1841e-05,  4.2695e-06]], device='cuda:0'), 'exp_avg_sq': tensor([[5.7977e-08, 4.4096e-08, 7.8124e-08,  ..., 4.7280e-08, 5.3046e-08,
         3.6801e-08],
        [7.9988e-08, 4.7453e-08, 1.1066e-07,  ..., 8.3409e-08, 6.5028e-08,
         5.8318e-08],
        [4.7499e-08, 3.4261e-08, 6.4388e-08,  ..., 6.1685e-08, 4.6631e-08,
         4.9458e-08],
        ...,
        [6.5113e-08, 5.1677e-08, 9.0185e-08,  ..., 7.1625e-08, 6.2049e-08,
         4.9954e-08],
        [7.8888e-08, 3.6932e-08, 9.5658e-08,  ..., 7.0892e-08, 8.5224e-08,
         5.9855e-08],
        [4.9436e-08, 4.2421e-08, 7.1786e-08,  ..., 6.8017e-08, 5.3027e-08,
         4.9060e-08]], device='cuda:0')}, 23: {'step': tensor(39456.), 'exp_avg': tensor([-1.6325e-05,  1.5406e-05, -2.9482e-05,  ..., -2.6430e-05,
        -1.2164e-05,  1.4478e-06], device='cuda:0'), 'exp_avg_sq': tensor([2.1768e-08, 2.3809e-08, 2.1853e-08,  ..., 3.6207e-08, 3.3871e-08,
        2.3452e-08], device='cuda:0')}, 24: {'step': tensor(39456.), 'exp_avg': tensor([ 1.1563e-06,  2.1820e-05, -1.8092e-05,  ..., -8.8130e-06,
         6.5268e-06, -9.5649e-06], device='cuda:0'), 'exp_avg_sq': tensor([6.0562e-09, 7.5205e-09, 7.9147e-09,  ..., 1.1642e-08, 8.9491e-09,
        1.3084e-08], device='cuda:0')}, 25: {'step': tensor(39456.), 'exp_avg': tensor([ 3.8952e-07,  5.0881e-06, -2.5307e-05,  ..., -8.2124e-06,
         3.3961e-06,  6.0769e-06], device='cuda:0'), 'exp_avg_sq': tensor([5.8725e-09, 8.3467e-09, 8.1045e-09,  ..., 7.6126e-09, 7.8843e-09,
        1.4536e-08], device='cuda:0')}, 26: {'step': tensor(39456.), 'exp_avg': tensor([[ 4.9599e-07, -3.2011e-05, -1.5423e-05,  ..., -6.2279e-06,
         -7.2778e-06,  5.5805e-06],
        [ 3.8020e-06, -1.3001e-05, -1.4795e-05,  ...,  2.5994e-06,
          2.2495e-05,  1.2658e-05],
        [-5.9963e-06, -6.5564e-06, -1.1109e-06,  ..., -5.9876e-06,
         -1.4102e-06, -3.1871e-07],
        ...,
        [-1.8353e-05,  4.7968e-06,  2.6278e-05,  ...,  3.5251e-06,
         -5.4772e-06, -7.0468e-06],
        [ 4.4413e-06, -2.5836e-06, -1.7608e-06,  ..., -1.3460e-06,
          2.2582e-06, -3.3730e-06],
        [ 6.1733e-07,  4.2347e-06,  8.5266e-06,  ...,  1.7937e-05,
          1.7743e-05,  2.1969e-06]], device='cuda:0'), 'exp_avg_sq': tensor([[7.3835e-09, 9.1563e-09, 6.6445e-09,  ..., 9.8560e-09, 5.7758e-09,
         8.8875e-09],
        [4.7471e-09, 2.9421e-09, 3.1067e-09,  ..., 4.6894e-09, 4.0391e-09,
         5.2959e-09],
        [3.5480e-09, 3.6479e-09, 3.3510e-09,  ..., 4.3787e-09, 4.4234e-09,
         5.9404e-09],
        ...,
        [7.3604e-09, 6.4221e-09, 8.2843e-09,  ..., 1.0409e-08, 1.1040e-08,
         1.1223e-08],
        [1.3295e-09, 6.8578e-10, 1.4048e-09,  ..., 9.5737e-10, 1.1480e-09,
         9.6162e-10],
        [3.2331e-09, 4.8972e-09, 4.7672e-09,  ..., 5.5757e-09, 4.9574e-09,
         5.2486e-09]], device='cuda:0')}, 27: {'step': tensor(39456.), 'exp_avg': tensor([-2.4312e-05, -1.0753e-05, -3.9966e-06,  ...,  1.5702e-05,
        -4.6442e-06,  1.3875e-05], device='cuda:0'), 'exp_avg_sq': tensor([8.4357e-09, 4.6499e-09, 4.8174e-09,  ..., 9.1893e-09, 1.2221e-09,
        5.0106e-09], device='cuda:0')}, 28: {'step': tensor(39456.), 'exp_avg': tensor([[-4.5120e-06, -2.4652e-06, -3.0994e-06,  ...,  7.2762e-06,
         -1.2141e-05,  1.6940e-06],
        [ 1.0143e-05,  4.2725e-06,  1.2844e-06,  ...,  9.3718e-06,
          1.2991e-05,  1.7383e-06],
        [ 3.3236e-06, -4.9041e-06,  4.5155e-06,  ...,  3.2536e-06,
          3.7626e-06,  6.6426e-06],
        ...,
        [ 5.7889e-07,  8.7475e-06,  2.3375e-06,  ..., -1.0318e-05,
         -5.2110e-06,  3.4795e-06],
        [-8.7627e-06,  1.9914e-06,  2.2578e-06,  ..., -2.9819e-06,
          8.8191e-06, -6.8942e-06],
        [-7.5109e-06, -3.3271e-06,  4.0240e-06,  ..., -1.9914e-05,
          9.9034e-06,  4.8801e-06]], device='cuda:0'), 'exp_avg_sq': tensor([[4.8517e-09, 2.8087e-09, 1.8079e-09,  ..., 7.9545e-09, 7.8556e-10,
         3.3568e-09],
        [4.2268e-09, 2.4714e-09, 2.7616e-09,  ..., 9.4717e-09, 6.3535e-10,
         2.5792e-09],
        [4.4782e-09, 2.8076e-09, 2.8223e-09,  ..., 1.1815e-08, 5.8549e-10,
         2.7579e-09],
        ...,
        [5.3338e-09, 4.3940e-09, 4.1022e-09,  ..., 1.1392e-08, 7.0069e-10,
         3.5077e-09],
        [6.6297e-09, 2.7789e-09, 3.2146e-09,  ..., 1.1755e-08, 5.7874e-10,
         3.8971e-09],
        [5.1509e-09, 2.8591e-09, 2.7348e-09,  ..., 1.3458e-08, 1.0294e-09,
         4.0206e-09]], device='cuda:0')}, 29: {'step': tensor(39456.), 'exp_avg': tensor([-1.4882e-05,  2.3250e-05,  5.0437e-06,  ..., -2.4425e-05,
        -1.7598e-05, -1.0898e-05], device='cuda:0'), 'exp_avg_sq': tensor([1.8248e-08, 2.0209e-08, 1.8671e-08,  ..., 3.3936e-08, 2.8922e-08,
        2.1254e-08], device='cuda:0')}, 30: {'step': tensor(39456.), 'exp_avg': tensor([ 1.7910e-05,  1.6313e-05, -3.8386e-05,  ..., -9.5383e-06,
         5.4198e-05,  2.8008e-05], device='cuda:0'), 'exp_avg_sq': tensor([4.8656e-08, 3.9350e-08, 5.1855e-08,  ..., 5.0929e-08, 5.3920e-08,
        8.6391e-08], device='cuda:0')}, 31: {'step': tensor(39456.), 'exp_avg': tensor([-3.4384e-05,  1.3632e-05, -1.3434e-05,  ..., -1.1074e-05,
        -1.7147e-05, -3.0332e-05], device='cuda:0'), 'exp_avg_sq': tensor([4.0736e-08, 4.9340e-08, 4.3675e-08,  ..., 4.1518e-08, 3.8984e-08,
        4.2528e-08], device='cuda:0')}, 32: {'step': tensor(39456.), 'exp_avg': tensor([[ 1.5448e-05,  1.2029e-05, -3.3325e-05,  ..., -4.3917e-06,
          8.5124e-06,  1.5302e-05],
        [ 2.3244e-06,  1.5148e-06, -1.1138e-06,  ..., -1.8900e-05,
          5.9345e-06,  1.9494e-05],
        [-2.8541e-06, -7.2023e-06, -1.0511e-05,  ...,  2.0440e-06,
         -1.7088e-05, -1.5588e-05],
        ...,
        [-1.3571e-05, -3.1834e-06,  8.5637e-06,  ...,  1.6204e-05,
         -8.0963e-06, -4.3344e-06],
        [-2.8100e-05,  3.9217e-05,  4.0592e-05,  ...,  6.4444e-05,
         -5.2392e-06, -2.8596e-05],
        [-4.8644e-06, -1.7305e-06,  8.9486e-06,  ..., -1.3994e-06,
         -1.3224e-05, -2.6538e-05]], device='cuda:0'), 'exp_avg_sq': tensor([[2.6925e-08, 2.3623e-08, 2.3644e-08,  ..., 3.2581e-08, 3.0762e-08,
         3.8385e-08],
        [3.1160e-08, 2.1809e-08, 3.1137e-08,  ..., 5.6102e-08, 3.8626e-08,
         4.2222e-08],
        [2.2686e-08, 1.9825e-08, 2.2196e-08,  ..., 4.4188e-08, 3.2315e-08,
         2.9214e-08],
        ...,
        [1.8149e-08, 1.8904e-08, 1.8187e-08,  ..., 2.1033e-08, 1.9542e-08,
         2.0579e-08],
        [5.1782e-08, 5.2710e-08, 5.3441e-08,  ..., 4.9564e-08, 6.6590e-08,
         4.7897e-08],
        [2.8484e-08, 2.2273e-08, 2.3565e-08,  ..., 3.4915e-08, 2.9788e-08,
         2.7714e-08]], device='cuda:0')}, 33: {'step': tensor(39456.), 'exp_avg': tensor([[-6.7168e-06,  1.8410e-05,  1.2397e-05,  ...,  1.8891e-05,
          2.6986e-05,  1.8188e-05],
        [ 8.8689e-06, -5.4016e-06,  1.6146e-05,  ..., -7.4474e-06,
          4.8144e-06,  1.5730e-06],
        [-1.2956e-05,  1.7984e-05,  1.4506e-05,  ...,  1.0703e-05,
         -1.0181e-05, -1.2322e-05],
        ...,
        [-5.7487e-06,  1.1560e-05, -1.4694e-05,  ...,  1.8413e-05,
         -1.8255e-05,  7.0462e-06],
        [-2.8209e-05, -9.7819e-06, -7.2827e-07,  ..., -1.2810e-05,
         -1.1180e-05,  1.1297e-05],
        [ 1.0331e-05, -6.7780e-07,  2.4197e-05,  ...,  1.2186e-05,
          7.1196e-06,  2.4566e-06]], device='cuda:0'), 'exp_avg_sq': tensor([[2.3432e-08, 2.4688e-08, 2.1854e-08,  ..., 2.3461e-08, 4.1705e-08,
         3.8711e-08],
        [2.7555e-08, 2.5541e-08, 2.5951e-08,  ..., 1.8633e-08, 3.5672e-08,
         4.2585e-08],
        [2.3586e-08, 2.6649e-08, 2.2786e-08,  ..., 1.6736e-08, 2.8681e-08,
         3.2633e-08],
        ...,
        [2.6346e-08, 3.0289e-08, 2.7214e-08,  ..., 2.1324e-08, 3.2921e-08,
         3.9467e-08],
        [1.8619e-08, 2.2143e-08, 2.8194e-08,  ..., 1.9435e-08, 3.9196e-08,
         5.1219e-08],
        [2.1927e-08, 2.8423e-08, 2.4086e-08,  ..., 1.7252e-08, 3.8277e-08,
         4.4834e-08]], device='cuda:0')}, 34: {'step': tensor(39456.), 'exp_avg': tensor([-6.5194e-06,  1.4286e-05, -7.6442e-06,  ..., -1.5977e-05,
        -9.7259e-06,  1.8920e-06], device='cuda:0'), 'exp_avg_sq': tensor([1.0652e-08, 1.2221e-08, 1.5094e-08,  ..., 1.3962e-08, 1.7056e-08,
        1.5284e-08], device='cuda:0')}, 35: {'step': tensor(39456.), 'exp_avg': tensor([ 1.0194e-05,  3.3103e-06, -4.2250e-06,  ...,  1.1883e-06,
         6.8348e-06,  9.4350e-07], device='cuda:0'), 'exp_avg_sq': tensor([3.3367e-09, 2.5242e-09, 3.8814e-09,  ..., 4.1499e-09, 3.4842e-09,
        3.7840e-09], device='cuda:0')}, 36: {'step': tensor(39456.), 'exp_avg': tensor([-8.6989e-06,  2.6060e-06,  1.1427e-07,  ..., -5.2404e-06,
        -8.6938e-07,  5.8453e-06], device='cuda:0'), 'exp_avg_sq': tensor([3.2119e-09, 3.2153e-09, 5.2505e-09,  ..., 3.2180e-09, 2.7700e-09,
        3.7992e-09], device='cuda:0')}, 37: {'step': tensor(39456.), 'exp_avg': tensor([[ 3.8054e-06,  9.7099e-07, -1.2119e-06,  ..., -1.1553e-06,
          3.7882e-06,  1.1724e-06],
        [ 2.3317e-06,  1.1527e-06, -2.0697e-06,  ...,  1.5221e-06,
          3.9028e-06,  1.8145e-06],
        [ 2.7761e-07, -3.6857e-07,  4.8230e-06,  ...,  1.4476e-06,
          4.8794e-06, -9.9594e-07],
        ...,
        [ 2.3486e-07, -1.1359e-06, -5.3396e-06,  ..., -3.8054e-06,
         -1.8599e-06, -4.8030e-06],
        [-1.5814e-06,  2.1452e-07,  2.0242e-06,  ..., -3.5920e-06,
         -3.6563e-06, -2.8824e-06],
        [ 1.1516e-06,  5.0231e-06,  7.6054e-07,  ..., -1.3689e-06,
          1.4273e-06, -1.9305e-06]], device='cuda:0'), 'exp_avg_sq': tensor([[4.3486e-10, 2.9363e-10, 5.2532e-10,  ..., 7.2610e-10, 6.1979e-10,
         4.9624e-10],
        [3.6350e-10, 2.4834e-10, 2.0528e-10,  ..., 5.4992e-10, 2.8030e-10,
         6.6976e-10],
        [5.6850e-09, 3.2177e-09, 4.1541e-09,  ..., 3.7403e-09, 4.3104e-09,
         3.6663e-09],
        ...,
        [1.0101e-09, 1.0280e-09, 7.9968e-10,  ..., 1.5711e-09, 2.0963e-09,
         1.2967e-09],
        [1.1357e-09, 1.0258e-09, 1.5751e-09,  ..., 2.3085e-09, 2.8086e-09,
         1.2946e-09],
        [6.5494e-10, 1.1313e-09, 6.3657e-10,  ..., 1.0289e-09, 1.2237e-09,
         1.2617e-09]], device='cuda:0')}, 38: {'step': tensor(39456.), 'exp_avg': tensor([-3.1732e-06, -2.2383e-06,  4.7267e-06,  ...,  2.6652e-06,
         2.4471e-06,  5.9187e-07], device='cuda:0'), 'exp_avg_sq': tensor([5.4529e-10, 3.8543e-10, 4.1038e-09,  ..., 1.0662e-09, 1.8590e-09,
        1.0856e-09], device='cuda:0')}, 39: {'step': tensor(39456.), 'exp_avg': tensor([[-2.8043e-06, -8.3839e-07, -7.9522e-07,  ...,  1.4648e-06,
         -3.4167e-07,  2.4049e-07],
        [-5.3943e-07,  6.7122e-07,  2.7466e-06,  ..., -1.0200e-06,
         -4.1211e-06,  7.5106e-07],
        [ 6.3524e-07, -3.3388e-08,  3.7918e-06,  ..., -8.1284e-06,
          9.2327e-07, -2.3913e-08],
        ...,
        [ 4.2978e-07,  7.2998e-07, -3.1195e-06,  ..., -4.9160e-06,
         -9.4412e-07,  1.0324e-06],
        [-5.9958e-07, -6.9522e-07,  2.4764e-06,  ..., -1.7675e-06,
          1.1350e-06, -8.3500e-09],
        [-3.8880e-07, -3.0331e-07, -7.1364e-06,  ...,  5.3557e-06,
         -7.9780e-07, -1.6657e-07]], device='cuda:0'), 'exp_avg_sq': tensor([[2.3335e-10, 1.6397e-10, 2.5445e-09,  ..., 7.2917e-10, 5.1011e-10,
         4.5730e-10],
        [5.5110e-10, 1.6268e-10, 3.3717e-09,  ..., 9.1849e-10, 7.4104e-10,
         6.6163e-10],
        [2.2877e-10, 1.6787e-10, 2.8191e-09,  ..., 6.8547e-10, 5.2085e-10,
         6.7473e-10],
        ...,
        [2.4956e-10, 1.4683e-10, 4.2081e-09,  ..., 8.1545e-10, 7.6495e-10,
         6.5040e-10],
        [4.5676e-10, 1.5837e-10, 4.3220e-09,  ..., 8.0389e-10, 8.3345e-10,
         6.4214e-10],
        [4.4051e-10, 1.7256e-10, 3.4750e-09,  ..., 9.3519e-10, 6.9888e-10,
         5.8645e-10]], device='cuda:0')}, 40: {'step': tensor(39456.), 'exp_avg': tensor([-8.6061e-07,  4.3053e-06, -9.6132e-06,  ..., -1.3816e-05,
        -1.4193e-05,  4.4431e-07], device='cuda:0'), 'exp_avg_sq': tensor([1.0573e-08, 1.0851e-08, 1.2349e-08,  ..., 1.7188e-08, 1.7324e-08,
        1.3826e-08], device='cuda:0')}, 41: {'step': tensor(39456.), 'exp_avg': tensor([ 6.6691e-06,  1.4387e-05,  2.8398e-06,  ...,  2.5432e-06,
         5.5686e-05, -2.8360e-06], device='cuda:0'), 'exp_avg_sq': tensor([3.5678e-08, 5.2419e-08, 2.9438e-08,  ..., 4.8522e-08, 5.5082e-08,
        3.6387e-08], device='cuda:0')}, 42: {'step': tensor(39456.), 'exp_avg': tensor([-1.9434e-05, -1.1798e-05, -6.9095e-06,  ...,  2.2327e-06,
        -4.1404e-06,  1.0987e-05], device='cuda:0'), 'exp_avg_sq': tensor([2.7350e-08, 2.6306e-08, 4.8403e-08,  ..., 2.5635e-08, 3.9701e-08,
        3.4642e-08], device='cuda:0')}, 43: {'step': tensor(39456.), 'exp_avg': tensor([[ 1.2747e-05, -1.7640e-06, -8.8830e-06,  ...,  2.2531e-05,
          7.3970e-06,  7.1916e-06],
        [ 2.0092e-05, -2.4125e-05,  1.8539e-06,  ...,  6.7934e-06,
         -1.8428e-05, -1.8722e-05],
        [-2.9957e-06, -1.4347e-05,  2.2309e-05,  ..., -2.9105e-05,
         -2.2859e-05, -1.8325e-05],
        ...,
        [ 5.1280e-06, -2.2810e-05, -6.9712e-06,  ..., -3.3104e-06,
          1.2892e-05,  1.7020e-05],
        [-8.0214e-06, -6.9726e-06,  2.6339e-05,  ...,  5.5397e-06,
         -7.7043e-06, -4.6677e-06],
        [-1.3464e-06, -1.9901e-05,  3.1553e-05,  ...,  8.2715e-06,
         -1.0226e-05,  1.6718e-05]], device='cuda:0'), 'exp_avg_sq': tensor([[2.4539e-08, 1.7214e-08, 2.1242e-08,  ..., 4.7815e-08, 2.5038e-08,
         2.0685e-08],
        [5.6414e-08, 2.0777e-08, 2.5379e-08,  ..., 4.4547e-08, 3.0791e-08,
         3.8262e-08],
        [1.6713e-08, 1.6272e-08, 1.2634e-08,  ..., 2.4805e-08, 1.9412e-08,
         2.4907e-08],
        ...,
        [1.5452e-08, 2.2353e-08, 1.6822e-08,  ..., 1.3626e-08, 2.7644e-08,
         1.3289e-08],
        [1.3610e-08, 1.3602e-08, 1.5182e-08,  ..., 1.3253e-08, 2.5902e-08,
         1.1374e-08],
        [2.0686e-08, 2.4829e-08, 1.8571e-08,  ..., 2.1000e-08, 6.1463e-08,
         2.2975e-08]], device='cuda:0')}, 44: {'step': tensor(39456.), 'exp_avg': tensor([[-1.3208e-05,  4.5901e-06,  9.1415e-06,  ...,  5.9499e-06,
         -1.4697e-05,  7.2345e-06],
        [-7.4983e-06,  1.5515e-05,  9.3675e-06,  ...,  2.0413e-05,
          4.2901e-08,  2.2663e-06],
        [ 4.6715e-06, -2.2825e-05, -7.4870e-06,  ...,  7.7047e-06,
          5.8010e-06,  1.5292e-06],
        ...,
        [-6.6334e-06, -1.3794e-05, -2.0675e-05,  ..., -2.1666e-05,
         -6.3358e-07, -1.9243e-06],
        [ 1.5992e-05, -9.8864e-06, -3.1120e-06,  ...,  1.0473e-05,
          2.2672e-05,  1.9453e-06],
        [ 2.2712e-05,  2.4668e-06, -4.3252e-06,  ...,  1.0952e-05,
          5.7188e-06,  7.8268e-06]], device='cuda:0'), 'exp_avg_sq': tensor([[8.5222e-09, 6.8483e-09, 1.0983e-08,  ..., 2.0419e-08, 5.5651e-09,
         1.0793e-08],
        [8.3945e-09, 9.7786e-09, 1.3356e-08,  ..., 1.9765e-08, 7.6284e-09,
         1.1332e-08],
        [9.0482e-09, 1.0866e-08, 2.0418e-08,  ..., 2.1414e-08, 7.7578e-09,
         1.2309e-08],
        ...,
        [9.9426e-09, 1.3919e-08, 1.6001e-08,  ..., 3.0284e-08, 1.1924e-08,
         1.4858e-08],
        [8.1969e-09, 1.0941e-08, 1.2763e-08,  ..., 1.5052e-08, 8.0592e-09,
         1.2521e-08],
        [8.8034e-09, 1.0326e-08, 1.4642e-08,  ..., 1.7693e-08, 7.4104e-09,
         1.0203e-08]], device='cuda:0')}, 45: {'step': tensor(39456.), 'exp_avg': tensor([ 6.5747e-06,  1.2942e-05, -7.6451e-06,  ..., -1.4374e-05,
        -5.5794e-06, -5.6040e-06], device='cuda:0'), 'exp_avg_sq': tensor([5.8396e-09, 6.8894e-09, 4.9264e-09,  ..., 1.0595e-08, 5.9255e-09,
        6.8717e-09], device='cuda:0')}, 46: {'step': tensor(39456.), 'exp_avg': tensor([-8.9096e-06, -2.1863e-06, -1.4838e-05,  ..., -5.2321e-06,
         7.6365e-06, -5.5313e-06], device='cuda:0'), 'exp_avg_sq': tensor([1.8232e-09, 2.3169e-09, 3.5386e-09,  ..., 3.2213e-09, 1.7657e-09,
        3.7007e-09], device='cuda:0')}, 47: {'step': tensor(39456.), 'exp_avg': tensor([ 9.0440e-06, -7.4941e-06, -1.0341e-05,  ..., -9.9544e-06,
         1.0987e-06, -4.1700e-06], device='cuda:0'), 'exp_avg_sq': tensor([2.7282e-09, 3.9696e-09, 2.9486e-09,  ..., 2.4642e-09, 2.3173e-09,
        3.2672e-09], device='cuda:0')}, 48: {'step': tensor(39456.), 'exp_avg': tensor([[ 3.5561e-06,  3.9416e-06,  1.6610e-07,  ..., -3.7146e-07,
          8.5296e-07,  8.9387e-08],
        [-1.6307e-05, -9.9810e-06, -4.5030e-06,  ..., -7.5236e-06,
         -4.1028e-06,  7.1663e-07],
        [ 1.1963e-05,  2.7131e-06, -6.1374e-06,  ..., -1.5056e-06,
         -3.3742e-06, -3.3619e-07],
        ...,
        [-1.5981e-07, -2.8367e-06, -6.3912e-07,  ..., -1.0406e-06,
         -8.2714e-07, -1.4612e-06],
        [ 5.9905e-06,  1.7279e-06,  6.5413e-06,  ...,  5.0544e-06,
         -8.1534e-06, -6.3367e-06],
        [ 3.4373e-07, -5.6030e-07, -1.5618e-06,  ...,  2.3509e-06,
          3.0426e-06,  2.3059e-06]], device='cuda:0'), 'exp_avg_sq': tensor([[1.0057e-09, 2.5675e-09, 2.7746e-09,  ..., 3.0962e-09, 3.9098e-09,
         1.1324e-08],
        [5.6405e-09, 4.6797e-09, 4.5582e-09,  ..., 8.4860e-09, 5.3535e-09,
         5.3527e-09],
        [1.3771e-09, 2.3938e-09, 2.9316e-09,  ..., 1.7569e-09, 2.5698e-09,
         4.9065e-09],
        ...,
        [6.8404e-10, 3.3263e-10, 1.5290e-09,  ..., 8.8896e-10, 1.4452e-09,
         1.1651e-09],
        [2.7683e-09, 2.2629e-09, 2.1573e-09,  ..., 3.6391e-09, 2.5555e-09,
         3.2565e-09],
        [1.2687e-09, 8.3768e-10, 1.2728e-09,  ..., 2.1916e-09, 1.4134e-09,
         2.4631e-09]], device='cuda:0')}, 49: {'step': tensor(39456.), 'exp_avg': tensor([ 9.9326e-07,  1.4328e-06, -3.3420e-06,  ...,  4.8773e-07,
        -3.4421e-06, -1.5429e-06], device='cuda:0'), 'exp_avg_sq': tensor([3.0531e-09, 4.4285e-09, 2.8402e-09,  ..., 7.1140e-10, 2.6005e-09,
        1.3611e-09], device='cuda:0')}, 50: {'step': tensor(39456.), 'exp_avg': tensor([[ 1.8447e-06, -6.8359e-07,  1.9747e-06,  ...,  1.2343e-06,
         -3.5715e-06, -1.5572e-07],
        [-5.2368e-08, -2.3111e-06,  1.0187e-05,  ...,  1.5670e-06,
          1.5815e-06, -1.0029e-06],
        [ 3.6612e-06,  8.6754e-07, -3.8721e-06,  ..., -1.2052e-06,
         -1.0161e-06, -8.1625e-07],
        ...,
        [-7.9897e-07,  5.6514e-06, -9.0422e-07,  ..., -3.2827e-07,
         -9.0013e-06,  1.5877e-06],
        [ 1.4846e-06, -7.2737e-07, -6.3089e-06,  ..., -5.5673e-07,
          3.4456e-07, -1.2448e-06],
        [ 1.0100e-06, -4.9653e-06, -5.1735e-06,  ...,  5.6149e-07,
          2.0490e-06, -1.1550e-06]], device='cuda:0'), 'exp_avg_sq': tensor([[7.8400e-10, 1.4982e-09, 3.8805e-10,  ..., 2.5359e-10, 9.9104e-10,
         4.9299e-10],
        [2.4671e-09, 1.0417e-09, 1.7313e-09,  ..., 3.2215e-10, 6.1996e-10,
         5.5229e-10],
        [5.2900e-10, 1.3143e-09, 1.4869e-09,  ..., 2.1005e-10, 1.1992e-09,
         6.2432e-10],
        ...,
        [8.0818e-10, 2.0141e-09, 9.9101e-10,  ..., 4.2365e-10, 1.4943e-09,
         3.9931e-10],
        [5.2904e-10, 1.0773e-09, 1.1504e-09,  ..., 2.1355e-10, 9.8745e-10,
         4.9805e-10],
        [4.2496e-10, 1.4102e-09, 9.6358e-10,  ..., 2.6163e-10, 9.7448e-10,
         5.1995e-10]], device='cuda:0')}, 51: {'step': tensor(39456.), 'exp_avg': tensor([ 1.3998e-07,  1.0359e-05, -3.5637e-06,  ..., -1.2825e-05,
        -9.2196e-06,  2.6376e-06], device='cuda:0'), 'exp_avg_sq': tensor([6.2463e-09, 6.7929e-09, 4.8230e-09,  ..., 8.0340e-09, 5.0489e-09,
        5.5994e-09], device='cuda:0')}, 52: {'step': tensor(39456.), 'exp_avg': tensor([-2.9292e-05,  2.3462e-05, -1.0056e-05,  ...,  3.6491e-06,
         2.2138e-05,  4.5304e-05], device='cuda:0'), 'exp_avg_sq': tensor([2.7045e-08, 2.6285e-08, 4.2078e-08,  ..., 7.8706e-08, 4.0209e-08,
        5.2558e-08], device='cuda:0')}, 53: {'step': tensor(39456.), 'exp_avg': tensor([ 2.0087e-05,  1.6393e-05,  3.1375e-06,  ..., -1.3130e-05,
        -2.5680e-05, -1.6653e-05], device='cuda:0'), 'exp_avg_sq': tensor([2.5983e-08, 2.4547e-08, 1.6840e-08,  ..., 2.6110e-08, 3.6042e-08,
        2.4582e-08], device='cuda:0')}, 54: {'step': tensor(39456.), 'exp_avg': tensor([[ 5.4249e-05, -1.0448e-05, -1.2791e-05,  ..., -5.6053e-05,
         -5.3559e-05, -4.5265e-05],
        [-3.2112e-05, -1.0399e-05,  1.8172e-05,  ..., -1.2673e-05,
         -2.5581e-05, -2.4048e-05],
        [-3.5679e-05, -4.2604e-06,  1.4444e-05,  ...,  6.3059e-06,
          6.3655e-06, -6.7540e-06],
        ...,
        [-3.8862e-06,  1.4682e-06, -1.2697e-05,  ..., -8.8317e-06,
          2.4723e-05, -2.6108e-06],
        [ 8.1473e-06, -2.5633e-06, -2.1673e-06,  ..., -8.9926e-06,
         -5.4730e-06, -5.6654e-06],
        [ 4.3233e-06, -5.2635e-06, -7.7587e-06,  ..., -3.8043e-06,
         -1.5134e-06, -1.0666e-06]], device='cuda:0'), 'exp_avg_sq': tensor([[1.7895e-08, 1.5280e-08, 1.6094e-08,  ..., 5.4105e-08, 1.6422e-08,
         4.0151e-08],
        [8.8740e-09, 1.0697e-08, 1.4798e-08,  ..., 5.8511e-08, 1.4581e-08,
         4.7003e-08],
        [2.8029e-08, 3.0170e-08, 3.1169e-08,  ..., 1.2278e-07, 2.5909e-08,
         9.8774e-08],
        ...,
        [7.1827e-09, 5.6295e-09, 8.3153e-09,  ..., 1.2194e-08, 1.2843e-08,
         1.0205e-08],
        [3.2874e-09, 3.4176e-09, 4.9277e-09,  ..., 5.2405e-09, 7.1841e-09,
         4.9963e-09],
        [2.3443e-09, 3.7914e-09, 3.5633e-09,  ..., 3.4495e-09, 4.8204e-09,
         3.9231e-09]], device='cuda:0')}, 55: {'step': tensor(39456.), 'exp_avg': tensor([[ 2.9786e-06, -6.8489e-07,  4.4127e-06,  ...,  1.3276e-05,
          2.8078e-06, -4.5092e-06],
        [-1.1146e-06,  4.0874e-06,  1.7206e-06,  ...,  1.3693e-05,
          3.2619e-07,  1.7203e-06],
        [-4.5196e-06, -5.0454e-06,  8.4085e-06,  ..., -1.7994e-05,
         -1.2783e-06, -2.2781e-06],
        ...,
        [-7.4703e-06,  3.9670e-06, -4.5654e-06,  ..., -5.3641e-06,
         -2.5046e-07,  3.0058e-06],
        [ 7.6371e-07, -6.3065e-06,  8.5351e-06,  ..., -1.2960e-05,
          8.3175e-06,  2.6482e-06],
        [ 5.6502e-07, -3.4247e-06,  1.3302e-05,  ..., -9.9427e-06,
         -2.5070e-07, -6.1399e-06]], device='cuda:0'), 'exp_avg_sq': tensor([[1.6002e-09, 1.6293e-09, 2.3654e-09,  ..., 2.4359e-09, 1.6939e-09,
         2.4700e-09],
        [1.8653e-09, 2.9291e-09, 4.3889e-09,  ..., 4.9470e-09, 2.8176e-09,
         3.1009e-09],
        [1.8259e-09, 1.9252e-09, 2.5395e-09,  ..., 4.5064e-09, 2.2105e-09,
         3.4597e-09],
        ...,
        [3.2539e-09, 3.9764e-09, 6.0031e-09,  ..., 6.0318e-09, 3.5213e-09,
         3.6790e-09],
        [1.9729e-09, 1.6306e-09, 3.0994e-09,  ..., 4.7285e-09, 2.6005e-09,
         4.0478e-09],
        [1.9726e-09, 2.6430e-09, 5.7156e-09,  ..., 5.3912e-09, 3.2656e-09,
         3.8880e-09]], device='cuda:0')}, 56: {'step': tensor(39456.), 'exp_avg': tensor([-2.4672e-06,  8.0438e-06, -5.5744e-06,  ...,  6.9827e-07,
        -3.1609e-07,  1.6614e-06], device='cuda:0'), 'exp_avg_sq': tensor([1.9725e-09, 3.1990e-09, 2.1618e-09,  ..., 3.9902e-09, 2.0466e-09,
        3.7544e-09], device='cuda:0')}, 57: {'step': tensor(39456.), 'exp_avg': tensor([-4.3460e-06, -1.2922e-05, -9.1303e-06,  ...,  1.6483e-06,
         2.4148e-06, -5.1549e-06], device='cuda:0'), 'exp_avg_sq': tensor([1.6461e-09, 2.7845e-09, 2.9524e-09,  ..., 2.8568e-09, 2.3594e-09,
        3.1816e-09], device='cuda:0')}, 58: {'step': tensor(39456.), 'exp_avg': tensor([ 3.3891e-06,  7.8483e-06, -7.8520e-06,  ..., -1.0735e-05,
        -1.2049e-06, -2.2465e-06], device='cuda:0'), 'exp_avg_sq': tensor([1.8164e-09, 2.3380e-09, 3.2070e-09,  ..., 1.8575e-09, 3.2706e-09,
        2.5310e-09], device='cuda:0')}, 59: {'step': tensor(39456.), 'exp_avg': tensor([[ 4.0766e-06,  2.3552e-06, -1.5766e-06,  ...,  1.9019e-06,
          3.3440e-06,  2.7015e-06],
        [-4.4144e-06, -1.9627e-07,  1.2680e-06,  ..., -3.1375e-07,
         -1.3277e-06, -2.8088e-06],
        [ 7.2453e-07,  6.3545e-06, -6.5258e-07,  ...,  1.8449e-07,
          5.6274e-06, -1.8008e-06],
        ...,
        [ 6.9202e-06,  1.9970e-07, -4.6708e-06,  ...,  1.0108e-06,
          1.6905e-06,  5.2295e-06],
        [ 2.9073e-06,  3.6578e-07, -6.3145e-06,  ..., -5.7330e-06,
         -3.8433e-06,  3.4100e-06],
        [-7.6233e-07, -5.9572e-07,  7.4116e-07,  ...,  3.9975e-07,
         -3.6613e-07,  2.0838e-07]], device='cuda:0'), 'exp_avg_sq': tensor([[7.7149e-11, 6.8587e-11, 7.0598e-11,  ..., 8.0270e-11, 9.8730e-11,
         9.0450e-11],
        [6.9882e-10, 5.3989e-10, 6.9145e-10,  ..., 1.2171e-09, 6.4279e-10,
         1.2606e-09],
        [6.6501e-10, 7.8563e-10, 5.5853e-10,  ..., 6.6485e-10, 5.5287e-10,
         4.8939e-10],
        ...,
        [2.8510e-09, 2.3794e-09, 2.1992e-09,  ..., 2.7399e-09, 2.0012e-09,
         2.6638e-09],
        [9.2908e-10, 5.1699e-10, 7.0377e-10,  ..., 4.2185e-10, 4.4352e-10,
         6.8756e-10],
        [1.3930e-10, 1.3438e-10, 2.5227e-10,  ..., 1.7732e-10, 2.3749e-10,
         4.2434e-10]], device='cuda:0')}, 60: {'step': tensor(39456.), 'exp_avg': tensor([-1.2728e-06, -1.6775e-06,  1.6184e-06,  ..., -6.2028e-06,
        -4.0967e-06,  4.0955e-07], device='cuda:0'), 'exp_avg_sq': tensor([9.0378e-11, 8.1571e-10, 7.1450e-10,  ..., 2.1533e-09, 6.4711e-10,
        2.0568e-10], device='cuda:0')}, 61: {'step': tensor(39456.), 'exp_avg': tensor([[ 1.1598e-07,  1.7699e-07,  5.4723e-08,  ...,  1.5008e-06,
          2.3568e-06,  4.9076e-07],
        [-1.0991e-06, -5.6571e-07, -1.4830e-06,  ...,  1.5965e-06,
          8.2158e-07, -4.6846e-07],
        [ 2.2576e-07, -4.6718e-07, -1.9191e-06,  ...,  8.4333e-07,
         -1.1049e-06,  8.9291e-08],
        ...,
        [ 1.4917e-06,  2.5028e-07, -2.2181e-06,  ..., -7.0837e-08,
          1.4085e-06, -4.2349e-07],
        [-5.6254e-07, -1.1302e-06,  4.8634e-07,  ..., -1.6557e-07,
          4.5624e-07,  7.2413e-07],
        [-7.2194e-07, -1.3384e-06,  2.9268e-06,  ..., -9.1795e-07,
         -4.0669e-07,  3.6908e-07]], device='cuda:0'), 'exp_avg_sq': tensor([[4.5992e-11, 1.4673e-10, 1.6896e-10,  ..., 4.0959e-10, 1.0856e-10,
         1.3785e-10],
        [7.6534e-11, 1.7048e-10, 2.2047e-10,  ..., 7.2267e-10, 2.1379e-10,
         9.2289e-11],
        [4.3010e-11, 8.0337e-11, 3.4111e-10,  ..., 4.1904e-10, 1.4426e-10,
         2.0885e-10],
        ...,
        [6.0360e-11, 2.0640e-10, 2.4837e-10,  ..., 1.0476e-09, 2.6827e-10,
         5.7840e-11],
        [4.9124e-11, 2.3691e-10, 5.4974e-10,  ..., 9.8247e-10, 1.2346e-10,
         2.7871e-10],
        [7.5854e-11, 1.1528e-10, 2.7101e-10,  ..., 7.9931e-10, 1.3302e-10,
         1.5906e-10]], device='cuda:0')}, 62: {'step': tensor(39456.), 'exp_avg': tensor([-3.8651e-06,  4.6601e-06, -2.8744e-06,  ..., -5.0887e-06,
        -5.5355e-07,  1.7139e-06], device='cuda:0'), 'exp_avg_sq': tensor([1.6441e-09, 2.6578e-09, 1.3957e-09,  ..., 3.2380e-09, 1.8905e-09,
        3.8337e-09], device='cuda:0')}, 63: {'step': tensor(39456.), 'exp_avg': tensor([ 6.5080e-06,  4.2676e-06, -2.6396e-05,  ...,  2.7349e-05,
         3.5417e-05,  5.6307e-06], device='cuda:0'), 'exp_avg_sq': tensor([1.0625e-08, 1.9031e-08, 1.7962e-08,  ..., 3.3271e-08, 2.0254e-08,
        2.5685e-08], device='cuda:0')}, 64: {'step': tensor(39456.), 'exp_avg': tensor([-5.7694e-06,  1.6318e-05,  3.4772e-07,  ..., -8.5838e-06,
         3.8607e-06,  2.1626e-05], device='cuda:0'), 'exp_avg_sq': tensor([9.1145e-09, 1.3508e-08, 1.9376e-08,  ..., 1.7975e-08, 1.2665e-08,
        2.6647e-08], device='cuda:0')}, 65: {'step': tensor(39456.), 'exp_avg': tensor([[-5.3985e-08,  1.6370e-06,  1.8323e-07,  ..., -5.9456e-07,
          8.9727e-07, -8.0961e-07],
        [ 1.3875e-06, -1.6164e-06, -3.9822e-06,  ..., -1.0076e-06,
         -1.3455e-06, -1.1996e-06],
        [-2.0534e-06, -2.3585e-06, -1.1839e-06,  ..., -7.6146e-06,
          4.2836e-06,  1.4769e-06],
        ...,
        [-2.2221e-06, -1.0530e-06, -1.4063e-06,  ...,  9.5559e-07,
          1.4769e-06, -1.4006e-06],
        [ 8.4014e-07,  9.2402e-06,  7.1202e-08,  ..., -4.9795e-06,
         -5.0255e-06, -1.0598e-06],
        [ 2.6472e-06,  1.0386e-05,  1.1338e-06,  ...,  2.4712e-06,
          1.2392e-05,  1.2470e-05]], device='cuda:0'), 'exp_avg_sq': tensor([[5.6298e-09, 3.0991e-09, 4.8821e-09,  ..., 6.0401e-09, 3.8909e-09,
         9.2833e-09],
        [8.3195e-09, 4.7557e-09, 5.4787e-09,  ..., 1.2398e-08, 5.8699e-09,
         1.5652e-08],
        [7.5612e-09, 6.0197e-09, 7.4922e-09,  ..., 2.2199e-08, 6.1876e-09,
         1.6378e-08],
        ...,
        [9.1213e-10, 1.1159e-09, 9.8544e-10,  ..., 1.0195e-09, 8.4380e-10,
         1.2863e-09],
        [8.9877e-10, 1.0865e-09, 9.9007e-10,  ..., 1.0791e-09, 9.1776e-10,
         9.6143e-10],
        [2.7397e-09, 3.9135e-09, 3.8329e-09,  ..., 4.1582e-09, 2.7817e-09,
         4.4607e-09]], device='cuda:0')}, 66: {'step': tensor(39456.), 'exp_avg': tensor([[ 1.0230e-06, -6.1422e-07, -1.9001e-06,  ..., -2.5234e-06,
         -1.2609e-06,  5.3772e-06],
        [-1.2574e-05,  3.8780e-06,  8.0985e-06,  ...,  3.1612e-06,
         -4.8745e-06,  5.9450e-06],
        [ 2.6468e-06,  2.2169e-07, -3.4084e-06,  ...,  8.0301e-07,
          1.3256e-06, -3.6333e-06],
        ...,
        [ 5.3920e-06, -2.3513e-06, -2.9904e-06,  ..., -2.0750e-06,
          7.8591e-07, -8.5449e-07],
        [ 7.1406e-06, -2.4241e-06, -3.5823e-06,  ..., -3.7131e-06,
          1.7709e-06,  9.2752e-07],
        [ 1.7487e-05, -2.5986e-06, -7.8461e-06,  ..., -6.2792e-06,
          3.6294e-06,  2.2042e-06]], device='cuda:0'), 'exp_avg_sq': tensor([[9.3556e-10, 5.3135e-10, 1.7157e-09,  ..., 2.4644e-10, 4.7904e-10,
         9.9565e-10],
        [1.9806e-09, 6.0644e-10, 2.0568e-09,  ..., 3.4427e-10, 7.2703e-10,
         1.0518e-09],
        [1.5128e-09, 1.1059e-09, 2.8617e-09,  ..., 6.5950e-10, 8.5579e-10,
         1.6654e-09],
        ...,
        [1.4833e-09, 7.3154e-10, 2.9760e-09,  ..., 4.4844e-10, 6.9281e-10,
         1.4818e-09],
        [5.5228e-10, 1.8229e-10, 1.0305e-09,  ..., 2.2005e-10, 2.7804e-10,
         5.8956e-10],
        [2.6049e-09, 1.0294e-09, 3.3847e-09,  ..., 8.9721e-10, 1.0498e-09,
         2.4675e-09]], device='cuda:0')}, 67: {'step': tensor(39456.), 'exp_avg': tensor([-2.3163e-06,  3.0152e-06, -3.5937e-06,  ..., -3.6881e-06,
        -7.5347e-07, -3.0555e-06], device='cuda:0'), 'exp_avg_sq': tensor([7.0336e-10, 9.3807e-10, 1.2564e-09,  ..., 1.1044e-09, 4.4346e-10,
        1.6556e-09], device='cuda:0')}, 68: {'step': tensor(39456.), 'exp_avg': tensor([-7.1754e-06, -1.5284e-06, -9.4104e-06,  ...,  3.2386e-06,
         6.9537e-06,  7.6131e-07], device='cuda:0'), 'exp_avg_sq': tensor([2.3449e-09, 9.3035e-09, 2.4487e-09,  ..., 4.9758e-09, 1.1628e-09,
        4.4480e-09], device='cuda:0')}, 69: {'step': tensor(39456.), 'exp_avg': tensor([-3.2249e-07,  4.8072e-06, -8.8228e-06,  ..., -6.7420e-06,
        -4.2924e-06, -5.4546e-06], device='cuda:0'), 'exp_avg_sq': tensor([2.6916e-09, 7.8208e-09, 3.7722e-09,  ..., 3.5930e-09, 1.4966e-09,
        3.4312e-09], device='cuda:0')}, 70: {'step': tensor(39456.), 'exp_avg': tensor([[ 8.7538e-06,  4.9747e-06, -5.7335e-06,  ...,  4.9758e-06,
          7.2582e-06,  5.8509e-06],
        [ 1.0138e-06, -1.0140e-07, -2.5646e-07,  ...,  6.0099e-07,
          6.6495e-08, -1.3139e-06],
        [-4.1232e-07,  8.5118e-07,  3.7826e-07,  ...,  3.6287e-07,
          5.7500e-08,  5.0424e-07],
        ...,
        [ 5.4358e-06, -7.3937e-08, -2.1599e-06,  ...,  1.5332e-06,
          4.7316e-06,  3.9190e-06],
        [ 7.6667e-06,  1.4027e-05,  6.9155e-07,  ...,  8.3302e-06,
          5.3214e-06,  3.7640e-06],
        [-1.3649e-08,  3.3177e-08,  5.1009e-08,  ...,  3.9060e-08,
         -1.8783e-08, -2.2757e-08]], device='cuda:0'), 'exp_avg_sq': tensor([[2.1176e-09, 1.0601e-09, 9.5884e-10,  ..., 2.2539e-09, 1.5014e-09,
         3.6668e-09],
        [2.9163e-10, 1.3463e-10, 1.0555e-10,  ..., 1.4571e-10, 1.4045e-10,
         2.7514e-10],
        [1.1383e-10, 8.7738e-11, 1.1638e-10,  ..., 3.7828e-10, 4.5136e-11,
         1.1971e-10],
        ...,
        [3.0213e-09, 1.4879e-09, 1.5777e-09,  ..., 1.5049e-09, 8.9059e-10,
         4.2389e-09],
        [4.2744e-09, 2.2008e-09, 2.7624e-09,  ..., 6.0424e-09, 1.3995e-09,
         2.1948e-09],
        [2.5264e-13, 2.9941e-13, 2.3956e-13,  ..., 4.7125e-13, 8.9139e-14,
         3.5288e-13]], device='cuda:0')}, 71: {'step': tensor(39456.), 'exp_avg': tensor([-4.4877e-06,  1.3577e-06, -2.1966e-07,  ..., -3.8736e-06,
         3.2267e-06,  3.5950e-08], device='cuda:0'), 'exp_avg_sq': tensor([1.4155e-09, 2.4506e-10, 1.2297e-10,  ..., 2.5611e-09, 3.1213e-09,
        3.1518e-13], device='cuda:0')}, 72: {'step': tensor(39456.), 'exp_avg': tensor([[-5.8967e-08, -5.6432e-07, -6.9030e-07,  ...,  4.2456e-08,
         -2.7121e-07,  1.7267e-09],
        [-3.2309e-07,  1.1549e-06, -1.7983e-07,  ..., -4.2946e-08,
          1.2598e-06,  1.1934e-08],
        [ 1.8749e-07,  8.5663e-07, -8.3112e-07,  ..., -1.6038e-07,
          5.0416e-07,  2.3487e-08],
        ...,
        [ 2.0951e-07, -3.5586e-07, -4.6359e-07,  ...,  2.2433e-07,
          4.3329e-08, -3.7373e-08],
        [-2.4278e-07,  6.2395e-08,  2.6190e-08,  ...,  1.3313e-07,
          2.5377e-07, -2.4052e-09],
        [-1.3866e-07, -2.3161e-06, -2.5646e-07,  ...,  6.0745e-07,
         -2.4497e-06, -4.9236e-10]], device='cuda:0'), 'exp_avg_sq': tensor([[5.3870e-12, 1.2372e-11, 1.8264e-11,  ..., 7.3695e-12, 4.5807e-11,
         2.2940e-13],
        [4.0158e-12, 1.0794e-11, 1.2436e-11,  ..., 5.2568e-12, 4.0079e-11,
         3.1114e-13],
        [1.2396e-11, 4.0686e-11, 4.7123e-11,  ..., 2.3359e-11, 1.0077e-10,
         3.6355e-13],
        ...,
        [5.4879e-12, 2.2157e-11, 9.7835e-12,  ..., 1.1733e-11, 4.5146e-11,
         3.9759e-13],
        [3.2473e-12, 1.1091e-11, 5.3452e-12,  ..., 8.1089e-12, 2.6743e-11,
         1.5246e-13],
        [2.0918e-11, 5.2201e-11, 2.3553e-11,  ..., 3.7876e-11, 6.0179e-11,
         3.0877e-13]], device='cuda:0')}, 73: {'step': tensor(39456.), 'exp_avg': tensor([-4.9307e-07,  1.4128e-06, -7.9354e-07,  ..., -6.7781e-07,
         9.4051e-07, -5.8764e-07], device='cuda:0'), 'exp_avg_sq': tensor([1.7875e-10, 1.8272e-10, 8.4205e-10,  ..., 4.3770e-10, 2.7850e-10,
        7.2875e-10], device='cuda:0')}, 74: {'step': tensor(39456.), 'exp_avg': tensor([ 8.9326e-06, -8.8211e-06, -7.1278e-06,  ...,  1.0756e-06,
        -3.4286e-06,  3.2145e-08], device='cuda:0'), 'exp_avg_sq': tensor([2.1072e-09, 1.8986e-09, 4.4675e-09,  ..., 5.7587e-09, 1.9078e-09,
        1.6380e-08], device='cuda:0')}, 75: {'step': tensor(39456.), 'exp_avg': tensor([-3.5718e-06,  5.8465e-06, -4.6251e-06,  ..., -9.5509e-07,
         1.9861e-06, -7.1201e-06], device='cuda:0'), 'exp_avg_sq': tensor([2.3530e-09, 2.6923e-09, 1.0849e-08,  ..., 6.2682e-09, 3.8836e-09,
        1.0339e-08], device='cuda:0')}, 76: {'step': tensor(39456.), 'exp_avg': tensor([[-1.3335e-04,  2.0718e-05,  2.3424e-04,  ...,  9.9799e-05,
         -1.8998e-05,  2.6388e-05],
        [ 6.2594e-04,  1.7113e-04, -2.6933e-04,  ...,  3.4446e-04,
          3.0442e-04,  1.8273e-04],
        [-2.8961e-05, -2.8270e-05, -6.7011e-05,  ..., -1.5904e-04,
         -4.9144e-06,  1.7912e-05],
        [-5.9620e-06,  2.6058e-06,  4.7262e-06,  ...,  2.1100e-05,
         -5.5671e-07, -1.9782e-05],
        [-6.3359e-04,  4.1851e-05,  1.4532e-04,  ..., -1.2266e-04,
         -1.2549e-04, -5.5873e-08],
        [ 1.7591e-04, -2.0804e-04, -4.7948e-05,  ..., -1.8366e-04,
         -1.5447e-04, -2.0719e-04]], device='cuda:0'), 'exp_avg_sq': tensor([[4.5212e-06, 1.8229e-06, 2.1192e-06,  ..., 4.2270e-06, 1.6377e-06,
         3.9096e-06],
        [1.9379e-06, 1.1777e-06, 9.6497e-07,  ..., 1.1145e-06, 1.2743e-06,
         2.0037e-06],
        [3.2633e-07, 2.6636e-07, 1.8747e-07,  ..., 1.0187e-06, 2.8584e-07,
         1.8482e-07],
        [4.5804e-07, 2.1238e-07, 2.6099e-07,  ..., 1.3206e-06, 3.0850e-07,
         1.0082e-06],
        [4.0289e-06, 2.2372e-06, 2.1128e-06,  ..., 3.5205e-06, 2.5519e-06,
         6.4344e-06],
        [1.6609e-06, 1.1043e-06, 1.7442e-06,  ..., 2.1466e-06, 1.3781e-06,
         1.7958e-06]], device='cuda:0')}, 77: {'step': tensor(39456.), 'exp_avg': tensor([ 6.3890e-05, -1.8610e-04, -6.2199e-05,  1.2223e-05,  9.6606e-05,
         7.5595e-05], device='cuda:0'), 'exp_avg_sq': tensor([3.9205e-06, 1.3156e-06, 3.4745e-07, 5.0147e-07, 3.8829e-06, 2.3326e-06],
       device='cuda:0')}}
param_groups 	 [{'lr': 4.686047402353443e-05, 'betas': (0.9, 0.999), 'eps': 1e-08, 'weight_decay': 0, 'amsgrad': False, 'maximize': False, 'foreach': None, 'capturable': False, 'differentiable': False, 'fused': False, 'initial_lr': 0.0001, 'params': [0, 1, 2, 3, 4, 5, 6, 7, 8, 9, 10, 11, 12, 13, 14, 15, 16, 17, 18, 19, 20, 21, 22, 23, 24, 25, 26, 27, 28, 29, 30, 31, 32, 33, 34, 35, 36, 37, 38, 39, 40, 41, 42, 43, 44, 45, 46, 47, 48, 49, 50, 51, 52, 53, 54, 55, 56, 57, 58, 59, 60, 61, 62, 63, 64, 65, 66, 67, 68, 69, 70, 71, 72, 73, 74, 75, 76, 77]}]
End time:  2023-07-18 15:30:57.720952
Total time:  0:34:01.862811
