cnn1d
Start time:  2023-10-20 10:52:18.692427
Loading data...
Data loaded.
Epoch:  0 Loss:  3.05183744430542
Epoch:  10 Loss:  1.163917064666748
Epoch:  20 Loss:  0.9376140832901001
Epoch:  30 Loss:  0.9178746938705444
Epoch:  40 Loss:  1.5595849752426147
Epoch:  50 Loss:  0.7224669456481934
Epoch:  60 Loss:  0.6740446090698242
Epoch:  70 Loss:  2.2140042781829834
Epoch:  80 Loss:  1.4966835975646973
Epoch:  90 Loss:  1.493581771850586
Epoch:  100 Loss:  1.51343834400177
Epoch:  110 Loss:  1.481848120689392
Epoch:  120 Loss:  1.5119775533676147
Epoch:  130 Loss:  1.5015649795532227
Epoch:  140 Loss:  1.4550405740737915
End time:  2023-10-20 11:02:19.551039
Total time:  0:10:00.858612
