MODEL_NAME:  vit1d
Start time:  2023-07-14 14:44:38.765676
Epoch 001: | Loss: 0.67337
Epoch 002: | Loss: 0.44115
Epoch 003: | Loss: 0.35947
Epoch 004: | Loss: 0.30781
Epoch 005: | Loss: 0.28075
Epoch 006: | Loss: 0.24072
Epoch 007: | Loss: 0.21736
Epoch 008: | Loss: 0.20061
Epoch 009: | Loss: 0.17150
Epoch 010: | Loss: 0.16531
Epoch 011: | Loss: 0.13965
early stopping at epoch 12 with loss 0.14185
Model's state_dict:
pos_embedding 	 torch.Size([1, 17, 1024])
cls_token 	 torch.Size([1024])
to_patch_embedding.1.weight 	 torch.Size([15])
to_patch_embedding.1.bias 	 torch.Size([15])
to_patch_embedding.2.weight 	 torch.Size([1024, 15])
to_patch_embedding.2.bias 	 torch.Size([1024])
to_patch_embedding.3.weight 	 torch.Size([1024])
to_patch_embedding.3.bias 	 torch.Size([1024])
transformer.layers.0.0.norm.weight 	 torch.Size([1024])
transformer.layers.0.0.norm.bias 	 torch.Size([1024])
transformer.layers.0.0.fn.to_qkv.weight 	 torch.Size([1536, 1024])
transformer.layers.0.0.fn.to_out.0.weight 	 torch.Size([1024, 512])
transformer.layers.0.0.fn.to_out.0.bias 	 torch.Size([1024])
transformer.layers.0.1.norm.weight 	 torch.Size([1024])
transformer.layers.0.1.norm.bias 	 torch.Size([1024])
transformer.layers.0.1.fn.net.0.weight 	 torch.Size([2048, 1024])
transformer.layers.0.1.fn.net.0.bias 	 torch.Size([2048])
transformer.layers.0.1.fn.net.3.weight 	 torch.Size([1024, 2048])
transformer.layers.0.1.fn.net.3.bias 	 torch.Size([1024])
transformer.layers.1.0.norm.weight 	 torch.Size([1024])
transformer.layers.1.0.norm.bias 	 torch.Size([1024])
transformer.layers.1.0.fn.to_qkv.weight 	 torch.Size([1536, 1024])
transformer.layers.1.0.fn.to_out.0.weight 	 torch.Size([1024, 512])
transformer.layers.1.0.fn.to_out.0.bias 	 torch.Size([1024])
transformer.layers.1.1.norm.weight 	 torch.Size([1024])
transformer.layers.1.1.norm.bias 	 torch.Size([1024])
transformer.layers.1.1.fn.net.0.weight 	 torch.Size([2048, 1024])
transformer.layers.1.1.fn.net.0.bias 	 torch.Size([2048])
transformer.layers.1.1.fn.net.3.weight 	 torch.Size([1024, 2048])
transformer.layers.1.1.fn.net.3.bias 	 torch.Size([1024])
transformer.layers.2.0.norm.weight 	 torch.Size([1024])
transformer.layers.2.0.norm.bias 	 torch.Size([1024])
transformer.layers.2.0.fn.to_qkv.weight 	 torch.Size([1536, 1024])
transformer.layers.2.0.fn.to_out.0.weight 	 torch.Size([1024, 512])
transformer.layers.2.0.fn.to_out.0.bias 	 torch.Size([1024])
transformer.layers.2.1.norm.weight 	 torch.Size([1024])
transformer.layers.2.1.norm.bias 	 torch.Size([1024])
transformer.layers.2.1.fn.net.0.weight 	 torch.Size([2048, 1024])
transformer.layers.2.1.fn.net.0.bias 	 torch.Size([2048])
transformer.layers.2.1.fn.net.3.weight 	 torch.Size([1024, 2048])
transformer.layers.2.1.fn.net.3.bias 	 torch.Size([1024])
transformer.layers.3.0.norm.weight 	 torch.Size([1024])
transformer.layers.3.0.norm.bias 	 torch.Size([1024])
transformer.layers.3.0.fn.to_qkv.weight 	 torch.Size([1536, 1024])
transformer.layers.3.0.fn.to_out.0.weight 	 torch.Size([1024, 512])
transformer.layers.3.0.fn.to_out.0.bias 	 torch.Size([1024])
transformer.layers.3.1.norm.weight 	 torch.Size([1024])
transformer.layers.3.1.norm.bias 	 torch.Size([1024])
transformer.layers.3.1.fn.net.0.weight 	 torch.Size([2048, 1024])
transformer.layers.3.1.fn.net.0.bias 	 torch.Size([2048])
transformer.layers.3.1.fn.net.3.weight 	 torch.Size([1024, 2048])
transformer.layers.3.1.fn.net.3.bias 	 torch.Size([1024])
transformer.layers.4.0.norm.weight 	 torch.Size([1024])
transformer.layers.4.0.norm.bias 	 torch.Size([1024])
transformer.layers.4.0.fn.to_qkv.weight 	 torch.Size([1536, 1024])
transformer.layers.4.0.fn.to_out.0.weight 	 torch.Size([1024, 512])
transformer.layers.4.0.fn.to_out.0.bias 	 torch.Size([1024])
transformer.layers.4.1.norm.weight 	 torch.Size([1024])
transformer.layers.4.1.norm.bias 	 torch.Size([1024])
transformer.layers.4.1.fn.net.0.weight 	 torch.Size([2048, 1024])
transformer.layers.4.1.fn.net.0.bias 	 torch.Size([2048])
transformer.layers.4.1.fn.net.3.weight 	 torch.Size([1024, 2048])
transformer.layers.4.1.fn.net.3.bias 	 torch.Size([1024])
transformer.layers.5.0.norm.weight 	 torch.Size([1024])
transformer.layers.5.0.norm.bias 	 torch.Size([1024])
transformer.layers.5.0.fn.to_qkv.weight 	 torch.Size([1536, 1024])
transformer.layers.5.0.fn.to_out.0.weight 	 torch.Size([1024, 512])
transformer.layers.5.0.fn.to_out.0.bias 	 torch.Size([1024])
transformer.layers.5.1.norm.weight 	 torch.Size([1024])
transformer.layers.5.1.norm.bias 	 torch.Size([1024])
transformer.layers.5.1.fn.net.0.weight 	 torch.Size([2048, 1024])
transformer.layers.5.1.fn.net.0.bias 	 torch.Size([2048])
transformer.layers.5.1.fn.net.3.weight 	 torch.Size([1024, 2048])
transformer.layers.5.1.fn.net.3.bias 	 torch.Size([1024])
mlp_head.0.weight 	 torch.Size([1024])
mlp_head.0.bias 	 torch.Size([1024])
mlp_head.1.weight 	 torch.Size([6, 1024])
mlp_head.1.bias 	 torch.Size([6])
Optimizer's state_dict:
state 	 {0: {'step': tensor(6900.), 'exp_avg': tensor([[[ 1.1355e-04,  1.9052e-04,  5.1259e-06,  ..., -1.0958e-04,
          -5.0056e-05,  8.9383e-05],
         [ 6.3014e-05, -8.7242e-06, -5.9844e-05,  ..., -1.1429e-04,
          -3.0161e-05,  5.8004e-05],
         [ 1.7385e-04, -4.1350e-05, -1.0266e-04,  ...,  5.2741e-05,
           4.9340e-05, -1.0009e-04],
         ...,
         [-3.8614e-05,  1.5864e-04, -1.4772e-04,  ...,  1.1398e-04,
           1.0302e-05, -2.2412e-04],
         [ 8.0473e-05,  2.1803e-05,  5.1568e-05,  ...,  8.6110e-05,
          -8.0381e-05, -7.6920e-05],
         [ 7.2233e-05, -2.5210e-04,  9.6820e-05,  ...,  2.6599e-05,
          -1.0822e-04, -1.1123e-05]]], device='cuda:0'), 'exp_avg_sq': tensor([[[1.5571e-07, 1.3012e-07, 1.3658e-07,  ..., 1.4157e-07,
          1.3760e-07, 1.8023e-07],
         [1.8232e-07, 1.7132e-07, 1.7523e-07,  ..., 1.9149e-07,
          1.3075e-07, 1.5971e-07],
         [1.6316e-07, 1.5675e-07, 1.5600e-07,  ..., 1.6974e-07,
          1.3758e-07, 1.5970e-07],
         ...,
         [1.9317e-07, 1.7365e-07, 1.8774e-07,  ..., 1.6559e-07,
          1.4633e-07, 2.2067e-07],
         [1.7366e-07, 1.5556e-07, 1.5939e-07,  ..., 1.8591e-07,
          1.4236e-07, 1.6637e-07],
         [1.3592e-07, 1.2197e-07, 1.3624e-07,  ..., 1.5076e-07,
          1.1390e-07, 1.4555e-07]]], device='cuda:0')}, 1: {'step': tensor(6900.), 'exp_avg': tensor([ 1.1355e-04,  1.9052e-04,  5.1259e-06,  ..., -1.0958e-04,
        -5.0056e-05,  8.9383e-05], device='cuda:0'), 'exp_avg_sq': tensor([1.5571e-07, 1.3012e-07, 1.3658e-07,  ..., 1.4157e-07, 1.3760e-07,
        1.8023e-07], device='cuda:0')}, 2: {'step': tensor(6900.), 'exp_avg': tensor([-0.0174,  0.0003,  0.0176, -0.0103,  0.0156, -0.0046, -0.0105, -0.0230,
        -0.0013,  0.0083,  0.0318, -0.0126,  0.0037,  0.0193, -0.0022],
       device='cuda:0'), 'exp_avg_sq': tensor([0.0060, 0.0036, 0.0036, 0.0048, 0.0036, 0.0038, 0.0041, 0.0041, 0.0050,
        0.0048, 0.0041, 0.0038, 0.0038, 0.0038, 0.0061], device='cuda:0')}, 3: {'step': tensor(6900.), 'exp_avg': tensor([-0.0019,  0.0016,  0.0083,  0.0410,  0.0222,  0.0123, -0.0181, -0.0158,
        -0.0189,  0.0065, -0.0237, -0.0266, -0.0316,  0.0210,  0.0093],
       device='cuda:0'), 'exp_avg_sq': tensor([0.0048, 0.0031, 0.0032, 0.0033, 0.0033, 0.0039, 0.0037, 0.0038, 0.0042,
        0.0041, 0.0025, 0.0022, 0.0028, 0.0037, 0.0037], device='cuda:0')}, 4: {'step': tensor(6900.), 'exp_avg': tensor([[-1.8473e-04, -2.6666e-03, -1.5268e-03,  ...,  4.5302e-04,
          5.7891e-04,  6.1339e-06],
        [-7.8446e-04,  2.0633e-04, -1.9402e-03,  ..., -3.2092e-04,
         -4.0703e-04, -2.7106e-04],
        [-5.5139e-04, -3.9875e-04, -4.7246e-05,  ...,  1.8544e-04,
         -4.5223e-04, -7.3405e-04],
        ...,
        [ 5.8400e-04, -5.0935e-04, -7.2338e-04,  ...,  1.2161e-03,
          7.2200e-04,  1.0693e-03],
        [-1.3519e-04, -6.0237e-04, -3.7987e-04,  ..., -1.5371e-03,
         -1.2482e-03,  2.7972e-04],
        [-1.1069e-03, -7.2556e-04,  1.1565e-05,  ..., -6.4756e-04,
          3.0293e-04, -6.5639e-04]], device='cuda:0'), 'exp_avg_sq': tensor([[1.4679e-05, 1.3631e-05, 1.5533e-05,  ..., 1.2726e-05, 1.4175e-05,
         1.5855e-05],
        [1.1250e-05, 1.1168e-05, 1.0686e-05,  ..., 1.1785e-05, 1.1784e-05,
         1.1710e-05],
        [1.2006e-05, 1.1143e-05, 1.0398e-05,  ..., 1.2041e-05, 1.3468e-05,
         1.3351e-05],
        ...,
        [1.1568e-05, 1.1877e-05, 9.8875e-06,  ..., 1.2052e-05, 1.1935e-05,
         1.2926e-05],
        [9.4456e-06, 8.2239e-06, 7.5227e-06,  ..., 8.9005e-06, 9.0882e-06,
         1.1186e-05],
        [1.1910e-05, 1.2651e-05, 1.2950e-05,  ..., 1.2980e-05, 1.4347e-05,
         1.4163e-05]], device='cuda:0')}, 5: {'step': tensor(6900.), 'exp_avg': tensor([ 0.0012, -0.0012,  0.0009,  ..., -0.0006,  0.0005, -0.0002],
       device='cuda:0'), 'exp_avg_sq': tensor([9.4224e-06, 8.5553e-06, 8.1120e-06,  ..., 7.3198e-06, 7.4304e-06,
        8.4769e-06], device='cuda:0')}, 6: {'step': tensor(6900.), 'exp_avg': tensor([-8.7147e-05, -2.0273e-04,  7.1530e-04,  ..., -3.1428e-04,
        -1.3163e-04,  4.6689e-04], device='cuda:0'), 'exp_avg_sq': tensor([2.6954e-06, 3.1031e-06, 3.8946e-06,  ..., 2.7302e-06, 3.2612e-06,
        3.5476e-06], device='cuda:0')}, 7: {'step': tensor(6900.), 'exp_avg': tensor([ 0.0007, -0.0007,  0.0005,  ..., -0.0003,  0.0002, -0.0001],
       device='cuda:0'), 'exp_avg_sq': tensor([2.9823e-06, 2.6514e-06, 2.4677e-06,  ..., 2.3665e-06, 2.3153e-06,
        2.5929e-06], device='cuda:0')}, 8: {'step': tensor(6900.), 'exp_avg': tensor([-0.0005, -0.0004, -0.0006,  ...,  0.0002, -0.0005,  0.0001],
       device='cuda:0'), 'exp_avg_sq': tensor([3.7346e-06, 2.8124e-06, 4.6399e-06,  ..., 4.2493e-06, 3.5912e-06,
        3.9786e-06], device='cuda:0')}, 9: {'step': tensor(6900.), 'exp_avg': tensor([ 3.8978e-04, -5.8973e-04,  8.4275e-05,  ...,  4.7554e-04,
        -9.1184e-05, -6.4551e-04], device='cuda:0'), 'exp_avg_sq': tensor([2.8067e-06, 1.7802e-06, 1.7525e-06,  ..., 2.1492e-06, 2.0821e-06,
        2.3016e-06], device='cuda:0')}, 10: {'step': tensor(6900.), 'exp_avg': tensor([[ 4.1313e-05,  1.7912e-04,  4.8834e-04,  ..., -2.0448e-04,
         -1.6652e-04,  8.5322e-05],
        [ 1.1916e-04,  6.3012e-05,  2.6824e-04,  ...,  3.9409e-04,
          8.5580e-05, -7.8208e-06],
        [ 6.9825e-04,  2.7731e-04, -6.2050e-04,  ...,  4.5738e-04,
          3.9996e-04, -6.8867e-04],
        ...,
        [-1.9518e-04, -2.1474e-04, -5.2126e-04,  ..., -1.9482e-04,
         -5.9196e-04, -3.9869e-04],
        [ 1.5810e-04,  3.9806e-04, -7.3462e-06,  ..., -4.4741e-04,
         -2.4295e-04,  3.4216e-04],
        [-9.1712e-05,  2.5363e-04, -3.2833e-04,  ..., -1.1819e-03,
          1.0758e-03,  3.3855e-04]], device='cuda:0'), 'exp_avg_sq': tensor([[1.5877e-06, 2.1427e-06, 2.5248e-06,  ..., 2.1928e-06, 2.9043e-06,
         2.5851e-06],
        [1.5737e-06, 2.0371e-06, 2.5494e-06,  ..., 2.3821e-06, 2.7402e-06,
         2.8475e-06],
        [1.2787e-06, 1.3841e-06, 1.7986e-06,  ..., 1.9690e-06, 2.1661e-06,
         1.6668e-06],
        ...,
        [1.5042e-06, 1.8883e-06, 1.8518e-06,  ..., 2.4344e-06, 1.9928e-06,
         1.6087e-06],
        [1.5663e-06, 1.9667e-06, 1.8142e-06,  ..., 2.2026e-06, 1.7889e-06,
         1.5529e-06],
        [2.0920e-06, 2.6247e-06, 2.7113e-06,  ..., 3.0996e-06, 2.7659e-06,
         2.1258e-06]], device='cuda:0')}, 11: {'step': tensor(6900.), 'exp_avg': tensor([[-1.9644e-04,  2.6933e-04, -1.4196e-04,  ..., -3.2116e-04,
          3.3528e-04, -5.9692e-04],
        [-1.4686e-04, -2.8128e-04, -2.9915e-04,  ...,  5.0588e-04,
         -5.1348e-05, -6.0598e-04],
        [ 5.7893e-04,  1.0431e-03, -3.7997e-04,  ...,  6.2964e-04,
         -5.7033e-04,  4.8549e-04],
        ...,
        [-4.8813e-04, -5.2431e-04, -2.8793e-04,  ...,  7.0565e-05,
          4.1969e-04, -3.2959e-04],
        [-5.6050e-04, -4.4364e-04, -1.9609e-04,  ...,  5.8928e-04,
          2.0752e-05, -7.3223e-04],
        [ 2.3381e-04,  6.0338e-04, -6.3009e-04,  ...,  1.0838e-03,
         -2.7037e-04, -4.1774e-04]], device='cuda:0'), 'exp_avg_sq': tensor([[1.8144e-06, 2.2975e-06, 2.4054e-06,  ..., 2.6922e-06, 1.4895e-06,
         2.9464e-06],
        [2.2682e-06, 3.1584e-06, 3.0294e-06,  ..., 3.1009e-06, 1.8260e-06,
         3.1566e-06],
        [2.0276e-06, 2.4969e-06, 2.6162e-06,  ..., 2.7285e-06, 1.5397e-06,
         3.0248e-06],
        ...,
        [1.7570e-06, 2.2206e-06, 2.3527e-06,  ..., 2.8302e-06, 1.4750e-06,
         3.0420e-06],
        [1.7734e-06, 2.3902e-06, 2.3258e-06,  ..., 2.5573e-06, 1.4483e-06,
         2.8333e-06],
        [2.4236e-06, 3.1409e-06, 3.1510e-06,  ..., 3.5789e-06, 1.9614e-06,
         3.5809e-06]], device='cuda:0')}, 12: {'step': tensor(6900.), 'exp_avg': tensor([ 4.0827e-04, -7.8672e-05,  3.3564e-04,  ..., -9.0196e-04,
        -2.5851e-04,  3.6848e-04], device='cuda:0'), 'exp_avg_sq': tensor([1.2066e-06, 1.4341e-06, 1.3171e-06,  ..., 1.2613e-06, 1.4201e-06,
        1.4027e-06], device='cuda:0')}, 13: {'step': tensor(6900.), 'exp_avg': tensor([-0.0001, -0.0002, -0.0003,  ..., -0.0001,  0.0003,  0.0004],
       device='cuda:0'), 'exp_avg_sq': tensor([5.2086e-07, 3.9154e-07, 5.3320e-07,  ..., 5.0799e-07, 3.6678e-07,
        6.3328e-07], device='cuda:0')}, 14: {'step': tensor(6900.), 'exp_avg': tensor([ 0.0005, -0.0001,  0.0002,  ..., -0.0004, -0.0002,  0.0002],
       device='cuda:0'), 'exp_avg_sq': tensor([4.5296e-07, 3.6227e-07, 5.1604e-07,  ..., 5.0993e-07, 3.2316e-07,
        5.4066e-07], device='cuda:0')}, 15: {'step': tensor(6900.), 'exp_avg': tensor([[-2.0102e-04,  8.4281e-04,  1.1461e-04,  ...,  2.7810e-04,
         -1.4778e-04,  4.2842e-04],
        [ 1.7949e-05, -2.4018e-04,  4.0967e-05,  ...,  2.0460e-04,
          3.5573e-05,  1.7317e-05],
        [ 5.4599e-05,  8.6414e-05, -4.6176e-05,  ...,  1.3708e-04,
          3.1654e-05, -6.8682e-05],
        ...,
        [ 6.2429e-05,  2.4585e-04, -1.3766e-04,  ...,  1.7922e-06,
          1.1119e-04,  2.4425e-05],
        [ 1.6750e-05, -4.9786e-06, -8.1541e-05,  ..., -1.3174e-05,
         -7.2456e-05, -9.1629e-05],
        [-7.6415e-05, -2.6216e-05,  1.0591e-04,  ...,  7.3804e-05,
          4.4297e-05,  9.9013e-05]], device='cuda:0'), 'exp_avg_sq': tensor([[6.0100e-07, 7.9846e-07, 5.8566e-07,  ..., 7.4173e-07, 5.8023e-07,
         5.6792e-07],
        [1.2606e-07, 1.7432e-07, 1.4327e-07,  ..., 1.6115e-07, 1.3105e-07,
         1.1025e-07],
        [3.0960e-08, 4.2722e-08, 4.0817e-08,  ..., 3.9558e-08, 4.6203e-08,
         3.8617e-08],
        ...,
        [7.3595e-08, 1.0091e-07, 1.1938e-07,  ..., 1.0960e-07, 1.0294e-07,
         9.2250e-08],
        [8.8103e-08, 9.9324e-08, 1.3314e-07,  ..., 1.1623e-07, 1.0317e-07,
         1.1316e-07],
        [1.2021e-07, 1.2007e-07, 1.5465e-07,  ..., 1.6481e-07, 1.1590e-07,
         1.3085e-07]], device='cuda:0')}, 16: {'step': tensor(6900.), 'exp_avg': tensor([ 1.0589e-04,  1.0064e-04,  1.3373e-04,  ..., -1.8639e-04,
        -1.6216e-04, -1.2689e-05], device='cuda:0'), 'exp_avg_sq': tensor([6.7312e-07, 1.6976e-07, 4.9538e-08,  ..., 1.1464e-07, 1.2045e-07,
        1.2597e-07], device='cuda:0')}, 17: {'step': tensor(6900.), 'exp_avg': tensor([[ 2.0157e-04, -1.0089e-04,  1.2806e-04,  ..., -9.5075e-05,
          4.3963e-05,  1.4148e-04],
        [ 2.6763e-04, -1.0258e-05, -3.2133e-04,  ...,  9.0947e-05,
         -2.9387e-05, -8.3528e-06],
        [ 6.7966e-05, -2.8055e-05,  1.1548e-04,  ...,  1.2042e-04,
         -5.1547e-05, -5.4943e-05],
        ...,
        [-5.6298e-04,  9.5584e-05,  1.1697e-04,  ...,  1.0353e-04,
         -6.6723e-05,  1.1933e-04],
        [ 3.1544e-04,  1.6634e-04, -2.4853e-04,  ...,  1.1286e-05,
          3.0384e-05,  1.5217e-05],
        [ 1.8374e-04, -2.2090e-05, -8.9556e-05,  ...,  6.4662e-05,
         -1.3506e-04, -1.4447e-04]], device='cuda:0'), 'exp_avg_sq': tensor([[4.4148e-07, 7.7358e-08, 7.5436e-08,  ..., 7.4677e-08, 6.2026e-08,
         1.1912e-07],
        [4.5643e-07, 9.4225e-08, 1.2635e-07,  ..., 1.0396e-07, 8.4349e-08,
         1.6907e-07],
        [3.8794e-07, 6.7677e-08, 7.3578e-08,  ..., 7.2658e-08, 6.7575e-08,
         1.2810e-07],
        ...,
        [3.6367e-07, 7.7116e-08, 7.3488e-08,  ..., 7.2637e-08, 6.7636e-08,
         1.3653e-07],
        [4.1599e-07, 8.0939e-08, 1.0328e-07,  ..., 7.2413e-08, 6.7941e-08,
         1.3135e-07],
        [3.9614e-07, 9.1872e-08, 9.6950e-08,  ..., 8.7045e-08, 7.9887e-08,
         1.7043e-07]], device='cuda:0')}, 18: {'step': tensor(6900.), 'exp_avg': tensor([ 5.9712e-05, -1.6095e-04,  2.0479e-04,  ..., -6.3687e-04,
        -6.2981e-05,  1.3931e-04], device='cuda:0'), 'exp_avg_sq': tensor([8.7599e-07, 1.1014e-06, 9.1866e-07,  ..., 8.3010e-07, 1.1098e-06,
        1.0013e-06], device='cuda:0')}, 19: {'step': tensor(6900.), 'exp_avg': tensor([ 1.4829e-05,  9.2555e-05,  8.1165e-05,  ..., -8.3771e-04,
         4.0084e-04,  4.8344e-05], device='cuda:0'), 'exp_avg_sq': tensor([1.1072e-06, 2.5047e-06, 2.0129e-06,  ..., 2.1959e-06, 1.2123e-06,
        1.8509e-06], device='cuda:0')}, 20: {'step': tensor(6900.), 'exp_avg': tensor([ 0.0004, -0.0002,  0.0005,  ..., -0.0007,  0.0002,  0.0003],
       device='cuda:0'), 'exp_avg_sq': tensor([9.9558e-07, 1.5066e-06, 1.1810e-06,  ..., 1.1607e-06, 1.0169e-06,
        1.1357e-06], device='cuda:0')}, 21: {'step': tensor(6900.), 'exp_avg': tensor([[ 2.3128e-04, -1.4475e-04, -7.5738e-05,  ..., -3.2006e-05,
          4.2860e-04, -6.3163e-06],
        [-1.5635e-04,  2.8758e-04,  2.2095e-04,  ...,  4.0865e-04,
         -2.1158e-04,  1.6462e-04],
        [-6.4552e-05, -1.3351e-04, -1.9261e-05,  ..., -1.1271e-04,
          2.1007e-04,  2.5860e-04],
        ...,
        [ 6.0078e-05, -3.1150e-05, -1.4561e-04,  ..., -2.1588e-04,
          2.1959e-04,  2.0352e-04],
        [-1.3065e-05,  3.6697e-04,  8.7623e-05,  ...,  4.6028e-04,
         -3.1525e-06,  4.0587e-04],
        [ 1.8153e-05, -1.5720e-04,  2.1009e-04,  ..., -1.6042e-04,
         -2.9884e-04,  4.7926e-05]], device='cuda:0'), 'exp_avg_sq': tensor([[8.0297e-07, 1.3751e-06, 1.1031e-06,  ..., 1.4287e-06, 9.4448e-07,
         1.1341e-06],
        [8.4060e-07, 1.5247e-06, 9.3865e-07,  ..., 1.3511e-06, 9.9395e-07,
         1.0876e-06],
        [5.9779e-07, 9.0918e-07, 7.1417e-07,  ..., 9.2409e-07, 7.1241e-07,
         8.0111e-07],
        ...,
        [4.3150e-07, 5.3199e-07, 6.2921e-07,  ..., 5.1330e-07, 4.9342e-07,
         5.4308e-07],
        [6.3325e-07, 9.3390e-07, 1.0911e-06,  ..., 8.3861e-07, 8.3581e-07,
         8.5390e-07],
        [4.1912e-07, 6.3879e-07, 6.1839e-07,  ..., 6.0115e-07, 4.9061e-07,
         5.3990e-07]], device='cuda:0')}, 22: {'step': tensor(6900.), 'exp_avg': tensor([[ 4.7185e-04,  7.8450e-04,  3.2050e-04,  ..., -7.8069e-05,
          1.5336e-04, -4.4514e-05],
        [-5.0901e-04, -4.8181e-04, -4.4482e-04,  ..., -3.3556e-05,
          1.6619e-04, -2.8339e-04],
        [-5.3002e-04, -8.1180e-04, -1.7350e-04,  ..., -8.4902e-07,
         -2.3442e-04, -7.5686e-05],
        ...,
        [-2.5639e-04, -1.0688e-03, -3.8515e-05,  ...,  8.1824e-05,
          3.6058e-04, -6.4678e-04],
        [-1.4372e-04, -4.4796e-04, -1.3346e-04,  ...,  2.3465e-04,
          4.3107e-05, -3.2572e-04],
        [-6.8855e-04, -1.0408e-03, -1.3470e-04,  ..., -3.7971e-04,
         -6.3140e-04,  1.5141e-04]], device='cuda:0'), 'exp_avg_sq': tensor([[7.9998e-07, 1.8172e-06, 8.9075e-07,  ..., 4.3766e-07, 6.5945e-07,
         5.3714e-07],
        [8.9780e-07, 2.0898e-06, 1.2230e-06,  ..., 6.1944e-07, 8.1861e-07,
         7.2255e-07],
        [6.7412e-07, 1.5147e-06, 8.4529e-07,  ..., 4.3214e-07, 6.0778e-07,
         5.4533e-07],
        ...,
        [7.6267e-07, 1.7941e-06, 8.1317e-07,  ..., 5.0373e-07, 6.5302e-07,
         5.9760e-07],
        [8.1219e-07, 1.9151e-06, 1.0757e-06,  ..., 5.9603e-07, 7.8787e-07,
         7.1281e-07],
        [8.1889e-07, 2.0381e-06, 1.0640e-06,  ..., 6.4392e-07, 7.3508e-07,
         7.5244e-07]], device='cuda:0')}, 23: {'step': tensor(6900.), 'exp_avg': tensor([-8.2675e-05, -8.9040e-05,  2.4703e-05,  ..., -3.0303e-04,
        -2.1586e-04,  2.0682e-04], device='cuda:0'), 'exp_avg_sq': tensor([4.8549e-07, 6.8089e-07, 4.8759e-07,  ..., 4.2830e-07, 5.6693e-07,
        6.4633e-07], device='cuda:0')}, 24: {'step': tensor(6900.), 'exp_avg': tensor([-7.1587e-05, -2.5080e-04,  1.1024e-05,  ..., -2.9503e-05,
        -8.6591e-05,  2.0137e-04], device='cuda:0'), 'exp_avg_sq': tensor([1.2280e-07, 2.8436e-07, 2.1780e-07,  ..., 1.7144e-07, 2.3279e-07,
        2.6145e-07], device='cuda:0')}, 25: {'step': tensor(6900.), 'exp_avg': tensor([ 8.7354e-05, -5.5087e-05,  1.7536e-04,  ..., -1.8077e-04,
        -6.8384e-05,  1.7576e-04], device='cuda:0'), 'exp_avg_sq': tensor([1.8142e-07, 2.2455e-07, 2.2284e-07,  ..., 1.8004e-07, 2.5946e-07,
        2.5080e-07], device='cuda:0')}, 26: {'step': tensor(6900.), 'exp_avg': tensor([[-1.9368e-06, -4.0595e-04, -3.2269e-04,  ..., -1.7473e-04,
         -6.0930e-05,  1.5207e-04],
        [ 9.3118e-06, -5.5069e-05, -3.8831e-05,  ..., -1.3514e-04,
         -9.1397e-05,  1.5409e-05],
        [ 6.4939e-05,  1.5230e-05, -6.0091e-05,  ...,  1.2218e-05,
         -7.4175e-05, -1.0777e-04],
        ...,
        [-2.7830e-05, -1.4013e-05,  2.7126e-05,  ..., -7.4214e-05,
         -6.9459e-05,  9.6931e-05],
        [-1.8789e-05, -1.0263e-04,  7.5267e-05,  ...,  3.0210e-05,
         -5.0300e-05, -1.9815e-05],
        [-9.1575e-05,  1.0759e-04, -2.4086e-04,  ...,  1.9579e-04,
          8.9775e-05,  1.2445e-04]], device='cuda:0'), 'exp_avg_sq': tensor([[2.7303e-07, 4.3641e-07, 3.4109e-07,  ..., 3.3933e-07, 3.6000e-07,
         3.5447e-07],
        [9.0007e-08, 1.5865e-07, 1.5102e-07,  ..., 1.1305e-07, 1.2136e-07,
         1.3314e-07],
        [6.2152e-08, 9.0645e-08, 6.5343e-08,  ..., 7.6069e-08, 8.0990e-08,
         6.7262e-08],
        ...,
        [5.8595e-08, 1.1278e-07, 8.8965e-08,  ..., 8.2001e-08, 1.1709e-07,
         1.7107e-07],
        [2.7923e-08, 4.9827e-08, 3.2794e-08,  ..., 4.0909e-08, 3.1585e-08,
         4.4159e-08],
        [1.6223e-07, 2.7492e-07, 2.7096e-07,  ..., 2.0207e-07, 2.8216e-07,
         2.3318e-07]], device='cuda:0')}, 27: {'step': tensor(6900.), 'exp_avg': tensor([-4.8842e-05, -3.0196e-05,  7.1963e-05,  ..., -3.2198e-05,
         2.0266e-05,  1.4884e-04], device='cuda:0'), 'exp_avg_sq': tensor([3.7449e-07, 1.2166e-07, 6.6846e-08,  ..., 1.2351e-07, 3.9533e-08,
        2.5058e-07], device='cuda:0')}, 28: {'step': tensor(6900.), 'exp_avg': tensor([[ 5.6667e-05,  6.1832e-06, -5.7720e-05,  ...,  8.0404e-06,
          2.7082e-05,  3.4792e-05],
        [-2.5733e-05,  3.9966e-06, -4.0231e-05,  ..., -7.5471e-05,
          4.9282e-05, -5.5859e-05],
        [ 2.0860e-05, -4.8249e-05,  3.4249e-05,  ..., -2.7797e-05,
         -5.9761e-05, -1.4991e-04],
        ...,
        [-6.1565e-05, -1.9544e-05,  1.2742e-04,  ..., -4.4680e-06,
          9.3896e-06, -5.1519e-05],
        [-6.0736e-05,  1.1273e-06,  5.2182e-05,  ...,  4.3777e-05,
          3.9319e-05,  6.4445e-05],
        [ 9.5674e-05,  1.1476e-04, -6.6024e-05,  ...,  9.3838e-06,
         -1.3349e-04, -2.6401e-04]], device='cuda:0'), 'exp_avg_sq': tensor([[1.6224e-07, 1.0644e-07, 4.5243e-08,  ..., 8.9656e-08, 3.7396e-08,
         1.5046e-07],
        [1.6541e-07, 1.0545e-07, 5.5728e-08,  ..., 9.7327e-08, 5.1099e-08,
         1.6532e-07],
        [1.3562e-07, 7.8316e-08, 3.4126e-08,  ..., 7.4451e-08, 3.9634e-08,
         1.1207e-07],
        ...,
        [1.4837e-07, 7.4156e-08, 4.6243e-08,  ..., 9.2513e-08, 4.0850e-08,
         1.8683e-07],
        [1.1996e-07, 9.0443e-08, 5.2999e-08,  ..., 8.5890e-08, 4.0331e-08,
         1.2435e-07],
        [1.4636e-07, 1.0240e-07, 4.6388e-08,  ..., 8.7772e-08, 5.7620e-08,
         1.4353e-07]], device='cuda:0')}, 29: {'step': tensor(6900.), 'exp_avg': tensor([-1.5294e-04,  5.6372e-05, -8.5597e-05,  ..., -2.6567e-04,
        -5.5753e-05,  1.6997e-04], device='cuda:0'), 'exp_avg_sq': tensor([4.6639e-07, 5.9847e-07, 3.8707e-07,  ..., 3.8230e-07, 4.1104e-07,
        5.1757e-07], device='cuda:0')}, 30: {'step': tensor(6900.), 'exp_avg': tensor([ 5.9022e-05,  2.3599e-05,  6.3448e-05,  ...,  2.8895e-04,
        -3.9628e-04,  6.6976e-04], device='cuda:0'), 'exp_avg_sq': tensor([7.7207e-07, 1.5243e-06, 5.7267e-07,  ..., 9.0092e-07, 1.1850e-06,
        1.9085e-06], device='cuda:0')}, 31: {'step': tensor(6900.), 'exp_avg': tensor([-3.1651e-04,  8.6101e-05, -7.4058e-05,  ..., -4.2329e-05,
        -2.8831e-04, -1.5334e-04], device='cuda:0'), 'exp_avg_sq': tensor([8.7884e-07, 8.8503e-07, 3.4602e-07,  ..., 4.1095e-07, 8.5790e-07,
        1.1832e-06], device='cuda:0')}, 32: {'step': tensor(6900.), 'exp_avg': tensor([[-9.8279e-05,  1.3008e-05, -3.6020e-04,  ..., -2.9879e-04,
         -1.2156e-04,  2.5963e-04],
        [ 2.4907e-05, -3.0798e-04,  1.2571e-04,  ..., -4.1009e-04,
         -7.4047e-05, -1.3494e-04],
        [-4.1208e-05, -7.7361e-05, -1.5404e-04,  ..., -4.5813e-04,
          1.0730e-04, -1.4836e-05],
        ...,
        [-1.1175e-04, -2.1639e-04, -2.3834e-04,  ...,  2.3933e-04,
          4.3179e-05,  4.0782e-07],
        [ 9.4648e-05,  3.0114e-05,  2.0822e-05,  ..., -9.6047e-05,
          5.9752e-05,  2.9407e-04],
        [ 1.0648e-04, -2.6171e-04,  8.6822e-05,  ...,  8.2525e-05,
         -5.4741e-05,  3.4794e-04]], device='cuda:0'), 'exp_avg_sq': tensor([[3.7380e-07, 7.6125e-07, 3.7743e-07,  ..., 7.6685e-07, 6.5778e-07,
         6.3167e-07],
        [2.7198e-07, 5.4150e-07, 3.0776e-07,  ..., 4.2710e-07, 4.2002e-07,
         4.4127e-07],
        [3.1824e-07, 5.9572e-07, 4.1269e-07,  ..., 5.5254e-07, 6.2049e-07,
         5.1840e-07],
        ...,
        [3.3161e-07, 5.5016e-07, 3.0680e-07,  ..., 3.7534e-07, 6.9246e-07,
         4.5406e-07],
        [2.8973e-07, 4.9966e-07, 3.2155e-07,  ..., 3.8669e-07, 6.0867e-07,
         5.0319e-07],
        [3.1151e-07, 5.8699e-07, 3.3502e-07,  ..., 4.1339e-07, 5.4801e-07,
         6.1309e-07]], device='cuda:0')}, 33: {'step': tensor(6900.), 'exp_avg': tensor([[ 3.2623e-04, -7.3483e-05,  1.5037e-05,  ...,  2.7099e-05,
          3.1743e-04, -1.5682e-04],
        [-4.2021e-04,  9.7197e-05, -4.6814e-06,  ...,  4.3993e-05,
          4.2889e-04, -1.8322e-04],
        [ 1.2335e-04,  1.4796e-04, -7.1952e-05,  ..., -2.2157e-04,
         -3.4651e-04,  3.7986e-04],
        ...,
        [ 1.7800e-04,  7.0010e-05,  8.6149e-05,  ...,  3.1328e-05,
         -1.5753e-04,  1.1434e-04],
        [ 1.4200e-04, -4.9869e-06, -7.1295e-05,  ..., -1.0500e-04,
          1.2284e-04,  7.4210e-05],
        [ 3.4796e-04,  1.9266e-05, -2.0015e-04,  ..., -8.6202e-05,
          8.7675e-05,  8.8925e-05]], device='cuda:0'), 'exp_avg_sq': tensor([[5.2234e-07, 2.6529e-07, 3.5005e-07,  ..., 2.3955e-07, 5.3259e-07,
         3.2412e-07],
        [6.2644e-07, 3.4610e-07, 4.0342e-07,  ..., 2.7968e-07, 4.4558e-07,
         3.7007e-07],
        [5.4121e-07, 2.8853e-07, 3.3931e-07,  ..., 2.0843e-07, 3.7372e-07,
         3.0635e-07],
        ...,
        [4.9641e-07, 2.8297e-07, 3.3381e-07,  ..., 2.2442e-07, 4.3516e-07,
         3.3375e-07],
        [5.6101e-07, 2.9446e-07, 3.6738e-07,  ..., 2.1991e-07, 4.5356e-07,
         2.9568e-07],
        [5.1013e-07, 2.9515e-07, 3.5568e-07,  ..., 2.9166e-07, 5.0194e-07,
         3.4070e-07]], device='cuda:0')}, 34: {'step': tensor(6900.), 'exp_avg': tensor([-1.4554e-05, -1.7171e-04, -3.3917e-05,  ..., -1.8583e-04,
         8.3952e-05,  2.4224e-04], device='cuda:0'), 'exp_avg_sq': tensor([2.2967e-07, 2.3118e-07, 2.8856e-07,  ..., 2.6039e-07, 1.8190e-07,
        2.8331e-07], device='cuda:0')}, 35: {'step': tensor(6900.), 'exp_avg': tensor([-3.9548e-05, -1.0542e-04,  7.8796e-05,  ..., -2.1962e-05,
        -1.7402e-04,  7.8143e-05], device='cuda:0'), 'exp_avg_sq': tensor([3.7767e-08, 1.5499e-07, 6.8111e-08,  ..., 7.1789e-08, 1.3174e-07,
        6.1480e-08], device='cuda:0')}, 36: {'step': tensor(6900.), 'exp_avg': tensor([ 2.7643e-05, -1.4043e-04,  6.2309e-06,  ..., -1.7555e-04,
        -3.6263e-05,  3.9699e-05], device='cuda:0'), 'exp_avg_sq': tensor([5.2313e-08, 1.0537e-07, 5.9556e-08,  ..., 5.7428e-08, 7.9690e-08,
        5.8695e-08], device='cuda:0')}, 37: {'step': tensor(6900.), 'exp_avg': tensor([[ 3.9131e-05, -3.1603e-05,  6.0619e-06,  ..., -1.2338e-04,
          4.0238e-05, -9.3133e-07],
        [-1.7032e-05, -6.0192e-05, -5.2727e-05,  ...,  2.1757e-05,
         -4.7579e-05, -1.0615e-04],
        [-9.9280e-06,  6.1888e-05, -5.7477e-06,  ..., -2.8210e-07,
          3.3131e-06,  1.2682e-05],
        ...,
        [-9.5924e-05, -2.8665e-05, -6.8085e-06,  ...,  1.1006e-05,
         -4.6930e-05,  1.5547e-05],
        [ 4.0829e-05,  2.2643e-05,  7.1478e-05,  ..., -2.2420e-05,
          4.7825e-05,  4.8874e-05],
        [ 2.3243e-05, -3.3120e-05,  2.5202e-06,  ...,  4.1199e-05,
         -1.1636e-05, -9.3114e-05]], device='cuda:0'), 'exp_avg_sq': tensor([[1.7611e-08, 3.6519e-08, 2.4367e-08,  ..., 2.2648e-08, 3.5967e-08,
         2.3663e-08],
        [3.5151e-08, 4.8933e-08, 4.1255e-08,  ..., 4.7806e-08, 4.2343e-08,
         3.6955e-08],
        [9.7303e-09, 1.8699e-08, 1.3975e-08,  ..., 1.2987e-08, 1.9330e-08,
         1.2343e-08],
        ...,
        [3.4050e-08, 7.3527e-08, 5.2864e-08,  ..., 5.8708e-08, 7.5958e-08,
         5.7379e-08],
        [4.4697e-08, 8.8669e-08, 7.5608e-08,  ..., 7.6155e-08, 1.2673e-07,
         7.1416e-08],
        [1.0353e-08, 2.7104e-08, 1.3856e-08,  ..., 2.0172e-08, 2.0325e-08,
         1.6878e-08]], device='cuda:0')}, 38: {'step': tensor(6900.), 'exp_avg': tensor([ 5.9019e-05,  5.8453e-05, -3.0621e-05,  ...,  6.9925e-05,
         7.6352e-05,  3.1249e-05], device='cuda:0'), 'exp_avg_sq': tensor([2.2128e-08, 4.0601e-08, 1.7344e-08,  ..., 5.9004e-08, 6.4863e-08,
        1.8824e-08], device='cuda:0')}, 39: {'step': tensor(6900.), 'exp_avg': tensor([[-3.2858e-05,  4.2185e-05, -5.4410e-05,  ...,  4.1800e-05,
          7.9937e-05, -3.6769e-05],
        [-5.3805e-06, -4.1412e-05,  5.3847e-05,  ..., -5.3690e-05,
         -2.3418e-04,  8.4520e-05],
        [ 7.3113e-06,  3.2246e-05,  1.2199e-05,  ..., -5.1337e-05,
          3.8515e-06, -1.5777e-06],
        ...,
        [-1.1617e-05, -3.2208e-05, -4.5750e-06,  ..., -6.0700e-07,
         -2.5565e-05, -2.1342e-05],
        [-1.0195e-05, -1.4253e-05, -1.3606e-05,  ..., -3.9047e-06,
         -1.8740e-04, -3.3378e-06],
        [-2.9326e-05, -6.5512e-05, -1.6060e-05,  ..., -4.0175e-05,
         -1.8063e-05,  1.0390e-05]], device='cuda:0'), 'exp_avg_sq': tensor([[1.3088e-08, 2.5666e-08, 1.4632e-08,  ..., 3.1569e-08, 5.5994e-08,
         1.4450e-08],
        [1.8191e-08, 3.9145e-08, 1.3297e-08,  ..., 4.1359e-08, 8.9721e-08,
         1.7017e-08],
        [1.2126e-08, 2.8897e-08, 1.3786e-08,  ..., 2.2111e-08, 3.8126e-08,
         1.4341e-08],
        ...,
        [2.1187e-08, 3.3320e-08, 1.3539e-08,  ..., 2.9716e-08, 5.5169e-08,
         1.8878e-08],
        [1.3390e-08, 2.6755e-08, 9.7366e-09,  ..., 3.3788e-08, 7.3451e-08,
         1.3591e-08],
        [1.2722e-08, 3.6935e-08, 1.0890e-08,  ..., 2.1369e-08, 3.6963e-08,
         1.4857e-08]], device='cuda:0')}, 40: {'step': tensor(6900.), 'exp_avg': tensor([ 7.5559e-05,  4.7994e-05, -3.9374e-06,  ...,  1.9943e-05,
         1.7071e-05,  2.5632e-04], device='cuda:0'), 'exp_avg_sq': tensor([1.9721e-07, 1.7993e-07, 2.4703e-07,  ..., 2.1766e-07, 1.4473e-07,
        2.7150e-07], device='cuda:0')}, 41: {'step': tensor(6900.), 'exp_avg': tensor([ 4.1847e-04, -3.5507e-04, -1.3602e-04,  ...,  2.4011e-04,
        -2.0145e-04,  4.6856e-05], device='cuda:0'), 'exp_avg_sq': tensor([6.5200e-07, 9.8219e-07, 9.2343e-07,  ..., 8.2299e-07, 6.7621e-07,
        1.0006e-06], device='cuda:0')}, 42: {'step': tensor(6900.), 'exp_avg': tensor([ 1.4604e-04, -4.8185e-04, -1.0330e-04,  ...,  1.9340e-04,
        -8.6216e-05,  8.2874e-05], device='cuda:0'), 'exp_avg_sq': tensor([5.9431e-07, 9.8971e-07, 5.9438e-07,  ..., 9.3459e-07, 2.8004e-07,
        2.8542e-07], device='cuda:0')}, 43: {'step': tensor(6900.), 'exp_avg': tensor([[-1.1219e-04,  4.6235e-05, -2.0549e-04,  ..., -8.1870e-06,
         -3.9095e-05,  5.6057e-05],
        [ 3.4519e-05, -1.9457e-04,  7.6066e-05,  ..., -3.0276e-05,
          1.2150e-04,  1.0450e-04],
        [ 4.5768e-05, -1.8749e-04,  8.0855e-05,  ...,  5.3165e-05,
          1.6711e-04, -5.2297e-05],
        ...,
        [-2.0024e-05,  4.1399e-04, -1.1629e-04,  ..., -1.1522e-04,
          2.0039e-04,  3.1103e-04],
        [-1.0716e-04,  1.7809e-05, -4.6405e-05,  ..., -6.8866e-05,
         -2.4485e-04,  6.5144e-05],
        [ 5.7426e-05,  1.2335e-04,  7.9877e-05,  ..., -6.3509e-05,
          2.0845e-05,  1.0923e-04]], device='cuda:0'), 'exp_avg_sq': tensor([[1.3497e-07, 2.0801e-07, 1.6435e-07,  ..., 2.6005e-07, 1.7410e-07,
         1.9328e-07],
        [1.8078e-07, 3.0073e-07, 2.6001e-07,  ..., 3.7799e-07, 2.8012e-07,
         3.2870e-07],
        [2.2903e-07, 3.3960e-07, 2.5296e-07,  ..., 4.2667e-07, 2.9894e-07,
         3.1175e-07],
        ...,
        [3.1212e-07, 5.7883e-07, 6.0818e-07,  ..., 5.6726e-07, 9.1550e-07,
         4.7530e-07],
        [1.7570e-07, 2.7756e-07, 2.9923e-07,  ..., 2.8531e-07, 3.9276e-07,
         2.5176e-07],
        [1.2730e-07, 2.3995e-07, 2.5374e-07,  ..., 2.4029e-07, 3.2637e-07,
         2.0457e-07]], device='cuda:0')}, 44: {'step': tensor(6900.), 'exp_avg': tensor([[-7.1823e-05,  6.0481e-05,  1.2896e-04,  ..., -2.4809e-04,
          9.0662e-06, -9.3107e-05],
        [-1.5864e-05, -9.5312e-05,  2.8956e-04,  ...,  2.6540e-04,
         -9.7445e-05,  1.3459e-04],
        [-5.1761e-06, -3.8260e-05, -8.2434e-06,  ..., -3.3160e-05,
         -1.0844e-04, -1.5827e-05],
        ...,
        [ 1.6376e-04,  2.8830e-05,  3.8221e-05,  ...,  1.2690e-04,
          9.9996e-05,  1.8844e-04],
        [ 8.2006e-06, -9.9222e-06,  4.2243e-05,  ...,  1.3630e-04,
          1.6317e-04,  1.7968e-04],
        [-7.5895e-05,  5.1210e-06,  1.9203e-04,  ...,  2.6636e-04,
         -2.5233e-05,  1.3451e-04]], device='cuda:0'), 'exp_avg_sq': tensor([[8.1572e-08, 7.2315e-08, 1.6426e-07,  ..., 1.5192e-07, 1.3283e-07,
         9.6859e-08],
        [1.0450e-07, 9.1838e-08, 2.1016e-07,  ..., 1.9529e-07, 1.5404e-07,
         1.1693e-07],
        [7.3821e-08, 6.5334e-08, 1.4561e-07,  ..., 1.1979e-07, 1.0753e-07,
         7.7279e-08],
        ...,
        [1.1125e-07, 9.3511e-08, 2.3237e-07,  ..., 2.0922e-07, 2.0277e-07,
         1.6342e-07],
        [8.0746e-08, 8.6587e-08, 1.7789e-07,  ..., 1.5432e-07, 1.2415e-07,
         1.0336e-07],
        [1.1768e-07, 1.1418e-07, 2.4447e-07,  ..., 2.3692e-07, 2.1093e-07,
         1.5664e-07]], device='cuda:0')}, 45: {'step': tensor(6900.), 'exp_avg': tensor([-5.0410e-05,  2.2947e-04,  8.3754e-06,  ..., -1.6898e-04,
         8.6746e-05,  1.5880e-04], device='cuda:0'), 'exp_avg_sq': tensor([9.4329e-08, 1.2141e-07, 8.2428e-08,  ..., 1.6190e-07, 9.5045e-08,
        2.1193e-07], device='cuda:0')}, 46: {'step': tensor(6900.), 'exp_avg': tensor([ 2.6308e-05,  1.4046e-05,  3.2034e-05,  ..., -3.9491e-05,
        -1.6895e-05,  5.0146e-05], device='cuda:0'), 'exp_avg_sq': tensor([1.8043e-08, 4.5061e-08, 2.8253e-08,  ..., 2.8479e-08, 4.5672e-08,
        4.1746e-08], device='cuda:0')}, 47: {'step': tensor(6900.), 'exp_avg': tensor([ 4.1111e-05,  3.4915e-05, -5.4627e-05,  ..., -9.0042e-05,
         8.8301e-05,  1.1699e-04], device='cuda:0'), 'exp_avg_sq': tensor([2.3881e-08, 4.1186e-08, 3.0367e-08,  ..., 2.6145e-08, 4.8098e-08,
        4.3981e-08], device='cuda:0')}, 48: {'step': tensor(6900.), 'exp_avg': tensor([[ 5.0564e-06,  8.8249e-06,  3.3818e-06,  ..., -1.1035e-05,
          4.5853e-06,  1.6494e-05],
        [-6.8619e-05,  3.8693e-05,  2.9828e-05,  ..., -7.1530e-05,
          3.6542e-05,  4.7969e-05],
        [ 5.1168e-06,  2.8390e-05, -9.8458e-06,  ..., -4.7204e-05,
          3.5314e-05,  5.1664e-05],
        ...,
        [ 7.3059e-06, -5.2120e-06,  2.3593e-06,  ...,  5.2301e-06,
          1.9238e-05,  3.9747e-06],
        [ 6.9643e-06, -4.1624e-05,  3.7977e-05,  ..., -2.0216e-05,
          1.4067e-05, -4.6017e-05],
        [ 9.5521e-06, -3.0902e-05, -3.4121e-06,  ..., -7.2087e-06,
         -1.3098e-05,  1.2264e-05]], device='cuda:0'), 'exp_avg_sq': tensor([[3.8393e-09, 5.2682e-09, 4.7364e-09,  ..., 6.1021e-09, 4.1871e-09,
         5.9636e-09],
        [1.6078e-08, 2.3404e-08, 2.2505e-08,  ..., 2.6338e-08, 1.9803e-08,
         2.9637e-08],
        [3.1530e-08, 3.6662e-08, 4.4494e-08,  ..., 4.3321e-08, 5.1685e-08,
         5.1498e-08],
        ...,
        [5.7403e-09, 9.3105e-09, 8.6725e-09,  ..., 1.3956e-08, 9.6764e-09,
         7.4792e-09],
        [2.0752e-08, 2.2052e-08, 1.9114e-08,  ..., 3.4300e-08, 2.3531e-08,
         3.3991e-08],
        [1.6753e-09, 2.2100e-09, 2.0974e-09,  ..., 2.7689e-09, 2.3027e-09,
         1.9494e-09]], device='cuda:0')}, 49: {'step': tensor(6900.), 'exp_avg': tensor([-1.1535e-05, -5.2527e-05, -5.9056e-06,  ...,  2.0383e-05,
         4.4387e-05, -2.6935e-05], device='cuda:0'), 'exp_avg_sq': tensor([4.7345e-09, 1.9640e-08, 5.9149e-08,  ..., 1.0648e-08, 2.6203e-08,
        2.4451e-09], device='cuda:0')}, 50: {'step': tensor(6900.), 'exp_avg': tensor([[-6.4199e-06, -5.3432e-05, -3.0141e-05,  ...,  2.2605e-06,
         -7.8521e-06,  1.0328e-05],
        [-5.5028e-06,  7.9980e-06,  1.3361e-05,  ..., -3.4699e-05,
         -2.6546e-05, -1.6938e-05],
        [ 6.9198e-06,  2.4800e-06, -2.2984e-05,  ..., -1.9094e-05,
          1.7185e-06, -5.1852e-06],
        ...,
        [ 1.2321e-05,  2.5502e-05, -4.7008e-05,  ..., -3.6609e-05,
          2.1284e-05, -2.3891e-06],
        [-3.5496e-06, -3.3642e-05,  1.1233e-05,  ...,  3.5295e-05,
         -5.4925e-06,  5.1200e-06],
        [-8.7012e-06, -1.5393e-05,  1.0930e-05,  ..., -2.1025e-05,
         -1.8260e-05, -5.0587e-06]], device='cuda:0'), 'exp_avg_sq': tensor([[2.8612e-09, 1.0270e-08, 2.1544e-08,  ..., 6.9922e-09, 9.5097e-09,
         2.1831e-09],
        [3.6556e-09, 1.3922e-08, 1.7706e-08,  ..., 7.6214e-09, 1.3598e-08,
         2.5196e-09],
        [2.7643e-09, 8.8575e-09, 9.5073e-09,  ..., 5.7932e-09, 1.1054e-08,
         1.9973e-09],
        ...,
        [3.0443e-09, 1.1855e-08, 1.6660e-08,  ..., 7.7705e-09, 1.1597e-08,
         3.3488e-09],
        [2.6698e-09, 1.0836e-08, 1.3828e-08,  ..., 7.0110e-09, 1.0830e-08,
         1.9951e-09],
        [3.5374e-09, 1.2191e-08, 1.6596e-08,  ..., 8.2759e-09, 1.3380e-08,
         3.6749e-09]], device='cuda:0')}, 51: {'step': tensor(6900.), 'exp_avg': tensor([ 6.7883e-06,  1.8390e-04,  1.1986e-05,  ..., -9.4900e-05,
         3.9656e-05,  9.0137e-05], device='cuda:0'), 'exp_avg_sq': tensor([8.3876e-08, 1.0134e-07, 7.5532e-08,  ..., 1.5205e-07, 7.1482e-08,
        1.9272e-07], device='cuda:0')}, 52: {'step': tensor(6900.), 'exp_avg': tensor([-1.2550e-04,  3.6685e-04, -1.1751e-04,  ...,  3.0490e-05,
         8.5611e-05, -3.5934e-05], device='cuda:0'), 'exp_avg_sq': tensor([3.8405e-07, 6.4241e-07, 3.1420e-07,  ..., 6.0639e-07, 4.9768e-07,
        3.7782e-07], device='cuda:0')}, 53: {'step': tensor(6900.), 'exp_avg': tensor([-5.1256e-05,  2.7862e-04, -6.6336e-05,  ..., -2.8480e-04,
         1.2916e-04,  1.9137e-04], device='cuda:0'), 'exp_avg_sq': tensor([1.2572e-07, 4.1769e-07, 1.9827e-07,  ..., 4.8038e-07, 1.9638e-07,
        2.4468e-07], device='cuda:0')}, 54: {'step': tensor(6900.), 'exp_avg': tensor([[-4.4002e-05, -9.6761e-07, -3.3399e-05,  ..., -4.8223e-05,
         -3.2879e-05, -4.1497e-05],
        [ 1.7726e-05, -1.5179e-04, -6.8203e-05,  ...,  7.3944e-05,
         -2.0551e-04,  4.9797e-05],
        [ 7.3329e-05, -4.1775e-05,  4.2395e-05,  ..., -1.1948e-04,
         -8.7859e-05,  6.1420e-05],
        ...,
        [ 3.6248e-05,  1.2899e-05, -4.9280e-05,  ...,  2.1489e-05,
          8.1914e-05, -2.3781e-05],
        [ 4.9217e-06, -3.6463e-05, -6.3309e-06,  ...,  1.2102e-04,
         -4.3572e-05, -8.3093e-05],
        [-7.2302e-05,  3.3065e-05, -3.3081e-05,  ...,  3.5828e-06,
         -8.4574e-05, -1.6275e-04]], device='cuda:0'), 'exp_avg_sq': tensor([[5.2481e-08, 4.8478e-08, 4.6763e-08,  ..., 8.5111e-08, 5.5629e-08,
         4.9275e-08],
        [1.5459e-07, 1.2961e-07, 1.2920e-07,  ..., 2.1772e-07, 1.3060e-07,
         1.3538e-07],
        [9.0681e-08, 9.3895e-08, 1.0532e-07,  ..., 1.4026e-07, 1.0508e-07,
         1.0656e-07],
        ...,
        [4.6821e-08, 6.1467e-08, 7.3399e-08,  ..., 7.9452e-08, 1.0125e-07,
         7.0497e-08],
        [4.1725e-08, 5.8788e-08, 5.8884e-08,  ..., 7.9317e-08, 5.7160e-08,
         5.3463e-08],
        [1.1849e-07, 1.3693e-07, 1.5535e-07,  ..., 2.0432e-07, 1.7367e-07,
         1.6187e-07]], device='cuda:0')}, 55: {'step': tensor(6900.), 'exp_avg': tensor([[ 3.3042e-05,  4.0235e-05,  1.6559e-05,  ...,  2.9330e-05,
          1.6495e-05,  4.7897e-06],
        [ 6.2712e-05,  1.1046e-05, -4.8599e-05,  ..., -2.1644e-07,
          1.4229e-05, -8.9915e-05],
        [-6.0810e-05, -1.2873e-05, -2.9835e-06,  ..., -3.0864e-05,
          1.4582e-05, -6.1297e-07],
        ...,
        [-9.6715e-05, -5.9846e-05, -1.1811e-05,  ..., -3.6804e-05,
          2.3739e-05,  6.2886e-06],
        [-1.9343e-06,  2.6812e-05, -9.6087e-06,  ...,  3.5260e-05,
         -3.8093e-05, -1.7772e-06],
        [-1.6003e-05,  1.5411e-05, -1.5785e-05,  ...,  5.0234e-05,
          2.3731e-05, -2.1328e-06]], device='cuda:0'), 'exp_avg_sq': tensor([[7.4390e-08, 3.5993e-08, 4.4562e-08,  ..., 3.1682e-08, 2.8473e-08,
         5.0692e-08],
        [9.2820e-08, 4.6553e-08, 5.5745e-08,  ..., 3.2617e-08, 3.3069e-08,
         6.0251e-08],
        [6.5288e-08, 3.0994e-08, 3.5540e-08,  ..., 2.5860e-08, 2.4370e-08,
         4.7043e-08],
        ...,
        [9.5733e-08, 4.4558e-08, 5.5987e-08,  ..., 4.0714e-08, 3.7951e-08,
         6.6767e-08],
        [4.6185e-08, 2.6373e-08, 3.0541e-08,  ..., 2.3072e-08, 2.2724e-08,
         3.8584e-08],
        [1.5835e-07, 7.1360e-08, 9.2996e-08,  ..., 5.8028e-08, 5.5577e-08,
         8.9744e-08]], device='cuda:0')}, 56: {'step': tensor(6900.), 'exp_avg': tensor([-6.4440e-06,  7.2036e-05,  4.7296e-05,  ..., -3.0208e-05,
        -2.6089e-05,  5.3952e-05], device='cuda:0'), 'exp_avg_sq': tensor([6.0054e-08, 5.8347e-08, 3.8908e-08,  ..., 7.1142e-08, 3.2972e-08,
        1.3051e-07], device='cuda:0')}, 57: {'step': tensor(6900.), 'exp_avg': tensor([ 4.5298e-05,  2.0201e-05,  1.6793e-05,  ...,  1.2599e-05,
        -4.6045e-05,  4.8801e-06], device='cuda:0'), 'exp_avg_sq': tensor([9.3711e-09, 1.4582e-08, 9.3553e-09,  ..., 1.4800e-08, 2.1922e-08,
        1.8110e-08], device='cuda:0')}, 58: {'step': tensor(6900.), 'exp_avg': tensor([ 7.5277e-07,  1.1015e-05,  3.4444e-05,  ..., -1.2461e-05,
         4.7843e-05,  5.7828e-05], device='cuda:0'), 'exp_avg_sq': tensor([1.2251e-08, 1.4357e-08, 1.6510e-08,  ..., 1.2854e-08, 2.2431e-08,
        1.9296e-08], device='cuda:0')}, 59: {'step': tensor(6900.), 'exp_avg': tensor([[ 1.4620e-05,  6.8300e-06,  3.2541e-07,  ..., -1.5481e-05,
          1.4522e-05,  1.6119e-05],
        [ 1.0270e-05,  1.3623e-05,  4.0598e-06,  ..., -1.3443e-05,
          8.9058e-06,  9.8662e-06],
        [ 3.8759e-05,  8.9603e-06, -9.6998e-05,  ..., -9.3519e-06,
         -5.4927e-06,  6.2154e-05],
        ...,
        [-7.5035e-06, -4.6030e-06,  1.2770e-05,  ..., -7.1592e-06,
         -2.5083e-05, -2.9400e-05],
        [ 1.2652e-05, -1.3460e-05, -1.4119e-05,  ..., -2.8110e-05,
         -1.7338e-06, -5.9605e-07],
        [ 3.4338e-05,  3.2234e-06,  1.9073e-05,  ...,  6.7969e-06,
         -1.2315e-05, -1.3945e-05]], device='cuda:0'), 'exp_avg_sq': tensor([[8.7519e-09, 6.0824e-09, 5.6784e-09,  ..., 8.8854e-09, 8.6931e-09,
         1.1833e-08],
        [7.6957e-09, 6.8515e-09, 6.7407e-09,  ..., 1.2440e-08, 7.4916e-09,
         6.1050e-09],
        [1.2868e-08, 1.3738e-08, 1.5134e-08,  ..., 1.8887e-08, 1.5558e-08,
         1.3941e-08],
        ...,
        [6.0176e-09, 5.4076e-09, 5.4620e-09,  ..., 1.0841e-08, 8.0025e-09,
         5.9746e-09],
        [2.9360e-09, 2.9666e-09, 4.4511e-09,  ..., 5.0981e-09, 3.7963e-09,
         3.6876e-09],
        [2.8497e-09, 2.3353e-09, 2.5254e-09,  ..., 3.4544e-09, 2.5796e-09,
         2.5046e-09]], device='cuda:0')}, 60: {'step': tensor(6900.), 'exp_avg': tensor([-8.4494e-06, -1.9462e-05, -2.3898e-05,  ...,  1.7466e-05,
        -9.1336e-06,  1.4402e-05], device='cuda:0'), 'exp_avg_sq': tensor([1.0588e-08, 1.1425e-08, 1.6882e-08,  ..., 6.7201e-09, 4.0142e-09,
        3.4204e-09], device='cuda:0')}, 61: {'step': tensor(6900.), 'exp_avg': tensor([[-5.7520e-06, -9.9473e-07, -1.3991e-05,  ..., -5.0129e-07,
          5.6462e-06,  2.9959e-06],
        [-2.9337e-06, -3.9039e-06,  3.7539e-05,  ..., -7.6842e-06,
         -6.0782e-06, -1.6737e-05],
        [ 3.1934e-05,  1.1498e-05,  2.3749e-05,  ..., -3.2022e-06,
         -1.4743e-05,  2.8424e-06],
        ...,
        [-2.7005e-05,  8.3379e-06,  5.6227e-05,  ...,  1.4364e-06,
         -3.5184e-06,  4.1924e-06],
        [-1.4632e-06, -1.3819e-05, -3.3006e-06,  ...,  4.6770e-06,
          2.5362e-06,  1.0743e-05],
        [ 2.3651e-05, -2.2849e-06,  1.8322e-05,  ...,  2.6284e-06,
         -9.5840e-06, -4.0218e-06]], device='cuda:0'), 'exp_avg_sq': tensor([[9.9479e-09, 3.8626e-09, 3.9891e-09,  ..., 1.9143e-09, 1.3553e-09,
         1.6838e-09],
        [4.5407e-09, 4.5321e-09, 5.3115e-09,  ..., 2.5906e-09, 1.9166e-09,
         2.0169e-09],
        [3.8254e-09, 3.8119e-09, 6.4366e-09,  ..., 2.4600e-09, 1.9989e-09,
         1.9361e-09],
        ...,
        [5.1712e-09, 4.4408e-09, 9.3840e-09,  ..., 2.7859e-09, 2.5106e-09,
         2.1989e-09],
        [4.0768e-09, 3.1801e-09, 5.5513e-09,  ..., 2.0127e-09, 2.4819e-09,
         1.5534e-09],
        [8.5259e-09, 7.0669e-09, 7.3684e-09,  ..., 3.8801e-09, 2.4407e-09,
         3.8319e-09]], device='cuda:0')}, 62: {'step': tensor(6900.), 'exp_avg': tensor([-1.2657e-05,  7.7997e-05,  3.0972e-05,  ..., -2.5030e-05,
        -3.8572e-05,  5.0364e-05], device='cuda:0'), 'exp_avg_sq': tensor([5.4589e-08, 5.6722e-08, 3.8053e-08,  ..., 6.1458e-08, 2.8860e-08,
        1.2496e-07], device='cuda:0')}, 63: {'step': tensor(6900.), 'exp_avg': tensor([9.2965e-05, 2.4817e-05, 1.4519e-04,  ..., 1.0276e-04, 9.2305e-05,
        1.5966e-05], device='cuda:0'), 'exp_avg_sq': tensor([1.4503e-07, 1.5482e-07, 2.6547e-07,  ..., 2.9106e-07, 2.2584e-07,
        2.4760e-07], device='cuda:0')}, 64: {'step': tensor(6900.), 'exp_avg': tensor([ 7.1972e-06,  1.9427e-04,  3.7184e-05,  ...,  5.8474e-05,
        -1.7742e-04,  3.8244e-05], device='cuda:0'), 'exp_avg_sq': tensor([2.0885e-07, 1.1582e-07, 3.8750e-07,  ..., 1.3651e-07, 2.6336e-07,
        2.9661e-07], device='cuda:0')}, 65: {'step': tensor(6900.), 'exp_avg': tensor([[-9.7159e-05, -3.3095e-05, -3.8400e-05,  ...,  1.0663e-05,
         -8.7301e-05, -6.4328e-05],
        [-2.6301e-05,  1.1554e-05,  3.0545e-05,  ...,  3.9652e-05,
          1.6266e-05,  1.6584e-05],
        [ 9.4152e-05,  4.0968e-05, -3.2485e-07,  ..., -3.0493e-05,
          1.0523e-04,  7.3773e-05],
        ...,
        [ 1.6556e-05, -1.3193e-04,  6.9533e-05,  ...,  1.1257e-04,
          2.3206e-05,  5.5774e-05],
        [ 2.9640e-05, -3.1278e-06, -4.6113e-05,  ..., -9.0620e-06,
         -4.7753e-05, -7.0330e-05],
        [-4.3604e-06,  1.2465e-04, -1.8229e-04,  ..., -1.1576e-04,
          4.7793e-05, -2.6893e-05]], device='cuda:0'), 'exp_avg_sq': tensor([[6.2254e-08, 5.9494e-08, 5.9568e-08,  ..., 1.0070e-07, 7.9616e-08,
         6.1889e-08],
        [5.0297e-08, 4.4541e-08, 4.1492e-08,  ..., 9.4340e-08, 6.2522e-08,
         5.8471e-08],
        [7.9247e-08, 8.7561e-08, 5.3255e-08,  ..., 1.2084e-07, 8.7679e-08,
         7.6035e-08],
        ...,
        [6.9152e-08, 7.7046e-08, 8.6488e-08,  ..., 1.0039e-07, 7.7172e-08,
         8.4175e-08],
        [6.7493e-08, 7.1807e-08, 8.3405e-08,  ..., 9.5669e-08, 6.4834e-08,
         6.9197e-08],
        [1.2143e-07, 1.4030e-07, 1.5813e-07,  ..., 1.7302e-07, 1.3290e-07,
         1.4001e-07]], device='cuda:0')}, 66: {'step': tensor(6900.), 'exp_avg': tensor([[-1.4677e-05,  4.7043e-05,  7.1600e-05,  ..., -9.0433e-06,
         -5.0376e-06, -3.1691e-05],
        [-1.9541e-05, -3.9663e-06,  5.6828e-05,  ..., -2.3476e-05,
          1.8962e-05,  2.2109e-05],
        [ 7.4580e-05, -9.6536e-05, -1.2968e-04,  ..., -4.5300e-05,
          3.3942e-05,  5.9658e-06],
        ...,
        [-7.4678e-05,  1.2811e-04,  8.6975e-05,  ...,  7.6839e-05,
         -7.2719e-05, -3.5158e-05],
        [-3.5614e-05,  5.1714e-05,  8.7305e-05,  ...,  4.4759e-06,
          3.8666e-07, -3.9471e-06],
        [ 3.6274e-06, -1.7982e-05,  6.5249e-05,  ..., -1.5375e-06,
          1.9126e-05, -2.2329e-05]], device='cuda:0'), 'exp_avg_sq': tensor([[1.1101e-08, 2.2063e-08, 6.0245e-08,  ..., 1.4260e-08, 1.3665e-08,
         2.2054e-08],
        [1.9149e-08, 3.5667e-08, 6.4087e-08,  ..., 2.4056e-08, 2.4136e-08,
         3.1005e-08],
        [1.8404e-08, 3.8903e-08, 1.1508e-07,  ..., 2.9895e-08, 2.4256e-08,
         3.9187e-08],
        ...,
        [2.1782e-08, 4.4720e-08, 1.1934e-07,  ..., 3.3627e-08, 2.6191e-08,
         4.2010e-08],
        [1.2245e-08, 2.2448e-08, 5.1504e-08,  ..., 1.7165e-08, 1.4976e-08,
         2.1744e-08],
        [4.4301e-08, 9.5736e-08, 2.2445e-07,  ..., 6.2313e-08, 5.2291e-08,
         8.7237e-08]], device='cuda:0')}, 67: {'step': tensor(6900.), 'exp_avg': tensor([ 9.2635e-07,  4.3218e-05,  3.7467e-05,  ..., -6.0784e-05,
         1.2682e-06, -1.7045e-06], device='cuda:0'), 'exp_avg_sq': tensor([1.8306e-08, 3.2366e-08, 3.4141e-08,  ..., 3.9538e-08, 2.1089e-08,
        7.9272e-08], device='cuda:0')}, 68: {'step': tensor(6900.), 'exp_avg': tensor([-1.6166e-05, -9.9432e-06, -7.0910e-06,  ...,  3.1121e-05,
        -7.7132e-05,  4.9829e-05], device='cuda:0'), 'exp_avg_sq': tensor([4.7240e-08, 1.7091e-08, 1.8495e-08,  ..., 1.3346e-08, 4.9039e-08,
        2.0624e-08], device='cuda:0')}, 69: {'step': tensor(6900.), 'exp_avg': tensor([ 2.2468e-05,  2.7174e-05,  9.5693e-06,  ...,  4.7921e-05,
        -2.2330e-05, -4.1954e-07], device='cuda:0'), 'exp_avg_sq': tensor([6.7517e-08, 3.1018e-08, 3.9235e-08,  ..., 1.8210e-08, 7.6415e-08,
        3.2647e-08], device='cuda:0')}, 70: {'step': tensor(6900.), 'exp_avg': tensor([[-4.4959e-06,  1.9311e-06,  2.6813e-06,  ...,  1.0455e-05,
         -1.2831e-06, -3.3730e-06],
        [-6.5695e-06,  8.1468e-06,  4.2987e-06,  ...,  2.6078e-05,
          5.5784e-06, -8.1288e-06],
        [ 4.9786e-07, -7.4007e-07,  2.0830e-07,  ..., -1.4825e-07,
          6.4006e-07,  7.9308e-07],
        ...,
        [-2.9359e-06,  1.3794e-06,  3.3438e-06,  ...,  5.3385e-06,
         -5.2357e-07, -3.4914e-06],
        [-3.2021e-05, -1.3518e-05, -1.8462e-05,  ...,  1.2917e-05,
          1.0210e-05, -1.1329e-05],
        [ 3.2121e-06,  1.6367e-06, -4.7717e-06,  ...,  1.9092e-06,
          7.4418e-07, -2.4159e-06]], device='cuda:0'), 'exp_avg_sq': tensor([[1.7242e-10, 2.1816e-10, 1.7775e-10,  ..., 9.8105e-10, 1.9272e-10,
         1.5596e-10],
        [1.8135e-09, 1.3747e-09, 1.1621e-09,  ..., 2.4801e-09, 1.9460e-09,
         1.5938e-09],
        [5.4241e-11, 3.4006e-11, 4.1637e-11,  ..., 2.2375e-10, 5.3244e-11,
         4.7731e-11],
        ...,
        [4.0638e-10, 2.0089e-10, 2.1300e-10,  ..., 5.8506e-10, 2.9864e-10,
         2.6706e-10],
        [1.7768e-08, 1.0061e-08, 8.4778e-09,  ..., 1.1918e-08, 1.3076e-08,
         1.3629e-08],
        [3.8729e-10, 2.9567e-10, 3.8098e-10,  ..., 6.6770e-10, 4.2697e-10,
         3.6789e-10]], device='cuda:0')}, 71: {'step': tensor(6900.), 'exp_avg': tensor([ 7.2957e-06,  1.9291e-05, -7.9897e-07,  ...,  5.8358e-06,
         1.0349e-05, -2.3388e-06], device='cuda:0'), 'exp_avg_sq': tensor([4.3112e-10, 2.5541e-09, 1.0899e-10,  ..., 4.8856e-10, 1.6776e-08,
        7.8661e-10], device='cuda:0')}, 72: {'step': tensor(6900.), 'exp_avg': tensor([[ 1.1666e-06, -3.6363e-06,  1.1410e-06,  ...,  1.5220e-06,
         -4.0680e-06,  5.3904e-07],
        [-1.8207e-06, -7.7704e-07, -2.5843e-07,  ..., -2.4508e-06,
          6.8653e-06,  2.1701e-08],
        [-4.0177e-06, -3.6914e-06, -8.5077e-07,  ..., -4.0503e-06,
         -8.9971e-06, -2.9979e-06],
        ...,
        [ 6.8649e-06, -9.3490e-06,  2.4441e-06,  ...,  5.4958e-06,
          1.0902e-05,  3.3461e-06],
        [-4.6800e-07, -6.4918e-07,  6.4784e-07,  ..., -2.9971e-07,
         -1.3519e-07,  3.5312e-07],
        [-4.2617e-06, -6.3070e-06,  4.5141e-07,  ...,  5.3720e-08,
         -1.0554e-05, -2.9730e-06]], device='cuda:0'), 'exp_avg_sq': tensor([[2.3190e-10, 3.2368e-10, 1.1938e-10,  ..., 2.1145e-10, 6.2848e-10,
         1.4483e-10],
        [2.3015e-10, 6.2689e-10, 7.4482e-11,  ..., 4.2657e-10, 1.3421e-09,
         3.6071e-10],
        [7.3793e-10, 8.5837e-10, 3.0017e-10,  ..., 5.6963e-10, 9.8009e-10,
         4.0835e-10],
        ...,
        [6.3437e-10, 8.4764e-10, 1.9865e-10,  ..., 5.4686e-10, 8.4088e-10,
         4.0064e-10],
        [1.5887e-10, 3.3463e-10, 4.9598e-11,  ..., 2.0814e-10, 3.4003e-10,
         1.6952e-10],
        [1.2838e-09, 2.0475e-09, 3.8125e-10,  ..., 1.3353e-09, 4.6058e-09,
         9.0473e-10]], device='cuda:0')}, 73: {'step': tensor(6900.), 'exp_avg': tensor([-1.9495e-06,  2.2130e-05,  3.1725e-05,  ..., -5.7494e-05,
         8.4212e-06,  4.8743e-05], device='cuda:0'), 'exp_avg_sq': tensor([1.2955e-08, 2.7842e-08, 3.9713e-08,  ..., 3.9383e-08, 1.5234e-08,
        8.3671e-08], device='cuda:0')}, 74: {'step': tensor(6900.), 'exp_avg': tensor([-2.4237e-05, -9.0536e-05, -1.9452e-04,  ..., -3.4919e-04,
        -3.5732e-07, -8.8256e-05], device='cuda:0'), 'exp_avg_sq': tensor([1.0015e-07, 1.8117e-07, 1.9175e-07,  ..., 7.9406e-07, 1.0143e-07,
        6.1334e-07], device='cuda:0')}, 75: {'step': tensor(6900.), 'exp_avg': tensor([-2.0561e-05,  1.1791e-04,  1.3045e-04,  ..., -3.0941e-04,
         7.5295e-05,  7.4411e-05], device='cuda:0'), 'exp_avg_sq': tensor([2.1306e-07, 4.5650e-07, 6.2570e-07,  ..., 6.7536e-07, 2.7174e-07,
        1.4572e-06], device='cuda:0')}, 76: {'step': tensor(6900.), 'exp_avg': tensor([[ 4.3213e-03, -4.0518e-03,  1.7801e-03,  ..., -2.3670e-03,
         -2.3818e-03,  2.0457e-03],
        [ 1.1541e-03, -8.1928e-05, -1.9394e-03,  ..., -1.1482e-03,
         -9.3725e-05,  1.0855e-03],
        [-8.3999e-04,  1.0517e-03, -2.8160e-05,  ...,  1.8730e-03,
          6.6735e-04, -1.0585e-03],
        [ 1.6629e-03, -2.8169e-03,  8.2343e-04,  ..., -7.1420e-03,
         -1.1470e-03,  2.7975e-03],
        [ 1.5026e-04,  7.1837e-03, -8.0635e-03,  ...,  2.4896e-03,
          1.5574e-03, -5.5766e-04],
        [-6.4484e-03, -1.2847e-03,  7.4275e-03,  ...,  6.2946e-03,
          1.3977e-03, -4.3126e-03]], device='cuda:0'), 'exp_avg_sq': tensor([[6.0336e-04, 3.2459e-04, 2.6344e-04,  ..., 7.7929e-04, 3.3570e-04,
         3.3137e-04],
        [3.2374e-04, 1.7441e-04, 2.1500e-04,  ..., 2.5287e-04, 3.6899e-04,
         1.6893e-04],
        [4.5671e-05, 8.0385e-05, 4.6244e-05,  ..., 3.3562e-04, 6.4367e-05,
         4.8809e-05],
        [7.4683e-05, 8.2170e-05, 5.4009e-05,  ..., 4.4866e-04, 6.1306e-05,
         7.0037e-05],
        [7.6211e-04, 4.0388e-04, 3.4374e-04,  ..., 7.5150e-04, 5.1294e-04,
         4.9503e-04],
        [2.5240e-04, 2.5994e-04, 1.6274e-04,  ..., 2.8027e-04, 1.9319e-04,
         1.9854e-04]], device='cuda:0')}, 77: {'step': tensor(6900.), 'exp_avg': tensor([-0.0061, -0.0031,  0.0018, -0.0044,  0.0038,  0.0081], device='cuda:0'), 'exp_avg_sq': tensor([0.0009, 0.0004, 0.0002, 0.0002, 0.0010, 0.0007], device='cuda:0')}}
param_groups 	 [{'lr': 0.0001, 'betas': (0.9, 0.999), 'eps': 1e-08, 'weight_decay': 0, 'amsgrad': False, 'maximize': False, 'foreach': None, 'capturable': False, 'differentiable': False, 'fused': False, 'params': [0, 1, 2, 3, 4, 5, 6, 7, 8, 9, 10, 11, 12, 13, 14, 15, 16, 17, 18, 19, 20, 21, 22, 23, 24, 25, 26, 27, 28, 29, 30, 31, 32, 33, 34, 35, 36, 37, 38, 39, 40, 41, 42, 43, 44, 45, 46, 47, 48, 49, 50, 51, 52, 53, 54, 55, 56, 57, 58, 59, 60, 61, 62, 63, 64, 65, 66, 67, 68, 69, 70, 71, 72, 73, 74, 75, 76, 77]}]
End time:  2023-07-14 14:46:54.676666
Total time:  0:02:15.910990
