MODEL_NAME:  vit1d
Start time:  2023-07-17 15:08:04.618908
Device:  cuda
Max Epochs:  500
Early Stopping Reference Size:  5
Epoch 001: | Loss: 0.81756
Epoch 002: | Loss: 0.45848
Epoch 003: | Loss: 0.37285
Epoch 004: | Loss: 0.29935
Epoch 005: | Loss: 0.25040
Epoch 006: | Loss: 0.20341
Epoch 007: | Loss: 0.16812
Epoch 008: | Loss: 0.14270
Epoch 009: | Loss: 0.10729
Epoch 010: | Loss: 0.09195
Epoch 011: | Loss: 0.07380
Epoch 012: | Loss: 0.07044
Epoch 013: | Loss: 0.06146
Epoch 014: | Loss: 0.04883
Epoch 015: | Loss: 0.04637
Epoch 016: | Loss: 0.03659
Epoch 017: | Loss: 0.04280
Epoch 018: | Loss: 0.04048
Epoch 019: | Loss: 0.04218
Epoch 020: | Loss: 0.02909
Epoch 021: | Loss: 0.02794
Epoch 022: | Loss: 0.02756
Epoch 023: | Loss: 0.03371
Epoch 024: | Loss: 0.03529
Epoch 025: | Loss: 0.02642
Epoch 026: | Loss: 0.02590
Epoch 027: | Loss: 0.02326
Epoch 028: | Loss: 0.02960
Epoch 029: | Loss: 0.02747
Epoch 030: | Loss: 0.02882
Epoch 031: | Loss: 0.02513
Epoch 032: | Loss: 0.02772
Epoch 033: | Loss: 0.02211
Epoch 034: | Loss: 0.02333
Epoch 035: | Loss: 0.02516
Epoch 036: | Loss: 0.02903
Epoch 037: | Loss: 0.03093
Epoch 038: | Loss: 0.02220
Epoch 039: | Loss: 0.01622
Epoch 040: | Loss: 0.02282
Epoch 041: | Loss: 0.01976
Epoch 042: | Loss: 0.02853
Epoch 043: | Loss: 0.01918
Epoch 044: | Loss: 0.02161
Epoch 045: | Loss: 0.01574
Epoch 046: | Loss: 0.01957
Epoch 047: | Loss: 0.01879
Epoch 048: | Loss: 0.01425
Epoch 049: | Loss: 0.01396
Epoch 050: | Loss: 0.02002
Epoch 051: | Loss: 0.02373
Epoch 052: | Loss: 0.02059
Epoch 053: | Loss: 0.01859
Epoch 054: | Loss: 0.02215
Epoch 055: | Loss: 0.02080
Epoch 056: | Loss: 0.01824
Epoch 057: | Loss: 0.01574
Epoch 058: | Loss: 0.01554
Epoch 059: | Loss: 0.02512
Epoch 060: | Loss: 0.02182
Epoch 061: | Loss: 0.02339
Epoch 062: | Loss: 0.01670
Epoch 063: | Loss: 0.01760
Epoch 064: | Loss: 0.01643
Epoch 065: | Loss: 0.01759
Epoch 066: | Loss: 0.01744
Epoch 067: | Loss: 0.01888
Epoch 068: | Loss: 0.02087
Epoch 069: | Loss: 0.01307
Epoch 070: | Loss: 0.01319
Epoch 071: | Loss: 0.01288
Epoch 072: | Loss: 0.01255
Epoch 073: | Loss: 0.01322
Epoch 074: | Loss: 0.01782
Epoch 075: | Loss: 0.02230
Epoch 076: | Loss: 0.02202
Epoch 077: | Loss: 0.02175
Epoch 078: | Loss: 0.02183
Epoch 079: | Loss: 0.01516
Epoch 080: | Loss: 0.01339
Epoch 081: | Loss: 0.01372
Epoch 082: | Loss: 0.01133
Epoch 083: | Loss: 0.01149
Epoch 084: | Loss: 0.01417
Epoch 085: | Loss: 0.01541
Epoch 086: | Loss: 0.01853
Epoch 087: | Loss: 0.01929
early stopping at epoch 88 with loss 0.01635
Model's state_dict:
pos_embedding 	 torch.Size([1, 17, 1024])
cls_token 	 torch.Size([1024])
to_patch_embedding.1.weight 	 torch.Size([15])
to_patch_embedding.1.bias 	 torch.Size([15])
to_patch_embedding.2.weight 	 torch.Size([1024, 15])
to_patch_embedding.2.bias 	 torch.Size([1024])
to_patch_embedding.3.weight 	 torch.Size([1024])
to_patch_embedding.3.bias 	 torch.Size([1024])
transformer.layers.0.0.norm.weight 	 torch.Size([1024])
transformer.layers.0.0.norm.bias 	 torch.Size([1024])
transformer.layers.0.0.fn.to_qkv.weight 	 torch.Size([1536, 1024])
transformer.layers.0.0.fn.to_out.0.weight 	 torch.Size([1024, 512])
transformer.layers.0.0.fn.to_out.0.bias 	 torch.Size([1024])
transformer.layers.0.1.norm.weight 	 torch.Size([1024])
transformer.layers.0.1.norm.bias 	 torch.Size([1024])
transformer.layers.0.1.fn.net.0.weight 	 torch.Size([2048, 1024])
transformer.layers.0.1.fn.net.0.bias 	 torch.Size([2048])
transformer.layers.0.1.fn.net.3.weight 	 torch.Size([1024, 2048])
transformer.layers.0.1.fn.net.3.bias 	 torch.Size([1024])
transformer.layers.1.0.norm.weight 	 torch.Size([1024])
transformer.layers.1.0.norm.bias 	 torch.Size([1024])
transformer.layers.1.0.fn.to_qkv.weight 	 torch.Size([1536, 1024])
transformer.layers.1.0.fn.to_out.0.weight 	 torch.Size([1024, 512])
transformer.layers.1.0.fn.to_out.0.bias 	 torch.Size([1024])
transformer.layers.1.1.norm.weight 	 torch.Size([1024])
transformer.layers.1.1.norm.bias 	 torch.Size([1024])
transformer.layers.1.1.fn.net.0.weight 	 torch.Size([2048, 1024])
transformer.layers.1.1.fn.net.0.bias 	 torch.Size([2048])
transformer.layers.1.1.fn.net.3.weight 	 torch.Size([1024, 2048])
transformer.layers.1.1.fn.net.3.bias 	 torch.Size([1024])
transformer.layers.2.0.norm.weight 	 torch.Size([1024])
transformer.layers.2.0.norm.bias 	 torch.Size([1024])
transformer.layers.2.0.fn.to_qkv.weight 	 torch.Size([1536, 1024])
transformer.layers.2.0.fn.to_out.0.weight 	 torch.Size([1024, 512])
transformer.layers.2.0.fn.to_out.0.bias 	 torch.Size([1024])
transformer.layers.2.1.norm.weight 	 torch.Size([1024])
transformer.layers.2.1.norm.bias 	 torch.Size([1024])
transformer.layers.2.1.fn.net.0.weight 	 torch.Size([2048, 1024])
transformer.layers.2.1.fn.net.0.bias 	 torch.Size([2048])
transformer.layers.2.1.fn.net.3.weight 	 torch.Size([1024, 2048])
transformer.layers.2.1.fn.net.3.bias 	 torch.Size([1024])
transformer.layers.3.0.norm.weight 	 torch.Size([1024])
transformer.layers.3.0.norm.bias 	 torch.Size([1024])
transformer.layers.3.0.fn.to_qkv.weight 	 torch.Size([1536, 1024])
transformer.layers.3.0.fn.to_out.0.weight 	 torch.Size([1024, 512])
transformer.layers.3.0.fn.to_out.0.bias 	 torch.Size([1024])
transformer.layers.3.1.norm.weight 	 torch.Size([1024])
transformer.layers.3.1.norm.bias 	 torch.Size([1024])
transformer.layers.3.1.fn.net.0.weight 	 torch.Size([2048, 1024])
transformer.layers.3.1.fn.net.0.bias 	 torch.Size([2048])
transformer.layers.3.1.fn.net.3.weight 	 torch.Size([1024, 2048])
transformer.layers.3.1.fn.net.3.bias 	 torch.Size([1024])
transformer.layers.4.0.norm.weight 	 torch.Size([1024])
transformer.layers.4.0.norm.bias 	 torch.Size([1024])
transformer.layers.4.0.fn.to_qkv.weight 	 torch.Size([1536, 1024])
transformer.layers.4.0.fn.to_out.0.weight 	 torch.Size([1024, 512])
transformer.layers.4.0.fn.to_out.0.bias 	 torch.Size([1024])
transformer.layers.4.1.norm.weight 	 torch.Size([1024])
transformer.layers.4.1.norm.bias 	 torch.Size([1024])
transformer.layers.4.1.fn.net.0.weight 	 torch.Size([2048, 1024])
transformer.layers.4.1.fn.net.0.bias 	 torch.Size([2048])
transformer.layers.4.1.fn.net.3.weight 	 torch.Size([1024, 2048])
transformer.layers.4.1.fn.net.3.bias 	 torch.Size([1024])
transformer.layers.5.0.norm.weight 	 torch.Size([1024])
transformer.layers.5.0.norm.bias 	 torch.Size([1024])
transformer.layers.5.0.fn.to_qkv.weight 	 torch.Size([1536, 1024])
transformer.layers.5.0.fn.to_out.0.weight 	 torch.Size([1024, 512])
transformer.layers.5.0.fn.to_out.0.bias 	 torch.Size([1024])
transformer.layers.5.1.norm.weight 	 torch.Size([1024])
transformer.layers.5.1.norm.bias 	 torch.Size([1024])
transformer.layers.5.1.fn.net.0.weight 	 torch.Size([2048, 1024])
transformer.layers.5.1.fn.net.0.bias 	 torch.Size([2048])
transformer.layers.5.1.fn.net.3.weight 	 torch.Size([1024, 2048])
transformer.layers.5.1.fn.net.3.bias 	 torch.Size([1024])
mlp_head.0.weight 	 torch.Size([1024])
mlp_head.0.bias 	 torch.Size([1024])
mlp_head.1.weight 	 torch.Size([6, 1024])
mlp_head.1.bias 	 torch.Size([6])
Optimizer's state_dict:
state 	 {0: {'step': tensor(12672.), 'exp_avg': tensor([[[-9.6460e-05, -1.9322e-06,  8.3824e-05,  ..., -2.1439e-05,
          -4.5797e-05,  1.1603e-05],
         [-4.5555e-06,  3.1648e-05, -2.1102e-06,  ..., -1.0051e-05,
          -5.1039e-06,  5.4594e-05],
         [ 3.7231e-05,  2.0917e-05, -4.0339e-05,  ..., -5.0602e-05,
          -5.1550e-05,  9.3674e-06],
         ...,
         [ 1.4970e-04,  1.5320e-05,  1.3223e-05,  ...,  1.1191e-05,
           3.3337e-05, -4.1944e-05],
         [ 5.3530e-06, -1.8305e-05, -4.4579e-05,  ..., -3.5997e-05,
           1.8599e-05, -5.8727e-05],
         [-2.6268e-05,  1.6976e-05,  5.3819e-05,  ...,  2.6942e-05,
           3.9410e-05, -1.3116e-06]]], device='cuda:0'), 'exp_avg_sq': tensor([[[4.3367e-08, 4.3208e-08, 5.3196e-08,  ..., 4.1406e-08,
          3.5424e-08, 5.0848e-08],
         [1.8929e-08, 2.2396e-08, 2.0622e-08,  ..., 1.7940e-08,
          1.5907e-08, 2.2233e-08],
         [1.9942e-08, 2.5827e-08, 2.5826e-08,  ..., 1.9777e-08,
          1.7188e-08, 2.2471e-08],
         ...,
         [2.0905e-08, 2.3900e-08, 2.5468e-08,  ..., 2.2608e-08,
          1.6720e-08, 2.2650e-08],
         [1.8484e-08, 2.1952e-08, 2.7970e-08,  ..., 2.0604e-08,
          1.7782e-08, 2.7989e-08],
         [1.9753e-08, 1.9007e-08, 2.0347e-08,  ..., 1.5612e-08,
          1.4896e-08, 1.8291e-08]]], device='cuda:0')}, 1: {'step': tensor(12672.), 'exp_avg': tensor([-9.6460e-05, -1.9322e-06,  8.3824e-05,  ..., -2.1439e-05,
        -4.5797e-05,  1.1603e-05], device='cuda:0'), 'exp_avg_sq': tensor([4.3367e-08, 4.3208e-08, 5.3196e-08,  ..., 4.1406e-08, 3.5424e-08,
        5.0848e-08], device='cuda:0')}, 2: {'step': tensor(12672.), 'exp_avg': tensor([-0.0060, -0.0022, -0.0067,  0.0065, -0.0049,  0.0005,  0.0002,  0.0084,
        -0.0006, -0.0002, -0.0002, -0.0154,  0.0079,  0.0069,  0.0030],
       device='cuda:0'), 'exp_avg_sq': tensor([0.0008, 0.0005, 0.0005, 0.0005, 0.0005, 0.0006, 0.0005, 0.0006, 0.0006,
        0.0007, 0.0006, 0.0005, 0.0005, 0.0005, 0.0006], device='cuda:0')}, 3: {'step': tensor(12672.), 'exp_avg': tensor([ 0.0028,  0.0022, -0.0052,  0.0054,  0.0106, -0.0002, -0.0047,  0.0042,
         0.0010,  0.0004, -0.0039, -0.0015, -0.0052, -0.0014, -0.0045],
       device='cuda:0'), 'exp_avg_sq': tensor([0.0006, 0.0004, 0.0004, 0.0004, 0.0005, 0.0006, 0.0004, 0.0005, 0.0005,
        0.0004, 0.0004, 0.0004, 0.0004, 0.0004, 0.0004], device='cuda:0')}, 4: {'step': tensor(12672.), 'exp_avg': tensor([[-7.9103e-05,  4.1051e-05, -1.7682e-04,  ...,  2.6465e-04,
         -2.8623e-04, -5.2548e-04],
        [-6.0862e-05, -2.1434e-04,  2.7723e-04,  ...,  2.1397e-06,
          3.1842e-04,  4.7572e-04],
        [ 4.3515e-04, -1.8260e-04, -1.6243e-05,  ...,  3.8744e-04,
          7.4064e-05,  1.1411e-04],
        ...,
        [ 7.3811e-04, -2.5527e-04, -4.2875e-04,  ..., -8.6478e-05,
         -1.1633e-04, -2.1294e-04],
        [-3.1154e-04,  8.0790e-05,  1.6274e-04,  ..., -5.9528e-04,
         -5.9630e-04, -2.3789e-04],
        [ 4.8132e-04, -3.6155e-05, -1.3053e-04,  ...,  5.5574e-04,
          6.0027e-04, -1.6740e-05]], device='cuda:0'), 'exp_avg_sq': tensor([[1.3295e-06, 1.2677e-06, 1.2166e-06,  ..., 1.3278e-06, 1.4432e-06,
         1.7296e-06],
        [1.7057e-06, 1.4852e-06, 1.6747e-06,  ..., 1.5936e-06, 1.4064e-06,
         1.6464e-06],
        [1.8190e-06, 1.5752e-06, 1.5881e-06,  ..., 1.5547e-06, 1.6946e-06,
         1.7206e-06],
        ...,
        [1.3507e-06, 1.0768e-06, 1.0457e-06,  ..., 1.3963e-06, 1.3070e-06,
         1.4319e-06],
        [1.1324e-06, 1.0045e-06, 9.3924e-07,  ..., 1.0434e-06, 1.1389e-06,
         1.1648e-06],
        [1.7401e-06, 1.4166e-06, 1.4582e-06,  ..., 1.5919e-06, 1.5838e-06,
         1.8421e-06]], device='cuda:0')}, 5: {'step': tensor(12672.), 'exp_avg': tensor([ 2.1550e-04,  1.4586e-04, -4.9401e-04,  ...,  1.4512e-05,
         2.4244e-04, -2.9667e-04], device='cuda:0'), 'exp_avg_sq': tensor([8.0549e-07, 1.0695e-06, 1.2539e-06,  ..., 8.7503e-07, 7.0218e-07,
        1.0684e-06], device='cuda:0')}, 6: {'step': tensor(12672.), 'exp_avg': tensor([-3.3784e-05, -3.3441e-04,  8.9259e-05,  ..., -2.1890e-04,
        -1.0185e-05, -1.6875e-04], device='cuda:0'), 'exp_avg_sq': tensor([2.2959e-07, 5.2748e-07, 5.3410e-07,  ..., 2.7729e-07, 3.4309e-07,
        4.8260e-07], device='cuda:0')}, 7: {'step': tensor(12672.), 'exp_avg': tensor([ 1.0178e-04,  1.3569e-04, -2.4980e-04,  ...,  1.5074e-05,
         1.2125e-04, -1.2247e-04], device='cuda:0'), 'exp_avg_sq': tensor([2.5417e-07, 3.1583e-07, 3.7911e-07,  ..., 2.6665e-07, 2.0847e-07,
        3.1318e-07], device='cuda:0')}, 8: {'step': tensor(12672.), 'exp_avg': tensor([-2.7575e-04, -2.8522e-04,  2.2361e-04,  ...,  2.7356e-04,
        -4.0695e-05, -9.0347e-05], device='cuda:0'), 'exp_avg_sq': tensor([3.9422e-07, 4.7719e-07, 7.0925e-07,  ..., 5.0676e-07, 3.5633e-07,
        5.4749e-07], device='cuda:0')}, 9: {'step': tensor(12672.), 'exp_avg': tensor([ 1.2430e-04,  1.2553e-04, -2.0818e-05,  ..., -4.7876e-05,
         1.3208e-04, -8.0456e-05], device='cuda:0'), 'exp_avg_sq': tensor([2.8351e-07, 2.5146e-07, 3.3817e-07,  ..., 2.4506e-07, 1.7905e-07,
        2.8284e-07], device='cuda:0')}, 10: {'step': tensor(12672.), 'exp_avg': tensor([[-4.8227e-06,  1.0301e-04,  1.2185e-04,  ...,  4.0361e-05,
          1.4235e-04,  1.8198e-05],
        [-7.7476e-05,  1.3620e-04,  3.6526e-05,  ..., -3.3573e-05,
          3.8799e-05,  8.8941e-05],
        [ 2.1751e-05, -1.6967e-04,  2.9770e-05,  ..., -1.8133e-04,
         -7.5518e-05,  1.3259e-05],
        ...,
        [-2.0414e-04, -1.2209e-04,  1.4336e-04,  ..., -4.7867e-06,
         -1.3429e-04, -2.9480e-04],
        [ 1.1287e-04,  3.2652e-04,  9.4785e-05,  ...,  1.6832e-05,
         -5.6172e-05,  1.2760e-04],
        [-3.0684e-05, -9.6570e-06,  1.8516e-04,  ..., -3.8199e-05,
         -1.3351e-04,  5.2648e-05]], device='cuda:0'), 'exp_avg_sq': tensor([[2.0408e-07, 2.5940e-07, 2.6719e-07,  ..., 2.5143e-07, 2.8495e-07,
         2.5713e-07],
        [1.1948e-07, 1.4799e-07, 1.5733e-07,  ..., 1.9385e-07, 1.8148e-07,
         1.5706e-07],
        [1.1789e-07, 1.4573e-07, 1.6325e-07,  ..., 2.1407e-07, 1.7030e-07,
         1.4630e-07],
        ...,
        [3.1335e-07, 3.0682e-07, 3.4969e-07,  ..., 4.1640e-07, 3.5909e-07,
         3.2828e-07],
        [2.0565e-07, 2.3256e-07, 2.5215e-07,  ..., 2.6687e-07, 2.6790e-07,
         2.1796e-07],
        [2.1667e-07, 2.4878e-07, 2.4930e-07,  ..., 2.5705e-07, 2.5552e-07,
         2.2541e-07]], device='cuda:0')}, 11: {'step': tensor(12672.), 'exp_avg': tensor([[-9.3797e-05,  1.9674e-04, -2.3415e-04,  ...,  1.3306e-04,
          2.5761e-04,  2.0311e-04],
        [ 1.7360e-04,  3.4183e-05,  2.3415e-04,  ..., -8.4211e-05,
          2.0966e-04,  2.1257e-04],
        [-8.4002e-05, -3.4113e-05,  1.0582e-04,  ..., -6.6528e-05,
          8.8506e-05, -3.5302e-04],
        ...,
        [-1.8220e-04, -5.2255e-05,  1.2461e-04,  ..., -7.0027e-05,
         -4.7671e-06,  1.2469e-04],
        [ 2.3882e-04, -3.0869e-07,  1.9132e-04,  ...,  3.1558e-04,
         -1.3510e-04, -8.7657e-05],
        [-1.4569e-05, -2.1719e-04, -1.6261e-04,  ..., -3.0815e-04,
          1.3181e-04, -4.9407e-05]], device='cuda:0'), 'exp_avg_sq': tensor([[2.9645e-07, 3.5845e-07, 4.3814e-07,  ..., 4.2182e-07, 3.6932e-07,
         2.4145e-07],
        [4.0889e-07, 4.7879e-07, 6.0993e-07,  ..., 6.1682e-07, 4.6688e-07,
         3.3023e-07],
        [3.5217e-07, 5.2970e-07, 5.2793e-07,  ..., 5.7569e-07, 5.2695e-07,
         3.0238e-07],
        ...,
        [2.9601e-07, 3.5664e-07, 4.0077e-07,  ..., 4.2740e-07, 3.3826e-07,
         2.5296e-07],
        [2.7960e-07, 3.2783e-07, 3.6428e-07,  ..., 4.1813e-07, 3.1328e-07,
         2.3117e-07],
        [3.3657e-07, 4.4692e-07, 5.3133e-07,  ..., 5.2926e-07, 4.2313e-07,
         3.1611e-07]], device='cuda:0')}, 12: {'step': tensor(12672.), 'exp_avg': tensor([-1.5517e-04,  3.5176e-05, -1.1713e-04,  ..., -7.2596e-05,
         1.8561e-05, -9.7187e-05], device='cuda:0'), 'exp_avg_sq': tensor([1.5606e-07, 1.8568e-07, 1.7623e-07,  ..., 1.4939e-07, 1.4248e-07,
        1.8609e-07], device='cuda:0')}, 13: {'step': tensor(12672.), 'exp_avg': tensor([-8.3002e-05, -4.0757e-05, -7.3887e-05,  ...,  3.2586e-05,
        -7.9755e-05, -4.3540e-05], device='cuda:0'), 'exp_avg_sq': tensor([4.6767e-08, 6.8822e-08, 6.1608e-08,  ..., 5.6221e-08, 5.7086e-08,
        7.8660e-08], device='cuda:0')}, 14: {'step': tensor(12672.), 'exp_avg': tensor([ 3.0048e-05,  4.4472e-05, -1.3815e-04,  ..., -1.9883e-05,
         1.0251e-04, -8.4127e-05], device='cuda:0'), 'exp_avg_sq': tensor([5.0496e-08, 7.1182e-08, 5.9394e-08,  ..., 3.8095e-08, 5.1586e-08,
        5.4902e-08], device='cuda:0')}, 15: {'step': tensor(12672.), 'exp_avg': tensor([[ 4.8589e-06, -2.1115e-05,  3.6074e-05,  ...,  3.4144e-05,
         -5.6700e-05, -2.0490e-05],
        [-2.8652e-05,  4.9274e-05,  5.4302e-06,  ..., -5.3032e-05,
         -2.0064e-05,  1.3614e-05],
        [-2.1114e-05,  3.5764e-06,  1.7165e-05,  ..., -1.3816e-06,
         -1.2279e-05,  8.3092e-06],
        ...,
        [-8.0892e-06,  6.0330e-05, -1.9720e-05,  ...,  3.9315e-05,
          1.0673e-05,  3.7936e-05],
        [-4.3674e-05,  1.5902e-05,  6.2111e-05,  ..., -7.8826e-06,
          1.7124e-05, -3.3253e-06],
        [-3.8510e-05, -4.3946e-05, -2.5053e-05,  ...,  5.2574e-05,
          2.5300e-05,  8.2149e-05]], device='cuda:0'), 'exp_avg_sq': tensor([[1.6167e-08, 1.2792e-08, 1.9721e-08,  ..., 2.0272e-08, 1.6683e-08,
         1.6031e-08],
        [2.6692e-08, 3.2672e-08, 5.2959e-08,  ..., 3.7516e-08, 3.4735e-08,
         2.9364e-08],
        [2.6506e-09, 2.5346e-09, 3.9078e-09,  ..., 3.1682e-09, 3.3706e-09,
         2.4192e-09],
        ...,
        [2.1069e-08, 2.4723e-08, 2.8155e-08,  ..., 3.9058e-08, 2.5058e-08,
         2.4779e-08],
        [3.2524e-08, 2.9227e-08, 3.3585e-08,  ..., 4.5366e-08, 3.8784e-08,
         3.0725e-08],
        [7.5731e-09, 7.9510e-09, 1.2451e-08,  ..., 1.2449e-08, 1.1817e-08,
         1.0570e-08]], device='cuda:0')}, 16: {'step': tensor(12672.), 'exp_avg': tensor([ 5.2814e-05,  3.8275e-05,  7.5276e-06,  ..., -1.2288e-05,
         6.5795e-06,  3.8735e-05], device='cuda:0'), 'exp_avg_sq': tensor([1.5874e-08, 3.3934e-08, 2.7750e-09,  ..., 2.6688e-08, 3.5477e-08,
        9.1151e-09], device='cuda:0')}, 17: {'step': tensor(12672.), 'exp_avg': tensor([[ 5.8677e-05,  1.1095e-05,  9.8993e-06,  ..., -3.8676e-06,
          9.5546e-05,  1.5683e-05],
        [ 6.3215e-05,  4.8440e-05, -2.5460e-05,  ...,  4.6571e-05,
          5.2503e-05, -2.1024e-05],
        [-6.9234e-05, -3.3888e-05, -1.0688e-05,  ..., -2.8650e-05,
         -1.4361e-04, -3.6039e-06],
        ...,
        [-2.8157e-05,  2.0985e-05, -1.4405e-06,  ..., -3.5849e-05,
          4.8817e-05,  3.9254e-06],
        [ 2.9840e-06,  5.4132e-05,  4.5438e-07,  ...,  5.7001e-05,
          3.0427e-05,  1.7568e-05],
        [ 2.3572e-05, -4.3739e-06, -2.3490e-05,  ..., -1.8953e-05,
          3.0293e-05, -2.7650e-05]], device='cuda:0'), 'exp_avg_sq': tensor([[2.0590e-08, 2.2833e-08, 2.7790e-09,  ..., 3.2111e-08, 4.0794e-08,
         5.0210e-09],
        [2.5869e-08, 3.1572e-08, 4.5950e-09,  ..., 2.9078e-08, 4.8080e-08,
         6.2054e-09],
        [1.7928e-08, 2.6479e-08, 3.9495e-09,  ..., 3.7695e-08, 3.6050e-08,
         5.8840e-09],
        ...,
        [1.9006e-08, 2.3291e-08, 3.7763e-09,  ..., 2.6502e-08, 3.7131e-08,
         4.9667e-09],
        [1.5989e-08, 2.4616e-08, 2.9217e-09,  ..., 2.8198e-08, 3.1842e-08,
         5.2055e-09],
        [1.8386e-08, 2.4651e-08, 3.6398e-09,  ..., 2.8426e-08, 3.4223e-08,
         5.4166e-09]], device='cuda:0')}, 18: {'step': tensor(12672.), 'exp_avg': tensor([-7.1367e-05,  4.2470e-05, -4.0331e-06,  ...,  1.1722e-05,
        -3.3498e-05,  8.0183e-05], device='cuda:0'), 'exp_avg_sq': tensor([1.1559e-07, 1.2875e-07, 1.4089e-07,  ..., 1.3425e-07, 1.2064e-07,
        1.2931e-07], device='cuda:0')}, 19: {'step': tensor(12672.), 'exp_avg': tensor([-3.1037e-05, -1.8463e-04,  7.4598e-05,  ..., -9.9927e-05,
         2.4924e-05, -2.3328e-04], device='cuda:0'), 'exp_avg_sq': tensor([1.8470e-07, 2.3376e-07, 3.1536e-07,  ..., 3.0515e-07, 2.4277e-07,
        2.3166e-07], device='cuda:0')}, 20: {'step': tensor(12672.), 'exp_avg': tensor([-8.0223e-05,  1.9150e-04,  1.5689e-04,  ..., -7.3625e-06,
        -1.2510e-04,  1.2771e-04], device='cuda:0'), 'exp_avg_sq': tensor([1.5506e-07, 1.3643e-07, 1.7236e-07,  ..., 1.2006e-07, 1.4042e-07,
        1.4424e-07], device='cuda:0')}, 21: {'step': tensor(12672.), 'exp_avg': tensor([[ 6.9323e-05, -3.4588e-05,  1.3482e-04,  ...,  3.9919e-05,
          6.6310e-06, -8.5404e-05],
        [ 1.9139e-05, -7.1693e-05, -4.4581e-05,  ...,  1.2953e-04,
         -7.6410e-05, -1.5579e-04],
        [ 1.3509e-04, -3.8536e-07, -3.1694e-06,  ..., -1.8282e-05,
         -3.8100e-05, -5.7985e-05],
        ...,
        [ 9.4154e-05, -1.4372e-04, -1.6293e-04,  ...,  1.7104e-04,
          1.5705e-04, -4.2619e-05],
        [ 4.1485e-06, -7.5055e-05,  1.3519e-04,  ..., -8.0976e-05,
          1.8533e-05,  1.1410e-04],
        [-2.4534e-05, -1.6810e-04, -6.0920e-05,  ...,  8.7907e-05,
          2.8512e-04, -1.9941e-05]], device='cuda:0'), 'exp_avg_sq': tensor([[9.3117e-08, 9.1391e-08, 1.1465e-07,  ..., 1.6520e-07, 1.1986e-07,
         1.0740e-07],
        [9.9126e-08, 9.1403e-08, 1.3575e-07,  ..., 1.9681e-07, 1.5328e-07,
         1.2763e-07],
        [9.6162e-08, 7.6200e-08, 9.9521e-08,  ..., 1.8838e-07, 1.2499e-07,
         9.9564e-08],
        ...,
        [2.1452e-07, 1.9720e-07, 2.6427e-07,  ..., 3.8318e-07, 4.3899e-07,
         2.5884e-07],
        [1.1349e-07, 1.1161e-07, 1.7656e-07,  ..., 2.2355e-07, 1.9182e-07,
         1.6208e-07],
        [1.2428e-07, 1.3548e-07, 1.6820e-07,  ..., 2.4936e-07, 2.9187e-07,
         1.7314e-07]], device='cuda:0')}, 22: {'step': tensor(12672.), 'exp_avg': tensor([[ 1.3833e-04,  2.1005e-04, -2.4422e-04,  ..., -4.3970e-05,
         -4.6824e-05, -6.8946e-05],
        [ 1.1484e-04,  6.9211e-05,  1.5591e-04,  ...,  6.7869e-05,
         -2.3487e-05,  1.0813e-04],
        [-1.4345e-04, -2.9445e-04,  1.2806e-05,  ..., -4.7477e-05,
         -1.0103e-04, -2.4853e-05],
        ...,
        [ 1.7757e-04, -2.3741e-05,  7.3663e-05,  ...,  1.6837e-04,
         -1.1223e-04, -3.8513e-05],
        [-1.3517e-04, -9.0838e-05, -1.9701e-04,  ..., -6.2084e-06,
          4.0756e-05,  1.0142e-04],
        [ 4.1931e-05,  2.5042e-04, -1.0083e-04,  ...,  2.5582e-05,
         -1.0257e-04, -1.0156e-05]], device='cuda:0'), 'exp_avg_sq': tensor([[1.4634e-07, 1.5452e-07, 2.0996e-07,  ..., 1.9083e-07, 1.5883e-07,
         1.4937e-07],
        [2.2327e-07, 2.0881e-07, 2.3114e-07,  ..., 2.7025e-07, 1.9330e-07,
         1.9334e-07],
        [1.8052e-07, 1.5974e-07, 2.0421e-07,  ..., 2.1800e-07, 1.7889e-07,
         1.6622e-07],
        ...,
        [1.7594e-07, 1.6585e-07, 2.2429e-07,  ..., 2.3837e-07, 1.9908e-07,
         2.1581e-07],
        [1.6614e-07, 1.3721e-07, 2.1734e-07,  ..., 2.0287e-07, 1.7126e-07,
         1.5819e-07],
        [1.9176e-07, 1.6598e-07, 2.1983e-07,  ..., 2.2773e-07, 1.9063e-07,
         1.7633e-07]], device='cuda:0')}, 23: {'step': tensor(12672.), 'exp_avg': tensor([-6.5441e-05,  2.5152e-05,  2.9926e-06,  ..., -3.2475e-05,
         5.4760e-05, -6.6315e-05], device='cuda:0'), 'exp_avg_sq': tensor([6.5757e-08, 8.6274e-08, 7.5834e-08,  ..., 9.0620e-08, 8.9959e-08,
        8.6574e-08], device='cuda:0')}, 24: {'step': tensor(12672.), 'exp_avg': tensor([-2.6866e-05, -3.6599e-05,  8.0516e-05,  ...,  2.5612e-05,
         3.7393e-05,  2.6586e-05], device='cuda:0'), 'exp_avg_sq': tensor([1.9007e-08, 3.0383e-08, 2.0409e-08,  ..., 2.9291e-08, 2.5452e-08,
        3.1706e-08], device='cuda:0')}, 25: {'step': tensor(12672.), 'exp_avg': tensor([ 1.3275e-05, -6.0928e-05, -9.9395e-05,  ..., -2.3469e-06,
         3.7890e-05,  3.2120e-06], device='cuda:0'), 'exp_avg_sq': tensor([2.0968e-08, 3.1976e-08, 2.7029e-08,  ..., 2.0550e-08, 2.5490e-08,
        2.9944e-08], device='cuda:0')}, 26: {'step': tensor(12672.), 'exp_avg': tensor([[ 4.0644e-06, -1.0425e-05,  1.2596e-05,  ..., -2.2080e-05,
          7.8352e-06, -1.1823e-05],
        [-1.4315e-05, -1.0579e-05, -1.3133e-05,  ...,  1.8038e-05,
         -1.4063e-05,  4.4427e-05],
        [-1.1494e-04,  4.6067e-06, -2.5598e-05,  ..., -4.2154e-05,
          7.5556e-05, -1.0658e-04],
        ...,
        [ 2.1738e-05,  1.6980e-05, -1.6847e-05,  ..., -1.0579e-05,
         -5.4561e-06,  1.8697e-05],
        [ 1.3400e-05, -2.4808e-05,  4.5977e-05,  ...,  1.0490e-05,
         -1.4406e-05,  1.6685e-05],
        [ 6.3324e-05, -6.2410e-05, -6.8705e-06,  ..., -2.5136e-05,
          6.2850e-06,  6.3547e-06]], device='cuda:0'), 'exp_avg_sq': tensor([[5.3837e-09, 5.1893e-09, 5.9911e-09,  ..., 7.0363e-09, 7.3487e-09,
         7.5648e-09],
        [1.9635e-08, 2.2787e-08, 2.2241e-08,  ..., 3.2456e-08, 2.4696e-08,
         2.5109e-08],
        [4.3671e-08, 4.2194e-08, 6.5229e-08,  ..., 8.1934e-08, 7.4813e-08,
         5.8666e-08],
        ...,
        [1.4346e-08, 1.3579e-08, 1.6907e-08,  ..., 2.3868e-08, 2.1974e-08,
         2.1598e-08],
        [1.4394e-08, 1.2469e-08, 1.6127e-08,  ..., 2.2771e-08, 2.1872e-08,
         1.6697e-08],
        [1.4132e-08, 1.2906e-08, 1.9736e-08,  ..., 2.0294e-08, 1.9012e-08,
         2.0250e-08]], device='cuda:0')}, 27: {'step': tensor(12672.), 'exp_avg': tensor([-3.1116e-06, -4.9909e-05,  5.2326e-05,  ..., -2.9569e-05,
         4.0471e-05, -4.4390e-05], device='cuda:0'), 'exp_avg_sq': tensor([6.8885e-09, 2.1308e-08, 5.5145e-08,  ..., 1.7240e-08, 1.7012e-08,
        1.7578e-08], device='cuda:0')}, 28: {'step': tensor(12672.), 'exp_avg': tensor([[ 9.2070e-06, -3.4631e-05, -6.0780e-05,  ...,  4.3309e-06,
          3.4448e-06, -1.3978e-05],
        [ 2.3322e-05, -6.0893e-05,  9.1875e-06,  ..., -1.0370e-05,
          1.2139e-07,  6.8688e-06],
        [-1.0232e-05,  1.1854e-05,  7.2556e-05,  ...,  9.5679e-05,
          6.0369e-06, -7.3543e-05],
        ...,
        [ 1.4282e-05,  1.2752e-05,  2.4774e-05,  ...,  3.8990e-05,
         -1.0825e-05,  4.0497e-05],
        [ 6.8817e-06, -4.7128e-05, -3.1225e-05,  ...,  9.8818e-06,
          7.3153e-06,  3.5788e-05],
        [-1.9249e-05,  8.7987e-06,  9.2201e-05,  ...,  2.7431e-05,
         -1.5492e-06,  7.7680e-06]], device='cuda:0'), 'exp_avg_sq': tensor([[4.2893e-09, 2.3746e-08, 2.7305e-08,  ..., 1.8948e-08, 8.5627e-09,
         7.9226e-09],
        [6.1133e-09, 1.9895e-08, 2.7905e-08,  ..., 2.0155e-08, 1.1200e-08,
         1.1689e-08],
        [4.6040e-09, 1.9153e-08, 2.8315e-08,  ..., 2.5020e-08, 9.2849e-09,
         7.5790e-09],
        ...,
        [4.5824e-09, 1.6941e-08, 2.4870e-08,  ..., 1.7566e-08, 1.0519e-08,
         9.0489e-09],
        [5.5546e-09, 1.6695e-08, 2.3566e-08,  ..., 1.5240e-08, 9.6501e-09,
         8.4837e-09],
        [4.4925e-09, 1.9104e-08, 2.7824e-08,  ..., 1.5366e-08, 9.9866e-09,
         9.0939e-09]], device='cuda:0')}, 29: {'step': tensor(12672.), 'exp_avg': tensor([-6.8565e-05, -5.9700e-06,  1.5953e-06,  ...,  2.5338e-05,
         5.2362e-05, -4.6846e-05], device='cuda:0'), 'exp_avg_sq': tensor([6.1774e-08, 7.2795e-08, 7.2374e-08,  ..., 7.4258e-08, 7.9767e-08,
        7.2825e-08], device='cuda:0')}, 30: {'step': tensor(12672.), 'exp_avg': tensor([ 9.9177e-05, -5.8479e-05,  1.9031e-04,  ..., -9.2067e-05,
        -1.3618e-04, -1.2481e-04], device='cuda:0'), 'exp_avg_sq': tensor([1.5669e-07, 1.6546e-07, 1.5477e-07,  ..., 2.6254e-07, 1.9121e-07,
        2.0710e-07], device='cuda:0')}, 31: {'step': tensor(12672.), 'exp_avg': tensor([-4.5433e-05,  8.3191e-05, -5.3241e-05,  ..., -9.1893e-06,
         2.6088e-04, -4.0065e-05], device='cuda:0'), 'exp_avg_sq': tensor([1.2079e-07, 9.3303e-08, 1.0196e-07,  ..., 8.7640e-08, 1.2641e-07,
        8.5908e-08], device='cuda:0')}, 32: {'step': tensor(12672.), 'exp_avg': tensor([[ 5.1784e-05, -1.0026e-04,  2.1460e-05,  ...,  1.0815e-04,
          5.3743e-05, -3.8138e-05],
        [ 7.8143e-06, -1.8605e-05,  2.2945e-05,  ...,  1.2271e-04,
          1.7964e-05, -6.4838e-05],
        [-5.6955e-05,  4.9677e-05, -1.0319e-04,  ..., -7.5969e-05,
         -4.9327e-05, -4.9183e-05],
        ...,
        [ 9.7414e-05,  2.1507e-05,  2.7540e-06,  ...,  3.6216e-05,
         -7.3425e-05, -8.3480e-05],
        [ 1.7199e-04, -4.4158e-05,  1.8745e-04,  ..., -4.6952e-05,
         -1.1327e-04, -3.0207e-04],
        [ 6.2812e-05, -1.2152e-04,  5.8897e-05,  ..., -6.5912e-05,
         -1.9565e-05, -2.5531e-04]], device='cuda:0'), 'exp_avg_sq': tensor([[1.1109e-07, 1.1182e-07, 1.2384e-07,  ..., 2.1743e-07, 1.2063e-07,
         1.2120e-07],
        [7.0915e-08, 6.8234e-08, 7.2588e-08,  ..., 1.5788e-07, 9.2583e-08,
         8.7579e-08],
        [7.1658e-08, 7.5724e-08, 6.6965e-08,  ..., 1.4770e-07, 1.0105e-07,
         7.5831e-08],
        ...,
        [6.8808e-08, 6.8419e-08, 7.3632e-08,  ..., 8.9414e-08, 8.3377e-08,
         8.2497e-08],
        [1.4198e-07, 1.7195e-07, 1.6815e-07,  ..., 2.1034e-07, 1.9609e-07,
         2.1312e-07],
        [8.0080e-08, 7.6552e-08, 9.3541e-08,  ..., 9.9663e-08, 1.0626e-07,
         1.0275e-07]], device='cuda:0')}, 33: {'step': tensor(12672.), 'exp_avg': tensor([[ 2.4476e-05, -6.1258e-05, -9.3286e-05,  ...,  4.3264e-05,
         -5.3340e-05,  2.7661e-05],
        [ 9.0912e-06,  3.3690e-05, -2.1094e-05,  ...,  6.2311e-05,
         -9.4363e-05,  5.1214e-05],
        [ 1.9090e-04, -5.4747e-05,  6.8920e-05,  ...,  1.3651e-04,
         -1.5818e-05,  1.9994e-05],
        ...,
        [-1.4224e-04,  1.1870e-04, -1.9090e-04,  ...,  4.3923e-05,
          1.1538e-04,  3.1235e-05],
        [ 4.6574e-05, -1.0883e-04,  8.5350e-05,  ..., -1.0485e-04,
         -2.0666e-04, -2.5144e-05],
        [-3.5363e-05,  2.9010e-05, -3.4436e-05,  ...,  1.7057e-06,
         -1.6157e-04,  2.7230e-05]], device='cuda:0'), 'exp_avg_sq': tensor([[6.0353e-08, 8.6577e-08, 7.9948e-08,  ..., 6.7946e-08, 1.0883e-07,
         8.3580e-08],
        [8.2355e-08, 1.1096e-07, 1.0839e-07,  ..., 8.3922e-08, 1.2707e-07,
         1.0305e-07],
        [7.4187e-08, 9.5983e-08, 7.8642e-08,  ..., 7.1426e-08, 1.2079e-07,
         8.4348e-08],
        ...,
        [7.0352e-08, 8.6392e-08, 7.8866e-08,  ..., 7.1750e-08, 1.1642e-07,
         8.5150e-08],
        [6.7966e-08, 7.9506e-08, 8.0566e-08,  ..., 5.5515e-08, 1.0602e-07,
         7.9885e-08],
        [8.5614e-08, 9.7209e-08, 9.5825e-08,  ..., 7.6891e-08, 1.2961e-07,
         1.0225e-07]], device='cuda:0')}, 34: {'step': tensor(12672.), 'exp_avg': tensor([-5.9983e-05, -1.3713e-05,  5.6978e-05,  ...,  2.7401e-06,
        -1.1318e-04, -2.9098e-05], device='cuda:0'), 'exp_avg_sq': tensor([3.8875e-08, 5.1451e-08, 5.2460e-08,  ..., 5.2617e-08, 4.2873e-08,
        5.9839e-08], device='cuda:0')}, 35: {'step': tensor(12672.), 'exp_avg': tensor([-4.0807e-05,  5.9875e-05, -6.3882e-05,  ..., -3.8113e-06,
        -4.2949e-05, -3.6100e-05], device='cuda:0'), 'exp_avg_sq': tensor([7.8612e-09, 1.0079e-08, 1.2443e-08,  ..., 1.3717e-08, 9.3856e-09,
        1.0152e-08], device='cuda:0')}, 36: {'step': tensor(12672.), 'exp_avg': tensor([ 5.1347e-05,  3.3340e-06,  7.4395e-06,  ...,  4.0648e-05,
        -3.1860e-05, -2.0809e-05], device='cuda:0'), 'exp_avg_sq': tensor([9.4206e-09, 9.0329e-09, 1.4850e-08,  ..., 1.0362e-08, 8.1471e-09,
        8.4528e-09], device='cuda:0')}, 37: {'step': tensor(12672.), 'exp_avg': tensor([[-8.3500e-06,  2.8205e-06,  2.0407e-05,  ...,  1.4672e-05,
         -4.2540e-05,  4.2556e-06],
        [-3.1139e-06, -1.1113e-05,  9.7048e-06,  ...,  1.5762e-05,
         -1.3466e-05, -1.0327e-05],
        [-6.5516e-05, -8.9270e-06, -2.0964e-05,  ..., -1.9564e-05,
          1.2788e-05,  8.4999e-08],
        ...,
        [-2.0945e-05,  9.2706e-06, -1.7246e-05,  ...,  2.5812e-06,
          2.7253e-05, -1.3269e-05],
        [-1.5197e-05,  2.9384e-05,  1.1330e-05,  ...,  4.1111e-05,
          3.4544e-05, -2.3151e-06],
        [ 6.4446e-06, -1.1083e-05,  1.5798e-05,  ...,  1.8001e-05,
          1.0296e-05,  2.4167e-05]], device='cuda:0'), 'exp_avg_sq': tensor([[3.1211e-09, 3.3040e-09, 5.3284e-09,  ..., 5.4131e-09, 4.3851e-09,
         4.0798e-09],
        [5.9738e-09, 4.6213e-09, 6.1442e-09,  ..., 8.8540e-09, 4.6882e-09,
         4.6666e-09],
        [1.6595e-08, 1.8654e-08, 2.7251e-08,  ..., 2.3258e-08, 2.1151e-08,
         2.1280e-08],
        ...,
        [4.3186e-09, 5.0762e-09, 4.7865e-09,  ..., 8.9175e-09, 6.1529e-09,
         4.8690e-09],
        [5.2303e-09, 3.4543e-09, 4.9382e-09,  ..., 8.8975e-09, 6.2041e-09,
         4.5326e-09],
        [4.2843e-09, 3.9263e-09, 5.5805e-09,  ..., 9.9576e-09, 6.0002e-09,
         6.2555e-09]], device='cuda:0')}, 38: {'step': tensor(12672.), 'exp_avg': tensor([ 2.5549e-05,  1.8162e-05,  2.5227e-05,  ...,  3.2275e-06,
        -1.2193e-05, -3.5219e-05], device='cuda:0'), 'exp_avg_sq': tensor([3.9996e-09, 5.6456e-09, 2.0589e-08,  ..., 5.0175e-09, 3.8998e-09,
        5.3444e-09], device='cuda:0')}, 39: {'step': tensor(12672.), 'exp_avg': tensor([[ 9.3046e-06, -1.0468e-05, -8.0271e-06,  ...,  1.8970e-05,
          4.6698e-06,  1.1941e-05],
        [ 1.7889e-05,  9.4794e-06,  1.7974e-05,  ...,  8.6816e-06,
         -4.3133e-06,  1.8192e-05],
        [-1.5551e-05,  1.7976e-05,  1.0016e-05,  ..., -6.8651e-06,
         -2.1105e-05, -7.1444e-06],
        ...,
        [-3.1368e-06,  7.8211e-06, -2.6819e-06,  ..., -1.2505e-05,
          5.2882e-06,  4.7161e-05],
        [ 7.6297e-06, -2.0865e-05,  7.1042e-06,  ...,  2.0677e-05,
          4.9751e-06,  3.1638e-06],
        [ 1.1517e-05,  1.1595e-05,  3.5511e-05,  ...,  1.9324e-05,
         -1.7611e-05,  4.0613e-05]], device='cuda:0'), 'exp_avg_sq': tensor([[2.2288e-09, 3.4463e-09, 1.6181e-08,  ..., 2.4651e-09, 2.6767e-09,
         4.6809e-09],
        [3.2722e-09, 4.4818e-09, 1.6203e-08,  ..., 2.3027e-09, 3.0596e-09,
         5.2556e-09],
        [2.6588e-09, 3.4062e-09, 1.2902e-08,  ..., 2.0829e-09, 2.4164e-09,
         4.3835e-09],
        ...,
        [2.2479e-09, 3.6025e-09, 1.5462e-08,  ..., 2.5087e-09, 2.7322e-09,
         4.1367e-09],
        [2.1552e-09, 2.6554e-09, 1.3632e-08,  ..., 2.5981e-09, 2.9803e-09,
         4.2506e-09],
        [3.4247e-09, 2.8078e-09, 1.6519e-08,  ..., 2.4660e-09, 2.9832e-09,
         5.4056e-09]], device='cuda:0')}, 40: {'step': tensor(12672.), 'exp_avg': tensor([-6.2701e-05,  3.8482e-06,  3.3957e-05,  ..., -2.7074e-05,
        -5.4661e-05, -4.2658e-05], device='cuda:0'), 'exp_avg_sq': tensor([3.5178e-08, 4.4561e-08, 4.8616e-08,  ..., 4.7322e-08, 3.8863e-08,
        5.3878e-08], device='cuda:0')}, 41: {'step': tensor(12672.), 'exp_avg': tensor([-1.2211e-04,  1.4975e-04,  8.3692e-05,  ..., -1.5220e-04,
        -6.2320e-05, -8.7105e-05], device='cuda:0'), 'exp_avg_sq': tensor([1.3143e-07, 2.4184e-07, 1.3117e-07,  ..., 2.1617e-07, 2.0493e-07,
        1.5954e-07], device='cuda:0')}, 42: {'step': tensor(12672.), 'exp_avg': tensor([-5.1983e-05, -1.1766e-05,  4.1440e-05,  ..., -5.4073e-05,
        -4.5583e-05,  4.1645e-05], device='cuda:0'), 'exp_avg_sq': tensor([5.7914e-08, 8.4954e-08, 8.9439e-08,  ..., 8.3741e-08, 9.1231e-08,
        9.6032e-08], device='cuda:0')}, 43: {'step': tensor(12672.), 'exp_avg': tensor([[ 3.3119e-05,  6.6617e-05,  5.1498e-05,  ...,  3.7590e-05,
         -7.7443e-05, -1.6720e-05],
        [-3.8023e-05, -2.4704e-05,  1.1359e-04,  ..., -8.0181e-05,
          2.5547e-05, -8.8143e-05],
        [-6.8787e-05, -7.1531e-05,  8.2383e-05,  ...,  3.0782e-05,
         -6.1204e-06, -5.6379e-05],
        ...,
        [-2.3631e-06,  3.8814e-05, -2.4333e-05,  ..., -6.3193e-05,
         -2.8812e-05, -2.1442e-05],
        [ 3.2556e-05, -1.2841e-05,  4.4054e-05,  ..., -1.7821e-05,
          1.7137e-05,  9.7574e-07],
        [-1.3379e-05, -7.7350e-05,  9.5385e-05,  ...,  3.9109e-05,
         -5.9952e-05,  3.5968e-05]], device='cuda:0'), 'exp_avg_sq': tensor([[1.4590e-07, 1.2715e-07, 1.4115e-07,  ..., 2.6480e-07, 1.5615e-07,
         1.4292e-07],
        [8.8266e-08, 7.4797e-08, 8.5379e-08,  ..., 1.3534e-07, 1.0464e-07,
         8.9685e-08],
        [6.7118e-08, 6.0181e-08, 7.0732e-08,  ..., 1.2316e-07, 8.2432e-08,
         7.5408e-08],
        ...,
        [5.5473e-08, 9.0736e-08, 8.1018e-08,  ..., 7.0583e-08, 1.0680e-07,
         5.8102e-08],
        [3.7094e-08, 7.0317e-08, 5.1068e-08,  ..., 4.5557e-08, 1.0332e-07,
         3.9436e-08],
        [5.8340e-08, 1.3258e-07, 8.7029e-08,  ..., 7.8324e-08, 1.8374e-07,
         6.9662e-08]], device='cuda:0')}, 44: {'step': tensor(12672.), 'exp_avg': tensor([[ 6.3606e-05,  3.3734e-05,  6.0697e-05,  ..., -1.5187e-06,
          3.0529e-05,  1.3840e-06],
        [-7.7573e-06, -2.1020e-05,  9.9361e-07,  ...,  7.0331e-05,
          6.8517e-05,  8.1137e-05],
        [-4.5539e-05,  1.3806e-05,  8.3622e-05,  ..., -5.3360e-05,
          3.6885e-05, -2.2187e-05],
        ...,
        [-3.8444e-05, -2.4534e-05, -3.8635e-05,  ..., -4.1296e-06,
          6.8692e-06, -1.7158e-06],
        [ 5.6587e-05,  4.3289e-05,  4.5064e-05,  ..., -2.8356e-05,
          3.5234e-05,  4.2309e-05],
        [-7.4125e-05, -2.8055e-05, -5.7572e-05,  ...,  2.2750e-05,
          5.3362e-05,  5.4902e-05]], device='cuda:0'), 'exp_avg_sq': tensor([[2.1552e-08, 2.1234e-08, 3.6991e-08,  ..., 4.2594e-08, 2.6455e-08,
         4.1101e-08],
        [1.9818e-08, 2.8686e-08, 3.7772e-08,  ..., 4.3710e-08, 3.2905e-08,
         3.8943e-08],
        [2.4140e-08, 2.8629e-08, 4.3361e-08,  ..., 4.2511e-08, 3.0076e-08,
         3.7931e-08],
        ...,
        [2.1763e-08, 2.6382e-08, 4.0262e-08,  ..., 4.7485e-08, 3.5179e-08,
         4.1268e-08],
        [1.7490e-08, 2.0602e-08, 3.1354e-08,  ..., 3.6571e-08, 2.6943e-08,
         3.0507e-08],
        [2.5570e-08, 3.2540e-08, 4.7286e-08,  ..., 5.2478e-08, 4.0678e-08,
         4.3706e-08]], device='cuda:0')}, 45: {'step': tensor(12672.), 'exp_avg': tensor([-2.1308e-05,  3.5989e-05,  2.3540e-05,  ...,  3.9823e-06,
        -2.8989e-05, -5.5635e-05], device='cuda:0'), 'exp_avg_sq': tensor([2.2307e-08, 2.8305e-08, 2.4715e-08,  ..., 2.9292e-08, 2.0743e-08,
        3.3805e-08], device='cuda:0')}, 46: {'step': tensor(12672.), 'exp_avg': tensor([-1.2409e-06,  3.6035e-05, -3.8613e-06,  ..., -1.2859e-05,
         1.7069e-05, -2.0507e-05], device='cuda:0'), 'exp_avg_sq': tensor([9.1790e-09, 9.3155e-09, 1.0407e-08,  ..., 1.1811e-08, 8.8426e-09,
        1.3219e-08], device='cuda:0')}, 47: {'step': tensor(12672.), 'exp_avg': tensor([-2.7521e-05, -2.2280e-05, -2.4726e-06,  ...,  2.9523e-05,
        -3.3939e-06, -3.8293e-05], device='cuda:0'), 'exp_avg_sq': tensor([1.2838e-08, 8.4655e-09, 9.3491e-09,  ..., 7.4620e-09, 8.0826e-09,
        1.1249e-08], device='cuda:0')}, 48: {'step': tensor(12672.), 'exp_avg': tensor([[-1.7374e-05,  4.7908e-05, -4.9285e-05,  ...,  3.5046e-06,
          1.9386e-05, -6.2901e-05],
        [ 7.5473e-06,  1.2472e-05, -7.4825e-06,  ...,  1.7223e-05,
         -1.8309e-05,  2.5894e-05],
        [ 1.7563e-05,  1.8411e-05, -7.8975e-05,  ..., -3.5307e-05,
         -5.4893e-06, -4.8957e-05],
        ...,
        [-3.2988e-06,  1.2285e-06, -4.0507e-06,  ...,  7.6528e-06,
          2.2021e-07, -3.0982e-06],
        [-1.4502e-05, -2.4548e-05, -2.5105e-05,  ...,  4.7709e-05,
          2.1484e-05,  2.3113e-06],
        [ 1.0458e-05,  1.4708e-05, -8.0872e-07,  ...,  1.7606e-05,
          5.1376e-06, -1.0785e-05]], device='cuda:0'), 'exp_avg_sq': tensor([[8.4920e-09, 7.5474e-09, 1.3151e-08,  ..., 1.3541e-08, 9.7201e-09,
         1.4725e-08],
        [8.6981e-09, 9.0338e-09, 8.0519e-09,  ..., 9.5009e-09, 1.0838e-08,
         1.2517e-08],
        [6.4504e-09, 5.7770e-09, 8.8619e-09,  ..., 7.4274e-09, 7.3280e-09,
         8.4261e-09],
        ...,
        [4.9514e-10, 4.5525e-10, 6.8913e-10,  ..., 7.1224e-10, 5.0243e-10,
         6.1533e-10],
        [6.9879e-09, 4.7688e-09, 7.0815e-09,  ..., 9.8654e-09, 5.5957e-09,
         7.8383e-09],
        [3.3083e-09, 3.5187e-09, 4.0172e-09,  ..., 4.0847e-09, 3.1946e-09,
         3.6279e-09]], device='cuda:0')}, 49: {'step': tensor(12672.), 'exp_avg': tensor([ 4.5265e-05, -8.3659e-06,  2.8999e-05,  ..., -8.6316e-08,
         8.1736e-06, -2.5720e-06], device='cuda:0'), 'exp_avg_sq': tensor([8.3767e-09, 8.6951e-09, 6.7703e-09,  ..., 5.5195e-10, 6.3433e-09,
        3.4769e-09], device='cuda:0')}, 50: {'step': tensor(12672.), 'exp_avg': tensor([[ 6.9295e-06,  1.4313e-05,  2.7959e-06,  ..., -1.1032e-06,
         -5.8134e-06,  3.6601e-06],
        [ 6.0173e-06,  2.0155e-06,  2.9301e-06,  ...,  1.7668e-05,
         -1.6940e-05,  1.3684e-05],
        [ 3.7874e-06, -1.1590e-06,  3.9950e-06,  ...,  1.2407e-05,
          1.2239e-06,  1.7483e-05],
        ...,
        [-1.8783e-06, -4.8899e-06,  8.9509e-06,  ...,  2.2388e-05,
         -1.6587e-05,  1.7787e-05],
        [-1.2622e-05,  6.6570e-06, -1.6024e-06,  ..., -3.5143e-05,
          1.7138e-05, -5.6890e-06],
        [ 3.6195e-06,  4.2493e-06,  1.2188e-05,  ...,  3.5449e-05,
         -2.8610e-06,  6.4312e-06]], device='cuda:0'), 'exp_avg_sq': tensor([[2.9077e-09, 3.1383e-09, 2.3623e-09,  ..., 3.9841e-10, 2.6922e-09,
         2.3577e-09],
        [4.1796e-09, 2.8485e-09, 2.6608e-09,  ..., 4.6533e-10, 2.3511e-09,
         2.1389e-09],
        [3.3190e-09, 2.9413e-09, 2.2584e-09,  ..., 5.4170e-10, 2.5310e-09,
         2.4637e-09],
        ...,
        [4.1287e-09, 3.4389e-09, 2.1475e-09,  ..., 5.0365e-10, 3.3767e-09,
         1.9941e-09],
        [3.5239e-09, 2.8451e-09, 2.7893e-09,  ..., 5.6202e-10, 2.1724e-09,
         1.9229e-09],
        [3.0128e-09, 3.2562e-09, 3.3892e-09,  ..., 5.6501e-10, 2.9726e-09,
         2.2584e-09]], device='cuda:0')}, 51: {'step': tensor(12672.), 'exp_avg': tensor([-1.3916e-05, -1.9155e-06,  2.6015e-05,  ...,  3.7231e-08,
        -1.2147e-05, -6.5437e-05], device='cuda:0'), 'exp_avg_sq': tensor([2.1613e-08, 2.3924e-08, 2.1497e-08,  ..., 2.7291e-08, 1.8982e-08,
        2.9048e-08], device='cuda:0')}, 52: {'step': tensor(12672.), 'exp_avg': tensor([-1.1657e-04, -4.9379e-05, -8.7641e-05,  ..., -4.4717e-05,
        -4.2894e-06, -1.2470e-04], device='cuda:0'), 'exp_avg_sq': tensor([1.0176e-07, 1.1211e-07, 1.2522e-07,  ..., 1.5982e-07, 1.2629e-07,
        1.6103e-07], device='cuda:0')}, 53: {'step': tensor(12672.), 'exp_avg': tensor([ 3.1983e-05, -6.9077e-05,  7.1047e-05,  ..., -5.1792e-05,
        -4.9586e-05, -7.7806e-05], device='cuda:0'), 'exp_avg_sq': tensor([5.2884e-08, 7.0807e-08, 6.0282e-08,  ..., 5.3629e-08, 7.5194e-08,
        1.2606e-07], device='cuda:0')}, 54: {'step': tensor(12672.), 'exp_avg': tensor([[ 1.1459e-04, -1.2542e-05,  1.1560e-04,  ..., -6.0164e-05,
          6.4820e-05, -6.1668e-05],
        [-7.7383e-05,  5.2021e-05,  1.2411e-05,  ...,  1.4869e-05,
         -4.0834e-05, -3.1259e-05],
        [-6.3150e-05, -1.6154e-05,  2.8339e-06,  ...,  1.1227e-04,
         -2.2452e-05,  2.6293e-05],
        ...,
        [-1.0831e-04,  8.8470e-05, -1.0998e-05,  ..., -1.8794e-05,
         -3.4945e-05,  7.2516e-05],
        [-8.4849e-05,  9.7406e-05, -2.0418e-05,  ..., -8.6243e-05,
          5.7694e-05,  5.6504e-05],
        [ 8.9646e-05,  3.2351e-05, -8.1146e-05,  ...,  1.5519e-05,
          9.5698e-06, -1.1074e-04]], device='cuda:0'), 'exp_avg_sq': tensor([[1.2851e-07, 8.6655e-08, 9.9377e-08,  ..., 1.3478e-07, 9.4616e-08,
         1.4733e-07],
        [8.8929e-08, 8.7495e-08, 8.7789e-08,  ..., 1.4577e-07, 9.0126e-08,
         1.6900e-07],
        [1.2682e-07, 7.1449e-08, 9.3004e-08,  ..., 1.3921e-07, 9.2124e-08,
         1.5282e-07],
        ...,
        [5.0508e-08, 4.3222e-08, 6.6457e-08,  ..., 9.3254e-08, 6.3347e-08,
         5.2781e-08],
        [4.9175e-08, 4.4379e-08, 7.3934e-08,  ..., 7.8140e-08, 6.6753e-08,
         5.8055e-08],
        [2.3288e-08, 2.2077e-08, 3.4455e-08,  ..., 3.8928e-08, 2.8350e-08,
         2.9366e-08]], device='cuda:0')}, 55: {'step': tensor(12672.), 'exp_avg': tensor([[-1.5944e-05,  2.5058e-05, -3.3149e-05,  ...,  1.1388e-05,
         -1.0753e-04, -7.9358e-05],
        [-6.5242e-06, -3.9101e-06, -4.0835e-07,  ..., -1.8726e-05,
         -2.2608e-05, -1.4662e-05],
        [-1.0791e-05, -4.7011e-05,  3.5915e-05,  ...,  5.1425e-05,
         -5.8836e-05, -8.8708e-05],
        ...,
        [-1.9959e-05, -2.5399e-06,  2.1348e-05,  ...,  1.0502e-04,
         -5.2934e-06, -4.3637e-05],
        [-1.2799e-05,  8.8188e-06, -2.6696e-05,  ..., -1.3531e-05,
          3.1546e-05, -8.1408e-06],
        [-3.3138e-05, -6.8290e-06, -1.7585e-05,  ...,  2.5688e-05,
         -2.3853e-06, -3.5180e-06]], device='cuda:0'), 'exp_avg_sq': tensor([[8.5596e-09, 1.6261e-08, 1.6472e-08,  ..., 1.9730e-08, 1.5160e-08,
         1.2142e-08],
        [6.8966e-09, 1.4663e-08, 1.3377e-08,  ..., 1.8502e-08, 1.5594e-08,
         1.1766e-08],
        [9.0341e-09, 1.7676e-08, 1.7240e-08,  ..., 1.9467e-08, 1.6494e-08,
         1.4840e-08],
        ...,
        [1.0303e-08, 1.9978e-08, 2.3490e-08,  ..., 2.6614e-08, 1.8359e-08,
         1.3568e-08],
        [9.0412e-09, 1.6908e-08, 1.6429e-08,  ..., 1.8121e-08, 1.6317e-08,
         1.1901e-08],
        [1.3413e-08, 2.9299e-08, 2.9859e-08,  ..., 3.0833e-08, 2.6503e-08,
         1.7548e-08]], device='cuda:0')}, 56: {'step': tensor(12672.), 'exp_avg': tensor([-3.2193e-05,  2.5530e-05, -1.2155e-05,  ...,  1.4803e-05,
        -2.7012e-05, -1.8782e-05], device='cuda:0'), 'exp_avg_sq': tensor([1.2321e-08, 1.0944e-08, 1.5070e-08,  ..., 1.6356e-08, 1.5735e-08,
        2.0284e-08], device='cuda:0')}, 57: {'step': tensor(12672.), 'exp_avg': tensor([-1.1520e-05,  1.1951e-06, -2.7868e-05,  ..., -4.6941e-06,
        -2.2325e-05, -5.6819e-05], device='cuda:0'), 'exp_avg_sq': tensor([7.0032e-09, 6.8056e-09, 5.3953e-09,  ..., 1.2028e-08, 7.1290e-09,
        1.2318e-08], device='cuda:0')}, 58: {'step': tensor(12672.), 'exp_avg': tensor([-1.2537e-05,  3.9827e-05, -1.1611e-05,  ...,  1.3101e-05,
        -1.6504e-05,  1.3375e-05], device='cuda:0'), 'exp_avg_sq': tensor([6.5854e-09, 7.4189e-09, 6.0620e-09,  ..., 9.7816e-09, 7.0506e-09,
        8.7510e-09], device='cuda:0')}, 59: {'step': tensor(12672.), 'exp_avg': tensor([[-2.1996e-06, -1.4110e-06, -4.8865e-06,  ...,  1.4958e-06,
          4.7923e-07, -4.2912e-06],
        [-2.3345e-05, -8.3008e-06, -1.3525e-05,  ...,  5.5613e-06,
         -2.7289e-06, -1.9800e-05],
        [-1.3049e-05,  1.6198e-06,  9.9811e-06,  ...,  2.8488e-06,
          1.7171e-06,  1.4271e-06],
        ...,
        [ 2.3770e-05, -9.9780e-06,  2.6025e-05,  ..., -1.2084e-05,
          1.2679e-05,  1.0835e-05],
        [ 3.9348e-06,  1.5940e-06,  1.1626e-05,  ..., -6.8317e-06,
         -1.4243e-06,  4.8844e-06],
        [-1.2449e-06, -1.0213e-06, -8.7032e-06,  ...,  5.4694e-06,
          3.7624e-06,  4.2643e-07]], device='cuda:0'), 'exp_avg_sq': tensor([[1.5099e-10, 1.1835e-10, 2.4288e-10,  ..., 2.1764e-10, 1.6437e-10,
         1.8614e-10],
        [1.0143e-09, 8.0576e-10, 7.5840e-10,  ..., 1.0056e-09, 9.3560e-10,
         1.3597e-09],
        [1.6237e-09, 1.5096e-09, 1.5101e-09,  ..., 2.0485e-09, 1.5398e-09,
         1.8337e-09],
        ...,
        [6.4231e-09, 5.5323e-09, 5.0895e-09,  ..., 7.2411e-09, 5.3968e-09,
         8.0560e-09],
        [2.2556e-09, 2.1550e-09, 2.0726e-09,  ..., 3.1584e-09, 2.3452e-09,
         3.0209e-09],
        [5.8005e-10, 4.2981e-10, 6.2871e-10,  ..., 6.3961e-10, 5.5521e-10,
         6.4129e-10]], device='cuda:0')}, 60: {'step': tensor(12672.), 'exp_avg': tensor([-6.4880e-07,  2.9171e-05,  1.1080e-05,  ..., -2.0818e-06,
        -1.6514e-06,  2.4353e-06], device='cuda:0'), 'exp_avg_sq': tensor([1.5146e-10, 9.6081e-10, 1.8430e-09,  ..., 3.9492e-09, 2.6099e-09,
        5.2792e-10], device='cuda:0')}, 61: {'step': tensor(12672.), 'exp_avg': tensor([[ 7.9992e-07, -3.0427e-06,  3.5649e-06,  ...,  1.4873e-05,
          2.0106e-06,  6.8605e-07],
        [ 7.4964e-08, -2.6948e-05,  9.7952e-07,  ..., -6.9923e-06,
         -5.5470e-06, -3.6581e-06],
        [ 4.2876e-06, -9.3014e-06,  5.3003e-06,  ...,  1.6105e-05,
          1.6883e-06, -3.0836e-06],
        ...,
        [ 2.9480e-07,  1.2389e-05, -7.6832e-06,  ...,  4.4162e-06,
          5.7302e-07, -1.1822e-06],
        [-2.7817e-06,  7.2062e-06,  3.9950e-06,  ...,  5.7373e-06,
         -3.0959e-06,  1.3466e-06],
        [-4.8440e-07,  1.4048e-05,  5.1136e-07,  ...,  1.9227e-05,
          1.4759e-05, -6.0214e-06]], device='cuda:0'), 'exp_avg_sq': tensor([[1.7375e-10, 4.8346e-10, 1.4367e-09,  ..., 1.3267e-09, 6.4904e-10,
         3.6348e-10],
        [1.2870e-10, 3.5069e-10, 6.0379e-10,  ..., 9.7630e-10, 7.5648e-10,
         3.1384e-10],
        [2.0847e-10, 5.3385e-10, 8.8385e-10,  ..., 1.2949e-09, 6.4502e-10,
         4.3658e-10],
        ...,
        [1.4293e-10, 3.0131e-10, 9.6141e-10,  ..., 1.0875e-09, 6.9403e-10,
         3.6472e-10],
        [1.4635e-10, 3.0719e-10, 7.0535e-10,  ..., 1.1360e-09, 6.0861e-10,
         3.6167e-10],
        [2.5775e-10, 8.0167e-10, 1.1414e-09,  ..., 2.3980e-09, 1.2395e-09,
         6.0020e-10]], device='cuda:0')}, 62: {'step': tensor(12672.), 'exp_avg': tensor([-1.3205e-05,  1.5679e-05,  6.5050e-06,  ...,  1.2069e-05,
        -7.1586e-07, -2.2147e-06], device='cuda:0'), 'exp_avg_sq': tensor([1.0554e-08, 9.0225e-09, 1.5033e-08,  ..., 1.1347e-08, 1.4006e-08,
        2.0630e-08], device='cuda:0')}, 63: {'step': tensor(12672.), 'exp_avg': tensor([-1.8146e-05,  2.4924e-05,  1.9287e-06,  ..., -4.4808e-06,
        -5.4412e-05,  1.1158e-04], device='cuda:0'), 'exp_avg_sq': tensor([1.1317e-07, 7.8591e-08, 9.8932e-08,  ..., 1.0641e-07, 7.5815e-08,
        1.1621e-07], device='cuda:0')}, 64: {'step': tensor(12672.), 'exp_avg': tensor([-3.9635e-05,  2.8981e-05, -6.4673e-05,  ...,  3.1626e-05,
         1.1437e-05,  3.3646e-05], device='cuda:0'), 'exp_avg_sq': tensor([4.9171e-08, 3.6517e-08, 1.1491e-07,  ..., 4.5743e-08, 7.3727e-08,
        7.1935e-08], device='cuda:0')}, 65: {'step': tensor(12672.), 'exp_avg': tensor([[ 6.0535e-05, -1.9999e-05,  8.5657e-05,  ...,  1.9668e-05,
         -4.3820e-05,  9.5018e-05],
        [-1.7442e-05, -7.7039e-06, -3.2894e-05,  ...,  1.6114e-05,
         -4.8660e-05, -3.9074e-05],
        [ 4.0113e-06,  1.4905e-04, -2.9700e-04,  ..., -1.2914e-05,
          2.8387e-06, -2.4440e-04],
        ...,
        [ 2.4230e-05, -2.2543e-05,  9.8577e-06,  ...,  3.6915e-06,
          5.3165e-05, -1.4214e-05],
        [-5.0630e-06, -1.4852e-05,  3.5493e-05,  ..., -7.5212e-06,
          2.1351e-05,  1.5415e-05],
        [ 5.7417e-05, -2.0802e-05, -3.1156e-05,  ...,  3.0684e-06,
         -6.3297e-05, -1.1742e-05]], device='cuda:0'), 'exp_avg_sq': tensor([[1.0541e-07, 4.1121e-08, 4.2921e-08,  ..., 6.5149e-08, 5.8168e-08,
         7.6458e-08],
        [5.8248e-08, 3.1243e-08, 3.1293e-08,  ..., 4.9717e-08, 2.7054e-08,
         5.3630e-08],
        [4.1253e-08, 2.2799e-08, 4.0370e-08,  ..., 3.8934e-08, 3.8348e-08,
         6.3780e-08],
        ...,
        [8.2218e-09, 6.5439e-09, 8.4892e-09,  ..., 9.6325e-09, 7.7231e-09,
         8.6490e-09],
        [5.7132e-09, 4.9117e-09, 6.7824e-09,  ..., 6.3927e-09, 5.6490e-09,
         6.3639e-09],
        [2.0213e-08, 1.6968e-08, 2.4314e-08,  ..., 2.4532e-08, 1.8104e-08,
         2.1504e-08]], device='cuda:0')}, 66: {'step': tensor(12672.), 'exp_avg': tensor([[ 2.5565e-07,  4.4448e-06,  5.9075e-06,  ...,  2.2339e-05,
         -2.2744e-05, -2.9891e-06],
        [-1.9391e-05,  2.9131e-05, -2.0587e-05,  ...,  1.0137e-05,
         -8.8055e-06,  1.0600e-05],
        [-7.2737e-06,  1.8646e-05, -8.9829e-06,  ...,  1.0048e-05,
         -1.0908e-05,  5.7649e-05],
        ...,
        [ 1.3683e-05, -1.3614e-05, -6.2203e-06,  ...,  2.6311e-06,
          1.1627e-05, -1.4114e-05],
        [ 3.4559e-06,  5.3242e-06, -6.1137e-06,  ...,  6.8973e-06,
          9.5121e-06, -2.0318e-05],
        [ 9.6166e-06,  3.3614e-05, -4.0693e-05,  ...,  9.4878e-06,
         -5.2654e-05,  3.5194e-05]], device='cuda:0'), 'exp_avg_sq': tensor([[4.5029e-09, 2.1476e-09, 4.7248e-09,  ..., 2.9951e-09, 3.1962e-09,
         5.2404e-09],
        [5.4977e-09, 1.7775e-09, 4.9836e-09,  ..., 2.8290e-09, 2.3529e-09,
         4.2152e-09],
        [7.7771e-09, 6.5997e-09, 1.1646e-08,  ..., 6.2120e-09, 4.9080e-09,
         9.1134e-09],
        ...,
        [5.7863e-09, 2.2581e-09, 5.7741e-09,  ..., 4.0097e-09, 3.0110e-09,
         6.7171e-09],
        [5.2723e-09, 1.8365e-09, 6.9338e-09,  ..., 3.2959e-09, 3.1062e-09,
         4.8643e-09],
        [1.3128e-08, 6.0764e-09, 1.5083e-08,  ..., 8.7378e-09, 7.5369e-09,
         1.3183e-08]], device='cuda:0')}, 67: {'step': tensor(12672.), 'exp_avg': tensor([-1.8764e-05, -1.3015e-06,  1.8360e-05,  ...,  1.7494e-05,
        -1.9475e-06, -2.7427e-05], device='cuda:0'), 'exp_avg_sq': tensor([3.7296e-09, 3.4045e-09, 8.3131e-09,  ..., 4.7523e-09, 4.9044e-09,
        1.2783e-08], device='cuda:0')}, 68: {'step': tensor(12672.), 'exp_avg': tensor([ 1.0085e-05,  1.2777e-05, -7.9165e-05,  ..., -1.7486e-06,
        -2.5618e-05, -3.7129e-06], device='cuda:0'), 'exp_avg_sq': tensor([1.3604e-08, 1.2512e-08, 1.2074e-08,  ..., 1.0041e-08, 1.3064e-08,
        2.0416e-08], device='cuda:0')}, 69: {'step': tensor(12672.), 'exp_avg': tensor([-2.0374e-05,  1.3465e-05,  4.8236e-06,  ...,  1.8385e-05,
         6.5505e-06,  4.0123e-06], device='cuda:0'), 'exp_avg_sq': tensor([1.5619e-08, 1.6808e-08, 1.4240e-08,  ..., 9.5147e-09, 1.7484e-08,
        1.3600e-08], device='cuda:0')}, 70: {'step': tensor(12672.), 'exp_avg': tensor([[ 8.1953e-06, -4.6990e-06,  1.6552e-05,  ...,  1.2247e-05,
         -6.8954e-11, -9.6354e-06],
        [ 3.9576e-07,  1.0257e-06, -2.0752e-06,  ..., -1.1375e-07,
          2.7236e-07, -2.5387e-06],
        [ 1.8930e-05,  8.2794e-05, -1.3091e-04,  ..., -2.2548e-05,
          1.1613e-05, -6.0332e-05],
        ...,
        [ 2.1995e-05, -3.0081e-05, -1.7699e-08,  ...,  1.1289e-05,
         -1.6819e-05,  2.1144e-06],
        [ 4.0173e-06, -9.4534e-06,  2.4878e-06,  ...,  7.0941e-07,
          9.0608e-06,  1.1159e-05],
        [ 2.0589e-06,  2.9092e-05, -4.5630e-05,  ...,  7.9539e-06,
          3.3001e-06, -3.6977e-05]], device='cuda:0'), 'exp_avg_sq': tensor([[8.0651e-10, 5.8673e-10, 7.2475e-10,  ..., 1.4456e-09, 6.4262e-10,
         1.1729e-09],
        [2.0618e-10, 1.2988e-10, 1.4353e-10,  ..., 1.8020e-10, 1.5192e-10,
         2.2819e-10],
        [8.1010e-09, 6.3440e-09, 9.3584e-09,  ..., 2.6304e-08, 7.8068e-09,
         2.3126e-08],
        ...,
        [9.3109e-09, 2.6703e-09, 2.6267e-09,  ..., 4.2340e-09, 2.9494e-09,
         1.2465e-08],
        [2.4243e-09, 1.2013e-09, 2.0181e-09,  ..., 2.4012e-09, 2.1109e-09,
         2.1569e-09],
        [4.0193e-10, 4.3516e-10, 8.3633e-10,  ..., 2.0499e-09, 6.1716e-10,
         6.7860e-10]], device='cuda:0')}, 71: {'step': tensor(12672.), 'exp_avg': tensor([ 3.9831e-06,  9.6271e-07,  1.7972e-05,  ...,  1.8186e-06,
        -5.1215e-07,  1.8947e-05], device='cuda:0'), 'exp_avg_sq': tensor([7.0317e-10, 1.8917e-10, 9.7700e-09,  ..., 4.3931e-09, 2.5053e-09,
        5.4589e-10], device='cuda:0')}, 72: {'step': tensor(12672.), 'exp_avg': tensor([[-1.9672e-06, -1.9088e-06, -8.6304e-07,  ..., -1.4146e-06,
         -8.7352e-07,  1.3998e-05],
        [-5.8376e-07,  5.7260e-07, -1.1067e-05,  ...,  3.9627e-06,
          6.2428e-07,  1.1502e-06],
        [-5.1408e-06, -3.4026e-06, -3.1411e-05,  ..., -4.6598e-06,
         -3.9294e-06,  1.8248e-05],
        ...,
        [ 6.4432e-07,  1.0760e-06,  1.2592e-05,  ..., -4.1554e-07,
          2.8763e-06,  3.5049e-07],
        [ 5.9479e-07,  1.6351e-06, -6.3011e-06,  ...,  1.6426e-06,
          3.2057e-06, -2.7914e-06],
        [-1.3216e-06,  6.6411e-07, -3.2447e-05,  ..., -1.9725e-06,
          2.6156e-06,  9.3256e-06]], device='cuda:0'), 'exp_avg_sq': tensor([[2.5999e-11, 2.4410e-11, 4.2588e-09,  ..., 1.3470e-10, 8.9505e-11,
         5.5404e-11],
        [1.7212e-11, 5.8266e-11, 2.0158e-09,  ..., 1.5903e-10, 1.8477e-10,
         1.8673e-11],
        [9.2004e-11, 1.2150e-10, 2.0437e-08,  ..., 5.0822e-10, 3.7714e-10,
         1.5363e-10],
        ...,
        [3.6097e-11, 4.1472e-11, 4.3133e-09,  ..., 1.9399e-10, 1.9284e-10,
         4.9054e-11],
        [1.9165e-11, 3.6203e-11, 8.0561e-10,  ..., 1.2458e-10, 1.7620e-10,
         1.9878e-11],
        [7.2147e-11, 1.2592e-10, 1.4297e-08,  ..., 1.1803e-09, 3.0914e-10,
         8.5828e-11]], device='cuda:0')}, 73: {'step': tensor(12672.), 'exp_avg': tensor([ 2.2280e-06, -5.0513e-06,  1.1889e-05,  ..., -2.2304e-06,
        -8.4903e-06, -1.9721e-05], device='cuda:0'), 'exp_avg_sq': tensor([1.1793e-09, 1.3686e-09, 6.0885e-09,  ..., 2.5913e-09, 1.7347e-09,
        7.5583e-09], device='cuda:0')}, 74: {'step': tensor(12672.), 'exp_avg': tensor([ 1.3659e-05, -2.2634e-06, -1.6525e-04,  ...,  3.9799e-05,
         1.5438e-05,  5.5931e-05], device='cuda:0'), 'exp_avg_sq': tensor([1.1358e-08, 1.3024e-08, 3.9734e-08,  ..., 3.2989e-08, 1.2067e-08,
        1.8691e-07], device='cuda:0')}, 75: {'step': tensor(12672.), 'exp_avg': tensor([ 1.0400e-05, -2.0863e-05,  4.3999e-05,  ...,  2.2027e-06,
        -2.4002e-05, -5.5789e-05], device='cuda:0'), 'exp_avg_sq': tensor([1.3797e-08, 1.7573e-08, 6.9070e-08,  ..., 3.2353e-08, 2.0806e-08,
        9.0455e-08], device='cuda:0')}, 76: {'step': tensor(12672.), 'exp_avg': tensor([[-2.5541e-04, -1.2250e-03,  1.6811e-03,  ...,  7.2438e-04,
         -4.3213e-06,  1.2537e-03],
        [-2.8649e-04,  4.1571e-04, -1.4849e-04,  ..., -2.9325e-04,
          1.4575e-04,  1.7576e-04],
        [-5.5939e-04,  1.2026e-03, -2.1682e-03,  ..., -5.5570e-04,
          2.2293e-04, -5.7611e-04],
        [ 7.9831e-04, -3.1711e-04,  8.4927e-04,  ...,  6.9971e-04,
         -1.9111e-04, -3.0451e-04],
        [-7.5215e-04, -6.5495e-05, -4.7847e-04,  ...,  5.8737e-04,
         -1.2098e-03, -1.1718e-03],
        [ 1.0551e-03, -1.0729e-05,  2.6479e-04,  ..., -1.1625e-03,
          1.0365e-03,  6.2298e-04]], device='cuda:0'), 'exp_avg_sq': tensor([[3.0705e-05, 1.1413e-05, 1.7882e-05,  ..., 2.5762e-05, 1.4625e-05,
         2.9493e-05],
        [1.4891e-05, 1.1206e-05, 7.3994e-06,  ..., 1.0005e-05, 1.1922e-05,
         1.7821e-05],
        [3.8426e-06, 1.8781e-06, 2.4480e-06,  ..., 1.3145e-05, 2.7138e-06,
         4.2438e-06],
        [4.6609e-06, 2.5018e-06, 3.1940e-06,  ..., 1.7911e-05, 3.5505e-06,
         1.1578e-05],
        [3.2540e-05, 1.3791e-05, 1.4962e-05,  ..., 1.8957e-05, 1.8193e-05,
         6.2146e-05],
        [1.4253e-05, 7.7858e-06, 1.4142e-05,  ..., 1.5290e-05, 1.2078e-05,
         2.0207e-05]], device='cuda:0')}, 77: {'step': tensor(12672.), 'exp_avg': tensor([-7.3954e-04,  5.5055e-05,  2.3177e-05,  4.9726e-04,  8.1497e-04,
        -6.5090e-04], device='cuda:0'), 'exp_avg_sq': tensor([2.2870e-05, 1.1351e-05, 3.9134e-06, 5.5739e-06, 2.5126e-05, 1.9569e-05],
       device='cuda:0')}}
param_groups 	 [{'lr': 0.0001, 'betas': (0.9, 0.999), 'eps': 1e-08, 'weight_decay': 0, 'amsgrad': False, 'maximize': False, 'foreach': None, 'capturable': False, 'differentiable': False, 'fused': False, 'params': [0, 1, 2, 3, 4, 5, 6, 7, 8, 9, 10, 11, 12, 13, 14, 15, 16, 17, 18, 19, 20, 21, 22, 23, 24, 25, 26, 27, 28, 29, 30, 31, 32, 33, 34, 35, 36, 37, 38, 39, 40, 41, 42, 43, 44, 45, 46, 47, 48, 49, 50, 51, 52, 53, 54, 55, 56, 57, 58, 59, 60, 61, 62, 63, 64, 65, 66, 67, 68, 69, 70, 71, 72, 73, 74, 75, 76, 77]}]
End time:  2023-07-17 15:19:04.755884
Total time:  0:11:00.136976
